[ 2017-07-18T17:03:12+08:00 ] 127.0.0.1 /liulin/Home/Register
INFO: [ app_init ] --START--
INFO: Run Behavior\BuildLiteBehavior [ RunTime:0.000015s ]
INFO: [ app_init ] --END-- [ RunTime:0.016980s ]
INFO: [ app_begin ] --START--
INFO: Run Behavior\ReadHtmlCacheBehavior [ RunTime:0.001170s ]
INFO: [ app_begin ] --END-- [ RunTime:0.001227s ]
SQL: SHOW COLUMNS FROM `liu_user` [ RunTime:0.0748s ]
SQL: SHOW COLUMNS FROM `liu_code` [ RunTime:0.0705s ]
SQL: SHOW COLUMNS FROM `liu_info` [ RunTime:0.0710s ]
INFO: [ view_parse ] --START--
INFO: [ template_filter ] --START--
INFO: Run Behavior\ContentReplaceBehavior [ RunTime:0.013645s ]
INFO: [ template_filter ] --END-- [ RunTime:0.013706s ]
INFO: Run Behavior\ParseTemplateBehavior [ RunTime:0.094683s ]
INFO: [ view_parse ] --END-- [ RunTime:0.094819s ]
INFO: [ view_filter ] --START--
INFO: Run Behavior\WriteHtmlCacheBehavior [ RunTime:0.007875s ]
INFO: [ view_filter ] --END-- [ RunTime:0.007953s ]
INFO: [ app_end ] --START--
INFO: Run Behavior\ShowPageTraceBehavior [ RunTime:0.015655s ]
INFO: [ app_end ] --END-- [ RunTime:0.015706s ]
NOTIC: [2] dirname() expects parameter 2 to be integer, string given D:\xampp\htdocs\www\Utk\web\liulin\index.php Á¨¨ 27 Ë°å.

[ 2017-07-18T17:03:14+08:00 ] 127.0.0.1 /liulin/Home/Login/index.html
INFO: [ app_init ] --START--
INFO: Run Behavior\BuildLiteBehavior [ RunTime:0.000008s ]
INFO: [ app_init ] --END-- [ RunTime:0.000360s ]
INFO: [ app_begin ] --START--
INFO: Run Behavior\ReadHtmlCacheBehavior [ RunTime:0.000453s ]
INFO: [ app_begin ] --END-- [ RunTime:0.000489s ]
INFO: [ view_parse ] --START--
INFO: [ template_filter ] --START--
INFO: Run Behavior\ContentReplaceBehavior [ RunTime:0.000031s ]
INFO: [ template_filter ] --END-- [ RunTime:0.000075s ]
INFO: Run Behavior\ParseTemplateBehavior [ RunTime:0.026577s ]
INFO: [ view_parse ] --END-- [ RunTime:0.026626s ]
INFO: [ view_filter ] --START--
INFO: Run Behavior\WriteHtmlCacheBehavior [ RunTime:0.000413s ]
INFO: [ view_filter ] --END-- [ RunTime:0.000446s ]
INFO: [ app_end ] --START--
INFO: Run Behavior\ShowPageTraceBehavior [ RunTime:0.000488s ]
INFO: [ app_end ] --END-- [ RunTime:0.000520s ]
NOTIC: [2] dirname() expects parameter 2 to be integer, string given D:\xampp\htdocs\www\Utk\web\liulin\index.php Á¨¨ 27 Ë°å.

[ 2017-07-18T17:03:23+08:00 ] 127.0.0.1 /liulin/Home/Login/index/do/check.html
INFO: [ app_init ] --START--
INFO: Run Behavior\BuildLiteBehavior [ RunTime:0.000008s ]
INFO: [ app_init ] --END-- [ RunTime:0.000445s ]
INFO: [ app_begin ] --START--
INFO: Run Behavior\ReadHtmlCacheBehavior [ RunTime:0.000682s ]
INFO: [ app_begin ] --END-- [ RunTime:0.000721s ]
SQL: SHOW COLUMNS FROM `liu_user` [ RunTime:0.0684s ]
SQL: SHOW COLUMNS FROM `liu_log` [ RunTime:0.0679s ]
SQL: SELECT * FROM `liu_user` WHERE `username` = 'z666666' LIMIT 1   [ RunTime:0.0678s ]
SQL: SELECT `password` FROM `liu_user` WHERE `username` = 'z666666' LIMIT 1   [ RunTime:0.0677s ]
SQL: INSERT INTO `liu_log` (`uid`,`success`,`intime`) VALUES ('46','1','1500368603') [ RunTime:0.0862s ]
INFO: [ view_parse ] --START--
INFO: [ template_filter ] --START--
INFO: Run Behavior\ContentReplaceBehavior [ RunTime:0.000041s ]
INFO: [ template_filter ] --END-- [ RunTime:0.000097s ]
INFO: Run Behavior\ParseTemplateBehavior [ RunTime:0.017178s ]
INFO: [ view_parse ] --END-- [ RunTime:0.017220s ]
INFO: [ view_filter ] --START--
INFO: Run Behavior\WriteHtmlCacheBehavior [ RunTime:0.000431s ]
INFO: [ view_filter ] --END-- [ RunTime:0.000461s ]
INFO: [ app_end ] --START--
INFO: Run Behavior\ShowPageTraceBehavior [ RunTime:0.000652s ]
INFO: [ app_end ] --END-- [ RunTime:0.000683s ]
NOTIC: [2] dirname() expects parameter 2 to be integer, string given D:\xampp\htdocs\www\Utk\web\liulin\index.php Á¨¨ 27 Ë°å.

[ 2017-07-18T17:03:25+08:00 ] 127.0.0.1 /liulin/Home/Auser/
INFO: [ app_init ] --START--
INFO: Run Behavior\BuildLiteBehavior [ RunTime:0.000009s ]
INFO: [ app_init ] --END-- [ RunTime:0.000435s ]
INFO: [ app_begin ] --START--
INFO: Run Behavior\ReadHtmlCacheBehavior [ RunTime:0.000480s ]
INFO: [ app_begin ] --END-- [ RunTime:0.000540s ]
NOTIC: [8] Undefined variable: uid D:\xampp\htdocs\www\Utk\web\liulin\Application\Home\Controller\BaseController.class.php Á¨¨ 8 Ë°å.
SQL: SHOW COLUMNS FROM `liu_user` [ RunTime:0.0704s ]
SQL: SELECT * FROM `liu_user` WHERE `uid` = 46 LIMIT 1   [ RunTime:0.0695s ]
INFO: [ view_parse ] --START--
INFO: [ template_filter ] --START--
INFO: Run Behavior\ContentReplaceBehavior [ RunTime:0.000045s ]
INFO: [ template_filter ] --END-- [ RunTime:0.000088s ]
INFO: Run Behavior\ParseTemplateBehavior [ RunTime:0.028516s ]
INFO: [ view_parse ] --END-- [ RunTime:0.028558s ]
INFO: [ view_filter ] --START--
INFO: Run Behavior\WriteHtmlCacheBehavior [ RunTime:0.000291s ]
INFO: [ view_filter ] --END-- [ RunTime:0.000320s ]
INFO: [ app_end ] --START--
INFO: Run Behavior\ShowPageTraceBehavior [ RunTime:0.000503s ]
INFO: [ app_end ] --END-- [ RunTime:0.000534s ]
NOTIC: [2] dirname() expects parameter 2 to be integer, string given D:\xampp\htdocs\www\Utk\web\liulin\index.php Á¨¨ 27 Ë°å.

[ 2017-07-18T17:03:45+08:00 ] 127.0.0.1 /liulin/Home/Auser/
INFO: [ app_init ] --START--
INFO: Run Behavior\BuildLiteBehavior [ RunTime:0.000009s ]
INFO: [ app_init ] --END-- [ RunTime:0.000364s ]
INFO: [ app_begin ] --START--
INFO: Run Behavior\ReadHtmlCacheBehavior [ RunTime:0.000456s ]
INFO: [ app_begin ] --END-- [ RunTime:0.000493s ]
SQL: SHOW COLUMNS FROM `liu_user` [ RunTime:0.0699s ]
SQL: SELECT * FROM `liu_user` WHERE `uid` = 46 LIMIT 1   [ RunTime:0.0691s ]
INFO: [ view_parse ] --START--
INFO: [ template_filter ] --START--
INFO: Run Behavior\ContentReplaceBehavior [ RunTime:0.000043s ]
INFO: [ template_filter ] --END-- [ RunTime:0.000084s ]
INFO: Run Behavior\ParseTemplateBehavior [ RunTime:0.005791s ]
INFO: [ view_parse ] --END-- [ RunTime:0.005830s ]
INFO: [ view_filter ] --START--
INFO: Run Behavior\WriteHtmlCacheBehavior [ RunTime:0.000276s ]
INFO: [ view_filter ] --END-- [ RunTime:0.000304s ]
INFO: [ app_end ] --START--
INFO: Run Behavior\ShowPageTraceBehavior [ RunTime:0.000506s ]
INFO: [ app_end ] --END-- [ RunTime:0.000535s ]
NOTIC: [2] dirname() expects parameter 2 to be integer, string given D:\xampp\htdocs\www\Utk\web\liulin\index.php Á¨¨ 27 Ë°å.

[ 2017-07-18T17:04:16+08:00 ] 127.0.0.1 /liulin/Home/Auser/
INFO: [ app_init ] --START--
INFO: Run Behavior\BuildLiteBehavior [ RunTime:0.000009s ]
INFO: [ app_init ] --END-- [ RunTime:0.000444s ]
INFO: [ app_begin ] --START--
INFO: Run Behavior\ReadHtmlCacheBehavior [ RunTime:0.000920s ]
INFO: [ app_begin ] --END-- [ RunTime:0.000962s ]
ERR: syntax error, unexpected ';', expecting ',' or ')'

[ 2017-07-18T17:04:25+08:00 ] 127.0.0.1 /liulin/Home/Auser/
INFO: [ app_init ] --START--
INFO: Run Behavior\BuildLiteBehavior [ RunTime:0.000029s ]
INFO: [ app_init ] --END-- [ RunTime:0.000562s ]
INFO: [ app_begin ] --START--
INFO: Run Behavior\ReadHtmlCacheBehavior [ RunTime:0.000590s ]
INFO: [ app_begin ] --END-- [ RunTime:0.000645s ]
SQL: SHOW COLUMNS FROM `liu_user` [ RunTime:0.0688s ]
SQL: SELECT * FROM `liu_user` WHERE `uid` = 46 LIMIT 1   [ RunTime:0.0678s ]
INFO: [ view_parse ] --START--
INFO: [ template_filter ] --START--
INFO: Run Behavior\ContentReplaceBehavior [ RunTime:0.000044s ]
INFO: [ template_filter ] --END-- [ RunTime:0.000082s ]
INFO: Run Behavior\ParseTemplateBehavior [ RunTime:0.006609s ]
INFO: [ view_parse ] --END-- [ RunTime:0.006675s ]
INFO: [ view_filter ] --START--
INFO: Run Behavior\WriteHtmlCacheBehavior [ RunTime:0.000282s ]
INFO: [ view_filter ] --END-- [ RunTime:0.000310s ]
INFO: [ app_end ] --START--
INFO: Run Behavior\ShowPageTraceBehavior [ RunTime:0.000498s ]
INFO: [ app_end ] --END-- [ RunTime:0.000530s ]
NOTIC: [2] dirname() expects parameter 2 to be integer, string given D:\xampp\htdocs\www\Utk\web\liulin\index.php Á¨¨ 27 Ë°å.

[ 2017-07-18T17:05:13+08:00 ] 127.0.0.1 /liulin/Home/Auser/message.html
INFO: [ app_init ] --START--
INFO: Run Behavior\BuildLiteBehavior [ RunTime:0.000014s ]
INFO: [ app_init ] --END-- [ RunTime:0.000541s ]
INFO: [ app_begin ] --START--
INFO: Run Behavior\ReadHtmlCacheBehavior [ RunTime:0.000691s ]
INFO: [ app_begin ] --END-- [ RunTime:0.000729s ]
SQL: SHOW COLUMNS FROM `liu_user` [ RunTime:0.0703s ]
SQL: SELECT * FROM `liu_user` WHERE `uid` = 46 LIMIT 1   [ RunTime:0.0688s ]
INFO: [ view_parse ] --START--
INFO: [ template_filter ] --START--
INFO: Run Behavior\ContentReplaceBehavior [ RunTime:0.000052s ]
INFO: [ template_filter ] --END-- [ RunTime:0.000094s ]
INFO: Run Behavior\ParseTemplateBehavior [ RunTime:0.007970s ]
INFO: [ view_parse ] --END-- [ RunTime:0.008012s ]
INFO: [ view_filter ] --START--
INFO: Run Behavior\WriteHtmlCacheBehavior [ RunTime:0.000467s ]
INFO: [ view_filter ] --END-- [ RunTime:0.000497s ]
INFO: [ app_end ] --START--
INFO: Run Behavior\ShowPageTraceBehavior [ RunTime:0.000661s ]
INFO: [ app_end ] --END-- [ RunTime:0.000692s ]
NOTIC: [2] dirname() expects parameter 2 to be integer, string given D:\xampp\htdocs\www\Utk\web\liulin\index.php Á¨¨ 27 Ë°å.

[ 2017-07-18T17:05:28+08:00 ] 127.0.0.1 /liulin/Home/Auser/message.html
INFO: [ app_init ] --START--
INFO: Run Behavior\BuildLiteBehavior [ RunTime:0.000009s ]
INFO: [ app_init ] --END-- [ RunTime:0.000373s ]
INFO: [ app_begin ] --START--
INFO: Run Behavior\ReadHtmlCacheBehavior [ RunTime:0.000454s ]
INFO: [ app_begin ] --END-- [ RunTime:0.000490s ]
SQL: SHOW COLUMNS FROM `liu_user` [ RunTime:0.0725s ]
SQL: SELECT * FROM `liu_user` WHERE `uid` = 46 LIMIT 1   [ RunTime:0.0713s ]
INFO: [ view_parse ] --START--
INFO: [ template_filter ] --START--
INFO: Run Behavior\ContentReplaceBehavior [ RunTime:0.000049s ]
INFO: [ template_filter ] --END-- [ RunTime:0.000091s ]
INFO: Run Behavior\ParseTemplateBehavior [ RunTime:0.006932s ]
INFO: [ view_parse ] --END-- [ RunTime:0.006968s ]
INFO: [ view_filter ] --START--
INFO: Run Behavior\WriteHtmlCacheBehavior [ RunTime:0.000275s ]
INFO: [ view_filter ] --END-- [ RunTime:0.000302s ]
INFO: [ app_end ] --START--
INFO: Run Behavior\ShowPageTraceBehavior [ RunTime:0.000508s ]
INFO: [ app_end ] --END-- [ RunTime:0.000537s ]
NOTIC: [2] dirname() expects parameter 2 to be integer, string given D:\xampp\htdocs\www\Utk\web\liulin\index.php Á¨¨ 27 Ë°å.

[ 2017-07-18T17:05:35+08:00 ] 127.0.0.1 /liulin/Home/Auser/message.html
INFO: [ app_init ] --START--
INFO: Run Behavior\BuildLiteBehavior [ RunTime:0.000010s ]
INFO: [ app_init ] --END-- [ RunTime:0.000466s ]
INFO: [ app_begin ] --START--
INFO: Run Behavior\ReadHtmlCacheBehavior [ RunTime:0.000703s ]
INFO: [ app_begin ] --END-- [ RunTime:0.000741s ]
SQL: SHOW COLUMNS FROM `liu_user` [ RunTime:0.0698s ]
SQL: SELECT * FROM `liu_user` WHERE `uid` = 46 LIMIT 1   [ RunTime:0.0689s ]
INFO: [ view_parse ] --START--
INFO: [ template_filter ] --START--
INFO: Run Behavior\ContentReplaceBehavior [ RunTime:0.000049s ]
INFO: [ template_filter ] --END-- [ RunTime:0.000089s ]
INFO: Run Behavior\ParseTemplateBehavior [ RunTime:0.008502s ]
INFO: [ view_parse ] --END-- [ RunTime:0.008546s ]
INFO: [ view_filter ] --START--
INFO: Run Behavior\WriteHtmlCacheBehavior [ RunTime:0.000479s ]
INFO: [ view_filter ] --END-- [ RunTime:0.000508s ]
INFO: [ app_end ] --START--
INFO: Run Behavior\ShowPageTraceBehavior [ RunTime:0.000663s ]
INFO: [ app_end ] --END-- [ RunTime:0.000695s ]
NOTIC: [2] dirname() expects parameter 2 to be integer, string given D:\xampp\htdocs\www\Utk\web\liulin\index.php Á¨¨ 27 Ë°å.

[ 2017-07-18T17:15:50+08:00 ] 127.0.0.1 /liulin/Home/Uinfo/index.html
INFO: [ app_init ] --START--
INFO: Run Behavior\BuildLiteBehavior [ RunTime:0.000010s ]
INFO: [ app_init ] --END-- [ RunTime:0.000442s ]
INFO: [ app_begin ] --START--
INFO: Run Behavior\ReadHtmlCacheBehavior [ RunTime:0.000851s ]
INFO: [ app_begin ] --END-- [ RunTime:0.000898s ]
ERR: syntax error, unexpected '}'

[ 2017-07-18T17:16:07+08:00 ] 127.0.0.1 /liulin/Home/Uinfo/index.html
INFO: [ app_init ] --START--
INFO: Run Behavior\BuildLiteBehavior [ RunTime:0.000011s ]
INFO: [ app_init ] --END-- [ RunTime:0.000471s ]
INFO: [ app_begin ] --START--
INFO: Run Behavior\ReadHtmlCacheBehavior [ RunTime:0.000531s ]
INFO: [ app_begin ] --END-- [ RunTime:0.000575s ]
SQL: SHOW COLUMNS FROM `liu_user` [ RunTime:0.0866s ]
SQL: SHOW COLUMNS FROM `liu_info` [ RunTime:0.0688s ]
SQL: SELECT * FROM `liu_info` WHERE `uid` = 46 LIMIT 1   [ RunTime:0.0685s ]
INFO: [ view_parse ] --START--
INFO: [ template_filter ] --START--
INFO: Run Behavior\ContentReplaceBehavior [ RunTime:0.000071s ]
INFO: [ template_filter ] --END-- [ RunTime:0.000143s ]
INFO: Run Behavior\ParseTemplateBehavior [ RunTime:0.025983s ]
INFO: [ view_parse ] --END-- [ RunTime:0.026022s ]
INFO: [ view_filter ] --START--
INFO: Run Behavior\WriteHtmlCacheBehavior [ RunTime:0.000451s ]
INFO: [ view_filter ] --END-- [ RunTime:0.000480s ]
INFO: [ app_end ] --START--
INFO: Run Behavior\ShowPageTraceBehavior [ RunTime:0.000741s ]
INFO: [ app_end ] --END-- [ RunTime:0.000788s ]
NOTIC: [2] dirname() expects parameter 2 to be integer, string given D:\xampp\htdocs\www\Utk\web\liulin\index.php Á¨¨ 27 Ë°å.

[ 2017-07-18T17:16:53+08:00 ] 127.0.0.1 /liulin/Home/Uinfo/index.html
INFO: [ app_init ] --START--
INFO: Run Behavior\BuildLiteBehavior [ RunTime:0.000010s ]
INFO: [ app_init ] --END-- [ RunTime:0.000389s ]
INFO: [ app_begin ] --START--
INFO: Run Behavior\ReadHtmlCacheBehavior [ RunTime:0.000471s ]
INFO: [ app_begin ] --END-- [ RunTime:0.000508s ]
SQL: SHOW COLUMNS FROM `liu_user` [ RunTime:0.0688s ]
SQL: SHOW COLUMNS FROM `liu_info` [ RunTime:0.0681s ]
SQL: SELECT * FROM `liu_info` WHERE `uid` = 46 LIMIT 1   [ RunTime:0.0673s ]
INFO: [ view_parse ] --START--
INFO: [ template_filter ] --START--
INFO: Run Behavior\ContentReplaceBehavior [ RunTime:0.000064s ]
INFO: [ template_filter ] --END-- [ RunTime:0.000103s ]
NOTIC: [8] Undefined variable: year D:\xampp\htdocs\www\Utk\web\liulin\Application\Runtime\Cache\Home\df947afcfb9b0913afb045dc88693a1d.php Á¨¨ 86 Ë°å.
NOTIC: [8] Undefined variable: year D:\xampp\htdocs\www\Utk\web\liulin\Application\Runtime\Cache\Home\df947afcfb9b0913afb045dc88693a1d.php Á¨¨ 89 Ë°å.
INFO: Run Behavior\ParseTemplateBehavior [ RunTime:0.006655s ]
INFO: [ view_parse ] --END-- [ RunTime:0.006693s ]
INFO: [ view_filter ] --START--
INFO: Run Behavior\WriteHtmlCacheBehavior [ RunTime:0.000277s ]
INFO: [ view_filter ] --END-- [ RunTime:0.000305s ]
INFO: [ app_end ] --START--
INFO: Run Behavior\ShowPageTraceBehavior [ RunTime:0.000687s ]
INFO: [ app_end ] --END-- [ RunTime:0.000739s ]
NOTIC: [2] dirname() expects parameter 2 to be integer, string given D:\xampp\htdocs\www\Utk\web\liulin\index.php Á¨¨ 27 Ë°å.

[ 2017-07-18T17:16:59+08:00 ] 127.0.0.1 /liulin/Home/Uinfo/index/do/check.html
INFO: [ app_init ] --START--
INFO: Run Behavior\BuildLiteBehavior [ RunTime:0.000010s ]
INFO: [ app_init ] --END-- [ RunTime:0.000486s ]
INFO: [ app_begin ] --START--
INFO: Run Behavior\ReadHtmlCacheBehavior [ RunTime:0.001371s ]
INFO: [ app_begin ] --END-- [ RunTime:0.001454s ]
SQL: SHOW COLUMNS FROM `liu_user` [ RunTime:0.0698s ]
SQL: SHOW COLUMNS FROM `liu_info` [ RunTime:0.0692s ]
SQL: UPDATE `liu_info` SET `uid`='46',`nickname`='',`sex`='0',`description`='',`birthday`='20170718',`hometown`='',`nowliving`='',`carreer`='',`intime`='1500369419' WHERE `uid` = 46 [ RunTime:0.0964s ]

[ 2017-07-18T17:17:00+08:00 ] 127.0.0.1 /liulin/Home/Uinfo/index.html
INFO: [ app_init ] --START--
INFO: Run Behavior\BuildLiteBehavior [ RunTime:0.000009s ]
INFO: [ app_init ] --END-- [ RunTime:0.000376s ]
INFO: [ app_begin ] --START--
INFO: Run Behavior\ReadHtmlCacheBehavior [ RunTime:0.000457s ]
INFO: [ app_begin ] --END-- [ RunTime:0.000495s ]
SQL: SHOW COLUMNS FROM `liu_user` [ RunTime:0.0729s ]
SQL: SHOW COLUMNS FROM `liu_info` [ RunTime:0.0722s ]
SQL: SELECT * FROM `liu_info` WHERE `uid` = 46 LIMIT 1   [ RunTime:0.0721s ]
INFO: [ view_parse ] --START--
INFO: [ template_filter ] --START--
INFO: Run Behavior\ContentReplaceBehavior [ RunTime:0.000079s ]
INFO: [ template_filter ] --END-- [ RunTime:0.000113s ]
NOTIC: [8] Undefined variable: year D:\xampp\htdocs\www\Utk\web\liulin\Application\Runtime\Cache\Home\df947afcfb9b0913afb045dc88693a1d.php Á¨¨ 86 Ë°å.
NOTIC: [8] Undefined variable: year D:\xampp\htdocs\www\Utk\web\liulin\Application\Runtime\Cache\Home\df947afcfb9b0913afb045dc88693a1d.php Á¨¨ 89 Ë°å.
INFO: Run Behavior\ParseTemplateBehavior [ RunTime:0.006407s ]
INFO: [ view_parse ] --END-- [ RunTime:0.006441s ]
INFO: [ view_filter ] --START--
INFO: Run Behavior\WriteHtmlCacheBehavior [ RunTime:0.000276s ]
INFO: [ view_filter ] --END-- [ RunTime:0.000303s ]
INFO: [ app_end ] --START--
INFO: Run Behavior\ShowPageTraceBehavior [ RunTime:0.000750s ]
INFO: [ app_end ] --END-- [ RunTime:0.000797s ]
NOTIC: [2] dirname() expects parameter 2 to be integer, string given D:\xampp\htdocs\www\Utk\web\liulin\index.php Á¨¨ 27 Ë°å.

[ 2017-07-18T17:17:17+08:00 ] 127.0.0.1 /liulin/Home/Uinfo/index/do/check.html
INFO: [ app_init ] --START--
INFO: Run Behavior\BuildLiteBehavior [ RunTime:0.000009s ]
INFO: [ app_init ] --END-- [ RunTime:0.000364s ]
INFO: [ app_begin ] --START--
INFO: Run Behavior\ReadHtmlCacheBehavior [ RunTime:0.000610s ]
INFO: [ app_begin ] --END-- [ RunTime:0.000692s ]
SQL: SHOW COLUMNS FROM `liu_user` [ RunTime:0.0689s ]
SQL: SHOW COLUMNS FROM `liu_info` [ RunTime:0.0692s ]
SQL: UPDATE `liu_info` SET `uid`='46',`nickname`='aa\'a',`sex`='1',`description`='a',`birthday`='20170718',`hometown`='ÂÆâÂæΩÁúÅ/ËäúÊπñÂ∏Ç/ÂºãÊ±üÂå∫',`nowliving`='Âåó‰∫¨Â∏Ç/Âåó‰∫¨Â∏Ç/‰∏úÂüéÂå∫',`carreer`='aaaa',`intime`='1500369437' WHERE `uid` = 46 [ RunTime:0.0802s ]

[ 2017-07-18T17:17:17+08:00 ] 127.0.0.1 /liulin/Home/Uinfo/index.html
INFO: [ app_init ] --START--
INFO: Run Behavior\BuildLiteBehavior [ RunTime:0.000010s ]
INFO: [ app_init ] --END-- [ RunTime:0.000381s ]
INFO: [ app_begin ] --START--
INFO: Run Behavior\ReadHtmlCacheBehavior [ RunTime:0.000458s ]
INFO: [ app_begin ] --END-- [ RunTime:0.000494s ]
SQL: SHOW COLUMNS FROM `liu_user` [ RunTime:0.0690s ]
SQL: SHOW COLUMNS FROM `liu_info` [ RunTime:0.0685s ]
SQL: SELECT * FROM `liu_info` WHERE `uid` = 46 LIMIT 1   [ RunTime:0.0682s ]
INFO: [ view_parse ] --START--
INFO: [ template_filter ] --START--
INFO: Run Behavior\ContentReplaceBehavior [ RunTime:0.000060s ]
INFO: [ template_filter ] --END-- [ RunTime:0.000108s ]
NOTIC: [8] Undefined variable: year D:\xampp\htdocs\www\Utk\web\liulin\Application\Runtime\Cache\Home\df947afcfb9b0913afb045dc88693a1d.php Á¨¨ 86 Ë°å.
NOTIC: [8] Undefined variable: year D:\xampp\htdocs\www\Utk\web\liulin\Application\Runtime\Cache\Home\df947afcfb9b0913afb045dc88693a1d.php Á¨¨ 89 Ë°å.
INFO: Run Behavior\ParseTemplateBehavior [ RunTime:0.006629s ]
INFO: [ view_parse ] --END-- [ RunTime:0.006663s ]
INFO: [ view_filter ] --START--
INFO: Run Behavior\WriteHtmlCacheBehavior [ RunTime:0.000277s ]
INFO: [ view_filter ] --END-- [ RunTime:0.000305s ]
INFO: [ app_end ] --START--
INFO: Run Behavior\ShowPageTraceBehavior [ RunTime:0.000636s ]
INFO: [ app_end ] --END-- [ RunTime:0.000675s ]
NOTIC: [2] dirname() expects parameter 2 to be integer, string given D:\xampp\htdocs\www\Utk\web\liulin\index.php Á¨¨ 27 Ë°å.

[ 2017-07-18T17:17:55+08:00 ] 127.0.0.1 /liulin/Home/Uinfo/index.html
INFO: [ app_init ] --START--
INFO: Run Behavior\BuildLiteBehavior [ RunTime:0.000010s ]
INFO: [ app_init ] --END-- [ RunTime:0.000436s ]
INFO: [ app_begin ] --START--
INFO: Run Behavior\ReadHtmlCacheBehavior [ RunTime:0.000674s ]
INFO: [ app_begin ] --END-- [ RunTime:0.000711s ]
SQL: SHOW COLUMNS FROM `liu_user` [ RunTime:0.0712s ]
SQL: SHOW COLUMNS FROM `liu_info` [ RunTime:0.0700s ]
SQL: SELECT * FROM `liu_info` WHERE `uid` = 46 LIMIT 1   [ RunTime:0.0695s ]
INFO: [ view_parse ] --START--
INFO: [ template_filter ] --START--
INFO: Run Behavior\ContentReplaceBehavior [ RunTime:0.000062s ]
INFO: [ template_filter ] --END-- [ RunTime:0.000101s ]
NOTIC: [8] Undefined variable: year D:\xampp\htdocs\www\Utk\web\liulin\Application\Runtime\Cache\Home\df947afcfb9b0913afb045dc88693a1d.php Á¨¨ 86 Ë°å.
NOTIC: [8] Undefined variable: year D:\xampp\htdocs\www\Utk\web\liulin\Application\Runtime\Cache\Home\df947afcfb9b0913afb045dc88693a1d.php Á¨¨ 89 Ë°å.
INFO: Run Behavior\ParseTemplateBehavior [ RunTime:0.006541s ]
INFO: [ view_parse ] --END-- [ RunTime:0.006575s ]
INFO: [ view_filter ] --START--
INFO: Run Behavior\WriteHtmlCacheBehavior [ RunTime:0.000291s ]
INFO: [ view_filter ] --END-- [ RunTime:0.000318s ]
INFO: [ app_end ] --START--
INFO: Run Behavior\ShowPageTraceBehavior [ RunTime:0.000637s ]
INFO: [ app_end ] --END-- [ RunTime:0.000675s ]
NOTIC: [2] dirname() expects parameter 2 to be integer, string given D:\xampp\htdocs\www\Utk\web\liulin\index.php Á¨¨ 27 Ë°å.

[ 2017-07-18T17:18:14+08:00 ] 127.0.0.1 /liulin/Home/Uinfo/index.html
INFO: [ app_init ] --START--
INFO: Run Behavior\BuildLiteBehavior [ RunTime:0.000011s ]
INFO: [ app_init ] --END-- [ RunTime:0.000376s ]
INFO: [ app_begin ] --START--
INFO: Run Behavior\ReadHtmlCacheBehavior [ RunTime:0.000465s ]
INFO: [ app_begin ] --END-- [ RunTime:0.000501s ]
SQL: SHOW COLUMNS FROM `liu_user` [ RunTime:0.0694s ]
SQL: SHOW COLUMNS FROM `liu_info` [ RunTime:0.0688s ]
SQL: SELECT * FROM `liu_info` WHERE `uid` = 46 LIMIT 1   [ RunTime:0.0685s ]
INFO: [ view_parse ] --START--
INFO: [ template_filter ] --START--
INFO: Run Behavior\ContentReplaceBehavior [ RunTime:0.000062s ]
INFO: [ template_filter ] --END-- [ RunTime:0.000096s ]
NOTIC: [8] Undefined variable: year D:\xampp\htdocs\www\Utk\web\liulin\Application\Runtime\Cache\Home\df947afcfb9b0913afb045dc88693a1d.php Á¨¨ 86 Ë°å.
NOTIC: [8] Undefined variable: year D:\xampp\htdocs\www\Utk\web\liulin\Application\Runtime\Cache\Home\df947afcfb9b0913afb045dc88693a1d.php Á¨¨ 89 Ë°å.
INFO: Run Behavior\ParseTemplateBehavior [ RunTime:0.007273s ]
INFO: [ view_parse ] --END-- [ RunTime:0.007308s ]
INFO: [ view_filter ] --START--
INFO: Run Behavior\WriteHtmlCacheBehavior [ RunTime:0.000453s ]
INFO: [ view_filter ] --END-- [ RunTime:0.000483s ]
INFO: [ app_end ] --START--
INFO: Run Behavior\ShowPageTraceBehavior [ RunTime:0.000918s ]
INFO: [ app_end ] --END-- [ RunTime:0.000984s ]
NOTIC: [2] dirname() expects parameter 2 to be integer, string given D:\xampp\htdocs\www\Utk\web\liulin\index.php Á¨¨ 27 Ë°å.

[ 2017-07-18T17:18:42+08:00 ] 127.0.0.1 /liulin/Home/Uinfo/index.html
INFO: [ app_init ] --START--
INFO: Run Behavior\BuildLiteBehavior [ RunTime:0.000080s ]
INFO: [ app_init ] --END-- [ RunTime:0.000510s ]
INFO: [ app_begin ] --START--
INFO: Run Behavior\ReadHtmlCacheBehavior [ RunTime:0.000475s ]
INFO: [ app_begin ] --END-- [ RunTime:0.000520s ]
SQL: SHOW COLUMNS FROM `liu_user` [ RunTime:0.0745s ]
SQL: SHOW COLUMNS FROM `liu_info` [ RunTime:0.0744s ]
SQL: SELECT * FROM `liu_info` WHERE `uid` = 46 LIMIT 1   [ RunTime:0.0734s ]
INFO: [ view_parse ] --START--
INFO: [ template_filter ] --START--
INFO: Run Behavior\ContentReplaceBehavior [ RunTime:0.000062s ]
INFO: [ template_filter ] --END-- [ RunTime:0.000103s ]
NOTIC: [8] Undefined variable: year D:\xampp\htdocs\www\Utk\web\liulin\Application\Runtime\Cache\Home\df947afcfb9b0913afb045dc88693a1d.php Á¨¨ 86 Ë°å.
NOTIC: [8] Undefined variable: year D:\xampp\htdocs\www\Utk\web\liulin\Application\Runtime\Cache\Home\df947afcfb9b0913afb045dc88693a1d.php Á¨¨ 89 Ë°å.
INFO: Run Behavior\ParseTemplateBehavior [ RunTime:0.006872s ]
INFO: [ view_parse ] --END-- [ RunTime:0.006908s ]
INFO: [ view_filter ] --START--
INFO: Run Behavior\WriteHtmlCacheBehavior [ RunTime:0.000284s ]
INFO: [ view_filter ] --END-- [ RunTime:0.000311s ]
INFO: [ app_end ] --START--
INFO: Run Behavior\ShowPageTraceBehavior [ RunTime:0.000631s ]
INFO: [ app_end ] --END-- [ RunTime:0.000669s ]
NOTIC: [2] dirname() expects parameter 2 to be integer, string given D:\xampp\htdocs\www\Utk\web\liulin\index.php Á¨¨ 27 Ë°å.

[ 2017-07-18T17:18:47+08:00 ] 127.0.0.1 /liulin/Home/Uinfo/index/do/check.html
INFO: [ app_init ] --START--
INFO: Run Behavior\BuildLiteBehavior [ RunTime:0.000043s ]
INFO: [ app_init ] --END-- [ RunTime:0.000824s ]
INFO: [ app_begin ] --START--
INFO: Run Behavior\ReadHtmlCacheBehavior [ RunTime:0.000961s ]
INFO: [ app_begin ] --END-- [ RunTime:0.001054s ]
SQL: SHOW COLUMNS FROM `liu_user` [ RunTime:0.0694s ]
SQL: SHOW COLUMNS FROM `liu_info` [ RunTime:0.0773s ]

[ 2017-07-18T17:19:49+08:00 ] 127.0.0.1 /liulin/Home/Uinfo/index/do/check.html
INFO: [ app_init ] --START--
INFO: Run Behavior\BuildLiteBehavior [ RunTime:0.000016s ]
INFO: [ app_init ] --END-- [ RunTime:0.000460s ]
INFO: [ app_begin ] --START--
INFO: Run Behavior\ReadHtmlCacheBehavior [ RunTime:0.000470s ]
INFO: [ app_begin ] --END-- [ RunTime:0.000509s ]
SQL: SHOW COLUMNS FROM `liu_user` [ RunTime:0.0718s ]
SQL: SHOW COLUMNS FROM `liu_info` [ RunTime:0.0714s ]
SQL: UPDATE `liu_info` SET `uid`='46',`nickname`='aa\'a',`sex`='1',`description`='a',`birthday`='20170718',`hometown`='ÂÆâÂæΩÁúÅ/ËäúÊπñÂ∏Ç/ÂºãÊ±üÂå∫',`nowliving`='Âåó‰∫¨Â∏Ç/Âåó‰∫¨Â∏Ç/‰∏úÂüéÂå∫',`carreer`='aaaa',`intime`='1500369589' WHERE `uid` = 46 [ RunTime:0.0829s ]

[ 2017-07-18T17:19:49+08:00 ] 127.0.0.1 /liulin/Home/Uinfo/index.html
INFO: [ app_init ] --START--
INFO: Run Behavior\BuildLiteBehavior [ RunTime:0.000008s ]
INFO: [ app_init ] --END-- [ RunTime:0.000359s ]
INFO: [ app_begin ] --START--
INFO: Run Behavior\ReadHtmlCacheBehavior [ RunTime:0.000448s ]
INFO: [ app_begin ] --END-- [ RunTime:0.000485s ]
SQL: SHOW COLUMNS FROM `liu_user` [ RunTime:0.0723s ]
SQL: SHOW COLUMNS FROM `liu_info` [ RunTime:0.0720s ]
SQL: SELECT * FROM `liu_info` WHERE `uid` = 46 LIMIT 1   [ RunTime:0.0717s ]
INFO: [ view_parse ] --START--
INFO: [ template_filter ] --START--
INFO: Run Behavior\ContentReplaceBehavior [ RunTime:0.000062s ]
INFO: [ template_filter ] --END-- [ RunTime:0.000099s ]
NOTIC: [8] Undefined variable: year D:\xampp\htdocs\www\Utk\web\liulin\Application\Runtime\Cache\Home\df947afcfb9b0913afb045dc88693a1d.php Á¨¨ 86 Ë°å.
NOTIC: [8] Undefined variable: year D:\xampp\htdocs\www\Utk\web\liulin\Application\Runtime\Cache\Home\df947afcfb9b0913afb045dc88693a1d.php Á¨¨ 89 Ë°å.
INFO: Run Behavior\ParseTemplateBehavior [ RunTime:0.006761s ]
INFO: [ view_parse ] --END-- [ RunTime:0.006797s ]
INFO: [ view_filter ] --START--
INFO: Run Behavior\WriteHtmlCacheBehavior [ RunTime:0.000367s ]
INFO: [ view_filter ] --END-- [ RunTime:0.000401s ]
INFO: [ app_end ] --START--
INFO: Run Behavior\ShowPageTraceBehavior [ RunTime:0.000672s ]
INFO: [ app_end ] --END-- [ RunTime:0.000713s ]
NOTIC: [2] dirname() expects parameter 2 to be integer, string given D:\xampp\htdocs\www\Utk\web\liulin\index.php Á¨¨ 27 Ë°å.

[ 2017-07-18T17:20:21+08:00 ] 127.0.0.1 /liulin/Home/Uinfo/index/do/check.html
INFO: [ app_init ] --START--
INFO: Run Behavior\BuildLiteBehavior [ RunTime:0.000050s ]
INFO: [ app_init ] --END-- [ RunTime:0.001278s ]
INFO: [ app_begin ] --START--
INFO: Run Behavior\ReadHtmlCacheBehavior [ RunTime:0.000728s ]
INFO: [ app_begin ] --END-- [ RunTime:0.000774s ]
SQL: SHOW COLUMNS FROM `liu_user` [ RunTime:0.0718s ]
SQL: SHOW COLUMNS FROM `liu_info` [ RunTime:0.0715s ]

[ 2017-07-18T17:20:32+08:00 ] 127.0.0.1 /liulin/Home/Uinfo/index/do/check.html
INFO: [ app_init ] --START--
INFO: Run Behavior\BuildLiteBehavior [ RunTime:0.000009s ]
INFO: [ app_init ] --END-- [ RunTime:0.000365s ]
INFO: [ app_begin ] --START--
INFO: Run Behavior\ReadHtmlCacheBehavior [ RunTime:0.000450s ]
INFO: [ app_begin ] --END-- [ RunTime:0.000488s ]
SQL: SHOW COLUMNS FROM `liu_user` [ RunTime:0.0706s ]
SQL: SHOW COLUMNS FROM `liu_info` [ RunTime:0.0706s ]

[ 2017-07-18T17:20:39+08:00 ] 127.0.0.1 /liulin/Home/Uinfo/index/do/check.html
INFO: [ app_init ] --START--
INFO: Run Behavior\BuildLiteBehavior [ RunTime:0.000010s ]
INFO: [ app_init ] --END-- [ RunTime:0.000459s ]
INFO: [ app_begin ] --START--
INFO: Run Behavior\ReadHtmlCacheBehavior [ RunTime:0.000755s ]
INFO: [ app_begin ] --END-- [ RunTime:0.000809s ]
SQL: SHOW COLUMNS FROM `liu_user` [ RunTime:0.0695s ]
SQL: SHOW COLUMNS FROM `liu_info` [ RunTime:0.0692s ]

[ 2017-07-18T17:25:19+08:00 ] 127.0.0.1 /liulin/Home/Uinfo/index/do/check.html
INFO: [ app_init ] --START--
INFO: Run Behavior\BuildLiteBehavior [ RunTime:0.000010s ]
INFO: [ app_init ] --END-- [ RunTime:0.000448s ]
INFO: [ app_begin ] --START--
INFO: Run Behavior\ReadHtmlCacheBehavior [ RunTime:0.000683s ]
INFO: [ app_begin ] --END-- [ RunTime:0.000723s ]
SQL: SHOW COLUMNS FROM `liu_user` [ RunTime:0.0731s ]
SQL: SHOW COLUMNS FROM `liu_info` [ RunTime:0.0724s ]
SQL: UPDATE `liu_info` SET `uid`='46',`nickname`='aa\'a',`sex`='1',`description`='a',`birthday`='20170101',`hometown`='ÂÆâÂæΩÁúÅ/ËäúÊπñÂ∏Ç/ÂºãÊ±üÂå∫',`nowliving`='Âåó‰∫¨Â∏Ç/Âåó‰∫¨Â∏Ç/‰∏úÂüéÂå∫',`carreer`='aaaa',`intime`='1500369919' WHERE `uid` = 46 [ RunTime:0.0955s ]

[ 2017-07-18T17:25:20+08:00 ] 127.0.0.1 /liulin/Home/Uinfo/index.html
INFO: [ app_init ] --START--
INFO: Run Behavior\BuildLiteBehavior [ RunTime:0.000009s ]
INFO: [ app_init ] --END-- [ RunTime:0.000360s ]
INFO: [ app_begin ] --START--
INFO: Run Behavior\ReadHtmlCacheBehavior [ RunTime:0.000449s ]
INFO: [ app_begin ] --END-- [ RunTime:0.000486s ]
SQL: SHOW COLUMNS FROM `liu_user` [ RunTime:0.0712s ]
SQL: SHOW COLUMNS FROM `liu_info` [ RunTime:0.0704s ]
SQL: SELECT * FROM `liu_info` WHERE `uid` = 46 LIMIT 1   [ RunTime:0.0705s ]
NOTIC: [8] Undefined variable: birthday D:\xampp\htdocs\www\Utk\web\liulin\Application\Home\Controller\UinfoController.class.php Á¨¨ 68 Ë°å.
NOTIC: [2] Illegal string offset 'Y' D:\xampp\htdocs\www\Utk\web\liulin\Application\Home\Controller\UinfoController.class.php Á¨¨ 69 Ë°å.
NOTIC: [2] Illegal string offset 'm' D:\xampp\htdocs\www\Utk\web\liulin\Application\Home\Controller\UinfoController.class.php Á¨¨ 69 Ë°å.
NOTIC: [2] Illegal string offset 'd' D:\xampp\htdocs\www\Utk\web\liulin\Application\Home\Controller\UinfoController.class.php Á¨¨ 69 Ë°å.
INFO: [ view_parse ] --START--
INFO: [ template_filter ] --START--
INFO: Run Behavior\ContentReplaceBehavior [ RunTime:0.000063s ]
INFO: [ template_filter ] --END-- [ RunTime:0.000107s ]
NOTIC: [8] Undefined variable: year D:\xampp\htdocs\www\Utk\web\liulin\Application\Runtime\Cache\Home\df947afcfb9b0913afb045dc88693a1d.php Á¨¨ 86 Ë°å.
NOTIC: [8] Undefined variable: year D:\xampp\htdocs\www\Utk\web\liulin\Application\Runtime\Cache\Home\df947afcfb9b0913afb045dc88693a1d.php Á¨¨ 89 Ë°å.
INFO: Run Behavior\ParseTemplateBehavior [ RunTime:0.007696s ]
INFO: [ view_parse ] --END-- [ RunTime:0.007732s ]
INFO: [ view_filter ] --START--
INFO: Run Behavior\WriteHtmlCacheBehavior [ RunTime:0.000452s ]
INFO: [ view_filter ] --END-- [ RunTime:0.000482s ]
INFO: [ app_end ] --START--
INFO: Run Behavior\ShowPageTraceBehavior [ RunTime:0.000703s ]
INFO: [ app_end ] --END-- [ RunTime:0.000742s ]
NOTIC: [2] dirname() expects parameter 2 to be integer, string given D:\xampp\htdocs\www\Utk\web\liulin\index.php Á¨¨ 27 Ë°å.

[ 2017-07-18T17:25:40+08:00 ] 127.0.0.1 /liulin/Home/Uinfo/index/do/check.html
INFO: [ app_init ] --START--
INFO: Run Behavior\BuildLiteBehavior [ RunTime:0.000009s ]
INFO: [ app_init ] --END-- [ RunTime:0.000449s ]
INFO: [ app_begin ] --START--
INFO: Run Behavior\ReadHtmlCacheBehavior [ RunTime:0.000684s ]
INFO: [ app_begin ] --END-- [ RunTime:0.000725s ]
SQL: SHOW COLUMNS FROM `liu_user` [ RunTime:0.0696s ]
SQL: SHOW COLUMNS FROM `liu_info` [ RunTime:0.0690s ]
SQL: UPDATE `liu_info` SET `uid`='46',`nickname`='aa\'a',`sex`='1',`description`='a',`birthday`='20150101',`hometown`='ÂÆâÂæΩÁúÅ/ËäúÊπñÂ∏Ç/ÂºãÊ±üÂå∫',`nowliving`='Âåó‰∫¨Â∏Ç/Âåó‰∫¨Â∏Ç/‰∏úÂüéÂå∫',`carreer`='aaaa',`intime`='1500369940' WHERE `uid` = 46 [ RunTime:0.0886s ]

[ 2017-07-18T17:25:41+08:00 ] 127.0.0.1 /liulin/Home/Uinfo/index.html
INFO: [ app_init ] --START--
INFO: Run Behavior\BuildLiteBehavior [ RunTime:0.000010s ]
INFO: [ app_init ] --END-- [ RunTime:0.000451s ]
INFO: [ app_begin ] --START--
INFO: Run Behavior\ReadHtmlCacheBehavior [ RunTime:0.000462s ]
INFO: [ app_begin ] --END-- [ RunTime:0.000499s ]
SQL: SHOW COLUMNS FROM `liu_user` [ RunTime:0.0693s ]
SQL: SHOW COLUMNS FROM `liu_info` [ RunTime:0.0690s ]
SQL: SELECT * FROM `liu_info` WHERE `uid` = 46 LIMIT 1   [ RunTime:0.0690s ]
NOTIC: [8] Undefined variable: birthday D:\xampp\htdocs\www\Utk\web\liulin\Application\Home\Controller\UinfoController.class.php Á¨¨ 68 Ë°å.
NOTIC: [2] Illegal string offset 'Y' D:\xampp\htdocs\www\Utk\web\liulin\Application\Home\Controller\UinfoController.class.php Á¨¨ 69 Ë°å.
NOTIC: [2] Illegal string offset 'm' D:\xampp\htdocs\www\Utk\web\liulin\Application\Home\Controller\UinfoController.class.php Á¨¨ 69 Ë°å.
NOTIC: [2] Illegal string offset 'd' D:\xampp\htdocs\www\Utk\web\liulin\Application\Home\Controller\UinfoController.class.php Á¨¨ 69 Ë°å.
INFO: [ view_parse ] --START--
INFO: [ template_filter ] --START--
INFO: Run Behavior\ContentReplaceBehavior [ RunTime:0.000059s ]
INFO: [ template_filter ] --END-- [ RunTime:0.000095s ]
NOTIC: [8] Undefined variable: year D:\xampp\htdocs\www\Utk\web\liulin\Application\Runtime\Cache\Home\df947afcfb9b0913afb045dc88693a1d.php Á¨¨ 86 Ë°å.
NOTIC: [8] Undefined variable: year D:\xampp\htdocs\www\Utk\web\liulin\Application\Runtime\Cache\Home\df947afcfb9b0913afb045dc88693a1d.php Á¨¨ 89 Ë°å.
INFO: Run Behavior\ParseTemplateBehavior [ RunTime:0.007281s ]
INFO: [ view_parse ] --END-- [ RunTime:0.007318s ]
INFO: [ view_filter ] --START--
INFO: Run Behavior\WriteHtmlCacheBehavior [ RunTime:0.000470s ]
INFO: [ view_filter ] --END-- [ RunTime:0.000499s ]
INFO: [ app_end ] --START--
INFO: Run Behavior\ShowPageTraceBehavior [ RunTime:0.000712s ]
INFO: [ app_end ] --END-- [ RunTime:0.000755s ]
NOTIC: [2] dirname() expects parameter 2 to be integer, string given D:\xampp\htdocs\www\Utk\web\liulin\index.php Á¨¨ 27 Ë°å.

[ 2017-07-18T17:26:03+08:00 ] 127.0.0.1 /liulin/Home/Uinfo/index.html
INFO: [ app_init ] --START--
INFO: Run Behavior\BuildLiteBehavior [ RunTime:0.000017s ]
INFO: [ app_init ] --END-- [ RunTime:0.000401s ]
INFO: [ app_begin ] --START--
INFO: Run Behavior\ReadHtmlCacheBehavior [ RunTime:0.000468s ]
INFO: [ app_begin ] --END-- [ RunTime:0.000506s ]
SQL: SHOW COLUMNS FROM `liu_user` [ RunTime:0.0703s ]
SQL: SHOW COLUMNS FROM `liu_info` [ RunTime:0.0700s ]
SQL: SELECT * FROM `liu_info` WHERE `uid` = 46 LIMIT 1   [ RunTime:0.0705s ]
NOTIC: [8] Undefined variable: birthday D:\xampp\htdocs\www\Utk\web\liulin\Application\Home\Controller\UinfoController.class.php Á¨¨ 68 Ë°å.
NOTIC: [2] Illegal string offset 'Y' D:\xampp\htdocs\www\Utk\web\liulin\Application\Home\Controller\UinfoController.class.php Á¨¨ 69 Ë°å.
NOTIC: [2] Illegal string offset 'm' D:\xampp\htdocs\www\Utk\web\liulin\Application\Home\Controller\UinfoController.class.php Á¨¨ 69 Ë°å.
NOTIC: [2] Illegal string offset 'd' D:\xampp\htdocs\www\Utk\web\liulin\Application\Home\Controller\UinfoController.class.php Á¨¨ 69 Ë°å.
INFO: [ view_parse ] --START--
INFO: [ template_filter ] --START--
INFO: Run Behavior\ContentReplaceBehavior [ RunTime:0.000061s ]
INFO: [ template_filter ] --END-- [ RunTime:0.000096s ]
NOTIC: [8] Undefined variable: year D:\xampp\htdocs\www\Utk\web\liulin\Application\Runtime\Cache\Home\df947afcfb9b0913afb045dc88693a1d.php Á¨¨ 86 Ë°å.
NOTIC: [8] Undefined variable: year D:\xampp\htdocs\www\Utk\web\liulin\Application\Runtime\Cache\Home\df947afcfb9b0913afb045dc88693a1d.php Á¨¨ 89 Ë°å.
INFO: Run Behavior\ParseTemplateBehavior [ RunTime:0.006508s ]
INFO: [ view_parse ] --END-- [ RunTime:0.006542s ]
INFO: [ view_filter ] --START--
INFO: Run Behavior\WriteHtmlCacheBehavior [ RunTime:0.000280s ]
INFO: [ view_filter ] --END-- [ RunTime:0.000306s ]
INFO: [ app_end ] --START--
INFO: Run Behavior\ShowPageTraceBehavior [ RunTime:0.000635s ]
INFO: [ app_end ] --END-- [ RunTime:0.000677s ]
NOTIC: [2] dirname() expects parameter 2 to be integer, string given D:\xampp\htdocs\www\Utk\web\liulin\index.php Á¨¨ 27 Ë°å.

[ 2017-07-18T17:26:13+08:00 ] 127.0.0.1 /liulin/Home/Uinfo/index.html
INFO: [ app_init ] --START--
INFO: Run Behavior\BuildLiteBehavior [ RunTime:0.000011s ]
INFO: [ app_init ] --END-- [ RunTime:0.000406s ]
INFO: [ app_begin ] --START--
INFO: Run Behavior\ReadHtmlCacheBehavior [ RunTime:0.000496s ]
INFO: [ app_begin ] --END-- [ RunTime:0.000539s ]
SQL: SHOW COLUMNS FROM `liu_user` [ RunTime:0.0682s ]
SQL: SHOW COLUMNS FROM `liu_info` [ RunTime:0.0680s ]
SQL: SELECT * FROM `liu_info` WHERE `uid` = 46 LIMIT 1   [ RunTime:0.0676s ]
NOTIC: [2] Illegal string offset 'Y' D:\xampp\htdocs\www\Utk\web\liulin\Application\Home\Controller\UinfoController.class.php Á¨¨ 69 Ë°å.
NOTIC: [2] Illegal string offset 'm' D:\xampp\htdocs\www\Utk\web\liulin\Application\Home\Controller\UinfoController.class.php Á¨¨ 69 Ë°å.
NOTIC: [2] Illegal string offset 'd' D:\xampp\htdocs\www\Utk\web\liulin\Application\Home\Controller\UinfoController.class.php Á¨¨ 69 Ë°å.
INFO: [ view_parse ] --START--
INFO: [ template_filter ] --START--
INFO: Run Behavior\ContentReplaceBehavior [ RunTime:0.000063s ]
INFO: [ template_filter ] --END-- [ RunTime:0.000102s ]
NOTIC: [8] Undefined variable: year D:\xampp\htdocs\www\Utk\web\liulin\Application\Runtime\Cache\Home\df947afcfb9b0913afb045dc88693a1d.php Á¨¨ 86 Ë°å.
NOTIC: [8] Undefined variable: year D:\xampp\htdocs\www\Utk\web\liulin\Application\Runtime\Cache\Home\df947afcfb9b0913afb045dc88693a1d.php Á¨¨ 89 Ë°å.
INFO: Run Behavior\ParseTemplateBehavior [ RunTime:0.006621s ]
INFO: [ view_parse ] --END-- [ RunTime:0.006659s ]
INFO: [ view_filter ] --START--
INFO: Run Behavior\WriteHtmlCacheBehavior [ RunTime:0.000272s ]
INFO: [ view_filter ] --END-- [ RunTime:0.000300s ]
INFO: [ app_end ] --START--
INFO: Run Behavior\ShowPageTraceBehavior [ RunTime:0.000630s ]
INFO: [ app_end ] --END-- [ RunTime:0.000669s ]
NOTIC: [2] dirname() expects parameter 2 to be integer, string given D:\xampp\htdocs\www\Utk\web\liulin\index.php Á¨¨ 27 Ë°å.

[ 2017-07-18T17:26:43+08:00 ] 127.0.0.1 /liulin/Home/Uinfo/index.html
INFO: [ app_init ] --START--
INFO: Run Behavior\BuildLiteBehavior [ RunTime:0.000010s ]
INFO: [ app_init ] --END-- [ RunTime:0.000380s ]
INFO: [ app_begin ] --START--
INFO: Run Behavior\ReadHtmlCacheBehavior [ RunTime:0.000814s ]
INFO: [ app_begin ] --END-- [ RunTime:0.000876s ]
SQL: SHOW COLUMNS FROM `liu_user` [ RunTime:0.0722s ]
SQL: SHOW COLUMNS FROM `liu_info` [ RunTime:0.0717s ]
SQL: SELECT * FROM `liu_info` WHERE `uid` = 46 LIMIT 1   [ RunTime:0.0719s ]
NOTIC: [8] Undefined variable: birthday D:\xampp\htdocs\www\Utk\web\liulin\Application\Home\Controller\UinfoController.class.php Á¨¨ 68 Ë°å.
INFO: [ view_parse ] --START--
INFO: [ template_filter ] --START--
INFO: Run Behavior\ContentReplaceBehavior [ RunTime:0.000063s ]
INFO: [ template_filter ] --END-- [ RunTime:0.000131s ]
NOTIC: [8] Undefined variable: year D:\xampp\htdocs\www\Utk\web\liulin\Application\Runtime\Cache\Home\df947afcfb9b0913afb045dc88693a1d.php Á¨¨ 86 Ë°å.
NOTIC: [8] Undefined variable: year D:\xampp\htdocs\www\Utk\web\liulin\Application\Runtime\Cache\Home\df947afcfb9b0913afb045dc88693a1d.php Á¨¨ 89 Ë°å.
INFO: Run Behavior\ParseTemplateBehavior [ RunTime:0.008353s ]
INFO: [ view_parse ] --END-- [ RunTime:0.008390s ]
INFO: [ view_filter ] --START--
INFO: Run Behavior\WriteHtmlCacheBehavior [ RunTime:0.000280s ]
INFO: [ view_filter ] --END-- [ RunTime:0.000308s ]
INFO: [ app_end ] --START--
INFO: Run Behavior\ShowPageTraceBehavior [ RunTime:0.000655s ]
INFO: [ app_end ] --END-- [ RunTime:0.000695s ]
NOTIC: [2] dirname() expects parameter 2 to be integer, string given D:\xampp\htdocs\www\Utk\web\liulin\index.php Á¨¨ 27 Ë°å.

[ 2017-07-18T17:26:50+08:00 ] 127.0.0.1 /liulin/Home/Uinfo/index/do/check.html
INFO: [ app_init ] --START--
INFO: Run Behavior\BuildLiteBehavior [ RunTime:0.000010s ]
INFO: [ app_init ] --END-- [ RunTime:0.000363s ]
INFO: [ app_begin ] --START--
INFO: Run Behavior\ReadHtmlCacheBehavior [ RunTime:0.000451s ]
INFO: [ app_begin ] --END-- [ RunTime:0.000488s ]
SQL: SHOW COLUMNS FROM `liu_user` [ RunTime:0.0722s ]
SQL: SHOW COLUMNS FROM `liu_info` [ RunTime:0.0737s ]
SQL: UPDATE `liu_info` SET `uid`='46',`nickname`='aa\'a',`sex`='1',`description`='a',`birthday`='20160119',`hometown`='ÂÆâÂæΩÁúÅ/ËäúÊπñÂ∏Ç/ÂºãÊ±üÂå∫',`nowliving`='Âåó‰∫¨Â∏Ç/Âåó‰∫¨Â∏Ç/‰∏úÂüéÂå∫',`carreer`='aaaa',`intime`='1500370010' WHERE `uid` = 46 [ RunTime:0.0899s ]

[ 2017-07-18T17:26:50+08:00 ] 127.0.0.1 /liulin/Home/Uinfo/index.html
INFO: [ app_init ] --START--
INFO: Run Behavior\BuildLiteBehavior [ RunTime:0.000008s ]
INFO: [ app_init ] --END-- [ RunTime:0.000362s ]
INFO: [ app_begin ] --START--
INFO: Run Behavior\ReadHtmlCacheBehavior [ RunTime:0.000456s ]
INFO: [ app_begin ] --END-- [ RunTime:0.000492s ]
SQL: SHOW COLUMNS FROM `liu_user` [ RunTime:0.0757s ]
SQL: SHOW COLUMNS FROM `liu_info` [ RunTime:0.0720s ]
SQL: SELECT * FROM `liu_info` WHERE `uid` = 46 LIMIT 1   [ RunTime:0.0720s ]
NOTIC: [8] Undefined variable: birthday D:\xampp\htdocs\www\Utk\web\liulin\Application\Home\Controller\UinfoController.class.php Á¨¨ 68 Ë°å.
INFO: [ view_parse ] --START--
INFO: [ template_filter ] --START--
INFO: Run Behavior\ContentReplaceBehavior [ RunTime:0.000060s ]
INFO: [ template_filter ] --END-- [ RunTime:0.000097s ]
NOTIC: [8] Undefined variable: year D:\xampp\htdocs\www\Utk\web\liulin\Application\Runtime\Cache\Home\df947afcfb9b0913afb045dc88693a1d.php Á¨¨ 86 Ë°å.
NOTIC: [8] Undefined variable: year D:\xampp\htdocs\www\Utk\web\liulin\Application\Runtime\Cache\Home\df947afcfb9b0913afb045dc88693a1d.php Á¨¨ 89 Ë°å.
INFO: Run Behavior\ParseTemplateBehavior [ RunTime:0.006407s ]
INFO: [ view_parse ] --END-- [ RunTime:0.006441s ]
INFO: [ view_filter ] --START--
INFO: Run Behavior\WriteHtmlCacheBehavior [ RunTime:0.000271s ]
INFO: [ view_filter ] --END-- [ RunTime:0.000298s ]
INFO: [ app_end ] --START--
INFO: Run Behavior\ShowPageTraceBehavior [ RunTime:0.000642s ]
INFO: [ app_end ] --END-- [ RunTime:0.000680s ]
NOTIC: [2] dirname() expects parameter 2 to be integer, string given D:\xampp\htdocs\www\Utk\web\liulin\index.php Á¨¨ 27 Ë°å.

[ 2017-07-18T17:29:03+08:00 ] 127.0.0.1 /liulin/Home/Uinfo/index.html
INFO: [ app_init ] --START--
INFO: Run Behavior\BuildLiteBehavior [ RunTime:0.000011s ]
INFO: [ app_init ] --END-- [ RunTime:0.000449s ]
INFO: [ app_begin ] --START--
INFO: Run Behavior\ReadHtmlCacheBehavior [ RunTime:0.000678s ]
INFO: [ app_begin ] --END-- [ RunTime:0.000716s ]
ERR: SQLSTATE[HY000] [2002] php_network_getaddresses: getaddrinfo failed: ’‚ «‘⁄÷˜ª˙√˚Ω‚Œˆ ±Õ®≥£≥ˆœ÷µƒ‘› ±¥ÌŒÛ£¨À¸“‚Œ∂◊≈±æµÿ∑˛ŒÒ∆˜√ª”–¥”»®Õ˛∑˛ŒÒ∆˜…œ ’µΩœÏ”¶°£ 

[ 2017-07-18T17:29:16+08:00 ] 127.0.0.1 /liulin/Home/Uinfo/index.html
INFO: [ app_init ] --START--
INFO: Run Behavior\BuildLiteBehavior [ RunTime:0.000010s ]
INFO: [ app_init ] --END-- [ RunTime:0.000552s ]
INFO: [ app_begin ] --START--
INFO: Run Behavior\ReadHtmlCacheBehavior [ RunTime:0.000776s ]
INFO: [ app_begin ] --END-- [ RunTime:0.000823s ]
SQL: SHOW COLUMNS FROM `liu_user` [ RunTime:0.0731s ]
SQL: SHOW COLUMNS FROM `liu_info` [ RunTime:0.0735s ]
SQL: SELECT * FROM `liu_info` WHERE `uid` = 46 LIMIT 1   [ RunTime:0.0722s ]
NOTIC: [8] Undefined variable: birthday D:\xampp\htdocs\www\Utk\web\liulin\Application\Home\Controller\UinfoController.class.php Á¨¨ 68 Ë°å.
NOTIC: [8] Undefined variable: birthday D:\xampp\htdocs\www\Utk\web\liulin\Application\Home\Controller\UinfoController.class.php Á¨¨ 68 Ë°å.
INFO: [ view_parse ] --START--
INFO: [ template_filter ] --START--
INFO: Run Behavior\ContentReplaceBehavior [ RunTime:0.000064s ]
INFO: [ template_filter ] --END-- [ RunTime:0.000103s ]
NOTIC: [8] Undefined variable: year D:\xampp\htdocs\www\Utk\web\liulin\Application\Runtime\Cache\Home\df947afcfb9b0913afb045dc88693a1d.php Á¨¨ 86 Ë°å.
NOTIC: [8] Undefined variable: year D:\xampp\htdocs\www\Utk\web\liulin\Application\Runtime\Cache\Home\df947afcfb9b0913afb045dc88693a1d.php Á¨¨ 89 Ë°å.
INFO: Run Behavior\ParseTemplateBehavior [ RunTime:0.007676s ]
INFO: [ view_parse ] --END-- [ RunTime:0.007711s ]
INFO: [ view_filter ] --START--
INFO: Run Behavior\WriteHtmlCacheBehavior [ RunTime:0.000456s ]
INFO: [ view_filter ] --END-- [ RunTime:0.000485s ]
INFO: [ app_end ] --START--
INFO: Run Behavior\ShowPageTraceBehavior [ RunTime:0.000708s ]
INFO: [ app_end ] --END-- [ RunTime:0.000748s ]
NOTIC: [2] dirname() expects parameter 2 to be integer, string given D:\xampp\htdocs\www\Utk\web\liulin\index.php Á¨¨ 27 Ë°å.

[ 2017-07-18T17:29:49+08:00 ] 127.0.0.1 /liulin/Home/Uinfo/index.html
INFO: [ app_init ] --START--
INFO: Run Behavior\BuildLiteBehavior [ RunTime:0.000010s ]
INFO: [ app_init ] --END-- [ RunTime:0.000376s ]
INFO: [ app_begin ] --START--
INFO: Run Behavior\ReadHtmlCacheBehavior [ RunTime:0.000460s ]
INFO: [ app_begin ] --END-- [ RunTime:0.000496s ]
SQL: SHOW COLUMNS FROM `liu_user` [ RunTime:0.0706s ]
SQL: SHOW COLUMNS FROM `liu_info` [ RunTime:0.0707s ]
SQL: SELECT * FROM `liu_info` WHERE `uid` = 46 LIMIT 1   [ RunTime:0.0700s ]
INFO: [ view_parse ] --START--
INFO: [ template_filter ] --START--
INFO: Run Behavior\ContentReplaceBehavior [ RunTime:0.000065s ]
INFO: [ template_filter ] --END-- [ RunTime:0.000124s ]
NOTIC: [8] Undefined variable: year D:\xampp\htdocs\www\Utk\web\liulin\Application\Runtime\Cache\Home\df947afcfb9b0913afb045dc88693a1d.php Á¨¨ 86 Ë°å.
NOTIC: [8] Undefined variable: year D:\xampp\htdocs\www\Utk\web\liulin\Application\Runtime\Cache\Home\df947afcfb9b0913afb045dc88693a1d.php Á¨¨ 89 Ë°å.
INFO: Run Behavior\ParseTemplateBehavior [ RunTime:0.008038s ]
INFO: [ view_parse ] --END-- [ RunTime:0.008077s ]
INFO: [ view_filter ] --START--
INFO: Run Behavior\WriteHtmlCacheBehavior [ RunTime:0.000593s ]
INFO: [ view_filter ] --END-- [ RunTime:0.000635s ]
INFO: [ app_end ] --START--
INFO: Run Behavior\ShowPageTraceBehavior [ RunTime:0.002690s ]
INFO: [ app_end ] --END-- [ RunTime:0.002834s ]
NOTIC: [2] dirname() expects parameter 2 to be integer, string given D:\xampp\htdocs\www\Utk\web\liulin\index.php Á¨¨ 27 Ë°å.

[ 2017-07-18T17:30:16+08:00 ] 127.0.0.1 /liulin/Home/Uinfo/index.html
INFO: [ app_init ] --START--
INFO: Run Behavior\BuildLiteBehavior [ RunTime:0.000011s ]
INFO: [ app_init ] --END-- [ RunTime:0.000415s ]
INFO: [ app_begin ] --START--
INFO: Run Behavior\ReadHtmlCacheBehavior [ RunTime:0.000479s ]
INFO: [ app_begin ] --END-- [ RunTime:0.000516s ]
SQL: SHOW COLUMNS FROM `liu_user` [ RunTime:0.0699s ]
SQL: SHOW COLUMNS FROM `liu_info` [ RunTime:0.0696s ]
SQL: SELECT * FROM `liu_info` WHERE `uid` = 46 LIMIT 1   [ RunTime:0.0695s ]
INFO: [ view_parse ] --START--
INFO: [ template_filter ] --START--
INFO: Run Behavior\ContentReplaceBehavior [ RunTime:0.000061s ]
INFO: [ template_filter ] --END-- [ RunTime:0.000098s ]
NOTIC: [8] Undefined variable: year D:\xampp\htdocs\www\Utk\web\liulin\Application\Runtime\Cache\Home\df947afcfb9b0913afb045dc88693a1d.php Á¨¨ 86 Ë°å.
NOTIC: [8] Undefined variable: year D:\xampp\htdocs\www\Utk\web\liulin\Application\Runtime\Cache\Home\df947afcfb9b0913afb045dc88693a1d.php Á¨¨ 89 Ë°å.
INFO: Run Behavior\ParseTemplateBehavior [ RunTime:0.006457s ]
INFO: [ view_parse ] --END-- [ RunTime:0.006489s ]
INFO: [ view_filter ] --START--
INFO: Run Behavior\WriteHtmlCacheBehavior [ RunTime:0.000276s ]
INFO: [ view_filter ] --END-- [ RunTime:0.000303s ]
INFO: [ app_end ] --START--
INFO: Run Behavior\ShowPageTraceBehavior [ RunTime:0.000656s ]
INFO: [ app_end ] --END-- [ RunTime:0.000695s ]
NOTIC: [2] dirname() expects parameter 2 to be integer, string given D:\xampp\htdocs\www\Utk\web\liulin\index.php Á¨¨ 27 Ë°å.

[ 2017-07-18T17:30:30+08:00 ] 127.0.0.1 /liulin/Home/Uinfo/index.html
INFO: [ app_init ] --START--
INFO: Run Behavior\BuildLiteBehavior [ RunTime:0.000009s ]
INFO: [ app_init ] --END-- [ RunTime:0.000385s ]
INFO: [ app_begin ] --START--
INFO: Run Behavior\ReadHtmlCacheBehavior [ RunTime:0.000474s ]
INFO: [ app_begin ] --END-- [ RunTime:0.000513s ]
SQL: SHOW COLUMNS FROM `liu_user` [ RunTime:0.0757s ]
SQL: SHOW COLUMNS FROM `liu_info` [ RunTime:0.0761s ]
SQL: SELECT * FROM `liu_info` WHERE `uid` = 46 LIMIT 1   [ RunTime:0.0751s ]
NOTIC: [2] Illegal string offset 'Y' D:\xampp\htdocs\www\Utk\web\liulin\Application\Home\Controller\UinfoController.class.php Á¨¨ 69 Ë°å.
INFO: [ view_parse ] --START--
INFO: [ template_filter ] --START--
INFO: Run Behavior\ContentReplaceBehavior [ RunTime:0.000061s ]
INFO: [ template_filter ] --END-- [ RunTime:0.000100s ]
NOTIC: [8] Undefined variable: year D:\xampp\htdocs\www\Utk\web\liulin\Application\Runtime\Cache\Home\df947afcfb9b0913afb045dc88693a1d.php Á¨¨ 86 Ë°å.
NOTIC: [8] Undefined variable: year D:\xampp\htdocs\www\Utk\web\liulin\Application\Runtime\Cache\Home\df947afcfb9b0913afb045dc88693a1d.php Á¨¨ 89 Ë°å.
INFO: Run Behavior\ParseTemplateBehavior [ RunTime:0.006839s ]
INFO: [ view_parse ] --END-- [ RunTime:0.006877s ]
INFO: [ view_filter ] --START--
INFO: Run Behavior\WriteHtmlCacheBehavior [ RunTime:0.000318s ]
INFO: [ view_filter ] --END-- [ RunTime:0.000349s ]
INFO: [ app_end ] --START--
INFO: Run Behavior\ShowPageTraceBehavior [ RunTime:0.000688s ]
INFO: [ app_end ] --END-- [ RunTime:0.000729s ]
NOTIC: [2] dirname() expects parameter 2 to be integer, string given D:\xampp\htdocs\www\Utk\web\liulin\index.php Á¨¨ 27 Ë°å.

[ 2017-07-18T17:32:46+08:00 ] 127.0.0.1 /liulin/Home/Uinfo/index.html
INFO: [ app_init ] --START--
INFO: Run Behavior\BuildLiteBehavior [ RunTime:0.000011s ]
INFO: [ app_init ] --END-- [ RunTime:0.000452s ]
INFO: [ app_begin ] --START--
INFO: Run Behavior\ReadHtmlCacheBehavior [ RunTime:0.000678s ]
INFO: [ app_begin ] --END-- [ RunTime:0.000717s ]
SQL: SHOW COLUMNS FROM `liu_user` [ RunTime:0.0719s ]
SQL: SHOW COLUMNS FROM `liu_info` [ RunTime:0.0685s ]
SQL: SELECT * FROM `liu_info` WHERE `uid` = 46 LIMIT 1   [ RunTime:0.0735s ]
INFO: [ view_parse ] --START--
INFO: [ template_filter ] --START--
INFO: Run Behavior\ContentReplaceBehavior [ RunTime:0.000064s ]
INFO: [ template_filter ] --END-- [ RunTime:0.000103s ]
NOTIC: [8] Undefined variable: year D:\xampp\htdocs\www\Utk\web\liulin\Application\Runtime\Cache\Home\df947afcfb9b0913afb045dc88693a1d.php Á¨¨ 86 Ë°å.
NOTIC: [8] Undefined variable: year D:\xampp\htdocs\www\Utk\web\liulin\Application\Runtime\Cache\Home\df947afcfb9b0913afb045dc88693a1d.php Á¨¨ 89 Ë°å.
INFO: Run Behavior\ParseTemplateBehavior [ RunTime:0.007645s ]
INFO: [ view_parse ] --END-- [ RunTime:0.007682s ]
INFO: [ view_filter ] --START--
INFO: Run Behavior\WriteHtmlCacheBehavior [ RunTime:0.000461s ]
INFO: [ view_filter ] --END-- [ RunTime:0.000490s ]
INFO: [ app_end ] --START--
INFO: Run Behavior\ShowPageTraceBehavior [ RunTime:0.000725s ]
INFO: [ app_end ] --END-- [ RunTime:0.000764s ]
NOTIC: [2] dirname() expects parameter 2 to be integer, string given D:\xampp\htdocs\www\Utk\web\liulin\index.php Á¨¨ 27 Ë°å.

[ 2017-07-18T17:33:04+08:00 ] 127.0.0.1 /liulin/Home/Uinfo/index.html
INFO: [ app_init ] --START--
INFO: Run Behavior\BuildLiteBehavior [ RunTime:0.000011s ]
INFO: [ app_init ] --END-- [ RunTime:0.000466s ]
INFO: [ app_begin ] --START--
INFO: Run Behavior\ReadHtmlCacheBehavior [ RunTime:0.000699s ]
INFO: [ app_begin ] --END-- [ RunTime:0.000737s ]
SQL: SHOW COLUMNS FROM `liu_user` [ RunTime:0.0704s ]
SQL: SHOW COLUMNS FROM `liu_info` [ RunTime:0.0689s ]
SQL: SELECT * FROM `liu_info` WHERE `uid` = 46 LIMIT 1   [ RunTime:0.0686s ]
INFO: [ view_parse ] --START--
INFO: [ template_filter ] --START--
INFO: Run Behavior\ContentReplaceBehavior [ RunTime:0.000062s ]
INFO: [ template_filter ] --END-- [ RunTime:0.000102s ]
NOTIC: [8] Undefined variable: year D:\xampp\htdocs\www\Utk\web\liulin\Application\Runtime\Cache\Home\df947afcfb9b0913afb045dc88693a1d.php Á¨¨ 86 Ë°å.
NOTIC: [8] Undefined variable: year D:\xampp\htdocs\www\Utk\web\liulin\Application\Runtime\Cache\Home\df947afcfb9b0913afb045dc88693a1d.php Á¨¨ 89 Ë°å.
INFO: Run Behavior\ParseTemplateBehavior [ RunTime:0.008566s ]
INFO: [ view_parse ] --END-- [ RunTime:0.008607s ]
INFO: [ view_filter ] --START--
INFO: Run Behavior\WriteHtmlCacheBehavior [ RunTime:0.000449s ]
INFO: [ view_filter ] --END-- [ RunTime:0.000478s ]
INFO: [ app_end ] --START--
INFO: Run Behavior\ShowPageTraceBehavior [ RunTime:0.000703s ]
INFO: [ app_end ] --END-- [ RunTime:0.000742s ]
NOTIC: [2] dirname() expects parameter 2 to be integer, string given D:\xampp\htdocs\www\Utk\web\liulin\index.php Á¨¨ 27 Ë°å.

[ 2017-07-18T17:35:40+08:00 ] 127.0.0.1 /liulin/Home/Uinfo/index.html
INFO: [ app_init ] --START--
INFO: Run Behavior\BuildLiteBehavior [ RunTime:0.000011s ]
INFO: [ app_init ] --END-- [ RunTime:0.000452s ]
INFO: [ app_begin ] --START--
INFO: Run Behavior\ReadHtmlCacheBehavior [ RunTime:0.000676s ]
INFO: [ app_begin ] --END-- [ RunTime:0.000715s ]
SQL: SHOW COLUMNS FROM `liu_user` [ RunTime:0.0727s ]
SQL: SHOW COLUMNS FROM `liu_info` [ RunTime:0.0722s ]
SQL: SELECT * FROM `liu_info` WHERE `uid` = 46 LIMIT 1   [ RunTime:0.0714s ]
INFO: [ view_parse ] --START--
INFO: [ template_filter ] --START--
INFO: Run Behavior\ContentReplaceBehavior [ RunTime:0.000065s ]
INFO: [ template_filter ] --END-- [ RunTime:0.000097s ]
NOTIC: [8] Undefined variable: year D:\xampp\htdocs\www\Utk\web\liulin\Application\Runtime\Cache\Home\df947afcfb9b0913afb045dc88693a1d.php Á¨¨ 86 Ë°å.
NOTIC: [8] Undefined variable: year D:\xampp\htdocs\www\Utk\web\liulin\Application\Runtime\Cache\Home\df947afcfb9b0913afb045dc88693a1d.php Á¨¨ 89 Ë°å.
INFO: Run Behavior\ParseTemplateBehavior [ RunTime:0.007459s ]
INFO: [ view_parse ] --END-- [ RunTime:0.007496s ]
INFO: [ view_filter ] --START--
INFO: Run Behavior\WriteHtmlCacheBehavior [ RunTime:0.000488s ]
INFO: [ view_filter ] --END-- [ RunTime:0.000520s ]
INFO: [ app_end ] --START--
INFO: Run Behavior\ShowPageTraceBehavior [ RunTime:0.000934s ]
INFO: [ app_end ] --END-- [ RunTime:0.000996s ]
NOTIC: [2] dirname() expects parameter 2 to be integer, string given D:\xampp\htdocs\www\Utk\web\liulin\index.php Á¨¨ 27 Ë°å.

[ 2017-07-18T17:35:51+08:00 ] 127.0.0.1 /liulin/Home/Uinfo/index.html
INFO: [ app_init ] --START--
INFO: Run Behavior\BuildLiteBehavior [ RunTime:0.000010s ]
INFO: [ app_init ] --END-- [ RunTime:0.000463s ]
INFO: [ app_begin ] --START--
INFO: Run Behavior\ReadHtmlCacheBehavior [ RunTime:0.000767s ]
INFO: [ app_begin ] --END-- [ RunTime:0.000811s ]
SQL: SHOW COLUMNS FROM `liu_user` [ RunTime:0.0731s ]
SQL: SHOW COLUMNS FROM `liu_info` [ RunTime:0.0727s ]
SQL: SELECT * FROM `liu_info` WHERE `uid` = 46 LIMIT 1   [ RunTime:0.0725s ]
INFO: [ view_parse ] --START--
INFO: [ template_filter ] --START--
INFO: Run Behavior\ContentReplaceBehavior [ RunTime:0.000060s ]
INFO: [ template_filter ] --END-- [ RunTime:0.000095s ]
NOTIC: [8] Undefined variable: year D:\xampp\htdocs\www\Utk\web\liulin\Application\Runtime\Cache\Home\df947afcfb9b0913afb045dc88693a1d.php Á¨¨ 86 Ë°å.
NOTIC: [8] Undefined variable: year D:\xampp\htdocs\www\Utk\web\liulin\Application\Runtime\Cache\Home\df947afcfb9b0913afb045dc88693a1d.php Á¨¨ 89 Ë°å.
INFO: Run Behavior\ParseTemplateBehavior [ RunTime:0.007731s ]
INFO: [ view_parse ] --END-- [ RunTime:0.007766s ]
INFO: [ view_filter ] --START--
INFO: Run Behavior\WriteHtmlCacheBehavior [ RunTime:0.000447s ]
INFO: [ view_filter ] --END-- [ RunTime:0.000475s ]
INFO: [ app_end ] --START--
INFO: Run Behavior\ShowPageTraceBehavior [ RunTime:0.000696s ]
INFO: [ app_end ] --END-- [ RunTime:0.000734s ]
NOTIC: [2] dirname() expects parameter 2 to be integer, string given D:\xampp\htdocs\www\Utk\web\liulin\index.php Á¨¨ 27 Ë°å.

[ 2017-07-18T17:36:16+08:00 ] 127.0.0.1 /liulin/Home/Uinfo/index.html
INFO: [ app_init ] --START--
INFO: Run Behavior\BuildLiteBehavior [ RunTime:0.000010s ]
INFO: [ app_init ] --END-- [ RunTime:0.000396s ]
INFO: [ app_begin ] --START--
INFO: Run Behavior\ReadHtmlCacheBehavior [ RunTime:0.000691s ]
INFO: [ app_begin ] --END-- [ RunTime:0.000740s ]
SQL: SHOW COLUMNS FROM `liu_user` [ RunTime:0.0718s ]
SQL: SHOW COLUMNS FROM `liu_info` [ RunTime:0.0703s ]
SQL: SELECT * FROM `liu_info` WHERE `uid` = 46 LIMIT 1   [ RunTime:0.0701s ]
INFO: [ view_parse ] --START--
INFO: [ template_filter ] --START--
INFO: Run Behavior\ContentReplaceBehavior [ RunTime:0.000064s ]
INFO: [ template_filter ] --END-- [ RunTime:0.000103s ]
NOTIC: [8] Undefined variable: year D:\xampp\htdocs\www\Utk\web\liulin\Application\Runtime\Cache\Home\df947afcfb9b0913afb045dc88693a1d.php Á¨¨ 86 Ë°å.
NOTIC: [8] Undefined variable: year D:\xampp\htdocs\www\Utk\web\liulin\Application\Runtime\Cache\Home\df947afcfb9b0913afb045dc88693a1d.php Á¨¨ 89 Ë°å.
INFO: Run Behavior\ParseTemplateBehavior [ RunTime:0.006973s ]
INFO: [ view_parse ] --END-- [ RunTime:0.007009s ]
INFO: [ view_filter ] --START--
INFO: Run Behavior\WriteHtmlCacheBehavior [ RunTime:0.000287s ]
INFO: [ view_filter ] --END-- [ RunTime:0.000314s ]
INFO: [ app_end ] --START--
INFO: Run Behavior\ShowPageTraceBehavior [ RunTime:0.000648s ]
INFO: [ app_end ] --END-- [ RunTime:0.000708s ]
NOTIC: [2] dirname() expects parameter 2 to be integer, string given D:\xampp\htdocs\www\Utk\web\liulin\index.php Á¨¨ 27 Ë°å.

[ 2017-07-18T17:36:37+08:00 ] 127.0.0.1 /liulin/Home/Uinfo/index.html
INFO: [ app_init ] --START--
INFO: Run Behavior\BuildLiteBehavior [ RunTime:0.000009s ]
INFO: [ app_init ] --END-- [ RunTime:0.000378s ]
INFO: [ app_begin ] --START--
INFO: Run Behavior\ReadHtmlCacheBehavior [ RunTime:0.000466s ]
INFO: [ app_begin ] --END-- [ RunTime:0.000503s ]
SQL: SHOW COLUMNS FROM `liu_user` [ RunTime:0.0694s ]
SQL: SHOW COLUMNS FROM `liu_info` [ RunTime:0.0689s ]
SQL: SELECT * FROM `liu_info` WHERE `uid` = 46 LIMIT 1   [ RunTime:0.0686s ]
INFO: [ view_parse ] --START--
INFO: [ template_filter ] --START--
INFO: Run Behavior\ContentReplaceBehavior [ RunTime:0.000063s ]
INFO: [ template_filter ] --END-- [ RunTime:0.000106s ]
NOTIC: [8] Undefined variable: year D:\xampp\htdocs\www\Utk\web\liulin\Application\Runtime\Cache\Home\df947afcfb9b0913afb045dc88693a1d.php Á¨¨ 86 Ë°å.
NOTIC: [8] Undefined variable: year D:\xampp\htdocs\www\Utk\web\liulin\Application\Runtime\Cache\Home\df947afcfb9b0913afb045dc88693a1d.php Á¨¨ 89 Ë°å.
INFO: Run Behavior\ParseTemplateBehavior [ RunTime:0.007156s ]
INFO: [ view_parse ] --END-- [ RunTime:0.007191s ]
INFO: [ view_filter ] --START--
INFO: Run Behavior\WriteHtmlCacheBehavior [ RunTime:0.000277s ]
INFO: [ view_filter ] --END-- [ RunTime:0.000305s ]
INFO: [ app_end ] --START--
INFO: Run Behavior\ShowPageTraceBehavior [ RunTime:0.000630s ]
INFO: [ app_end ] --END-- [ RunTime:0.000668s ]
NOTIC: [2] dirname() expects parameter 2 to be integer, string given D:\xampp\htdocs\www\Utk\web\liulin\index.php Á¨¨ 27 Ë°å.

[ 2017-07-18T17:36:49+08:00 ] 127.0.0.1 /liulin/Home/Uinfo/index/do/check.html
INFO: [ app_init ] --START--
INFO: Run Behavior\BuildLiteBehavior [ RunTime:0.000010s ]
INFO: [ app_init ] --END-- [ RunTime:0.000374s ]
INFO: [ app_begin ] --START--
INFO: Run Behavior\ReadHtmlCacheBehavior [ RunTime:0.000453s ]
INFO: [ app_begin ] --END-- [ RunTime:0.000490s ]
SQL: SHOW COLUMNS FROM `liu_user` [ RunTime:0.0714s ]
SQL: SHOW COLUMNS FROM `liu_info` [ RunTime:0.0713s ]
SQL: UPDATE `liu_info` SET `uid`='46',`nickname`='aa\'a',`sex`='1',`description`='a',`birthday`='20130506',`hometown`='ÂÆâÂæΩÁúÅ/ËäúÊπñÂ∏Ç/ÂºãÊ±üÂå∫',`nowliving`='Âåó‰∫¨Â∏Ç/Âåó‰∫¨Â∏Ç/‰∏úÂüéÂå∫',`carreer`='aaaa',`intime`='1500370609' WHERE `uid` = 46 [ RunTime:0.1001s ]

[ 2017-07-18T17:36:50+08:00 ] 127.0.0.1 /liulin/Home/Uinfo/index.html
INFO: [ app_init ] --START--
INFO: Run Behavior\BuildLiteBehavior [ RunTime:0.000008s ]
INFO: [ app_init ] --END-- [ RunTime:0.000361s ]
INFO: [ app_begin ] --START--
INFO: Run Behavior\ReadHtmlCacheBehavior [ RunTime:0.000453s ]
INFO: [ app_begin ] --END-- [ RunTime:0.000489s ]
SQL: SHOW COLUMNS FROM `liu_user` [ RunTime:0.0694s ]
SQL: SHOW COLUMNS FROM `liu_info` [ RunTime:0.0693s ]
SQL: SELECT * FROM `liu_info` WHERE `uid` = 46 LIMIT 1   [ RunTime:0.0688s ]
INFO: [ view_parse ] --START--
INFO: [ template_filter ] --START--
INFO: Run Behavior\ContentReplaceBehavior [ RunTime:0.000061s ]
INFO: [ template_filter ] --END-- [ RunTime:0.000096s ]
NOTIC: [8] Undefined variable: year D:\xampp\htdocs\www\Utk\web\liulin\Application\Runtime\Cache\Home\df947afcfb9b0913afb045dc88693a1d.php Á¨¨ 86 Ë°å.
NOTIC: [8] Undefined variable: year D:\xampp\htdocs\www\Utk\web\liulin\Application\Runtime\Cache\Home\df947afcfb9b0913afb045dc88693a1d.php Á¨¨ 89 Ë°å.
INFO: Run Behavior\ParseTemplateBehavior [ RunTime:0.006586s ]
INFO: [ view_parse ] --END-- [ RunTime:0.006621s ]
INFO: [ view_filter ] --START--
INFO: Run Behavior\WriteHtmlCacheBehavior [ RunTime:0.000281s ]
INFO: [ view_filter ] --END-- [ RunTime:0.000308s ]
INFO: [ app_end ] --START--
INFO: Run Behavior\ShowPageTraceBehavior [ RunTime:0.000628s ]
INFO: [ app_end ] --END-- [ RunTime:0.000667s ]
NOTIC: [2] dirname() expects parameter 2 to be integer, string given D:\xampp\htdocs\www\Utk\web\liulin\index.php Á¨¨ 27 Ë°å.

[ 2017-07-18T17:40:51+08:00 ] 127.0.0.1 /liulin/Home/Uinfo/index.html
INFO: [ app_init ] --START--
INFO: Run Behavior\BuildLiteBehavior [ RunTime:0.000020s ]
INFO: [ app_init ] --END-- [ RunTime:0.000806s ]
INFO: [ app_begin ] --START--
INFO: Run Behavior\ReadHtmlCacheBehavior [ RunTime:0.000701s ]
INFO: [ app_begin ] --END-- [ RunTime:0.000739s ]
SQL: SHOW COLUMNS FROM `liu_user` [ RunTime:0.0716s ]
SQL: SHOW COLUMNS FROM `liu_info` [ RunTime:0.0717s ]
SQL: SELECT * FROM `liu_info` WHERE `uid` = 46 LIMIT 1   [ RunTime:0.0702s ]
INFO: [ view_parse ] --START--
INFO: [ template_filter ] --START--
INFO: Run Behavior\ContentReplaceBehavior [ RunTime:0.000064s ]
INFO: [ template_filter ] --END-- [ RunTime:0.000104s ]
NOTIC: [8] Undefined variable: year D:\xampp\htdocs\www\Utk\web\liulin\Application\Runtime\Cache\Home\df947afcfb9b0913afb045dc88693a1d.php Á¨¨ 86 Ë°å.
NOTIC: [8] Undefined variable: year D:\xampp\htdocs\www\Utk\web\liulin\Application\Runtime\Cache\Home\df947afcfb9b0913afb045dc88693a1d.php Á¨¨ 89 Ë°å.
INFO: Run Behavior\ParseTemplateBehavior [ RunTime:0.007780s ]
INFO: [ view_parse ] --END-- [ RunTime:0.007817s ]
INFO: [ view_filter ] --START--
INFO: Run Behavior\WriteHtmlCacheBehavior [ RunTime:0.000445s ]
INFO: [ view_filter ] --END-- [ RunTime:0.000473s ]
INFO: [ app_end ] --START--
INFO: Run Behavior\ShowPageTraceBehavior [ RunTime:0.000772s ]
INFO: [ app_end ] --END-- [ RunTime:0.000832s ]
NOTIC: [2] dirname() expects parameter 2 to be integer, string given D:\xampp\htdocs\www\Utk\web\liulin\index.php Á¨¨ 27 Ë°å.

[ 2017-07-18T17:41:35+08:00 ] 127.0.0.1 /liulin/Home/Uinfo/index.html
INFO: [ app_init ] --START--
INFO: Run Behavior\BuildLiteBehavior [ RunTime:0.000010s ]
INFO: [ app_init ] --END-- [ RunTime:0.000448s ]
INFO: [ app_begin ] --START--
INFO: Run Behavior\ReadHtmlCacheBehavior [ RunTime:0.000675s ]
INFO: [ app_begin ] --END-- [ RunTime:0.000712s ]
SQL: SHOW COLUMNS FROM `liu_user` [ RunTime:0.0678s ]
SQL: SHOW COLUMNS FROM `liu_info` [ RunTime:0.0670s ]
SQL: SELECT * FROM `liu_info` WHERE `uid` = 46 LIMIT 1   [ RunTime:0.0673s ]
INFO: [ view_parse ] --START--
INFO: [ template_filter ] --START--
INFO: Run Behavior\ContentReplaceBehavior [ RunTime:0.000064s ]
INFO: [ template_filter ] --END-- [ RunTime:0.000104s ]
NOTIC: [8] Undefined variable: year D:\xampp\htdocs\www\Utk\web\liulin\Application\Runtime\Cache\Home\df947afcfb9b0913afb045dc88693a1d.php Á¨¨ 86 Ë°å.
NOTIC: [8] Undefined variable: year D:\xampp\htdocs\www\Utk\web\liulin\Application\Runtime\Cache\Home\df947afcfb9b0913afb045dc88693a1d.php Á¨¨ 89 Ë°å.
INFO: Run Behavior\ParseTemplateBehavior [ RunTime:0.010638s ]
INFO: [ view_parse ] --END-- [ RunTime:0.010670s ]
INFO: [ view_filter ] --START--
INFO: Run Behavior\WriteHtmlCacheBehavior [ RunTime:0.000448s ]
INFO: [ view_filter ] --END-- [ RunTime:0.000476s ]
INFO: [ app_end ] --START--
INFO: Run Behavior\ShowPageTraceBehavior [ RunTime:0.000716s ]
INFO: [ app_end ] --END-- [ RunTime:0.000754s ]
NOTIC: [2] dirname() expects parameter 2 to be integer, string given D:\xampp\htdocs\www\Utk\web\liulin\index.php Á¨¨ 27 Ë°å.

[ 2017-07-18T17:49:25+08:00 ] 127.0.0.1 /liulin/Home/Uinfo/index.html
INFO: [ app_init ] --START--
INFO: Run Behavior\BuildLiteBehavior [ RunTime:0.000011s ]
INFO: [ app_init ] --END-- [ RunTime:0.000473s ]
INFO: [ app_begin ] --START--
INFO: Run Behavior\ReadHtmlCacheBehavior [ RunTime:0.000724s ]
INFO: [ app_begin ] --END-- [ RunTime:0.000764s ]
SQL: SHOW COLUMNS FROM `liu_user` [ RunTime:0.0720s ]
SQL: SHOW COLUMNS FROM `liu_info` [ RunTime:0.0721s ]
SQL: SELECT * FROM `liu_info` WHERE `uid` = 46 LIMIT 1   [ RunTime:0.0717s ]
INFO: [ view_parse ] --START--
INFO: [ template_filter ] --START--
INFO: Run Behavior\ContentReplaceBehavior [ RunTime:0.000064s ]
INFO: [ template_filter ] --END-- [ RunTime:0.000101s ]
NOTIC: [8] Undefined variable: year D:\xampp\htdocs\www\Utk\web\liulin\Application\Runtime\Cache\Home\df947afcfb9b0913afb045dc88693a1d.php Á¨¨ 86 Ë°å.
NOTIC: [8] Undefined variable: year D:\xampp\htdocs\www\Utk\web\liulin\Application\Runtime\Cache\Home\df947afcfb9b0913afb045dc88693a1d.php Á¨¨ 89 Ë°å.
INFO: Run Behavior\ParseTemplateBehavior [ RunTime:0.007821s ]
INFO: [ view_parse ] --END-- [ RunTime:0.007857s ]
INFO: [ view_filter ] --START--
INFO: Run Behavior\WriteHtmlCacheBehavior [ RunTime:0.000491s ]
INFO: [ view_filter ] --END-- [ RunTime:0.000522s ]
INFO: [ app_end ] --START--
INFO: Run Behavior\ShowPageTraceBehavior [ RunTime:0.001046s ]
INFO: [ app_end ] --END-- [ RunTime:0.001122s ]
NOTIC: [2] dirname() expects parameter 2 to be integer, string given D:\xampp\htdocs\www\Utk\web\liulin\index.php Á¨¨ 27 Ë°å.

[ 2017-07-18T17:49:36+08:00 ] 127.0.0.1 /liulin/Home/Uinfo/index/do/check.html
INFO: [ app_init ] --START--
INFO: Run Behavior\BuildLiteBehavior [ RunTime:0.000009s ]
INFO: [ app_init ] --END-- [ RunTime:0.000441s ]
INFO: [ app_begin ] --START--
INFO: Run Behavior\ReadHtmlCacheBehavior [ RunTime:0.000674s ]
INFO: [ app_begin ] --END-- [ RunTime:0.000714s ]
SQL: SHOW COLUMNS FROM `liu_user` [ RunTime:0.0704s ]
SQL: SHOW COLUMNS FROM `liu_info` [ RunTime:0.0699s ]
SQL: UPDATE `liu_info` SET `uid`='46',`nickname`='aa\'a',`sex`='1',`description`='a',`birthday`='19960504',`hometown`='ÂÆâÂæΩÁúÅ/ËäúÊπñÂ∏Ç/ÂºãÊ±üÂå∫',`nowliving`='Âåó‰∫¨Â∏Ç/Âåó‰∫¨Â∏Ç/‰∏úÂüéÂå∫',`carreer`='aaaa',`intime`='1500371376' WHERE `uid` = 46 [ RunTime:0.0884s ]

[ 2017-07-18T17:49:37+08:00 ] 127.0.0.1 /liulin/Home/Uinfo/index.html
INFO: [ app_init ] --START--
INFO: Run Behavior\BuildLiteBehavior [ RunTime:0.000008s ]
INFO: [ app_init ] --END-- [ RunTime:0.000378s ]
INFO: [ app_begin ] --START--
INFO: Run Behavior\ReadHtmlCacheBehavior [ RunTime:0.000455s ]
INFO: [ app_begin ] --END-- [ RunTime:0.000491s ]
SQL: SHOW COLUMNS FROM `liu_user` [ RunTime:0.0745s ]
SQL: SHOW COLUMNS FROM `liu_info` [ RunTime:0.0739s ]
SQL: SELECT * FROM `liu_info` WHERE `uid` = 46 LIMIT 1   [ RunTime:0.0735s ]
INFO: [ view_parse ] --START--
INFO: [ template_filter ] --START--
INFO: Run Behavior\ContentReplaceBehavior [ RunTime:0.000061s ]
INFO: [ template_filter ] --END-- [ RunTime:0.000101s ]
NOTIC: [8] Undefined variable: year D:\xampp\htdocs\www\Utk\web\liulin\Application\Runtime\Cache\Home\df947afcfb9b0913afb045dc88693a1d.php Á¨¨ 86 Ë°å.
NOTIC: [8] Undefined variable: year D:\xampp\htdocs\www\Utk\web\liulin\Application\Runtime\Cache\Home\df947afcfb9b0913afb045dc88693a1d.php Á¨¨ 89 Ë°å.
INFO: Run Behavior\ParseTemplateBehavior [ RunTime:0.014234s ]
INFO: [ view_parse ] --END-- [ RunTime:0.014275s ]
INFO: [ view_filter ] --START--
INFO: Run Behavior\WriteHtmlCacheBehavior [ RunTime:0.000466s ]
INFO: [ view_filter ] --END-- [ RunTime:0.000495s ]
INFO: [ app_end ] --START--
INFO: Run Behavior\ShowPageTraceBehavior [ RunTime:0.000747s ]
INFO: [ app_end ] --END-- [ RunTime:0.000791s ]
NOTIC: [2] dirname() expects parameter 2 to be integer, string given D:\xampp\htdocs\www\Utk\web\liulin\index.php Á¨¨ 27 Ë°å.

[ 2017-07-18T17:52:50+08:00 ] 127.0.0.1 /liulin/Home/Uinfo/index.html
INFO: [ app_init ] --START--
INFO: Run Behavior\BuildLiteBehavior [ RunTime:0.000010s ]
INFO: [ app_init ] --END-- [ RunTime:0.000460s ]
INFO: [ app_begin ] --START--
INFO: Run Behavior\ReadHtmlCacheBehavior [ RunTime:0.000684s ]
INFO: [ app_begin ] --END-- [ RunTime:0.000723s ]
SQL: SHOW COLUMNS FROM `liu_user` [ RunTime:0.0744s ]
SQL: SHOW COLUMNS FROM `liu_info` [ RunTime:0.0725s ]
SQL: SELECT * FROM `liu_info` WHERE `uid` = 46 LIMIT 1   [ RunTime:0.0703s ]
INFO: [ view_parse ] --START--
INFO: [ template_filter ] --START--
INFO: Run Behavior\ContentReplaceBehavior [ RunTime:0.000066s ]
INFO: [ template_filter ] --END-- [ RunTime:0.000124s ]
NOTIC: [8] Undefined variable: year D:\xampp\htdocs\www\Utk\web\liulin\Application\Runtime\Cache\Home\df947afcfb9b0913afb045dc88693a1d.php Á¨¨ 86 Ë°å.
NOTIC: [8] Undefined variable: year D:\xampp\htdocs\www\Utk\web\liulin\Application\Runtime\Cache\Home\df947afcfb9b0913afb045dc88693a1d.php Á¨¨ 89 Ë°å.
INFO: Run Behavior\ParseTemplateBehavior [ RunTime:0.008604s ]
INFO: [ view_parse ] --END-- [ RunTime:0.008640s ]
INFO: [ view_filter ] --START--
INFO: Run Behavior\WriteHtmlCacheBehavior [ RunTime:0.000525s ]
INFO: [ view_filter ] --END-- [ RunTime:0.000560s ]
INFO: [ app_end ] --START--
INFO: Run Behavior\ShowPageTraceBehavior [ RunTime:0.000789s ]
INFO: [ app_end ] --END-- [ RunTime:0.000830s ]
NOTIC: [2] dirname() expects parameter 2 to be integer, string given D:\xampp\htdocs\www\Utk\web\liulin\index.php Á¨¨ 27 Ë°å.

[ 2017-07-18T18:04:22+08:00 ] 127.0.0.1 /liulin/Home/Uinfo/index.html
INFO: [ app_init ] --START--
INFO: Run Behavior\BuildLiteBehavior [ RunTime:0.000010s ]
INFO: [ app_init ] --END-- [ RunTime:0.000456s ]
INFO: [ app_begin ] --START--
INFO: Run Behavior\ReadHtmlCacheBehavior [ RunTime:0.000688s ]
INFO: [ app_begin ] --END-- [ RunTime:0.000725s ]
ERR: SQLSTATE[HY000] [2002] php_network_getaddresses: getaddrinfo failed: ’‚ «‘⁄÷˜ª˙√˚Ω‚Œˆ ±Õ®≥£≥ˆœ÷µƒ‘› ±¥ÌŒÛ£¨À¸“‚Œ∂◊≈±æµÿ∑˛ŒÒ∆˜√ª”–¥”»®Õ˛∑˛ŒÒ∆˜…œ ’µΩœÏ”¶°£ 

[ 2017-07-18T18:04:47+08:00 ] 127.0.0.1 /liulin/Home/Uinfo/index.html
INFO: [ app_init ] --START--
INFO: Run Behavior\BuildLiteBehavior [ RunTime:0.000010s ]
INFO: [ app_init ] --END-- [ RunTime:0.000463s ]
INFO: [ app_begin ] --START--
INFO: Run Behavior\ReadHtmlCacheBehavior [ RunTime:0.000676s ]
INFO: [ app_begin ] --END-- [ RunTime:0.000715s ]
SQL: SHOW COLUMNS FROM `liu_user` [ RunTime:0.0687s ]
SQL: SHOW COLUMNS FROM `liu_info` [ RunTime:0.0683s ]
SQL: SELECT * FROM `liu_info` WHERE `uid` = 46 LIMIT 1   [ RunTime:0.0681s ]
INFO: [ view_parse ] --START--
INFO: [ template_filter ] --START--
INFO: Run Behavior\ContentReplaceBehavior [ RunTime:0.000063s ]
INFO: [ template_filter ] --END-- [ RunTime:0.000105s ]
NOTIC: [8] Undefined variable: year D:\xampp\htdocs\www\Utk\web\liulin\Application\Runtime\Cache\Home\df947afcfb9b0913afb045dc88693a1d.php Á¨¨ 86 Ë°å.
NOTIC: [8] Undefined variable: year D:\xampp\htdocs\www\Utk\web\liulin\Application\Runtime\Cache\Home\df947afcfb9b0913afb045dc88693a1d.php Á¨¨ 89 Ë°å.
INFO: Run Behavior\ParseTemplateBehavior [ RunTime:0.007956s ]
INFO: [ view_parse ] --END-- [ RunTime:0.007992s ]
INFO: [ view_filter ] --START--
INFO: Run Behavior\WriteHtmlCacheBehavior [ RunTime:0.000460s ]
INFO: [ view_filter ] --END-- [ RunTime:0.000490s ]
INFO: [ app_end ] --START--
INFO: Run Behavior\ShowPageTraceBehavior [ RunTime:0.000711s ]
INFO: [ app_end ] --END-- [ RunTime:0.000751s ]
NOTIC: [2] dirname() expects parameter 2 to be integer, string given D:\xampp\htdocs\www\Utk\web\liulin\index.php Á¨¨ 27 Ë°å.

[ 2017-07-18T18:04:59+08:00 ] 127.0.0.1 /liulin/Home/Uinfo/index.html
INFO: [ app_init ] --START--
INFO: Run Behavior\BuildLiteBehavior [ RunTime:0.000012s ]
INFO: [ app_init ] --END-- [ RunTime:0.000460s ]
INFO: [ app_begin ] --START--
INFO: Run Behavior\ReadHtmlCacheBehavior [ RunTime:0.000723s ]
INFO: [ app_begin ] --END-- [ RunTime:0.000819s ]
SQL: SHOW COLUMNS FROM `liu_user` [ RunTime:0.0701s ]
SQL: SHOW COLUMNS FROM `liu_info` [ RunTime:0.0700s ]
SQL: SELECT * FROM `liu_info` WHERE `uid` = 46 LIMIT 1   [ RunTime:0.0692s ]
INFO: [ view_parse ] --START--
INFO: [ template_filter ] --START--
INFO: Run Behavior\ContentReplaceBehavior [ RunTime:0.000063s ]
INFO: [ template_filter ] --END-- [ RunTime:0.000106s ]
NOTIC: [8] Undefined variable: year D:\xampp\htdocs\www\Utk\web\liulin\Application\Runtime\Cache\Home\df947afcfb9b0913afb045dc88693a1d.php Á¨¨ 86 Ë°å.
NOTIC: [8] Undefined variable: year D:\xampp\htdocs\www\Utk\web\liulin\Application\Runtime\Cache\Home\df947afcfb9b0913afb045dc88693a1d.php Á¨¨ 89 Ë°å.
INFO: Run Behavior\ParseTemplateBehavior [ RunTime:0.008270s ]
INFO: [ view_parse ] --END-- [ RunTime:0.008303s ]
INFO: [ view_filter ] --START--
INFO: Run Behavior\WriteHtmlCacheBehavior [ RunTime:0.000453s ]
INFO: [ view_filter ] --END-- [ RunTime:0.000482s ]
INFO: [ app_end ] --START--
INFO: Run Behavior\ShowPageTraceBehavior [ RunTime:0.000719s ]
INFO: [ app_end ] --END-- [ RunTime:0.000759s ]
NOTIC: [2] dirname() expects parameter 2 to be integer, string given D:\xampp\htdocs\www\Utk\web\liulin\index.php Á¨¨ 27 Ë°å.

[ 2017-07-18T18:05:11+08:00 ] 127.0.0.1 /liulin/Home/Uinfo/index.html
INFO: [ app_init ] --START--
INFO: Run Behavior\BuildLiteBehavior [ RunTime:0.000012s ]
INFO: [ app_init ] --END-- [ RunTime:0.000655s ]
INFO: [ app_begin ] --START--
INFO: Run Behavior\ReadHtmlCacheBehavior [ RunTime:0.000479s ]
INFO: [ app_begin ] --END-- [ RunTime:0.000516s ]
SQL: SHOW COLUMNS FROM `liu_user` [ RunTime:0.0699s ]
SQL: SHOW COLUMNS FROM `liu_info` [ RunTime:0.0693s ]
SQL: SELECT * FROM `liu_info` WHERE `uid` = 46 LIMIT 1   [ RunTime:0.0689s ]
INFO: [ view_parse ] --START--
INFO: [ template_filter ] --START--
INFO: Run Behavior\ContentReplaceBehavior [ RunTime:0.000060s ]
INFO: [ template_filter ] --END-- [ RunTime:0.000098s ]
NOTIC: [8] Undefined variable: year D:\xampp\htdocs\www\Utk\web\liulin\Application\Runtime\Cache\Home\df947afcfb9b0913afb045dc88693a1d.php Á¨¨ 86 Ë°å.
NOTIC: [8] Undefined variable: year D:\xampp\htdocs\www\Utk\web\liulin\Application\Runtime\Cache\Home\df947afcfb9b0913afb045dc88693a1d.php Á¨¨ 89 Ë°å.
INFO: Run Behavior\ParseTemplateBehavior [ RunTime:0.006909s ]
INFO: [ view_parse ] --END-- [ RunTime:0.006960s ]
INFO: [ view_filter ] --START--
INFO: Run Behavior\WriteHtmlCacheBehavior [ RunTime:0.000297s ]
INFO: [ view_filter ] --END-- [ RunTime:0.000328s ]
INFO: [ app_end ] --START--
INFO: Run Behavior\ShowPageTraceBehavior [ RunTime:0.000659s ]
INFO: [ app_end ] --END-- [ RunTime:0.000695s ]
NOTIC: [2] dirname() expects parameter 2 to be integer, string given D:\xampp\htdocs\www\Utk\web\liulin\index.php Á¨¨ 27 Ë°å.

[ 2017-07-18T18:05:18+08:00 ] 127.0.0.1 /liulin/Home/Uinfo/index.html
INFO: [ app_init ] --START--
INFO: Run Behavior\BuildLiteBehavior [ RunTime:0.000009s ]
INFO: [ app_init ] --END-- [ RunTime:0.000377s ]
INFO: [ app_begin ] --START--
INFO: Run Behavior\ReadHtmlCacheBehavior [ RunTime:0.000455s ]
INFO: [ app_begin ] --END-- [ RunTime:0.000491s ]
SQL: SHOW COLUMNS FROM `liu_user` [ RunTime:0.0697s ]
SQL: SHOW COLUMNS FROM `liu_info` [ RunTime:0.0689s ]
SQL: SELECT * FROM `liu_info` WHERE `uid` = 46 LIMIT 1   [ RunTime:0.0687s ]
INFO: [ view_parse ] --START--
INFO: [ template_filter ] --START--
INFO: Run Behavior\ContentReplaceBehavior [ RunTime:0.000077s ]
INFO: [ template_filter ] --END-- [ RunTime:0.000138s ]
NOTIC: [8] Undefined variable: year D:\xampp\htdocs\www\Utk\web\liulin\Application\Runtime\Cache\Home\df947afcfb9b0913afb045dc88693a1d.php Á¨¨ 86 Ë°å.
NOTIC: [8] Undefined variable: year D:\xampp\htdocs\www\Utk\web\liulin\Application\Runtime\Cache\Home\df947afcfb9b0913afb045dc88693a1d.php Á¨¨ 89 Ë°å.
INFO: Run Behavior\ParseTemplateBehavior [ RunTime:0.007013s ]
INFO: [ view_parse ] --END-- [ RunTime:0.007049s ]
INFO: [ view_filter ] --START--
INFO: Run Behavior\WriteHtmlCacheBehavior [ RunTime:0.001172s ]
INFO: [ view_filter ] --END-- [ RunTime:0.001276s ]
INFO: [ app_end ] --START--
INFO: Run Behavior\ShowPageTraceBehavior [ RunTime:0.000881s ]
INFO: [ app_end ] --END-- [ RunTime:0.000944s ]
NOTIC: [2] dirname() expects parameter 2 to be integer, string given D:\xampp\htdocs\www\Utk\web\liulin\index.php Á¨¨ 27 Ë°å.

[ 2017-07-18T18:05:26+08:00 ] 127.0.0.1 /liulin/Home/Uinfo/index.html
INFO: [ app_init ] --START--
INFO: Run Behavior\BuildLiteBehavior [ RunTime:0.000010s ]
INFO: [ app_init ] --END-- [ RunTime:0.000377s ]
INFO: [ app_begin ] --START--
INFO: Run Behavior\ReadHtmlCacheBehavior [ RunTime:0.000658s ]
INFO: [ app_begin ] --END-- [ RunTime:0.000719s ]
SQL: SHOW COLUMNS FROM `liu_user` [ RunTime:0.0713s ]
SQL: SHOW COLUMNS FROM `liu_info` [ RunTime:0.0712s ]
SQL: SELECT * FROM `liu_info` WHERE `uid` = 46 LIMIT 1   [ RunTime:0.0704s ]
INFO: [ view_parse ] --START--
INFO: [ template_filter ] --START--
INFO: Run Behavior\ContentReplaceBehavior [ RunTime:0.000060s ]
INFO: [ template_filter ] --END-- [ RunTime:0.000098s ]
NOTIC: [8] Undefined variable: year D:\xampp\htdocs\www\Utk\web\liulin\Application\Runtime\Cache\Home\df947afcfb9b0913afb045dc88693a1d.php Á¨¨ 86 Ë°å.
NOTIC: [8] Undefined variable: year D:\xampp\htdocs\www\Utk\web\liulin\Application\Runtime\Cache\Home\df947afcfb9b0913afb045dc88693a1d.php Á¨¨ 89 Ë°å.
INFO: Run Behavior\ParseTemplateBehavior [ RunTime:0.006800s ]
INFO: [ view_parse ] --END-- [ RunTime:0.006840s ]
INFO: [ view_filter ] --START--
INFO: Run Behavior\WriteHtmlCacheBehavior [ RunTime:0.000278s ]
INFO: [ view_filter ] --END-- [ RunTime:0.000305s ]
INFO: [ app_end ] --START--
INFO: Run Behavior\ShowPageTraceBehavior [ RunTime:0.000751s ]
INFO: [ app_end ] --END-- [ RunTime:0.000801s ]
NOTIC: [2] dirname() expects parameter 2 to be integer, string given D:\xampp\htdocs\www\Utk\web\liulin\index.php Á¨¨ 27 Ë°å.

[ 2017-07-18T18:06:16+08:00 ] 127.0.0.1 /liulin/Home/Uinfo/index.html
INFO: [ app_init ] --START--
INFO: Run Behavior\BuildLiteBehavior [ RunTime:0.000012s ]
INFO: [ app_init ] --END-- [ RunTime:0.000394s ]
INFO: [ app_begin ] --START--
INFO: Run Behavior\ReadHtmlCacheBehavior [ RunTime:0.000539s ]
INFO: [ app_begin ] --END-- [ RunTime:0.000582s ]
SQL: SHOW COLUMNS FROM `liu_user` [ RunTime:0.0766s ]
SQL: SHOW COLUMNS FROM `liu_info` [ RunTime:0.0959s ]
SQL: SELECT * FROM `liu_info` WHERE `uid` = 46 LIMIT 1   [ RunTime:0.0757s ]
INFO: [ view_parse ] --START--
INFO: [ template_filter ] --START--
INFO: Run Behavior\ContentReplaceBehavior [ RunTime:0.000088s ]
INFO: [ template_filter ] --END-- [ RunTime:0.000136s ]
NOTIC: [8] Undefined variable: year D:\xampp\htdocs\www\Utk\web\liulin\Application\Runtime\Cache\Home\df947afcfb9b0913afb045dc88693a1d.php Á¨¨ 86 Ë°å.
NOTIC: [8] Undefined variable: year D:\xampp\htdocs\www\Utk\web\liulin\Application\Runtime\Cache\Home\df947afcfb9b0913afb045dc88693a1d.php Á¨¨ 89 Ë°å.
INFO: Run Behavior\ParseTemplateBehavior [ RunTime:0.007367s ]
INFO: [ view_parse ] --END-- [ RunTime:0.007408s ]
INFO: [ view_filter ] --START--
INFO: Run Behavior\WriteHtmlCacheBehavior [ RunTime:0.000288s ]
INFO: [ view_filter ] --END-- [ RunTime:0.000363s ]
INFO: [ app_end ] --START--
INFO: Run Behavior\ShowPageTraceBehavior [ RunTime:0.000715s ]
INFO: [ app_end ] --END-- [ RunTime:0.000759s ]
NOTIC: [2] dirname() expects parameter 2 to be integer, string given D:\xampp\htdocs\www\Utk\web\liulin\index.php Á¨¨ 27 Ë°å.

[ 2017-07-18T18:06:20+08:00 ] 127.0.0.1 /liulin/Home/Uinfo/index/do/check.html
INFO: [ app_init ] --START--
INFO: Run Behavior\BuildLiteBehavior [ RunTime:0.000008s ]
INFO: [ app_init ] --END-- [ RunTime:0.000363s ]
INFO: [ app_begin ] --START--
INFO: Run Behavior\ReadHtmlCacheBehavior [ RunTime:0.000453s ]
INFO: [ app_begin ] --END-- [ RunTime:0.000490s ]
SQL: SHOW COLUMNS FROM `liu_user` [ RunTime:0.0680s ]
SQL: SHOW COLUMNS FROM `liu_info` [ RunTime:0.0673s ]
SQL: UPDATE `liu_info` SET `uid`='46',`nickname`='aa\'a',`sex`='1',`description`='a',`birthday`='19960504',`hometown`='ÂÆâÂæΩÁúÅ/ËäúÊπñÂ∏Ç/ÂºãÊ±üÂå∫',`nowliving`='Âåó‰∫¨Â∏Ç/Âåó‰∫¨Â∏Ç/‰∏úÂüéÂå∫',`carreer`='aaaa',`intime`='1500372380' WHERE `uid` = 46 [ RunTime:0.0817s ]

[ 2017-07-18T18:06:21+08:00 ] 127.0.0.1 /liulin/Home/Uinfo/index.html
INFO: [ app_init ] --START--
INFO: Run Behavior\BuildLiteBehavior [ RunTime:0.000009s ]
INFO: [ app_init ] --END-- [ RunTime:0.000378s ]
INFO: [ app_begin ] --START--
INFO: Run Behavior\ReadHtmlCacheBehavior [ RunTime:0.000455s ]
INFO: [ app_begin ] --END-- [ RunTime:0.000492s ]
SQL: SHOW COLUMNS FROM `liu_user` [ RunTime:0.0722s ]
SQL: SHOW COLUMNS FROM `liu_info` [ RunTime:0.0728s ]
SQL: SELECT * FROM `liu_info` WHERE `uid` = 46 LIMIT 1   [ RunTime:0.0710s ]
INFO: [ view_parse ] --START--
INFO: [ template_filter ] --START--
INFO: Run Behavior\ContentReplaceBehavior [ RunTime:0.000063s ]
INFO: [ template_filter ] --END-- [ RunTime:0.000100s ]
NOTIC: [8] Undefined variable: year D:\xampp\htdocs\www\Utk\web\liulin\Application\Runtime\Cache\Home\df947afcfb9b0913afb045dc88693a1d.php Á¨¨ 86 Ë°å.
NOTIC: [8] Undefined variable: year D:\xampp\htdocs\www\Utk\web\liulin\Application\Runtime\Cache\Home\df947afcfb9b0913afb045dc88693a1d.php Á¨¨ 89 Ë°å.
INFO: Run Behavior\ParseTemplateBehavior [ RunTime:0.006762s ]
INFO: [ view_parse ] --END-- [ RunTime:0.006796s ]
INFO: [ view_filter ] --START--
INFO: Run Behavior\WriteHtmlCacheBehavior [ RunTime:0.000284s ]
INFO: [ view_filter ] --END-- [ RunTime:0.000311s ]
INFO: [ app_end ] --START--
INFO: Run Behavior\ShowPageTraceBehavior [ RunTime:0.000634s ]
INFO: [ app_end ] --END-- [ RunTime:0.000674s ]
NOTIC: [2] dirname() expects parameter 2 to be integer, string given D:\xampp\htdocs\www\Utk\web\liulin\index.php Á¨¨ 27 Ë°å.

[ 2017-07-18T18:27:20+08:00 ] 127.0.0.1 /liulin/Home/Uinfo/index.html
INFO: [ app_init ] --START--
INFO: Run Behavior\BuildLiteBehavior [ RunTime:0.000012s ]
INFO: [ app_init ] --END-- [ RunTime:0.000522s ]
INFO: [ app_begin ] --START--
INFO: Run Behavior\ReadHtmlCacheBehavior [ RunTime:0.000748s ]
INFO: [ app_begin ] --END-- [ RunTime:0.000793s ]
SQL: SHOW COLUMNS FROM `liu_user` [ RunTime:0.0708s ]
SQL: SHOW COLUMNS FROM `liu_info` [ RunTime:0.0703s ]
SQL: SELECT * FROM `liu_info` WHERE `uid` = 46 LIMIT 1   [ RunTime:0.0701s ]
INFO: [ view_parse ] --START--
INFO: [ template_filter ] --START--
INFO: Run Behavior\ContentReplaceBehavior [ RunTime:0.000064s ]
INFO: [ template_filter ] --END-- [ RunTime:0.000106s ]
INFO: Run Behavior\ParseTemplateBehavior [ RunTime:0.065876s ]
INFO: [ view_parse ] --END-- [ RunTime:0.065917s ]
INFO: [ view_filter ] --START--
INFO: Run Behavior\WriteHtmlCacheBehavior [ RunTime:0.000455s ]
INFO: [ view_filter ] --END-- [ RunTime:0.000484s ]
INFO: [ app_end ] --START--
INFO: Run Behavior\ShowPageTraceBehavior [ RunTime:0.000742s ]
INFO: [ app_end ] --END-- [ RunTime:0.000814s ]
NOTIC: [2] dirname() expects parameter 2 to be integer, string given D:\xampp\htdocs\www\Utk\web\liulin\index.php Á¨¨ 27 Ë°å.

[ 2017-07-18T18:27:22+08:00 ] 127.0.0.1 /liulin/Home/Avatar/index.html
INFO: [ app_init ] --START--
INFO: Run Behavior\BuildLiteBehavior [ RunTime:0.000009s ]
INFO: [ app_init ] --END-- [ RunTime:0.000388s ]
INFO: [ app_begin ] --START--
INFO: Run Behavior\ReadHtmlCacheBehavior [ RunTime:0.000462s ]
INFO: [ app_begin ] --END-- [ RunTime:0.000499s ]
ERR: syntax error, unexpected '$liu_info' (T_VARIABLE), expecting function (T_FUNCTION)

[ 2017-07-18T18:28:06+08:00 ] 127.0.0.1 /liulin/Home/Avatar/index.html
INFO: [ app_init ] --START--
INFO: Run Behavior\BuildLiteBehavior [ RunTime:0.000010s ]
INFO: [ app_init ] --END-- [ RunTime:0.000461s ]
INFO: [ app_begin ] --START--
INFO: Run Behavior\ReadHtmlCacheBehavior [ RunTime:0.000687s ]
INFO: [ app_begin ] --END-- [ RunTime:0.000727s ]
ERR: syntax error, unexpected '$liu_info' (T_VARIABLE), expecting function (T_FUNCTION)

[ 2017-07-18T18:28:13+08:00 ] 127.0.0.1 /liulin/Home/Avatar/index.html
INFO: [ app_init ] --START--
INFO: Run Behavior\BuildLiteBehavior [ RunTime:0.000009s ]
INFO: [ app_init ] --END-- [ RunTime:0.000365s ]
INFO: [ app_begin ] --START--
INFO: Run Behavior\ReadHtmlCacheBehavior [ RunTime:0.000611s ]
INFO: [ app_begin ] --END-- [ RunTime:0.000682s ]
ERR: syntax error, unexpected '$liu_info' (T_VARIABLE), expecting function (T_FUNCTION)

[ 2017-07-18T18:28:23+08:00 ] 127.0.0.1 /liulin/Home/Avatar/index.html
INFO: [ app_init ] --START--
INFO: Run Behavior\BuildLiteBehavior [ RunTime:0.000009s ]
INFO: [ app_init ] --END-- [ RunTime:0.000365s ]
INFO: [ app_begin ] --START--
INFO: Run Behavior\ReadHtmlCacheBehavior [ RunTime:0.000459s ]
INFO: [ app_begin ] --END-- [ RunTime:0.000494s ]
ERR: syntax error, unexpected '$liu_info' (T_VARIABLE), expecting function (T_FUNCTION)

[ 2017-07-18T18:28:27+08:00 ] 127.0.0.1 /liulin/Home/Uinfo/index.html
INFO: [ app_init ] --START--
INFO: Run Behavior\BuildLiteBehavior [ RunTime:0.000041s ]
INFO: [ app_init ] --END-- [ RunTime:0.000772s ]
INFO: [ app_begin ] --START--
INFO: Run Behavior\ReadHtmlCacheBehavior [ RunTime:0.000496s ]
INFO: [ app_begin ] --END-- [ RunTime:0.000535s ]
SQL: SHOW COLUMNS FROM `liu_user` [ RunTime:0.0703s ]
SQL: SHOW COLUMNS FROM `liu_info` [ RunTime:0.0712s ]
SQL: SELECT * FROM `liu_info` WHERE `uid` = 46 LIMIT 1   [ RunTime:0.0688s ]
INFO: [ view_parse ] --START--
INFO: [ template_filter ] --START--
INFO: Run Behavior\ContentReplaceBehavior [ RunTime:0.000064s ]
INFO: [ template_filter ] --END-- [ RunTime:0.000119s ]
INFO: Run Behavior\ParseTemplateBehavior [ RunTime:0.007977s ]
INFO: [ view_parse ] --END-- [ RunTime:0.008015s ]
INFO: [ view_filter ] --START--
INFO: Run Behavior\WriteHtmlCacheBehavior [ RunTime:0.000449s ]
INFO: [ view_filter ] --END-- [ RunTime:0.000479s ]
INFO: [ app_end ] --START--
INFO: Run Behavior\ShowPageTraceBehavior [ RunTime:0.000767s ]
INFO: [ app_end ] --END-- [ RunTime:0.000812s ]
NOTIC: [2] dirname() expects parameter 2 to be integer, string given D:\xampp\htdocs\www\Utk\web\liulin\index.php Á¨¨ 27 Ë°å.

[ 2017-07-18T18:28:27+08:00 ] 127.0.0.1 /liulin/Home/Avatar/index.html
INFO: [ app_init ] --START--
INFO: Run Behavior\BuildLiteBehavior [ RunTime:0.000010s ]
INFO: [ app_init ] --END-- [ RunTime:0.000372s ]
INFO: [ app_begin ] --START--
INFO: Run Behavior\ReadHtmlCacheBehavior [ RunTime:0.000456s ]
INFO: [ app_begin ] --END-- [ RunTime:0.000493s ]
ERR: syntax error, unexpected '$liu_info' (T_VARIABLE), expecting function (T_FUNCTION)

[ 2017-07-18T18:28:36+08:00 ] 127.0.0.1 /liulin/Home/Avatar/index.html
INFO: [ app_init ] --START--
INFO: Run Behavior\BuildLiteBehavior [ RunTime:0.000012s ]
INFO: [ app_init ] --END-- [ RunTime:0.000560s ]
INFO: [ app_begin ] --START--
INFO: Run Behavior\ReadHtmlCacheBehavior [ RunTime:0.000551s ]
INFO: [ app_begin ] --END-- [ RunTime:0.000592s ]
ERR: syntax error, unexpected '$liu_info' (T_VARIABLE), expecting function (T_FUNCTION)

[ 2017-07-18T18:29:08+08:00 ] 127.0.0.1 /liulin/Home/Avatar/index.html
INFO: [ app_init ] --START--
INFO: Run Behavior\BuildLiteBehavior [ RunTime:0.000009s ]
INFO: [ app_init ] --END-- [ RunTime:0.000375s ]
INFO: [ app_begin ] --START--
INFO: Run Behavior\ReadHtmlCacheBehavior [ RunTime:0.000475s ]
INFO: [ app_begin ] --END-- [ RunTime:0.000513s ]
ERR: syntax error, unexpected 'echo' (T_ECHO), expecting function (T_FUNCTION)

[ 2017-07-18T18:29:40+08:00 ] 127.0.0.1 /liulin/Home/Avatar/index.html
INFO: [ app_init ] --START--
INFO: Run Behavior\BuildLiteBehavior [ RunTime:0.000030s ]
INFO: [ app_init ] --END-- [ RunTime:0.000668s ]
INFO: [ app_begin ] --START--
INFO: Run Behavior\ReadHtmlCacheBehavior [ RunTime:0.000714s ]
INFO: [ app_begin ] --END-- [ RunTime:0.000755s ]
ERR: syntax error, unexpected 'echo' (T_ECHO), expecting function (T_FUNCTION)

[ 2017-07-18T18:30:05+08:00 ] 127.0.0.1 /liulin/Home/Avatar/index.html
INFO: [ app_init ] --START--
INFO: Run Behavior\BuildLiteBehavior [ RunTime:0.000023s ]
INFO: [ app_init ] --END-- [ RunTime:0.000769s ]
INFO: [ app_begin ] --START--
INFO: Run Behavior\ReadHtmlCacheBehavior [ RunTime:0.000486s ]
INFO: [ app_begin ] --END-- [ RunTime:0.000528s ]
ERR: syntax error, unexpected 'echo' (T_ECHO), expecting function (T_FUNCTION)

[ 2017-07-18T18:30:09+08:00 ] 127.0.0.1 /liulin/Home/Auser/index/do/check.html
INFO: [ app_init ] --START--
INFO: Run Behavior\BuildLiteBehavior [ RunTime:0.000035s ]
INFO: [ app_init ] --END-- [ RunTime:0.000773s ]
INFO: [ app_begin ] --START--
INFO: Run Behavior\ReadHtmlCacheBehavior [ RunTime:0.000696s ]
INFO: [ app_begin ] --END-- [ RunTime:0.000740s ]
ERR: syntax error, unexpected 'echo' (T_ECHO), expecting function (T_FUNCTION)

[ 2017-07-18T18:30:38+08:00 ] 127.0.0.1 /liulin/Home/Auser/index/do/check.html
INFO: [ app_init ] --START--
INFO: Run Behavior\BuildLiteBehavior [ RunTime:0.000009s ]
INFO: [ app_init ] --END-- [ RunTime:0.000381s ]
INFO: [ app_begin ] --START--
INFO: Run Behavior\ReadHtmlCacheBehavior [ RunTime:0.000456s ]
INFO: [ app_begin ] --END-- [ RunTime:0.000492s ]
ERR: syntax error, unexpected '$liu_info' (T_VARIABLE), expecting function (T_FUNCTION)

[ 2017-07-18T18:30:48+08:00 ] 127.0.0.1 /liulin/Home/Auser/index/do/check.html
INFO: [ app_init ] --START--
INFO: Run Behavior\BuildLiteBehavior [ RunTime:0.000009s ]
INFO: [ app_init ] --END-- [ RunTime:0.000369s ]
INFO: [ app_begin ] --START--
INFO: Run Behavior\ReadHtmlCacheBehavior [ RunTime:0.000462s ]
INFO: [ app_begin ] --END-- [ RunTime:0.000498s ]
SQL: SHOW COLUMNS FROM `liu_info` [ RunTime:0.0721s ]

[ 2017-07-18T18:32:12+08:00 ] 127.0.0.1 /liulin/Home/Auser/index/do/check.html
INFO: [ app_init ] --START--
INFO: Run Behavior\BuildLiteBehavior [ RunTime:0.000010s ]
INFO: [ app_init ] --END-- [ RunTime:0.000452s ]
INFO: [ app_begin ] --START--
INFO: Run Behavior\ReadHtmlCacheBehavior [ RunTime:0.000676s ]
INFO: [ app_begin ] --END-- [ RunTime:0.000713s ]
SQL: SHOW COLUMNS FROM `liu_info` [ RunTime:0.0720s ]

[ 2017-07-18T18:35:45+08:00 ] 127.0.0.1 /liulin/Home/Auser/index/do/check.html
INFO: [ app_init ] --START--
INFO: Run Behavior\BuildLiteBehavior [ RunTime:0.000011s ]
INFO: [ app_init ] --END-- [ RunTime:0.000459s ]
INFO: [ app_begin ] --START--
INFO: Run Behavior\ReadHtmlCacheBehavior [ RunTime:0.000678s ]
INFO: [ app_begin ] --END-- [ RunTime:0.000715s ]
SQL: SHOW COLUMNS FROM `liu_info` [ RunTime:0.0698s ]
ERR: syntax error, unexpected '$uid' (T_VARIABLE), expecting function (T_FUNCTION)

[ 2017-07-18T18:36:16+08:00 ] 127.0.0.1 /liulin/Home/Auser/index/do/check.html
INFO: [ app_init ] --START--
INFO: Run Behavior\BuildLiteBehavior [ RunTime:0.000010s ]
INFO: [ app_init ] --END-- [ RunTime:0.000455s ]
INFO: [ app_begin ] --START--
INFO: Run Behavior\ReadHtmlCacheBehavior [ RunTime:0.000691s ]
INFO: [ app_begin ] --END-- [ RunTime:0.000728s ]
SQL: SHOW COLUMNS FROM `liu_info` [ RunTime:0.0701s ]
ERR: syntax error, unexpected '$uid' (T_VARIABLE), expecting function (T_FUNCTION)

[ 2017-07-18T18:36:27+08:00 ] 127.0.0.1 /liulin/Home/Auser/index/do/check.html
INFO: [ app_init ] --START--
INFO: Run Behavior\BuildLiteBehavior [ RunTime:0.000010s ]
INFO: [ app_init ] --END-- [ RunTime:0.000399s ]
INFO: [ app_begin ] --START--
INFO: Run Behavior\ReadHtmlCacheBehavior [ RunTime:0.000461s ]
INFO: [ app_begin ] --END-- [ RunTime:0.000498s ]
SQL: SHOW COLUMNS FROM `liu_info` [ RunTime:0.0688s ]
ERR: syntax error, unexpected '$p' (T_VARIABLE), expecting function (T_FUNCTION)

[ 2017-07-18T18:39:02+08:00 ] 127.0.0.1 /liulin/Home/Auser/index/do/check.html
INFO: [ app_init ] --START--
INFO: Run Behavior\BuildLiteBehavior [ RunTime:0.000026s ]
INFO: [ app_init ] --END-- [ RunTime:0.000489s ]
INFO: [ app_begin ] --START--
INFO: Run Behavior\ReadHtmlCacheBehavior [ RunTime:0.000688s ]
INFO: [ app_begin ] --END-- [ RunTime:0.000726s ]
SQL: SHOW COLUMNS FROM `liu_info` [ RunTime:0.0721s ]

[ 2017-07-18T18:39:14+08:00 ] 127.0.0.1 /liulin/Home/Auser/index/do/check.html
INFO: [ app_init ] --START--
INFO: Run Behavior\BuildLiteBehavior [ RunTime:0.000010s ]
INFO: [ app_init ] --END-- [ RunTime:0.000448s ]
INFO: [ app_begin ] --START--
INFO: Run Behavior\ReadHtmlCacheBehavior [ RunTime:0.000783s ]
INFO: [ app_begin ] --END-- [ RunTime:0.000868s ]
SQL: SHOW COLUMNS FROM `liu_user` [ RunTime:0.0718s ]
SQL: SELECT * FROM `liu_user` WHERE `uid` = 46 LIMIT 1   [ RunTime:0.0723s ]
INFO: [ view_parse ] --START--
INFO: [ template_filter ] --START--
INFO: Run Behavior\ContentReplaceBehavior [ RunTime:0.000047s ]
INFO: [ template_filter ] --END-- [ RunTime:0.000089s ]
INFO: Run Behavior\ParseTemplateBehavior [ RunTime:0.007218s ]
INFO: [ view_parse ] --END-- [ RunTime:0.007288s ]
INFO: [ view_filter ] --START--
INFO: Run Behavior\WriteHtmlCacheBehavior [ RunTime:0.000932s ]
INFO: [ view_filter ] --END-- [ RunTime:0.000979s ]
INFO: [ app_end ] --START--
INFO: Run Behavior\ShowPageTraceBehavior [ RunTime:0.001090s ]
INFO: [ app_end ] --END-- [ RunTime:0.001128s ]
NOTIC: [2] dirname() expects parameter 2 to be integer, string given D:\xampp\htdocs\www\Utk\web\liulin\index.php Á¨¨ 27 Ë°å.

[ 2017-07-18T21:25:53+08:00 ] 127.0.0.1 /liulin/Home/Auser/index/do/check.html
INFO: [ app_init ] --START--
INFO: Run Behavior\BuildLiteBehavior [ RunTime:0.000008s ]
INFO: [ app_init ] --END-- [ RunTime:0.000355s ]
INFO: [ app_begin ] --START--
INFO: Run Behavior\ReadHtmlCacheBehavior [ RunTime:0.000660s ]
INFO: [ app_begin ] --END-- [ RunTime:0.000690s ]
ERR: syntax error, unexpected '$p' (T_VARIABLE), expecting function (T_FUNCTION)

[ 2017-07-18T21:26:32+08:00 ] 127.0.0.1 /liulin/Home/Auser/index/do/check.html
INFO: [ app_init ] --START--
INFO: Run Behavior\BuildLiteBehavior [ RunTime:0.000008s ]
INFO: [ app_init ] --END-- [ RunTime:0.000398s ]
INFO: [ app_begin ] --START--
INFO: Run Behavior\ReadHtmlCacheBehavior [ RunTime:0.000520s ]
INFO: [ app_begin ] --END-- [ RunTime:0.000549s ]
ERR: syntax error, unexpected '$p' (T_VARIABLE), expecting function (T_FUNCTION)

[ 2017-07-18T21:26:35+08:00 ] 127.0.0.1 /liulin/Home/Auser/index/do/check.html
INFO: [ app_init ] --START--
INFO: Run Behavior\BuildLiteBehavior [ RunTime:0.000007s ]
INFO: [ app_init ] --END-- [ RunTime:0.000361s ]
INFO: [ app_begin ] --START--
INFO: Run Behavior\ReadHtmlCacheBehavior [ RunTime:0.000355s ]
INFO: [ app_begin ] --END-- [ RunTime:0.000382s ]
ERR: syntax error, unexpected '$p' (T_VARIABLE), expecting function (T_FUNCTION)

[ 2017-07-18T21:26:35+08:00 ] 127.0.0.1 /liulin/Home/Auser/index/do/check.html
INFO: [ app_init ] --START--
INFO: Run Behavior\BuildLiteBehavior [ RunTime:0.000029s ]
INFO: [ app_init ] --END-- [ RunTime:0.000469s ]
INFO: [ app_begin ] --START--
INFO: Run Behavior\ReadHtmlCacheBehavior [ RunTime:0.000500s ]
INFO: [ app_begin ] --END-- [ RunTime:0.000561s ]
ERR: syntax error, unexpected '$p' (T_VARIABLE), expecting function (T_FUNCTION)

[ 2017-07-18T21:26:36+08:00 ] 127.0.0.1 /liulin/Home/Auser/index/do/check.html
INFO: [ app_init ] --START--
INFO: Run Behavior\BuildLiteBehavior [ RunTime:0.000008s ]
INFO: [ app_init ] --END-- [ RunTime:0.000270s ]
INFO: [ app_begin ] --START--
INFO: Run Behavior\ReadHtmlCacheBehavior [ RunTime:0.000344s ]
INFO: [ app_begin ] --END-- [ RunTime:0.000371s ]
ERR: syntax error, unexpected '$p' (T_VARIABLE), expecting function (T_FUNCTION)

[ 2017-07-18T21:26:41+08:00 ] 127.0.0.1 /liulin/Home/Auser/index/do/check.html
INFO: [ app_init ] --START--
INFO: Run Behavior\BuildLiteBehavior [ RunTime:0.000007s ]
INFO: [ app_init ] --END-- [ RunTime:0.000321s ]
INFO: [ app_begin ] --START--
INFO: Run Behavior\ReadHtmlCacheBehavior [ RunTime:0.000383s ]
INFO: [ app_begin ] --END-- [ RunTime:0.000410s ]
ERR: syntax error, unexpected '$p' (T_VARIABLE), expecting function (T_FUNCTION)

