[ 2017-08-28T18:52:28+08:00 ] 127.0.0.1 /liulin/Home/Register
INFO: [ app_init ] --START--
INFO: Run Behavior\BuildLiteBehavior [ RunTime:0.000014s ]
INFO: [ app_init ] --END-- [ RunTime:0.002069s ]
INFO: [ app_begin ] --START--
INFO: Run Behavior\ReadHtmlCacheBehavior [ RunTime:0.001031s ]
INFO: [ app_begin ] --END-- [ RunTime:0.001079s ]
SQL: SHOW COLUMNS FROM `liu_user` [ RunTime:0.9306s ]
SQL: SHOW COLUMNS FROM `liu_code` [ RunTime:0.1499s ]
SQL: SHOW COLUMNS FROM `liu_info` [ RunTime:0.1433s ]
INFO: [ view_parse ] --START--
INFO: [ template_filter ] --START--
INFO: Run Behavior\ContentReplaceBehavior [ RunTime:0.032485s ]
INFO: [ template_filter ] --END-- [ RunTime:0.032550s ]
INFO: Run Behavior\ParseTemplateBehavior [ RunTime:0.211262s ]
INFO: [ view_parse ] --END-- [ RunTime:0.211318s ]
INFO: [ view_filter ] --START--
INFO: Run Behavior\WriteHtmlCacheBehavior [ RunTime:0.008025s ]
INFO: [ view_filter ] --END-- [ RunTime:0.008064s ]
INFO: [ app_end ] --START--
INFO: Run Behavior\ShowPageTraceBehavior [ RunTime:0.015698s ]
INFO: [ app_end ] --END-- [ RunTime:0.015776s ]
NOTIC: [2] dirname() expects parameter 2 to be integer, string given D:\xampp\htdocs\www\Utk\web\liulin\index.php 第 31 行.

