[ 2017-08-10T20:40:15+08:00 ] 127.0.0.1 /liulin/Home/Register
INFO: [ app_init ] --START--
INFO: Run Behavior\BuildLiteBehavior [ RunTime:0.000056s ]
INFO: [ app_init ] --END-- [ RunTime:0.219923s ]
INFO: [ app_begin ] --START--
INFO: Run Behavior\ReadHtmlCacheBehavior [ RunTime:0.036262s ]
INFO: [ app_begin ] --END-- [ RunTime:0.036327s ]
SQL: SHOW COLUMNS FROM `liu_user` [ RunTime:0.0985s ]
SQL: SHOW COLUMNS FROM `liu_code` [ RunTime:0.0713s ]
SQL: SHOW COLUMNS FROM `liu_info` [ RunTime:0.0713s ]
INFO: [ view_parse ] --START--
INFO: [ template_filter ] --START--
INFO: Run Behavior\ContentReplaceBehavior [ RunTime:0.071181s ]
INFO: [ template_filter ] --END-- [ RunTime:0.071242s ]
INFO: Run Behavior\ParseTemplateBehavior [ RunTime:0.560533s ]
INFO: [ view_parse ] --END-- [ RunTime:0.560595s ]
INFO: [ view_filter ] --START--
INFO: Run Behavior\WriteHtmlCacheBehavior [ RunTime:0.025263s ]
INFO: [ view_filter ] --END-- [ RunTime:0.025313s ]
INFO: [ app_end ] --START--
INFO: Run Behavior\ShowPageTraceBehavior [ RunTime:0.031902s ]
INFO: [ app_end ] --END-- [ RunTime:0.031976s ]
NOTIC: [2] dirname() expects parameter 2 to be integer, string given D:\xampp\htdocs\www\Utk\web\liulin\index.php 第 31 行.

[ 2017-08-10T20:40:25+08:00 ] 127.0.0.1 /liulin/Home/Login/index.html
INFO: [ app_init ] --START--
INFO: Run Behavior\BuildLiteBehavior [ RunTime:0.000009s ]
INFO: [ app_init ] --END-- [ RunTime:0.000465s ]
INFO: [ app_begin ] --START--
INFO: Run Behavior\ReadHtmlCacheBehavior [ RunTime:0.000773s ]
INFO: [ app_begin ] --END-- [ RunTime:0.000815s ]
INFO: [ view_parse ] --START--
INFO: [ template_filter ] --START--
INFO: Run Behavior\ContentReplaceBehavior [ RunTime:0.000082s ]
INFO: [ template_filter ] --END-- [ RunTime:0.000129s ]
INFO: Run Behavior\ParseTemplateBehavior [ RunTime:0.204455s ]
INFO: [ view_parse ] --END-- [ RunTime:0.204516s ]
INFO: [ view_filter ] --START--
INFO: Run Behavior\WriteHtmlCacheBehavior [ RunTime:0.000587s ]
INFO: [ view_filter ] --END-- [ RunTime:0.000620s ]
INFO: [ app_end ] --START--
INFO: Run Behavior\ShowPageTraceBehavior [ RunTime:0.000730s ]
INFO: [ app_end ] --END-- [ RunTime:0.000770s ]
NOTIC: [2] dirname() expects parameter 2 to be integer, string given D:\xampp\htdocs\www\Utk\web\liulin\index.php 第 31 行.

[ 2017-08-10T20:40:37+08:00 ] 127.0.0.1 /liulin/Home/Login/index/do/check.html
INFO: [ app_init ] --START--
INFO: Run Behavior\BuildLiteBehavior [ RunTime:0.000010s ]
INFO: [ app_init ] --END-- [ RunTime:0.000385s ]
INFO: [ app_begin ] --START--
INFO: Run Behavior\ReadHtmlCacheBehavior [ RunTime:0.000505s ]
INFO: [ app_begin ] --END-- [ RunTime:0.000544s ]
SQL: SHOW COLUMNS FROM `liu_user` [ RunTime:0.0699s ]
SQL: SHOW COLUMNS FROM `liu_log` [ RunTime:0.0687s ]
SQL: SELECT * FROM `liu_user` WHERE `username` = 'admin110' LIMIT 1   [ RunTime:0.0692s ]
SQL: SELECT `password` FROM `liu_user` WHERE `username` = 'admin110' LIMIT 1   [ RunTime:0.0688s ]
SQL: INSERT INTO `liu_log` (`uid`,`success`,`intime`) VALUES ('31','1','1502368837') [ RunTime:0.0984s ]
INFO: [ view_parse ] --START--
INFO: [ template_filter ] --START--
INFO: Run Behavior\ContentReplaceBehavior [ RunTime:0.000028s ]
INFO: [ template_filter ] --END-- [ RunTime:0.000068s ]
INFO: Run Behavior\ParseTemplateBehavior [ RunTime:0.374374s ]
INFO: [ view_parse ] --END-- [ RunTime:0.374430s ]
INFO: [ view_filter ] --START--
INFO: Run Behavior\WriteHtmlCacheBehavior [ RunTime:0.000344s ]
INFO: [ view_filter ] --END-- [ RunTime:0.000374s ]
INFO: [ app_end ] --START--
INFO: Run Behavior\ShowPageTraceBehavior [ RunTime:0.000991s ]
INFO: [ app_end ] --END-- [ RunTime:0.001031s ]
NOTIC: [2] dirname() expects parameter 2 to be integer, string given D:\xampp\htdocs\www\Utk\web\liulin\index.php 第 31 行.

[ 2017-08-10T20:40:41+08:00 ] 127.0.0.1 /liulin/Home/Auser/
INFO: [ app_init ] --START--
INFO: Run Behavior\BuildLiteBehavior [ RunTime:0.000013s ]
INFO: [ app_init ] --END-- [ RunTime:0.000384s ]
INFO: [ app_begin ] --START--
INFO: Run Behavior\ReadHtmlCacheBehavior [ RunTime:0.000465s ]
INFO: [ app_begin ] --END-- [ RunTime:0.000501s ]
SQL: SHOW COLUMNS FROM `liu_user` [ RunTime:0.0695s ]
SQL: SHOW COLUMNS FROM `liu_info` [ RunTime:0.0685s ]
SQL: SELECT * FROM `liu_info` WHERE `uid` = 31 LIMIT 1   [ RunTime:0.0687s ]
SQL: SELECT * FROM `liu_user` WHERE `uid` = 31 LIMIT 1   [ RunTime:0.0684s ]
NOTIC: [8] Undefined variable: phone D:\xampp\htdocs\www\Utk\web\liulin\Application\Home\Controller\BasisController.class.php 第 30 行.
NOTIC: [8] Undefined offset: 1 D:\xampp\htdocs\www\Utk\web\liulin\Application\Home\Controller\BasisController.class.php 第 31 行.
INFO: [ view_parse ] --START--
INFO: [ template_filter ] --START--
INFO: Run Behavior\ContentReplaceBehavior [ RunTime:0.000048s ]
INFO: [ template_filter ] --END-- [ RunTime:0.000091s ]
INFO: Run Behavior\ParseTemplateBehavior [ RunTime:0.650844s ]
INFO: [ view_parse ] --END-- [ RunTime:0.650899s ]
INFO: [ view_filter ] --START--
INFO: Run Behavior\WriteHtmlCacheBehavior [ RunTime:0.000346s ]
INFO: [ view_filter ] --END-- [ RunTime:0.000379s ]
INFO: [ app_end ] --START--
INFO: Run Behavior\ShowPageTraceBehavior [ RunTime:0.000544s ]
INFO: [ app_end ] --END-- [ RunTime:0.000577s ]
NOTIC: [2] dirname() expects parameter 2 to be integer, string given D:\xampp\htdocs\www\Utk\web\liulin\index.php 第 31 行.

[ 2017-08-10T20:40:44+08:00 ] 127.0.0.1 /liulin/Home/Auser/dish.html
INFO: [ app_init ] --START--
INFO: Run Behavior\BuildLiteBehavior [ RunTime:0.000009s ]
INFO: [ app_init ] --END-- [ RunTime:0.000377s ]
INFO: [ app_begin ] --START--
INFO: Run Behavior\ReadHtmlCacheBehavior [ RunTime:0.000475s ]
INFO: [ app_begin ] --END-- [ RunTime:0.000511s ]
SQL: SHOW COLUMNS FROM `liu_user` [ RunTime:0.0687s ]
SQL: SHOW COLUMNS FROM `liu_info` [ RunTime:0.0680s ]
SQL: SELECT * FROM `liu_info` WHERE `uid` = 31 LIMIT 1   [ RunTime:0.0668s ]
SQL: SELECT * FROM `liu_user` WHERE `uid` = 31 LIMIT 1   [ RunTime:0.0678s ]
NOTIC: [8] Undefined variable: phone D:\xampp\htdocs\www\Utk\web\liulin\Application\Home\Controller\BasisController.class.php 第 30 行.
NOTIC: [8] Undefined offset: 1 D:\xampp\htdocs\www\Utk\web\liulin\Application\Home\Controller\BasisController.class.php 第 31 行.
SQL: SHOW COLUMNS FROM `liu_dish` [ RunTime:0.0680s ]
SQL: SELECT * FROM `liu_dish` WHERE `uid` = 31 ORDER BY did desc  [ RunTime:0.0693s ]
INFO: [ view_parse ] --START--
INFO: [ template_filter ] --START--
INFO: Run Behavior\ContentReplaceBehavior [ RunTime:0.000063s ]
INFO: [ template_filter ] --END-- [ RunTime:0.000108s ]
INFO: Run Behavior\ParseTemplateBehavior [ RunTime:0.083338s ]
INFO: [ view_parse ] --END-- [ RunTime:0.083394s ]
INFO: [ view_filter ] --START--
INFO: Run Behavior\WriteHtmlCacheBehavior [ RunTime:0.000315s ]
INFO: [ view_filter ] --END-- [ RunTime:0.000343s ]
INFO: [ app_end ] --START--
INFO: Run Behavior\ShowPageTraceBehavior [ RunTime:0.000749s ]
INFO: [ app_end ] --END-- [ RunTime:0.000810s ]
NOTIC: [2] dirname() expects parameter 2 to be integer, string given D:\xampp\htdocs\www\Utk\web\liulin\index.php 第 31 行.

[ 2017-08-10T20:40:50+08:00 ] 127.0.0.1 /liulin/Home/Dish/showdish/did/158.html
INFO: [ app_init ] --START--
INFO: Run Behavior\BuildLiteBehavior [ RunTime:0.000009s ]
INFO: [ app_init ] --END-- [ RunTime:0.000376s ]
INFO: [ app_begin ] --START--
INFO: Run Behavior\ReadHtmlCacheBehavior [ RunTime:0.000468s ]
INFO: [ app_begin ] --END-- [ RunTime:0.000504s ]
SQL: SHOW COLUMNS FROM `liu_user` [ RunTime:0.0704s ]
SQL: SHOW COLUMNS FROM `liu_info` [ RunTime:0.0698s ]
SQL: SELECT * FROM `liu_info` WHERE `uid` = 31 LIMIT 1   [ RunTime:0.0693s ]
SQL: SELECT * FROM `liu_user` WHERE `uid` = 31 LIMIT 1   [ RunTime:0.0685s ]
NOTIC: [8] Undefined variable: phone D:\xampp\htdocs\www\Utk\web\liulin\Application\Home\Controller\BasisController.class.php 第 30 行.
NOTIC: [8] Undefined offset: 1 D:\xampp\htdocs\www\Utk\web\liulin\Application\Home\Controller\BasisController.class.php 第 31 行.
SQL: SHOW COLUMNS FROM `liu_dish` [ RunTime:0.0686s ]
SQL: SHOW COLUMNS FROM `liu_stuff` [ RunTime:0.0693s ]
SQL: SHOW COLUMNS FROM `liu_dishstep` [ RunTime:0.0687s ]
SQL: SELECT * FROM `liu_dish` WHERE `did` = 158 LIMIT 1   [ RunTime:0.0694s ]
SQL: SELECT * FROM `liu_stuff` WHERE `did` = 158  [ RunTime:0.0683s ]
SQL: SELECT * FROM `liu_dishstep` WHERE `did` = 158  [ RunTime:0.0927s ]
INFO: [ view_parse ] --START--
INFO: [ template_filter ] --START--
INFO: Run Behavior\ContentReplaceBehavior [ RunTime:0.000061s ]
INFO: [ template_filter ] --END-- [ RunTime:0.000105s ]
INFO: Run Behavior\ParseTemplateBehavior [ RunTime:0.505354s ]
INFO: [ view_parse ] --END-- [ RunTime:0.505391s ]
INFO: [ view_filter ] --START--
INFO: Run Behavior\WriteHtmlCacheBehavior [ RunTime:0.000288s ]
INFO: [ view_filter ] --END-- [ RunTime:0.000315s ]
INFO: [ app_end ] --START--
INFO: Run Behavior\ShowPageTraceBehavior [ RunTime:0.000500s ]
INFO: [ app_end ] --END-- [ RunTime:0.000530s ]
NOTIC: [2] dirname() expects parameter 2 to be integer, string given D:\xampp\htdocs\www\Utk\web\liulin\index.php 第 31 行.

[ 2017-08-10T20:40:52+08:00 ] 127.0.0.1 /liulin/Home/Dish/deleteDish/did/158.html
INFO: [ app_init ] --START--
INFO: Run Behavior\BuildLiteBehavior [ RunTime:0.000022s ]
INFO: [ app_init ] --END-- [ RunTime:0.000542s ]
INFO: [ app_begin ] --START--
INFO: Run Behavior\ReadHtmlCacheBehavior [ RunTime:0.000755s ]
INFO: [ app_begin ] --END-- [ RunTime:0.000795s ]
SQL: SHOW COLUMNS FROM `liu_user` [ RunTime:0.0715s ]
SQL: SHOW COLUMNS FROM `liu_info` [ RunTime:0.0709s ]
SQL: SELECT * FROM `liu_info` WHERE `uid` = 31 LIMIT 1   [ RunTime:0.0707s ]
SQL: SELECT * FROM `liu_user` WHERE `uid` = 31 LIMIT 1   [ RunTime:0.0702s ]
NOTIC: [8] Undefined variable: phone D:\xampp\htdocs\www\Utk\web\liulin\Application\Home\Controller\BasisController.class.php 第 30 行.
NOTIC: [8] Undefined offset: 1 D:\xampp\htdocs\www\Utk\web\liulin\Application\Home\Controller\BasisController.class.php 第 31 行.
SQL: SHOW COLUMNS FROM `liu_dish` [ RunTime:0.0711s ]
SQL: SHOW COLUMNS FROM `liu_stuff` [ RunTime:0.0708s ]
SQL: SHOW COLUMNS FROM `liu_dishstep` [ RunTime:0.0708s ]
SQL: DELETE FROM `liu_stuff` WHERE `did` = 158 [ RunTime:0.1231s ]
SQL: DELETE FROM `liu_dishstep` WHERE `did` = 158 [ RunTime:0.0706s ]
SQL: DELETE FROM `liu_dish` WHERE `did` = 158 [ RunTime:0.0920s ]
INFO: [ view_parse ] --START--
INFO: [ template_filter ] --START--
INFO: Run Behavior\ContentReplaceBehavior [ RunTime:0.000032s ]
INFO: [ template_filter ] --END-- [ RunTime:0.000078s ]
INFO: Run Behavior\ParseTemplateBehavior [ RunTime:0.007387s ]
INFO: [ view_parse ] --END-- [ RunTime:0.007432s ]
INFO: [ view_filter ] --START--
INFO: Run Behavior\WriteHtmlCacheBehavior [ RunTime:0.000550s ]
INFO: [ view_filter ] --END-- [ RunTime:0.000583s ]
INFO: [ app_end ] --START--
INFO: Run Behavior\ShowPageTraceBehavior [ RunTime:0.000833s ]
INFO: [ app_end ] --END-- [ RunTime:0.000867s ]
NOTIC: [2] dirname() expects parameter 2 to be integer, string given D:\xampp\htdocs\www\Utk\web\liulin\index.php 第 31 行.

[ 2017-08-10T20:40:54+08:00 ] 127.0.0.1 /liulin/Home/Auser/dish
INFO: [ app_init ] --START--
INFO: Run Behavior\BuildLiteBehavior [ RunTime:0.000010s ]
INFO: [ app_init ] --END-- [ RunTime:0.000398s ]
INFO: [ app_begin ] --START--
INFO: Run Behavior\ReadHtmlCacheBehavior [ RunTime:0.000493s ]
INFO: [ app_begin ] --END-- [ RunTime:0.000532s ]
SQL: SHOW COLUMNS FROM `liu_user` [ RunTime:0.0698s ]
SQL: SHOW COLUMNS FROM `liu_info` [ RunTime:0.0692s ]
SQL: SELECT * FROM `liu_info` WHERE `uid` = 31 LIMIT 1   [ RunTime:0.0689s ]
SQL: SELECT * FROM `liu_user` WHERE `uid` = 31 LIMIT 1   [ RunTime:0.0688s ]
NOTIC: [8] Undefined variable: phone D:\xampp\htdocs\www\Utk\web\liulin\Application\Home\Controller\BasisController.class.php 第 30 行.
NOTIC: [8] Undefined offset: 1 D:\xampp\htdocs\www\Utk\web\liulin\Application\Home\Controller\BasisController.class.php 第 31 行.
SQL: SHOW COLUMNS FROM `liu_dish` [ RunTime:0.0695s ]
SQL: SELECT * FROM `liu_dish` WHERE `uid` = 31 ORDER BY did desc  [ RunTime:0.0704s ]
INFO: [ view_parse ] --START--
INFO: [ template_filter ] --START--
INFO: Run Behavior\ContentReplaceBehavior [ RunTime:0.000061s ]
INFO: [ template_filter ] --END-- [ RunTime:0.000097s ]
INFO: Run Behavior\ParseTemplateBehavior [ RunTime:0.009426s ]
INFO: [ view_parse ] --END-- [ RunTime:0.009463s ]
INFO: [ view_filter ] --START--
INFO: Run Behavior\WriteHtmlCacheBehavior [ RunTime:0.000286s ]
INFO: [ view_filter ] --END-- [ RunTime:0.000316s ]
INFO: [ app_end ] --START--
INFO: Run Behavior\ShowPageTraceBehavior [ RunTime:0.000588s ]
INFO: [ app_end ] --END-- [ RunTime:0.000637s ]
NOTIC: [2] dirname() expects parameter 2 to be integer, string given D:\xampp\htdocs\www\Utk\web\liulin\index.php 第 31 行.

[ 2017-08-10T20:40:55+08:00 ] 127.0.0.1 /liulin/
INFO: [ app_init ] --START--
INFO: Run Behavior\BuildLiteBehavior [ RunTime:0.000014s ]
INFO: [ app_init ] --END-- [ RunTime:0.000447s ]
INFO: [ app_begin ] --START--
INFO: Run Behavior\ReadHtmlCacheBehavior [ RunTime:0.000895s ]
INFO: [ app_begin ] --END-- [ RunTime:0.000950s ]
INFO: [ view_parse ] --START--
INFO: [ template_filter ] --START--
INFO: Run Behavior\ContentReplaceBehavior [ RunTime:0.000020s ]
INFO: [ template_filter ] --END-- [ RunTime:0.000062s ]
INFO: Run Behavior\ParseTemplateBehavior [ RunTime:0.038563s ]
INFO: [ view_parse ] --END-- [ RunTime:0.038642s ]
INFO: [ view_filter ] --START--
INFO: Run Behavior\WriteHtmlCacheBehavior [ RunTime:0.000525s ]
INFO: [ view_filter ] --END-- [ RunTime:0.000554s ]
INFO: [ app_end ] --START--
INFO: Run Behavior\ShowPageTraceBehavior [ RunTime:0.000690s ]
INFO: [ app_end ] --END-- [ RunTime:0.000721s ]
NOTIC: [2] dirname() expects parameter 2 to be integer, string given D:\xampp\htdocs\www\Utk\web\liulin\index.php 第 31 行.

[ 2017-08-10T20:40:58+08:00 ] 127.0.0.1 /liulin/Home/Dish/showdish/did/157.html
INFO: [ app_init ] --START--
INFO: Run Behavior\BuildLiteBehavior [ RunTime:0.000010s ]
INFO: [ app_init ] --END-- [ RunTime:0.000396s ]
INFO: [ app_begin ] --START--
INFO: Run Behavior\ReadHtmlCacheBehavior [ RunTime:0.000500s ]
INFO: [ app_begin ] --END-- [ RunTime:0.000539s ]
SQL: SHOW COLUMNS FROM `liu_user` [ RunTime:0.0701s ]
SQL: SHOW COLUMNS FROM `liu_info` [ RunTime:0.0699s ]
SQL: SELECT * FROM `liu_info` WHERE `uid` = 31 LIMIT 1   [ RunTime:0.0693s ]
SQL: SELECT * FROM `liu_user` WHERE `uid` = 31 LIMIT 1   [ RunTime:0.0680s ]
NOTIC: [8] Undefined variable: phone D:\xampp\htdocs\www\Utk\web\liulin\Application\Home\Controller\BasisController.class.php 第 30 行.
NOTIC: [8] Undefined offset: 1 D:\xampp\htdocs\www\Utk\web\liulin\Application\Home\Controller\BasisController.class.php 第 31 行.
SQL: SHOW COLUMNS FROM `liu_dish` [ RunTime:0.0705s ]
SQL: SHOW COLUMNS FROM `liu_stuff` [ RunTime:0.0699s ]
SQL: SHOW COLUMNS FROM `liu_dishstep` [ RunTime:0.0694s ]
SQL: SELECT * FROM `liu_dish` WHERE `did` = 157 LIMIT 1   [ RunTime:0.0691s ]
SQL: SELECT * FROM `liu_stuff` WHERE `did` = 157  [ RunTime:0.0695s ]
SQL: SELECT * FROM `liu_dishstep` WHERE `did` = 157  [ RunTime:0.0700s ]
INFO: [ view_parse ] --START--
INFO: [ template_filter ] --START--
INFO: Run Behavior\ContentReplaceBehavior [ RunTime:0.000064s ]
INFO: [ template_filter ] --END-- [ RunTime:0.000113s ]
INFO: Run Behavior\ParseTemplateBehavior [ RunTime:0.007985s ]
INFO: [ view_parse ] --END-- [ RunTime:0.008030s ]
INFO: [ view_filter ] --START--
INFO: Run Behavior\WriteHtmlCacheBehavior [ RunTime:0.000375s ]
INFO: [ view_filter ] --END-- [ RunTime:0.000406s ]
INFO: [ app_end ] --START--
INFO: Run Behavior\ShowPageTraceBehavior [ RunTime:0.000585s ]
INFO: [ app_end ] --END-- [ RunTime:0.000625s ]
NOTIC: [2] dirname() expects parameter 2 to be integer, string given D:\xampp\htdocs\www\Utk\web\liulin\index.php 第 31 行.

[ 2017-08-10T20:41:00+08:00 ] 127.0.0.1 /liulin/Home/Dish/deleteDish/did/157.html
INFO: [ app_init ] --START--
INFO: Run Behavior\BuildLiteBehavior [ RunTime:0.000009s ]
INFO: [ app_init ] --END-- [ RunTime:0.000387s ]
INFO: [ app_begin ] --START--
INFO: Run Behavior\ReadHtmlCacheBehavior [ RunTime:0.000472s ]
INFO: [ app_begin ] --END-- [ RunTime:0.000508s ]
SQL: SHOW COLUMNS FROM `liu_user` [ RunTime:0.0706s ]
SQL: SHOW COLUMNS FROM `liu_info` [ RunTime:0.0700s ]
SQL: SELECT * FROM `liu_info` WHERE `uid` = 31 LIMIT 1   [ RunTime:0.0700s ]
SQL: SELECT * FROM `liu_user` WHERE `uid` = 31 LIMIT 1   [ RunTime:0.0694s ]
NOTIC: [8] Undefined variable: phone D:\xampp\htdocs\www\Utk\web\liulin\Application\Home\Controller\BasisController.class.php 第 30 行.
NOTIC: [8] Undefined offset: 1 D:\xampp\htdocs\www\Utk\web\liulin\Application\Home\Controller\BasisController.class.php 第 31 行.
SQL: SHOW COLUMNS FROM `liu_dish` [ RunTime:0.0697s ]
SQL: SHOW COLUMNS FROM `liu_stuff` [ RunTime:0.0697s ]
SQL: SHOW COLUMNS FROM `liu_dishstep` [ RunTime:0.0696s ]
SQL: DELETE FROM `liu_stuff` WHERE `did` = 157 [ RunTime:0.0824s ]
SQL: DELETE FROM `liu_dishstep` WHERE `did` = 157 [ RunTime:0.0866s ]
SQL: DELETE FROM `liu_dish` WHERE `did` = 157 [ RunTime:0.0958s ]
INFO: [ view_parse ] --START--
INFO: [ template_filter ] --START--
INFO: Run Behavior\ContentReplaceBehavior [ RunTime:0.000026s ]
INFO: [ template_filter ] --END-- [ RunTime:0.000061s ]
INFO: Run Behavior\ParseTemplateBehavior [ RunTime:0.005039s ]
INFO: [ view_parse ] --END-- [ RunTime:0.005078s ]
INFO: [ view_filter ] --START--
INFO: Run Behavior\WriteHtmlCacheBehavior [ RunTime:0.000293s ]
INFO: [ view_filter ] --END-- [ RunTime:0.000321s ]
INFO: [ app_end ] --START--
INFO: Run Behavior\ShowPageTraceBehavior [ RunTime:0.000516s ]
INFO: [ app_end ] --END-- [ RunTime:0.000547s ]
NOTIC: [2] dirname() expects parameter 2 to be integer, string given D:\xampp\htdocs\www\Utk\web\liulin\index.php 第 31 行.

[ 2017-08-10T20:41:02+08:00 ] 127.0.0.1 /liulin/Home/Auser/dish
INFO: [ app_init ] --START--
INFO: Run Behavior\BuildLiteBehavior [ RunTime:0.000009s ]
INFO: [ app_init ] --END-- [ RunTime:0.000382s ]
INFO: [ app_begin ] --START--
INFO: Run Behavior\ReadHtmlCacheBehavior [ RunTime:0.000829s ]
INFO: [ app_begin ] --END-- [ RunTime:0.000901s ]
SQL: SHOW COLUMNS FROM `liu_user` [ RunTime:0.0740s ]
SQL: SHOW COLUMNS FROM `liu_info` [ RunTime:0.0735s ]
SQL: SELECT * FROM `liu_info` WHERE `uid` = 31 LIMIT 1   [ RunTime:0.0727s ]
SQL: SELECT * FROM `liu_user` WHERE `uid` = 31 LIMIT 1   [ RunTime:0.0731s ]
NOTIC: [8] Undefined variable: phone D:\xampp\htdocs\www\Utk\web\liulin\Application\Home\Controller\BasisController.class.php 第 30 行.
NOTIC: [8] Undefined offset: 1 D:\xampp\htdocs\www\Utk\web\liulin\Application\Home\Controller\BasisController.class.php 第 31 行.
SQL: SHOW COLUMNS FROM `liu_dish` [ RunTime:0.0735s ]
SQL: SELECT * FROM `liu_dish` WHERE `uid` = 31 ORDER BY did desc  [ RunTime:0.0747s ]
INFO: [ view_parse ] --START--
INFO: [ template_filter ] --START--
INFO: Run Behavior\ContentReplaceBehavior [ RunTime:0.000063s ]
INFO: [ template_filter ] --END-- [ RunTime:0.000106s ]
INFO: Run Behavior\ParseTemplateBehavior [ RunTime:0.009145s ]
INFO: [ view_parse ] --END-- [ RunTime:0.009194s ]
INFO: [ view_filter ] --START--
INFO: Run Behavior\WriteHtmlCacheBehavior [ RunTime:0.000348s ]
INFO: [ view_filter ] --END-- [ RunTime:0.000376s ]
INFO: [ app_end ] --START--
INFO: Run Behavior\ShowPageTraceBehavior [ RunTime:0.000740s ]
INFO: [ app_end ] --END-- [ RunTime:0.000856s ]
NOTIC: [2] dirname() expects parameter 2 to be integer, string given D:\xampp\htdocs\www\Utk\web\liulin\index.php 第 31 行.

[ 2017-08-10T20:41:02+08:00 ] 127.0.0.1 /liulin/
INFO: [ app_init ] --START--
INFO: Run Behavior\BuildLiteBehavior [ RunTime:0.000012s ]
INFO: [ app_init ] --END-- [ RunTime:0.000426s ]
INFO: [ app_begin ] --START--
INFO: Run Behavior\ReadHtmlCacheBehavior [ RunTime:0.000657s ]
INFO: [ app_begin ] --END-- [ RunTime:0.000713s ]
INFO: [ view_parse ] --START--
INFO: [ template_filter ] --START--
INFO: Run Behavior\ContentReplaceBehavior [ RunTime:0.000025s ]
INFO: [ template_filter ] --END-- [ RunTime:0.000076s ]
INFO: Run Behavior\ParseTemplateBehavior [ RunTime:0.006783s ]
INFO: [ view_parse ] --END-- [ RunTime:0.006828s ]
INFO: [ view_filter ] --START--
INFO: Run Behavior\WriteHtmlCacheBehavior [ RunTime:0.000333s ]
INFO: [ view_filter ] --END-- [ RunTime:0.000361s ]
INFO: [ app_end ] --START--
INFO: Run Behavior\ShowPageTraceBehavior [ RunTime:0.000535s ]
INFO: [ app_end ] --END-- [ RunTime:0.000569s ]
NOTIC: [2] dirname() expects parameter 2 to be integer, string given D:\xampp\htdocs\www\Utk\web\liulin\index.php 第 31 行.

[ 2017-08-10T20:41:05+08:00 ] 127.0.0.1 /liulin/Home/Dish/showdish/did/156.html
INFO: [ app_init ] --START--
INFO: Run Behavior\BuildLiteBehavior [ RunTime:0.000009s ]
INFO: [ app_init ] --END-- [ RunTime:0.000380s ]
INFO: [ app_begin ] --START--
INFO: Run Behavior\ReadHtmlCacheBehavior [ RunTime:0.000830s ]
INFO: [ app_begin ] --END-- [ RunTime:0.000896s ]
SQL: SHOW COLUMNS FROM `liu_user` [ RunTime:0.0707s ]
SQL: SHOW COLUMNS FROM `liu_info` [ RunTime:0.0705s ]
SQL: SELECT * FROM `liu_info` WHERE `uid` = 31 LIMIT 1   [ RunTime:0.0698s ]
SQL: SELECT * FROM `liu_user` WHERE `uid` = 31 LIMIT 1   [ RunTime:0.0697s ]
NOTIC: [8] Undefined variable: phone D:\xampp\htdocs\www\Utk\web\liulin\Application\Home\Controller\BasisController.class.php 第 30 行.
NOTIC: [8] Undefined offset: 1 D:\xampp\htdocs\www\Utk\web\liulin\Application\Home\Controller\BasisController.class.php 第 31 行.
SQL: SHOW COLUMNS FROM `liu_dish` [ RunTime:0.0702s ]
SQL: SHOW COLUMNS FROM `liu_stuff` [ RunTime:0.0729s ]
SQL: SHOW COLUMNS FROM `liu_dishstep` [ RunTime:0.0702s ]
SQL: SELECT * FROM `liu_dish` WHERE `did` = 156 LIMIT 1   [ RunTime:0.0699s ]
SQL: SELECT * FROM `liu_stuff` WHERE `did` = 156  [ RunTime:0.0698s ]
SQL: SELECT * FROM `liu_dishstep` WHERE `did` = 156  [ RunTime:0.0700s ]
INFO: [ view_parse ] --START--
INFO: [ template_filter ] --START--
INFO: Run Behavior\ContentReplaceBehavior [ RunTime:0.000072s ]
INFO: [ template_filter ] --END-- [ RunTime:0.000176s ]
INFO: Run Behavior\ParseTemplateBehavior [ RunTime:0.006754s ]
INFO: [ view_parse ] --END-- [ RunTime:0.006813s ]
INFO: [ view_filter ] --START--
INFO: Run Behavior\WriteHtmlCacheBehavior [ RunTime:0.000333s ]
INFO: [ view_filter ] --END-- [ RunTime:0.000361s ]
INFO: [ app_end ] --START--
INFO: Run Behavior\ShowPageTraceBehavior [ RunTime:0.000530s ]
INFO: [ app_end ] --END-- [ RunTime:0.000560s ]
NOTIC: [2] dirname() expects parameter 2 to be integer, string given D:\xampp\htdocs\www\Utk\web\liulin\index.php 第 31 行.

[ 2017-08-10T20:41:08+08:00 ] 127.0.0.1 /liulin/Home/Dish/deleteDish/did/156.html
INFO: [ app_init ] --START--
INFO: Run Behavior\BuildLiteBehavior [ RunTime:0.000009s ]
INFO: [ app_init ] --END-- [ RunTime:0.000373s ]
INFO: [ app_begin ] --START--
INFO: Run Behavior\ReadHtmlCacheBehavior [ RunTime:0.000463s ]
INFO: [ app_begin ] --END-- [ RunTime:0.000500s ]
SQL: SHOW COLUMNS FROM `liu_user` [ RunTime:0.0726s ]
SQL: SHOW COLUMNS FROM `liu_info` [ RunTime:0.0726s ]
SQL: SELECT * FROM `liu_info` WHERE `uid` = 31 LIMIT 1   [ RunTime:0.0723s ]
SQL: SELECT * FROM `liu_user` WHERE `uid` = 31 LIMIT 1   [ RunTime:0.0718s ]
NOTIC: [8] Undefined variable: phone D:\xampp\htdocs\www\Utk\web\liulin\Application\Home\Controller\BasisController.class.php 第 30 行.
NOTIC: [8] Undefined offset: 1 D:\xampp\htdocs\www\Utk\web\liulin\Application\Home\Controller\BasisController.class.php 第 31 行.
SQL: SHOW COLUMNS FROM `liu_dish` [ RunTime:0.0742s ]
SQL: SHOW COLUMNS FROM `liu_stuff` [ RunTime:0.0721s ]
SQL: SHOW COLUMNS FROM `liu_dishstep` [ RunTime:0.0720s ]
SQL: DELETE FROM `liu_stuff` WHERE `did` = 156 [ RunTime:0.1111s ]
SQL: DELETE FROM `liu_dishstep` WHERE `did` = 156 [ RunTime:0.0722s ]
SQL: DELETE FROM `liu_dish` WHERE `did` = 156 [ RunTime:0.0901s ]
INFO: [ view_parse ] --START--
INFO: [ template_filter ] --START--
INFO: Run Behavior\ContentReplaceBehavior [ RunTime:0.000028s ]
INFO: [ template_filter ] --END-- [ RunTime:0.000068s ]
INFO: Run Behavior\ParseTemplateBehavior [ RunTime:0.005305s ]
INFO: [ view_parse ] --END-- [ RunTime:0.005355s ]
INFO: [ view_filter ] --START--
INFO: Run Behavior\WriteHtmlCacheBehavior [ RunTime:0.000288s ]
INFO: [ view_filter ] --END-- [ RunTime:0.000316s ]
INFO: [ app_end ] --START--
INFO: Run Behavior\ShowPageTraceBehavior [ RunTime:0.000524s ]
INFO: [ app_end ] --END-- [ RunTime:0.000556s ]
NOTIC: [2] dirname() expects parameter 2 to be integer, string given D:\xampp\htdocs\www\Utk\web\liulin\index.php 第 31 行.

[ 2017-08-10T20:41:09+08:00 ] 127.0.0.1 /liulin/Home/Auser/dish
INFO: [ app_init ] --START--
INFO: Run Behavior\BuildLiteBehavior [ RunTime:0.000012s ]
INFO: [ app_init ] --END-- [ RunTime:0.000403s ]
INFO: [ app_begin ] --START--
INFO: Run Behavior\ReadHtmlCacheBehavior [ RunTime:0.000473s ]
INFO: [ app_begin ] --END-- [ RunTime:0.000509s ]
SQL: SHOW COLUMNS FROM `liu_user` [ RunTime:0.0697s ]
SQL: SHOW COLUMNS FROM `liu_info` [ RunTime:0.0695s ]
SQL: SELECT * FROM `liu_info` WHERE `uid` = 31 LIMIT 1   [ RunTime:0.0692s ]
SQL: SELECT * FROM `liu_user` WHERE `uid` = 31 LIMIT 1   [ RunTime:0.0688s ]
NOTIC: [8] Undefined variable: phone D:\xampp\htdocs\www\Utk\web\liulin\Application\Home\Controller\BasisController.class.php 第 30 行.
NOTIC: [8] Undefined offset: 1 D:\xampp\htdocs\www\Utk\web\liulin\Application\Home\Controller\BasisController.class.php 第 31 行.
SQL: SHOW COLUMNS FROM `liu_dish` [ RunTime:0.0745s ]
SQL: SELECT * FROM `liu_dish` WHERE `uid` = 31 ORDER BY did desc  [ RunTime:0.0701s ]
INFO: [ view_parse ] --START--
INFO: [ template_filter ] --START--
INFO: Run Behavior\ContentReplaceBehavior [ RunTime:0.000062s ]
INFO: [ template_filter ] --END-- [ RunTime:0.000099s ]
INFO: Run Behavior\ParseTemplateBehavior [ RunTime:0.009373s ]
INFO: [ view_parse ] --END-- [ RunTime:0.009420s ]
INFO: [ view_filter ] --START--
INFO: Run Behavior\WriteHtmlCacheBehavior [ RunTime:0.000369s ]
INFO: [ view_filter ] --END-- [ RunTime:0.000399s ]
INFO: [ app_end ] --START--
INFO: Run Behavior\ShowPageTraceBehavior [ RunTime:0.000623s ]
INFO: [ app_end ] --END-- [ RunTime:0.000725s ]
NOTIC: [2] dirname() expects parameter 2 to be integer, string given D:\xampp\htdocs\www\Utk\web\liulin\index.php 第 31 行.

[ 2017-08-10T20:41:10+08:00 ] 127.0.0.1 /liulin/
INFO: [ app_init ] --START--
INFO: Run Behavior\BuildLiteBehavior [ RunTime:0.000010s ]
INFO: [ app_init ] --END-- [ RunTime:0.000407s ]
INFO: [ app_begin ] --START--
INFO: Run Behavior\ReadHtmlCacheBehavior [ RunTime:0.000532s ]
INFO: [ app_begin ] --END-- [ RunTime:0.000576s ]
INFO: [ view_parse ] --START--
INFO: [ template_filter ] --START--
INFO: Run Behavior\ContentReplaceBehavior [ RunTime:0.000051s ]
INFO: [ template_filter ] --END-- [ RunTime:0.000129s ]
INFO: Run Behavior\ParseTemplateBehavior [ RunTime:0.006991s ]
INFO: [ view_parse ] --END-- [ RunTime:0.007043s ]
INFO: [ view_filter ] --START--
INFO: Run Behavior\WriteHtmlCacheBehavior [ RunTime:0.000328s ]
INFO: [ view_filter ] --END-- [ RunTime:0.000355s ]
INFO: [ app_end ] --START--
INFO: Run Behavior\ShowPageTraceBehavior [ RunTime:0.000495s ]
INFO: [ app_end ] --END-- [ RunTime:0.000525s ]
NOTIC: [2] dirname() expects parameter 2 to be integer, string given D:\xampp\htdocs\www\Utk\web\liulin\index.php 第 31 行.

[ 2017-08-10T20:41:13+08:00 ] 127.0.0.1 /liulin/Home/Dish/showdish/did/155.html
INFO: [ app_init ] --START--
INFO: Run Behavior\BuildLiteBehavior [ RunTime:0.000008s ]
INFO: [ app_init ] --END-- [ RunTime:0.000371s ]
INFO: [ app_begin ] --START--
INFO: Run Behavior\ReadHtmlCacheBehavior [ RunTime:0.000467s ]
INFO: [ app_begin ] --END-- [ RunTime:0.000504s ]
SQL: SHOW COLUMNS FROM `liu_user` [ RunTime:0.0697s ]
SQL: SHOW COLUMNS FROM `liu_info` [ RunTime:0.0695s ]
SQL: SELECT * FROM `liu_info` WHERE `uid` = 31 LIMIT 1   [ RunTime:0.0690s ]
SQL: SELECT * FROM `liu_user` WHERE `uid` = 31 LIMIT 1   [ RunTime:0.0704s ]
NOTIC: [8] Undefined variable: phone D:\xampp\htdocs\www\Utk\web\liulin\Application\Home\Controller\BasisController.class.php 第 30 行.
NOTIC: [8] Undefined offset: 1 D:\xampp\htdocs\www\Utk\web\liulin\Application\Home\Controller\BasisController.class.php 第 31 行.
SQL: SHOW COLUMNS FROM `liu_dish` [ RunTime:0.0693s ]
SQL: SHOW COLUMNS FROM `liu_stuff` [ RunTime:0.0691s ]
SQL: SHOW COLUMNS FROM `liu_dishstep` [ RunTime:0.0693s ]
SQL: SELECT * FROM `liu_dish` WHERE `did` = 155 LIMIT 1   [ RunTime:0.0692s ]
SQL: SELECT * FROM `liu_stuff` WHERE `did` = 155  [ RunTime:0.0681s ]
SQL: SELECT * FROM `liu_dishstep` WHERE `did` = 155  [ RunTime:0.0689s ]
INFO: [ view_parse ] --START--
INFO: [ template_filter ] --START--
INFO: Run Behavior\ContentReplaceBehavior [ RunTime:0.000064s ]
INFO: [ template_filter ] --END-- [ RunTime:0.000110s ]
INFO: Run Behavior\ParseTemplateBehavior [ RunTime:0.006881s ]
INFO: [ view_parse ] --END-- [ RunTime:0.006928s ]
INFO: [ view_filter ] --START--
INFO: Run Behavior\WriteHtmlCacheBehavior [ RunTime:0.000364s ]
INFO: [ view_filter ] --END-- [ RunTime:0.000395s ]
INFO: [ app_end ] --START--
INFO: Run Behavior\ShowPageTraceBehavior [ RunTime:0.000585s ]
INFO: [ app_end ] --END-- [ RunTime:0.000623s ]
NOTIC: [2] dirname() expects parameter 2 to be integer, string given D:\xampp\htdocs\www\Utk\web\liulin\index.php 第 31 行.

[ 2017-08-10T20:41:15+08:00 ] 127.0.0.1 /liulin/Home/Dish/deleteDish/did/155.html
INFO: [ app_init ] --START--
INFO: Run Behavior\BuildLiteBehavior [ RunTime:0.000008s ]
INFO: [ app_init ] --END-- [ RunTime:0.000371s ]
INFO: [ app_begin ] --START--
INFO: Run Behavior\ReadHtmlCacheBehavior [ RunTime:0.001022s ]
INFO: [ app_begin ] --END-- [ RunTime:0.001072s ]
SQL: SHOW COLUMNS FROM `liu_user` [ RunTime:0.0699s ]
SQL: SHOW COLUMNS FROM `liu_info` [ RunTime:0.0695s ]
SQL: SELECT * FROM `liu_info` WHERE `uid` = 31 LIMIT 1   [ RunTime:0.0691s ]
SQL: SELECT * FROM `liu_user` WHERE `uid` = 31 LIMIT 1   [ RunTime:0.0691s ]
NOTIC: [8] Undefined variable: phone D:\xampp\htdocs\www\Utk\web\liulin\Application\Home\Controller\BasisController.class.php 第 30 行.
NOTIC: [8] Undefined offset: 1 D:\xampp\htdocs\www\Utk\web\liulin\Application\Home\Controller\BasisController.class.php 第 31 行.
SQL: SHOW COLUMNS FROM `liu_dish` [ RunTime:0.0700s ]
SQL: SHOW COLUMNS FROM `liu_stuff` [ RunTime:0.0694s ]
SQL: SHOW COLUMNS FROM `liu_dishstep` [ RunTime:0.0693s ]
SQL: DELETE FROM `liu_stuff` WHERE `did` = 155 [ RunTime:0.0886s ]
SQL: DELETE FROM `liu_dishstep` WHERE `did` = 155 [ RunTime:0.0686s ]
SQL: DELETE FROM `liu_dish` WHERE `did` = 155 [ RunTime:0.0860s ]
INFO: [ view_parse ] --START--
INFO: [ template_filter ] --START--
INFO: Run Behavior\ContentReplaceBehavior [ RunTime:0.000027s ]
INFO: [ template_filter ] --END-- [ RunTime:0.000061s ]
INFO: Run Behavior\ParseTemplateBehavior [ RunTime:0.004874s ]
INFO: [ view_parse ] --END-- [ RunTime:0.004939s ]
INFO: [ view_filter ] --START--
INFO: Run Behavior\WriteHtmlCacheBehavior [ RunTime:0.000366s ]
INFO: [ view_filter ] --END-- [ RunTime:0.000398s ]
INFO: [ app_end ] --START--
INFO: Run Behavior\ShowPageTraceBehavior [ RunTime:0.000761s ]
INFO: [ app_end ] --END-- [ RunTime:0.000819s ]
NOTIC: [2] dirname() expects parameter 2 to be integer, string given D:\xampp\htdocs\www\Utk\web\liulin\index.php 第 31 行.

[ 2017-08-10T20:41:17+08:00 ] 127.0.0.1 /liulin/Home/Auser/dish
INFO: [ app_init ] --START--
INFO: Run Behavior\BuildLiteBehavior [ RunTime:0.000009s ]
INFO: [ app_init ] --END-- [ RunTime:0.000376s ]
INFO: [ app_begin ] --START--
INFO: Run Behavior\ReadHtmlCacheBehavior [ RunTime:0.000530s ]
INFO: [ app_begin ] --END-- [ RunTime:0.000567s ]
SQL: SHOW COLUMNS FROM `liu_user` [ RunTime:0.0691s ]
SQL: SHOW COLUMNS FROM `liu_info` [ RunTime:0.0692s ]
SQL: SELECT * FROM `liu_info` WHERE `uid` = 31 LIMIT 1   [ RunTime:0.0685s ]
SQL: SELECT * FROM `liu_user` WHERE `uid` = 31 LIMIT 1   [ RunTime:0.0681s ]
NOTIC: [8] Undefined variable: phone D:\xampp\htdocs\www\Utk\web\liulin\Application\Home\Controller\BasisController.class.php 第 30 行.
NOTIC: [8] Undefined offset: 1 D:\xampp\htdocs\www\Utk\web\liulin\Application\Home\Controller\BasisController.class.php 第 31 行.
SQL: SHOW COLUMNS FROM `liu_dish` [ RunTime:0.0686s ]
SQL: SELECT * FROM `liu_dish` WHERE `uid` = 31 ORDER BY did desc  [ RunTime:0.0698s ]
INFO: [ view_parse ] --START--
INFO: [ template_filter ] --START--
INFO: Run Behavior\ContentReplaceBehavior [ RunTime:0.000063s ]
INFO: [ template_filter ] --END-- [ RunTime:0.000104s ]
INFO: Run Behavior\ParseTemplateBehavior [ RunTime:0.010749s ]
INFO: [ view_parse ] --END-- [ RunTime:0.010797s ]
INFO: [ view_filter ] --START--
INFO: Run Behavior\WriteHtmlCacheBehavior [ RunTime:0.000394s ]
INFO: [ view_filter ] --END-- [ RunTime:0.000424s ]
INFO: [ app_end ] --START--
INFO: Run Behavior\ShowPageTraceBehavior [ RunTime:0.000828s ]
INFO: [ app_end ] --END-- [ RunTime:0.000920s ]
NOTIC: [2] dirname() expects parameter 2 to be integer, string given D:\xampp\htdocs\www\Utk\web\liulin\index.php 第 31 行.

[ 2017-08-10T20:41:17+08:00 ] 127.0.0.1 /liulin/
INFO: [ app_init ] --START--
INFO: Run Behavior\BuildLiteBehavior [ RunTime:0.000010s ]
INFO: [ app_init ] --END-- [ RunTime:0.000418s ]
INFO: [ app_begin ] --START--
INFO: Run Behavior\ReadHtmlCacheBehavior [ RunTime:0.000537s ]
INFO: [ app_begin ] --END-- [ RunTime:0.000595s ]
INFO: [ view_parse ] --START--
INFO: [ template_filter ] --START--
INFO: Run Behavior\ContentReplaceBehavior [ RunTime:0.000032s ]
INFO: [ template_filter ] --END-- [ RunTime:0.000103s ]
INFO: Run Behavior\ParseTemplateBehavior [ RunTime:0.007745s ]
INFO: [ view_parse ] --END-- [ RunTime:0.007823s ]
INFO: [ view_filter ] --START--
INFO: Run Behavior\WriteHtmlCacheBehavior [ RunTime:0.000459s ]
INFO: [ view_filter ] --END-- [ RunTime:0.000495s ]
INFO: [ app_end ] --START--
INFO: Run Behavior\ShowPageTraceBehavior [ RunTime:0.000537s ]
INFO: [ app_end ] --END-- [ RunTime:0.000568s ]
NOTIC: [2] dirname() expects parameter 2 to be integer, string given D:\xampp\htdocs\www\Utk\web\liulin\index.php 第 31 行.

[ 2017-08-10T21:28:15+08:00 ] 127.0.0.1 /liulin/Home/Dish/index.html
INFO: [ app_init ] --START--
INFO: Run Behavior\BuildLiteBehavior [ RunTime:0.000012s ]
INFO: [ app_init ] --END-- [ RunTime:0.000675s ]
INFO: [ app_begin ] --START--
INFO: Run Behavior\ReadHtmlCacheBehavior [ RunTime:0.000959s ]
INFO: [ app_begin ] --END-- [ RunTime:0.001005s ]
SQL: SHOW COLUMNS FROM `liu_user` [ RunTime:0.0697s ]
SQL: SHOW COLUMNS FROM `liu_info` [ RunTime:0.0694s ]
SQL: SELECT * FROM `liu_info` WHERE `uid` = 31 LIMIT 1   [ RunTime:0.0685s ]
SQL: SELECT * FROM `liu_user` WHERE `uid` = 31 LIMIT 1   [ RunTime:0.0686s ]
NOTIC: [8] Undefined variable: phone D:\xampp\htdocs\www\Utk\web\liulin\Application\Home\Controller\BasisController.class.php 第 30 行.
NOTIC: [8] Undefined offset: 1 D:\xampp\htdocs\www\Utk\web\liulin\Application\Home\Controller\BasisController.class.php 第 31 行.
SQL: SHOW COLUMNS FROM `liu_dish` [ RunTime:0.0690s ]
SQL: SHOW COLUMNS FROM `liu_stuff` [ RunTime:0.0692s ]
SQL: SHOW COLUMNS FROM `liu_dishstep` [ RunTime:0.0710s ]
INFO: [ view_parse ] --START--
INFO: [ template_filter ] --START--
INFO: Run Behavior\ContentReplaceBehavior [ RunTime:0.000104s ]
INFO: [ template_filter ] --END-- [ RunTime:0.000149s ]
INFO: Run Behavior\ParseTemplateBehavior [ RunTime:0.035486s ]
INFO: [ view_parse ] --END-- [ RunTime:0.035525s ]
INFO: [ view_filter ] --START--
INFO: Run Behavior\WriteHtmlCacheBehavior [ RunTime:0.013760s ]
INFO: [ view_filter ] --END-- [ RunTime:0.013795s ]
INFO: [ app_end ] --START--
INFO: Run Behavior\ShowPageTraceBehavior [ RunTime:0.007042s ]
INFO: [ app_end ] --END-- [ RunTime:0.007112s ]
NOTIC: [2] dirname() expects parameter 2 to be integer, string given D:\xampp\htdocs\www\Utk\web\liulin\index.php 第 31 行.

[ 2017-08-10T21:30:14+08:00 ] 127.0.0.1 /liulin/Home/Dish/index.html
INFO: [ app_init ] --START--
INFO: Run Behavior\BuildLiteBehavior [ RunTime:0.000011s ]
INFO: [ app_init ] --END-- [ RunTime:0.000535s ]
INFO: [ app_begin ] --START--
INFO: Run Behavior\ReadHtmlCacheBehavior [ RunTime:0.000912s ]
INFO: [ app_begin ] --END-- [ RunTime:0.000952s ]
SQL: SHOW COLUMNS FROM `liu_user` [ RunTime:0.0702s ]
SQL: SHOW COLUMNS FROM `liu_info` [ RunTime:0.0698s ]
SQL: SELECT * FROM `liu_info` WHERE `uid` = 31 LIMIT 1   [ RunTime:0.0693s ]
SQL: SELECT * FROM `liu_user` WHERE `uid` = 31 LIMIT 1   [ RunTime:0.0710s ]
NOTIC: [8] Undefined variable: phone D:\xampp\htdocs\www\Utk\web\liulin\Application\Home\Controller\BasisController.class.php 第 30 行.
NOTIC: [8] Undefined offset: 1 D:\xampp\htdocs\www\Utk\web\liulin\Application\Home\Controller\BasisController.class.php 第 31 行.
SQL: SHOW COLUMNS FROM `liu_dish` [ RunTime:0.0695s ]
SQL: SHOW COLUMNS FROM `liu_stuff` [ RunTime:0.0694s ]
SQL: SHOW COLUMNS FROM `liu_dishstep` [ RunTime:0.0694s ]
INFO: [ view_parse ] --START--
INFO: [ template_filter ] --START--
INFO: Run Behavior\ContentReplaceBehavior [ RunTime:0.000102s ]
INFO: [ template_filter ] --END-- [ RunTime:0.000138s ]
INFO: Run Behavior\ParseTemplateBehavior [ RunTime:0.008728s ]
INFO: [ view_parse ] --END-- [ RunTime:0.008768s ]
INFO: [ view_filter ] --START--
INFO: Run Behavior\WriteHtmlCacheBehavior [ RunTime:0.000478s ]
INFO: [ view_filter ] --END-- [ RunTime:0.000507s ]
INFO: [ app_end ] --START--
INFO: Run Behavior\ShowPageTraceBehavior [ RunTime:0.000775s ]
INFO: [ app_end ] --END-- [ RunTime:0.000819s ]
NOTIC: [2] dirname() expects parameter 2 to be integer, string given D:\xampp\htdocs\www\Utk\web\liulin\index.php 第 31 行.

[ 2017-08-10T21:30:48+08:00 ] 127.0.0.1 /liulin/Home/Dish/index.html
INFO: [ app_init ] --START--
INFO: Run Behavior\BuildLiteBehavior [ RunTime:0.000009s ]
INFO: [ app_init ] --END-- [ RunTime:0.000471s ]
INFO: [ app_begin ] --START--
INFO: Run Behavior\ReadHtmlCacheBehavior [ RunTime:0.000722s ]
INFO: [ app_begin ] --END-- [ RunTime:0.000760s ]
SQL: SHOW COLUMNS FROM `liu_user` [ RunTime:0.0769s ]
SQL: SHOW COLUMNS FROM `liu_info` [ RunTime:0.0689s ]
SQL: SELECT * FROM `liu_info` WHERE `uid` = 31 LIMIT 1   [ RunTime:0.0695s ]
SQL: SELECT * FROM `liu_user` WHERE `uid` = 31 LIMIT 1   [ RunTime:0.0687s ]
NOTIC: [8] Undefined variable: phone D:\xampp\htdocs\www\Utk\web\liulin\Application\Home\Controller\BasisController.class.php 第 30 行.
NOTIC: [8] Undefined offset: 1 D:\xampp\htdocs\www\Utk\web\liulin\Application\Home\Controller\BasisController.class.php 第 31 行.
SQL: SHOW COLUMNS FROM `liu_dish` [ RunTime:0.0689s ]
SQL: SHOW COLUMNS FROM `liu_stuff` [ RunTime:0.0688s ]
SQL: SHOW COLUMNS FROM `liu_dishstep` [ RunTime:0.0689s ]
INFO: [ view_parse ] --START--
INFO: [ template_filter ] --START--
INFO: Run Behavior\ContentReplaceBehavior [ RunTime:0.000102s ]
INFO: [ template_filter ] --END-- [ RunTime:0.000146s ]
INFO: Run Behavior\ParseTemplateBehavior [ RunTime:0.010398s ]
INFO: [ view_parse ] --END-- [ RunTime:0.010438s ]
INFO: [ view_filter ] --START--
INFO: Run Behavior\WriteHtmlCacheBehavior [ RunTime:0.000630s ]
INFO: [ view_filter ] --END-- [ RunTime:0.000660s ]
INFO: [ app_end ] --START--
INFO: Run Behavior\ShowPageTraceBehavior [ RunTime:0.000951s ]
INFO: [ app_end ] --END-- [ RunTime:0.000996s ]
NOTIC: [2] dirname() expects parameter 2 to be integer, string given D:\xampp\htdocs\www\Utk\web\liulin\index.php 第 31 行.

[ 2017-08-10T21:31:17+08:00 ] 127.0.0.1 /liulin/Home/Dish/index.html
INFO: [ app_init ] --START--
INFO: Run Behavior\BuildLiteBehavior [ RunTime:0.000018s ]
INFO: [ app_init ] --END-- [ RunTime:0.000487s ]
INFO: [ app_begin ] --START--
INFO: Run Behavior\ReadHtmlCacheBehavior [ RunTime:0.000732s ]
INFO: [ app_begin ] --END-- [ RunTime:0.000772s ]
SQL: SHOW COLUMNS FROM `liu_user` [ RunTime:0.0677s ]
SQL: SHOW COLUMNS FROM `liu_info` [ RunTime:0.0671s ]
SQL: SELECT * FROM `liu_info` WHERE `uid` = 31 LIMIT 1   [ RunTime:0.0668s ]
SQL: SELECT * FROM `liu_user` WHERE `uid` = 31 LIMIT 1   [ RunTime:0.0668s ]
NOTIC: [8] Undefined variable: phone D:\xampp\htdocs\www\Utk\web\liulin\Application\Home\Controller\BasisController.class.php 第 30 行.
NOTIC: [8] Undefined offset: 1 D:\xampp\htdocs\www\Utk\web\liulin\Application\Home\Controller\BasisController.class.php 第 31 行.
SQL: SHOW COLUMNS FROM `liu_dish` [ RunTime:0.0671s ]
SQL: SHOW COLUMNS FROM `liu_stuff` [ RunTime:0.0670s ]
SQL: SHOW COLUMNS FROM `liu_dishstep` [ RunTime:0.0671s ]
INFO: [ view_parse ] --START--
INFO: [ template_filter ] --START--
INFO: Run Behavior\ContentReplaceBehavior [ RunTime:0.000101s ]
INFO: [ template_filter ] --END-- [ RunTime:0.000140s ]
INFO: Run Behavior\ParseTemplateBehavior [ RunTime:0.008464s ]
INFO: [ view_parse ] --END-- [ RunTime:0.008501s ]
INFO: [ view_filter ] --START--
INFO: Run Behavior\WriteHtmlCacheBehavior [ RunTime:0.000457s ]
INFO: [ view_filter ] --END-- [ RunTime:0.000486s ]
INFO: [ app_end ] --START--
INFO: Run Behavior\ShowPageTraceBehavior [ RunTime:0.000733s ]
INFO: [ app_end ] --END-- [ RunTime:0.000773s ]
NOTIC: [2] dirname() expects parameter 2 to be integer, string given D:\xampp\htdocs\www\Utk\web\liulin\index.php 第 31 行.

[ 2017-08-10T21:32:05+08:00 ] 127.0.0.1 /liulin/Home/Dish/index.html
INFO: [ app_init ] --START--
INFO: Run Behavior\BuildLiteBehavior [ RunTime:0.000010s ]
INFO: [ app_init ] --END-- [ RunTime:0.000465s ]
INFO: [ app_begin ] --START--
INFO: Run Behavior\ReadHtmlCacheBehavior [ RunTime:0.000754s ]
INFO: [ app_begin ] --END-- [ RunTime:0.000793s ]
SQL: SHOW COLUMNS FROM `liu_user` [ RunTime:0.0767s ]
SQL: SHOW COLUMNS FROM `liu_info` [ RunTime:0.0745s ]
SQL: SELECT * FROM `liu_info` WHERE `uid` = 31 LIMIT 1   [ RunTime:0.0740s ]
SQL: SELECT * FROM `liu_user` WHERE `uid` = 31 LIMIT 1   [ RunTime:0.0736s ]
NOTIC: [8] Undefined variable: phone D:\xampp\htdocs\www\Utk\web\liulin\Application\Home\Controller\BasisController.class.php 第 30 行.
NOTIC: [8] Undefined offset: 1 D:\xampp\htdocs\www\Utk\web\liulin\Application\Home\Controller\BasisController.class.php 第 31 行.
SQL: SHOW COLUMNS FROM `liu_dish` [ RunTime:0.0746s ]
SQL: SHOW COLUMNS FROM `liu_stuff` [ RunTime:0.0741s ]
SQL: SHOW COLUMNS FROM `liu_dishstep` [ RunTime:0.0739s ]
INFO: [ view_parse ] --START--
INFO: [ template_filter ] --START--
INFO: Run Behavior\ContentReplaceBehavior [ RunTime:0.000104s ]
INFO: [ template_filter ] --END-- [ RunTime:0.000147s ]
INFO: Run Behavior\ParseTemplateBehavior [ RunTime:0.009874s ]
INFO: [ view_parse ] --END-- [ RunTime:0.009913s ]
INFO: [ view_filter ] --START--
INFO: Run Behavior\WriteHtmlCacheBehavior [ RunTime:0.000631s ]
INFO: [ view_filter ] --END-- [ RunTime:0.000660s ]
INFO: [ app_end ] --START--
INFO: Run Behavior\ShowPageTraceBehavior [ RunTime:0.000930s ]
INFO: [ app_end ] --END-- [ RunTime:0.000975s ]
NOTIC: [2] dirname() expects parameter 2 to be integer, string given D:\xampp\htdocs\www\Utk\web\liulin\index.php 第 31 行.

[ 2017-08-10T21:33:12+08:00 ] 127.0.0.1 /liulin/Home/Dish/index.html
INFO: [ app_init ] --START--
INFO: Run Behavior\BuildLiteBehavior [ RunTime:0.000010s ]
INFO: [ app_init ] --END-- [ RunTime:0.000494s ]
INFO: [ app_begin ] --START--
INFO: Run Behavior\ReadHtmlCacheBehavior [ RunTime:0.000914s ]
INFO: [ app_begin ] --END-- [ RunTime:0.000953s ]
SQL: SHOW COLUMNS FROM `liu_user` [ RunTime:0.0717s ]
SQL: SHOW COLUMNS FROM `liu_info` [ RunTime:0.0711s ]
SQL: SELECT * FROM `liu_info` WHERE `uid` = 31 LIMIT 1   [ RunTime:0.0714s ]
SQL: SELECT * FROM `liu_user` WHERE `uid` = 31 LIMIT 1   [ RunTime:0.0706s ]
NOTIC: [8] Undefined variable: phone D:\xampp\htdocs\www\Utk\web\liulin\Application\Home\Controller\BasisController.class.php 第 30 行.
NOTIC: [8] Undefined offset: 1 D:\xampp\htdocs\www\Utk\web\liulin\Application\Home\Controller\BasisController.class.php 第 31 行.
SQL: SHOW COLUMNS FROM `liu_dish` [ RunTime:0.0709s ]
SQL: SHOW COLUMNS FROM `liu_stuff` [ RunTime:0.0717s ]
SQL: SHOW COLUMNS FROM `liu_dishstep` [ RunTime:0.0709s ]
INFO: [ view_parse ] --START--
INFO: [ template_filter ] --START--
INFO: Run Behavior\ContentReplaceBehavior [ RunTime:0.000103s ]
INFO: [ template_filter ] --END-- [ RunTime:0.000146s ]
INFO: Run Behavior\ParseTemplateBehavior [ RunTime:0.009233s ]
INFO: [ view_parse ] --END-- [ RunTime:0.009273s ]
INFO: [ view_filter ] --START--
INFO: Run Behavior\WriteHtmlCacheBehavior [ RunTime:0.000476s ]
INFO: [ view_filter ] --END-- [ RunTime:0.000506s ]
INFO: [ app_end ] --START--
INFO: Run Behavior\ShowPageTraceBehavior [ RunTime:0.000748s ]
INFO: [ app_end ] --END-- [ RunTime:0.000789s ]
NOTIC: [2] dirname() expects parameter 2 to be integer, string given D:\xampp\htdocs\www\Utk\web\liulin\index.php 第 31 行.

[ 2017-08-10T21:33:40+08:00 ] 127.0.0.1 /liulin/Home/Dish/index.html
INFO: [ app_init ] --START--
INFO: Run Behavior\BuildLiteBehavior [ RunTime:0.000009s ]
INFO: [ app_init ] --END-- [ RunTime:0.000371s ]
INFO: [ app_begin ] --START--
INFO: Run Behavior\ReadHtmlCacheBehavior [ RunTime:0.000467s ]
INFO: [ app_begin ] --END-- [ RunTime:0.000503s ]
SQL: SHOW COLUMNS FROM `liu_user` [ RunTime:0.0687s ]
SQL: SHOW COLUMNS FROM `liu_info` [ RunTime:0.0682s ]
SQL: SELECT * FROM `liu_info` WHERE `uid` = 31 LIMIT 1   [ RunTime:0.0686s ]
SQL: SELECT * FROM `liu_user` WHERE `uid` = 31 LIMIT 1   [ RunTime:0.0680s ]
NOTIC: [8] Undefined variable: phone D:\xampp\htdocs\www\Utk\web\liulin\Application\Home\Controller\BasisController.class.php 第 30 行.
NOTIC: [8] Undefined offset: 1 D:\xampp\htdocs\www\Utk\web\liulin\Application\Home\Controller\BasisController.class.php 第 31 行.
SQL: SHOW COLUMNS FROM `liu_dish` [ RunTime:0.0681s ]
SQL: SHOW COLUMNS FROM `liu_stuff` [ RunTime:0.0681s ]
SQL: SHOW COLUMNS FROM `liu_dishstep` [ RunTime:0.0680s ]
INFO: [ view_parse ] --START--
INFO: [ template_filter ] --START--
INFO: Run Behavior\ContentReplaceBehavior [ RunTime:0.000211s ]
INFO: [ template_filter ] --END-- [ RunTime:0.000514s ]
INFO: Run Behavior\ParseTemplateBehavior [ RunTime:0.010961s ]
INFO: [ view_parse ] --END-- [ RunTime:0.011043s ]
INFO: [ view_filter ] --START--
INFO: Run Behavior\WriteHtmlCacheBehavior [ RunTime:0.000566s ]
INFO: [ view_filter ] --END-- [ RunTime:0.000620s ]
INFO: [ app_end ] --START--
INFO: Run Behavior\ShowPageTraceBehavior [ RunTime:0.000749s ]
INFO: [ app_end ] --END-- [ RunTime:0.000795s ]
NOTIC: [2] dirname() expects parameter 2 to be integer, string given D:\xampp\htdocs\www\Utk\web\liulin\index.php 第 31 行.

[ 2017-08-10T21:41:04+08:00 ] 127.0.0.1 /liulin/Home/Dish/index.html
INFO: [ app_init ] --START--
INFO: Run Behavior\BuildLiteBehavior [ RunTime:0.000010s ]
INFO: [ app_init ] --END-- [ RunTime:0.000480s ]
INFO: [ app_begin ] --START--
INFO: Run Behavior\ReadHtmlCacheBehavior [ RunTime:0.000713s ]
INFO: [ app_begin ] --END-- [ RunTime:0.000751s ]
SQL: SHOW COLUMNS FROM `liu_user` [ RunTime:0.0726s ]
SQL: SHOW COLUMNS FROM `liu_info` [ RunTime:0.0714s ]
SQL: SELECT * FROM `liu_info` WHERE `uid` = 31 LIMIT 1   [ RunTime:0.0706s ]
SQL: SELECT * FROM `liu_user` WHERE `uid` = 31 LIMIT 1   [ RunTime:0.0701s ]
NOTIC: [8] Undefined variable: phone D:\xampp\htdocs\www\Utk\web\liulin\Application\Home\Controller\BasisController.class.php 第 30 行.
NOTIC: [8] Undefined offset: 1 D:\xampp\htdocs\www\Utk\web\liulin\Application\Home\Controller\BasisController.class.php 第 31 行.
SQL: SHOW COLUMNS FROM `liu_dish` [ RunTime:0.0706s ]
SQL: SHOW COLUMNS FROM `liu_stuff` [ RunTime:0.0719s ]
SQL: SHOW COLUMNS FROM `liu_dishstep` [ RunTime:0.0710s ]
INFO: [ view_parse ] --START--
INFO: [ template_filter ] --START--
INFO: Run Behavior\ContentReplaceBehavior [ RunTime:0.000102s ]
INFO: [ template_filter ] --END-- [ RunTime:0.000142s ]
INFO: Run Behavior\ParseTemplateBehavior [ RunTime:0.008390s ]
INFO: [ view_parse ] --END-- [ RunTime:0.008430s ]
INFO: [ view_filter ] --START--
INFO: Run Behavior\WriteHtmlCacheBehavior [ RunTime:0.000463s ]
INFO: [ view_filter ] --END-- [ RunTime:0.000493s ]
INFO: [ app_end ] --START--
INFO: Run Behavior\ShowPageTraceBehavior [ RunTime:0.000758s ]
INFO: [ app_end ] --END-- [ RunTime:0.000801s ]
NOTIC: [2] dirname() expects parameter 2 to be integer, string given D:\xampp\htdocs\www\Utk\web\liulin\index.php 第 31 行.

[ 2017-08-10T21:42:39+08:00 ] 127.0.0.1 /liulin/Home/Dish/index.html
INFO: [ app_init ] --START--
INFO: Run Behavior\BuildLiteBehavior [ RunTime:0.000011s ]
INFO: [ app_init ] --END-- [ RunTime:0.000385s ]
INFO: [ app_begin ] --START--
INFO: Run Behavior\ReadHtmlCacheBehavior [ RunTime:0.000484s ]
INFO: [ app_begin ] --END-- [ RunTime:0.000520s ]
SQL: SHOW COLUMNS FROM `liu_user` [ RunTime:0.0689s ]
SQL: SHOW COLUMNS FROM `liu_info` [ RunTime:0.0696s ]
SQL: SELECT * FROM `liu_info` WHERE `uid` = 31 LIMIT 1   [ RunTime:0.0676s ]
SQL: SELECT * FROM `liu_user` WHERE `uid` = 31 LIMIT 1   [ RunTime:0.0674s ]
NOTIC: [8] Undefined variable: phone D:\xampp\htdocs\www\Utk\web\liulin\Application\Home\Controller\BasisController.class.php 第 30 行.
NOTIC: [8] Undefined offset: 1 D:\xampp\htdocs\www\Utk\web\liulin\Application\Home\Controller\BasisController.class.php 第 31 行.
SQL: SHOW COLUMNS FROM `liu_dish` [ RunTime:0.0684s ]
SQL: SHOW COLUMNS FROM `liu_stuff` [ RunTime:0.0684s ]
SQL: SHOW COLUMNS FROM `liu_dishstep` [ RunTime:0.0682s ]
INFO: [ view_parse ] --START--
INFO: [ template_filter ] --START--
INFO: Run Behavior\ContentReplaceBehavior [ RunTime:0.000100s ]
INFO: [ template_filter ] --END-- [ RunTime:0.000140s ]
INFO: Run Behavior\ParseTemplateBehavior [ RunTime:0.007344s ]
INFO: [ view_parse ] --END-- [ RunTime:0.007383s ]
INFO: [ view_filter ] --START--
INFO: Run Behavior\WriteHtmlCacheBehavior [ RunTime:0.000280s ]
INFO: [ view_filter ] --END-- [ RunTime:0.000307s ]
INFO: [ app_end ] --START--
INFO: Run Behavior\ShowPageTraceBehavior [ RunTime:0.000692s ]
INFO: [ app_end ] --END-- [ RunTime:0.000735s ]
NOTIC: [2] dirname() expects parameter 2 to be integer, string given D:\xampp\htdocs\www\Utk\web\liulin\index.php 第 31 行.

[ 2017-08-10T21:42:48+08:00 ] 127.0.0.1 /liulin/Home/Dish/index.html
INFO: [ app_init ] --START--
INFO: Run Behavior\BuildLiteBehavior [ RunTime:0.000009s ]
INFO: [ app_init ] --END-- [ RunTime:0.000377s ]
INFO: [ app_begin ] --START--
INFO: Run Behavior\ReadHtmlCacheBehavior [ RunTime:0.000465s ]
INFO: [ app_begin ] --END-- [ RunTime:0.000501s ]
SQL: SHOW COLUMNS FROM `liu_user` [ RunTime:0.0751s ]
SQL: SHOW COLUMNS FROM `liu_info` [ RunTime:0.0736s ]
SQL: SELECT * FROM `liu_info` WHERE `uid` = 31 LIMIT 1   [ RunTime:0.0729s ]
SQL: SELECT * FROM `liu_user` WHERE `uid` = 31 LIMIT 1   [ RunTime:0.0732s ]
NOTIC: [8] Undefined variable: phone D:\xampp\htdocs\www\Utk\web\liulin\Application\Home\Controller\BasisController.class.php 第 30 行.
NOTIC: [8] Undefined offset: 1 D:\xampp\htdocs\www\Utk\web\liulin\Application\Home\Controller\BasisController.class.php 第 31 行.
SQL: SHOW COLUMNS FROM `liu_dish` [ RunTime:0.0739s ]
SQL: SHOW COLUMNS FROM `liu_stuff` [ RunTime:0.0740s ]
SQL: SHOW COLUMNS FROM `liu_dishstep` [ RunTime:0.0748s ]
INFO: [ view_parse ] --START--
INFO: [ template_filter ] --START--
INFO: Run Behavior\ContentReplaceBehavior [ RunTime:0.000097s ]
INFO: [ template_filter ] --END-- [ RunTime:0.000139s ]
INFO: Run Behavior\ParseTemplateBehavior [ RunTime:0.008992s ]
INFO: [ view_parse ] --END-- [ RunTime:0.009036s ]
INFO: [ view_filter ] --START--
INFO: Run Behavior\WriteHtmlCacheBehavior [ RunTime:0.000277s ]
INFO: [ view_filter ] --END-- [ RunTime:0.000304s ]
INFO: [ app_end ] --START--
INFO: Run Behavior\ShowPageTraceBehavior [ RunTime:0.000671s ]
INFO: [ app_end ] --END-- [ RunTime:0.000716s ]
NOTIC: [2] dirname() expects parameter 2 to be integer, string given D:\xampp\htdocs\www\Utk\web\liulin\index.php 第 31 行.

[ 2017-08-10T21:43:09+08:00 ] 127.0.0.1 /liulin/Home/Dish/index.html
INFO: [ app_init ] --START--
INFO: Run Behavior\BuildLiteBehavior [ RunTime:0.000010s ]
INFO: [ app_init ] --END-- [ RunTime:0.000471s ]
INFO: [ app_begin ] --START--
INFO: Run Behavior\ReadHtmlCacheBehavior [ RunTime:0.000715s ]
INFO: [ app_begin ] --END-- [ RunTime:0.000754s ]
SQL: SHOW COLUMNS FROM `liu_user` [ RunTime:0.0687s ]
SQL: SHOW COLUMNS FROM `liu_info` [ RunTime:0.0685s ]
SQL: SELECT * FROM `liu_info` WHERE `uid` = 31 LIMIT 1   [ RunTime:0.0681s ]
SQL: SELECT * FROM `liu_user` WHERE `uid` = 31 LIMIT 1   [ RunTime:0.0722s ]
NOTIC: [8] Undefined variable: phone D:\xampp\htdocs\www\Utk\web\liulin\Application\Home\Controller\BasisController.class.php 第 30 行.
NOTIC: [8] Undefined offset: 1 D:\xampp\htdocs\www\Utk\web\liulin\Application\Home\Controller\BasisController.class.php 第 31 行.
SQL: SHOW COLUMNS FROM `liu_dish` [ RunTime:0.0684s ]
SQL: SHOW COLUMNS FROM `liu_stuff` [ RunTime:0.0685s ]
SQL: SHOW COLUMNS FROM `liu_dishstep` [ RunTime:0.0682s ]
INFO: [ view_parse ] --START--
INFO: [ template_filter ] --START--
INFO: Run Behavior\ContentReplaceBehavior [ RunTime:0.000098s ]
INFO: [ template_filter ] --END-- [ RunTime:0.000133s ]
INFO: Run Behavior\ParseTemplateBehavior [ RunTime:0.008188s ]
INFO: [ view_parse ] --END-- [ RunTime:0.008226s ]
INFO: [ view_filter ] --START--
INFO: Run Behavior\WriteHtmlCacheBehavior [ RunTime:0.000463s ]
INFO: [ view_filter ] --END-- [ RunTime:0.000493s ]
INFO: [ app_end ] --START--
INFO: Run Behavior\ShowPageTraceBehavior [ RunTime:0.000785s ]
INFO: [ app_end ] --END-- [ RunTime:0.000848s ]
NOTIC: [2] dirname() expects parameter 2 to be integer, string given D:\xampp\htdocs\www\Utk\web\liulin\index.php 第 31 行.

[ 2017-08-10T21:43:39+08:00 ] 127.0.0.1 /liulin/Home/Dish/index.html
INFO: [ app_init ] --START--
INFO: Run Behavior\BuildLiteBehavior [ RunTime:0.000028s ]
INFO: [ app_init ] --END-- [ RunTime:0.000693s ]
INFO: [ app_begin ] --START--
INFO: Run Behavior\ReadHtmlCacheBehavior [ RunTime:0.000706s ]
INFO: [ app_begin ] --END-- [ RunTime:0.000749s ]
SQL: SHOW COLUMNS FROM `liu_user` [ RunTime:0.0688s ]
SQL: SHOW COLUMNS FROM `liu_info` [ RunTime:0.0683s ]
SQL: SELECT * FROM `liu_info` WHERE `uid` = 31 LIMIT 1   [ RunTime:0.0675s ]
SQL: SELECT * FROM `liu_user` WHERE `uid` = 31 LIMIT 1   [ RunTime:0.0678s ]
NOTIC: [8] Undefined variable: phone D:\xampp\htdocs\www\Utk\web\liulin\Application\Home\Controller\BasisController.class.php 第 30 行.
NOTIC: [8] Undefined offset: 1 D:\xampp\htdocs\www\Utk\web\liulin\Application\Home\Controller\BasisController.class.php 第 31 行.
SQL: SHOW COLUMNS FROM `liu_dish` [ RunTime:0.0680s ]
SQL: SHOW COLUMNS FROM `liu_stuff` [ RunTime:0.0681s ]
SQL: SHOW COLUMNS FROM `liu_dishstep` [ RunTime:0.0679s ]
INFO: [ view_parse ] --START--
INFO: [ template_filter ] --START--
INFO: Run Behavior\ContentReplaceBehavior [ RunTime:0.000100s ]
INFO: [ template_filter ] --END-- [ RunTime:0.000152s ]
INFO: Run Behavior\ParseTemplateBehavior [ RunTime:0.007387s ]
INFO: [ view_parse ] --END-- [ RunTime:0.007431s ]
INFO: [ view_filter ] --START--
INFO: Run Behavior\WriteHtmlCacheBehavior [ RunTime:0.000303s ]
INFO: [ view_filter ] --END-- [ RunTime:0.000330s ]
INFO: [ app_end ] --START--
INFO: Run Behavior\ShowPageTraceBehavior [ RunTime:0.000664s ]
INFO: [ app_end ] --END-- [ RunTime:0.000706s ]
NOTIC: [2] dirname() expects parameter 2 to be integer, string given D:\xampp\htdocs\www\Utk\web\liulin\index.php 第 31 行.

[ 2017-08-10T21:44:42+08:00 ] 127.0.0.1 /liulin/Home/Dish/index.html
INFO: [ app_init ] --START--
INFO: Run Behavior\BuildLiteBehavior [ RunTime:0.000011s ]
INFO: [ app_init ] --END-- [ RunTime:0.000394s ]
INFO: [ app_begin ] --START--
INFO: Run Behavior\ReadHtmlCacheBehavior [ RunTime:0.000838s ]
INFO: [ app_begin ] --END-- [ RunTime:0.000925s ]
SQL: SHOW COLUMNS FROM `liu_user` [ RunTime:0.0701s ]
SQL: SHOW COLUMNS FROM `liu_info` [ RunTime:0.0699s ]
SQL: SELECT * FROM `liu_info` WHERE `uid` = 31 LIMIT 1   [ RunTime:0.0701s ]
SQL: SELECT * FROM `liu_user` WHERE `uid` = 31 LIMIT 1   [ RunTime:0.0713s ]
NOTIC: [8] Undefined variable: phone D:\xampp\htdocs\www\Utk\web\liulin\Application\Home\Controller\BasisController.class.php 第 30 行.
NOTIC: [8] Undefined offset: 1 D:\xampp\htdocs\www\Utk\web\liulin\Application\Home\Controller\BasisController.class.php 第 31 行.
SQL: SHOW COLUMNS FROM `liu_dish` [ RunTime:0.0703s ]
SQL: SHOW COLUMNS FROM `liu_stuff` [ RunTime:0.0696s ]
SQL: SHOW COLUMNS FROM `liu_dishstep` [ RunTime:0.0696s ]
INFO: [ view_parse ] --START--
INFO: [ template_filter ] --START--
INFO: Run Behavior\ContentReplaceBehavior [ RunTime:0.000096s ]
INFO: [ template_filter ] --END-- [ RunTime:0.000132s ]
INFO: Run Behavior\ParseTemplateBehavior [ RunTime:0.007306s ]
INFO: [ view_parse ] --END-- [ RunTime:0.007344s ]
INFO: [ view_filter ] --START--
INFO: Run Behavior\WriteHtmlCacheBehavior [ RunTime:0.000275s ]
INFO: [ view_filter ] --END-- [ RunTime:0.000302s ]
INFO: [ app_end ] --START--
INFO: Run Behavior\ShowPageTraceBehavior [ RunTime:0.000693s ]
INFO: [ app_end ] --END-- [ RunTime:0.000735s ]
NOTIC: [2] dirname() expects parameter 2 to be integer, string given D:\xampp\htdocs\www\Utk\web\liulin\index.php 第 31 行.

[ 2017-08-10T21:45:03+08:00 ] 127.0.0.1 /liulin/Home/Dish/index.html
INFO: [ app_init ] --START--
INFO: Run Behavior\BuildLiteBehavior [ RunTime:0.000011s ]
INFO: [ app_init ] --END-- [ RunTime:0.000395s ]
INFO: [ app_begin ] --START--
INFO: Run Behavior\ReadHtmlCacheBehavior [ RunTime:0.000481s ]
INFO: [ app_begin ] --END-- [ RunTime:0.000518s ]
SQL: SHOW COLUMNS FROM `liu_user` [ RunTime:0.0718s ]
SQL: SHOW COLUMNS FROM `liu_info` [ RunTime:0.0714s ]
SQL: SELECT * FROM `liu_info` WHERE `uid` = 31 LIMIT 1   [ RunTime:0.0715s ]
SQL: SELECT * FROM `liu_user` WHERE `uid` = 31 LIMIT 1   [ RunTime:0.0705s ]
NOTIC: [8] Undefined variable: phone D:\xampp\htdocs\www\Utk\web\liulin\Application\Home\Controller\BasisController.class.php 第 30 行.
NOTIC: [8] Undefined offset: 1 D:\xampp\htdocs\www\Utk\web\liulin\Application\Home\Controller\BasisController.class.php 第 31 行.
SQL: SHOW COLUMNS FROM `liu_dish` [ RunTime:0.0714s ]
SQL: SHOW COLUMNS FROM `liu_stuff` [ RunTime:0.0713s ]
SQL: SHOW COLUMNS FROM `liu_dishstep` [ RunTime:0.0709s ]
INFO: [ view_parse ] --START--
INFO: [ template_filter ] --START--
INFO: Run Behavior\ContentReplaceBehavior [ RunTime:0.000100s ]
INFO: [ template_filter ] --END-- [ RunTime:0.000138s ]
INFO: Run Behavior\ParseTemplateBehavior [ RunTime:0.007500s ]
INFO: [ view_parse ] --END-- [ RunTime:0.007537s ]
INFO: [ view_filter ] --START--
INFO: Run Behavior\WriteHtmlCacheBehavior [ RunTime:0.000275s ]
INFO: [ view_filter ] --END-- [ RunTime:0.000304s ]
INFO: [ app_end ] --START--
INFO: Run Behavior\ShowPageTraceBehavior [ RunTime:0.000640s ]
INFO: [ app_end ] --END-- [ RunTime:0.000683s ]
NOTIC: [2] dirname() expects parameter 2 to be integer, string given D:\xampp\htdocs\www\Utk\web\liulin\index.php 第 31 行.

[ 2017-08-10T21:45:19+08:00 ] 127.0.0.1 /liulin/Home/Dish/index.html
INFO: [ app_init ] --START--
INFO: Run Behavior\BuildLiteBehavior [ RunTime:0.000013s ]
INFO: [ app_init ] --END-- [ RunTime:0.000844s ]
INFO: [ app_begin ] --START--
INFO: Run Behavior\ReadHtmlCacheBehavior [ RunTime:0.000887s ]
INFO: [ app_begin ] --END-- [ RunTime:0.000942s ]
SQL: SHOW COLUMNS FROM `liu_user` [ RunTime:0.0705s ]
SQL: SHOW COLUMNS FROM `liu_info` [ RunTime:0.0691s ]
SQL: SELECT * FROM `liu_info` WHERE `uid` = 31 LIMIT 1   [ RunTime:0.0683s ]
SQL: SELECT * FROM `liu_user` WHERE `uid` = 31 LIMIT 1   [ RunTime:0.0689s ]
NOTIC: [8] Undefined variable: phone D:\xampp\htdocs\www\Utk\web\liulin\Application\Home\Controller\BasisController.class.php 第 30 行.
NOTIC: [8] Undefined offset: 1 D:\xampp\htdocs\www\Utk\web\liulin\Application\Home\Controller\BasisController.class.php 第 31 行.
SQL: SHOW COLUMNS FROM `liu_dish` [ RunTime:0.0723s ]
SQL: SHOW COLUMNS FROM `liu_stuff` [ RunTime:0.0696s ]
SQL: SHOW COLUMNS FROM `liu_dishstep` [ RunTime:0.0687s ]
INFO: [ view_parse ] --START--
INFO: [ template_filter ] --START--
INFO: Run Behavior\ContentReplaceBehavior [ RunTime:0.000100s ]
INFO: [ template_filter ] --END-- [ RunTime:0.000140s ]
INFO: Run Behavior\ParseTemplateBehavior [ RunTime:0.008063s ]
INFO: [ view_parse ] --END-- [ RunTime:0.008107s ]
INFO: [ view_filter ] --START--
INFO: Run Behavior\WriteHtmlCacheBehavior [ RunTime:0.000694s ]
INFO: [ view_filter ] --END-- [ RunTime:0.000725s ]
INFO: [ app_end ] --START--
INFO: Run Behavior\ShowPageTraceBehavior [ RunTime:0.001081s ]
INFO: [ app_end ] --END-- [ RunTime:0.001139s ]
NOTIC: [2] dirname() expects parameter 2 to be integer, string given D:\xampp\htdocs\www\Utk\web\liulin\index.php 第 31 行.

[ 2017-08-10T21:47:11+08:00 ] 127.0.0.1 /liulin/Home/Dish/index.html
INFO: [ app_init ] --START--
INFO: Run Behavior\BuildLiteBehavior [ RunTime:0.000010s ]
INFO: [ app_init ] --END-- [ RunTime:0.000465s ]
INFO: [ app_begin ] --START--
INFO: Run Behavior\ReadHtmlCacheBehavior [ RunTime:0.001140s ]
INFO: [ app_begin ] --END-- [ RunTime:0.001219s ]
SQL: SHOW COLUMNS FROM `liu_user` [ RunTime:0.0698s ]
SQL: SHOW COLUMNS FROM `liu_info` [ RunTime:0.0694s ]
SQL: SELECT * FROM `liu_info` WHERE `uid` = 31 LIMIT 1   [ RunTime:0.0688s ]
SQL: SELECT * FROM `liu_user` WHERE `uid` = 31 LIMIT 1   [ RunTime:0.0730s ]
NOTIC: [8] Undefined variable: phone D:\xampp\htdocs\www\Utk\web\liulin\Application\Home\Controller\BasisController.class.php 第 30 行.
NOTIC: [8] Undefined offset: 1 D:\xampp\htdocs\www\Utk\web\liulin\Application\Home\Controller\BasisController.class.php 第 31 行.
SQL: SHOW COLUMNS FROM `liu_dish` [ RunTime:0.0697s ]
SQL: SHOW COLUMNS FROM `liu_stuff` [ RunTime:0.0697s ]
SQL: SHOW COLUMNS FROM `liu_dishstep` [ RunTime:0.0711s ]
INFO: [ view_parse ] --START--
INFO: [ template_filter ] --START--
INFO: Run Behavior\ContentReplaceBehavior [ RunTime:0.000103s ]
INFO: [ template_filter ] --END-- [ RunTime:0.000145s ]
INFO: Run Behavior\ParseTemplateBehavior [ RunTime:0.008988s ]
INFO: [ view_parse ] --END-- [ RunTime:0.009033s ]
INFO: [ view_filter ] --START--
INFO: Run Behavior\WriteHtmlCacheBehavior [ RunTime:0.000486s ]
INFO: [ view_filter ] --END-- [ RunTime:0.000515s ]
INFO: [ app_end ] --START--
INFO: Run Behavior\ShowPageTraceBehavior [ RunTime:0.000829s ]
INFO: [ app_end ] --END-- [ RunTime:0.000878s ]
NOTIC: [2] dirname() expects parameter 2 to be integer, string given D:\xampp\htdocs\www\Utk\web\liulin\index.php 第 31 行.

[ 2017-08-10T21:53:37+08:00 ] 127.0.0.1 /liulin/Home/Dish/index.html
INFO: [ app_init ] --START--
INFO: Run Behavior\BuildLiteBehavior [ RunTime:0.000011s ]
INFO: [ app_init ] --END-- [ RunTime:0.000493s ]
INFO: [ app_begin ] --START--
INFO: Run Behavior\ReadHtmlCacheBehavior [ RunTime:0.000728s ]
INFO: [ app_begin ] --END-- [ RunTime:0.000766s ]
SQL: SHOW COLUMNS FROM `liu_user` [ RunTime:0.0709s ]
SQL: SHOW COLUMNS FROM `liu_info` [ RunTime:0.0704s ]
SQL: SELECT * FROM `liu_info` WHERE `uid` = 31 LIMIT 1   [ RunTime:0.0702s ]
SQL: SELECT * FROM `liu_user` WHERE `uid` = 31 LIMIT 1   [ RunTime:0.0720s ]
NOTIC: [8] Undefined variable: phone D:\xampp\htdocs\www\Utk\web\liulin\Application\Home\Controller\BasisController.class.php 第 30 行.
NOTIC: [8] Undefined offset: 1 D:\xampp\htdocs\www\Utk\web\liulin\Application\Home\Controller\BasisController.class.php 第 31 行.
SQL: SHOW COLUMNS FROM `liu_dish` [ RunTime:0.0706s ]
SQL: SHOW COLUMNS FROM `liu_stuff` [ RunTime:0.0697s ]
SQL: SHOW COLUMNS FROM `liu_dishstep` [ RunTime:0.0721s ]
INFO: [ view_parse ] --START--
INFO: [ template_filter ] --START--
INFO: Run Behavior\ContentReplaceBehavior [ RunTime:0.000102s ]
INFO: [ template_filter ] --END-- [ RunTime:0.000144s ]
INFO: Run Behavior\ParseTemplateBehavior [ RunTime:0.007948s ]
INFO: [ view_parse ] --END-- [ RunTime:0.007990s ]
INFO: [ view_filter ] --START--
INFO: Run Behavior\WriteHtmlCacheBehavior [ RunTime:0.000630s ]
INFO: [ view_filter ] --END-- [ RunTime:0.000659s ]
INFO: [ app_end ] --START--
INFO: Run Behavior\ShowPageTraceBehavior [ RunTime:0.001015s ]
INFO: [ app_end ] --END-- [ RunTime:0.001069s ]
NOTIC: [2] dirname() expects parameter 2 to be integer, string given D:\xampp\htdocs\www\Utk\web\liulin\index.php 第 31 行.

[ 2017-08-10T21:54:41+08:00 ] 127.0.0.1 /liulin/Home/Dish/index.html
INFO: [ app_init ] --START--
INFO: Run Behavior\BuildLiteBehavior [ RunTime:0.000010s ]
INFO: [ app_init ] --END-- [ RunTime:0.000468s ]
INFO: [ app_begin ] --START--
INFO: Run Behavior\ReadHtmlCacheBehavior [ RunTime:0.000797s ]
INFO: [ app_begin ] --END-- [ RunTime:0.000836s ]
SQL: SHOW COLUMNS FROM `liu_user` [ RunTime:0.0695s ]
SQL: SHOW COLUMNS FROM `liu_info` [ RunTime:0.0689s ]
SQL: SELECT * FROM `liu_info` WHERE `uid` = 31 LIMIT 1   [ RunTime:0.0688s ]
SQL: SELECT * FROM `liu_user` WHERE `uid` = 31 LIMIT 1   [ RunTime:0.0688s ]
NOTIC: [8] Undefined variable: phone D:\xampp\htdocs\www\Utk\web\liulin\Application\Home\Controller\BasisController.class.php 第 30 行.
NOTIC: [8] Undefined offset: 1 D:\xampp\htdocs\www\Utk\web\liulin\Application\Home\Controller\BasisController.class.php 第 31 行.
SQL: SHOW COLUMNS FROM `liu_dish` [ RunTime:0.0688s ]
SQL: SHOW COLUMNS FROM `liu_stuff` [ RunTime:0.0687s ]
SQL: SHOW COLUMNS FROM `liu_dishstep` [ RunTime:0.0687s ]
INFO: [ view_parse ] --START--
INFO: [ template_filter ] --START--
INFO: Run Behavior\ContentReplaceBehavior [ RunTime:0.000098s ]
INFO: [ template_filter ] --END-- [ RunTime:0.000134s ]
INFO: Run Behavior\ParseTemplateBehavior [ RunTime:0.008227s ]
INFO: [ view_parse ] --END-- [ RunTime:0.008264s ]
INFO: [ view_filter ] --START--
INFO: Run Behavior\WriteHtmlCacheBehavior [ RunTime:0.000461s ]
INFO: [ view_filter ] --END-- [ RunTime:0.000491s ]
INFO: [ app_end ] --START--
INFO: Run Behavior\ShowPageTraceBehavior [ RunTime:0.000731s ]
INFO: [ app_end ] --END-- [ RunTime:0.000771s ]
NOTIC: [2] dirname() expects parameter 2 to be integer, string given D:\xampp\htdocs\www\Utk\web\liulin\index.php 第 31 行.

[ 2017-08-10T21:58:05+08:00 ] 127.0.0.1 /liulin/Home/Dish/index.html
INFO: [ app_init ] --START--
INFO: Run Behavior\BuildLiteBehavior [ RunTime:0.000012s ]
INFO: [ app_init ] --END-- [ RunTime:0.000690s ]
INFO: [ app_begin ] --START--
INFO: Run Behavior\ReadHtmlCacheBehavior [ RunTime:0.000721s ]
INFO: [ app_begin ] --END-- [ RunTime:0.000759s ]
SQL: SHOW COLUMNS FROM `liu_user` [ RunTime:0.0691s ]
SQL: SHOW COLUMNS FROM `liu_info` [ RunTime:0.0685s ]
SQL: SELECT * FROM `liu_info` WHERE `uid` = 31 LIMIT 1   [ RunTime:0.0682s ]
SQL: SELECT * FROM `liu_user` WHERE `uid` = 31 LIMIT 1   [ RunTime:0.0686s ]
NOTIC: [8] Undefined variable: phone D:\xampp\htdocs\www\Utk\web\liulin\Application\Home\Controller\BasisController.class.php 第 30 行.
NOTIC: [8] Undefined offset: 1 D:\xampp\htdocs\www\Utk\web\liulin\Application\Home\Controller\BasisController.class.php 第 31 行.
SQL: SHOW COLUMNS FROM `liu_dish` [ RunTime:0.0684s ]
SQL: SHOW COLUMNS FROM `liu_stuff` [ RunTime:0.0701s ]
SQL: SHOW COLUMNS FROM `liu_dishstep` [ RunTime:0.0693s ]
INFO: [ view_parse ] --START--
INFO: [ template_filter ] --START--
INFO: Run Behavior\ContentReplaceBehavior [ RunTime:0.000104s ]
INFO: [ template_filter ] --END-- [ RunTime:0.000152s ]
INFO: Run Behavior\ParseTemplateBehavior [ RunTime:0.011938s ]
INFO: [ view_parse ] --END-- [ RunTime:0.011976s ]
INFO: [ view_filter ] --START--
INFO: Run Behavior\WriteHtmlCacheBehavior [ RunTime:0.000661s ]
INFO: [ view_filter ] --END-- [ RunTime:0.000694s ]
INFO: [ app_end ] --START--
INFO: Run Behavior\ShowPageTraceBehavior [ RunTime:0.000971s ]
INFO: [ app_end ] --END-- [ RunTime:0.001018s ]
NOTIC: [2] dirname() expects parameter 2 to be integer, string given D:\xampp\htdocs\www\Utk\web\liulin\index.php 第 31 行.

[ 2017-08-10T21:58:42+08:00 ] 127.0.0.1 /liulin/Home/Dish/index.html
INFO: [ app_init ] --START--
INFO: Run Behavior\BuildLiteBehavior [ RunTime:0.000015s ]
INFO: [ app_init ] --END-- [ RunTime:0.000516s ]
INFO: [ app_begin ] --START--
INFO: Run Behavior\ReadHtmlCacheBehavior [ RunTime:0.000898s ]
INFO: [ app_begin ] --END-- [ RunTime:0.000948s ]
SQL: SHOW COLUMNS FROM `liu_user` [ RunTime:0.0683s ]
SQL: SHOW COLUMNS FROM `liu_info` [ RunTime:0.0680s ]
SQL: SELECT * FROM `liu_info` WHERE `uid` = 31 LIMIT 1   [ RunTime:0.0674s ]
SQL: SELECT * FROM `liu_user` WHERE `uid` = 31 LIMIT 1   [ RunTime:0.0669s ]
NOTIC: [8] Undefined variable: phone D:\xampp\htdocs\www\Utk\web\liulin\Application\Home\Controller\BasisController.class.php 第 30 行.
NOTIC: [8] Undefined offset: 1 D:\xampp\htdocs\www\Utk\web\liulin\Application\Home\Controller\BasisController.class.php 第 31 行.
SQL: SHOW COLUMNS FROM `liu_dish` [ RunTime:0.0675s ]
SQL: SHOW COLUMNS FROM `liu_stuff` [ RunTime:0.0684s ]
SQL: SHOW COLUMNS FROM `liu_dishstep` [ RunTime:0.0678s ]
INFO: [ view_parse ] --START--
INFO: [ template_filter ] --START--
INFO: Run Behavior\ContentReplaceBehavior [ RunTime:0.000097s ]
INFO: [ template_filter ] --END-- [ RunTime:0.000134s ]
INFO: Run Behavior\ParseTemplateBehavior [ RunTime:0.008188s ]
INFO: [ view_parse ] --END-- [ RunTime:0.008230s ]
INFO: [ view_filter ] --START--
INFO: Run Behavior\WriteHtmlCacheBehavior [ RunTime:0.000461s ]
INFO: [ view_filter ] --END-- [ RunTime:0.000490s ]
INFO: [ app_end ] --START--
INFO: Run Behavior\ShowPageTraceBehavior [ RunTime:0.000748s ]
INFO: [ app_end ] --END-- [ RunTime:0.000794s ]
NOTIC: [2] dirname() expects parameter 2 to be integer, string given D:\xampp\htdocs\www\Utk\web\liulin\index.php 第 31 行.

[ 2017-08-10T21:58:56+08:00 ] 127.0.0.1 /liulin/Home/Dish/index.html
INFO: [ app_init ] --START--
INFO: Run Behavior\BuildLiteBehavior [ RunTime:0.000018s ]
INFO: [ app_init ] --END-- [ RunTime:0.000395s ]
INFO: [ app_begin ] --START--
INFO: Run Behavior\ReadHtmlCacheBehavior [ RunTime:0.000476s ]
INFO: [ app_begin ] --END-- [ RunTime:0.000513s ]
SQL: SHOW COLUMNS FROM `liu_user` [ RunTime:0.0708s ]
SQL: SHOW COLUMNS FROM `liu_info` [ RunTime:0.0706s ]
SQL: SELECT * FROM `liu_info` WHERE `uid` = 31 LIMIT 1   [ RunTime:0.0701s ]
SQL: SELECT * FROM `liu_user` WHERE `uid` = 31 LIMIT 1   [ RunTime:0.0697s ]
NOTIC: [8] Undefined variable: phone D:\xampp\htdocs\www\Utk\web\liulin\Application\Home\Controller\BasisController.class.php 第 30 行.
NOTIC: [8] Undefined offset: 1 D:\xampp\htdocs\www\Utk\web\liulin\Application\Home\Controller\BasisController.class.php 第 31 行.
SQL: SHOW COLUMNS FROM `liu_dish` [ RunTime:0.0702s ]
SQL: SHOW COLUMNS FROM `liu_stuff` [ RunTime:0.0702s ]
SQL: SHOW COLUMNS FROM `liu_dishstep` [ RunTime:0.0702s ]
INFO: [ view_parse ] --START--
INFO: [ template_filter ] --START--
INFO: Run Behavior\ContentReplaceBehavior [ RunTime:0.000097s ]
INFO: [ template_filter ] --END-- [ RunTime:0.000135s ]
INFO: Run Behavior\ParseTemplateBehavior [ RunTime:0.006847s ]
INFO: [ view_parse ] --END-- [ RunTime:0.006884s ]
INFO: [ view_filter ] --START--
INFO: Run Behavior\WriteHtmlCacheBehavior [ RunTime:0.000632s ]
INFO: [ view_filter ] --END-- [ RunTime:0.000664s ]
INFO: [ app_end ] --START--
INFO: Run Behavior\ShowPageTraceBehavior [ RunTime:0.000920s ]
INFO: [ app_end ] --END-- [ RunTime:0.000963s ]
NOTIC: [2] dirname() expects parameter 2 to be integer, string given D:\xampp\htdocs\www\Utk\web\liulin\index.php 第 31 行.

[ 2017-08-10T22:00:41+08:00 ] 127.0.0.1 /liulin/Home/Dish/index.html
INFO: [ app_init ] --START--
INFO: Run Behavior\BuildLiteBehavior [ RunTime:0.000010s ]
INFO: [ app_init ] --END-- [ RunTime:0.000379s ]
INFO: [ app_begin ] --START--
INFO: Run Behavior\ReadHtmlCacheBehavior [ RunTime:0.000477s ]
INFO: [ app_begin ] --END-- [ RunTime:0.000518s ]
SQL: SHOW COLUMNS FROM `liu_user` [ RunTime:0.0694s ]
SQL: SHOW COLUMNS FROM `liu_info` [ RunTime:0.0727s ]
SQL: SELECT * FROM `liu_info` WHERE `uid` = 31 LIMIT 1   [ RunTime:0.0676s ]
SQL: SELECT * FROM `liu_user` WHERE `uid` = 31 LIMIT 1   [ RunTime:0.0683s ]
NOTIC: [8] Undefined variable: phone D:\xampp\htdocs\www\Utk\web\liulin\Application\Home\Controller\BasisController.class.php 第 30 行.
NOTIC: [8] Undefined offset: 1 D:\xampp\htdocs\www\Utk\web\liulin\Application\Home\Controller\BasisController.class.php 第 31 行.
SQL: SHOW COLUMNS FROM `liu_dish` [ RunTime:0.0709s ]
SQL: SHOW COLUMNS FROM `liu_stuff` [ RunTime:0.0676s ]
SQL: SHOW COLUMNS FROM `liu_dishstep` [ RunTime:0.0679s ]
INFO: [ view_parse ] --START--
INFO: [ template_filter ] --START--
INFO: Run Behavior\ContentReplaceBehavior [ RunTime:0.000107s ]
INFO: [ template_filter ] --END-- [ RunTime:0.000152s ]
INFO: Run Behavior\ParseTemplateBehavior [ RunTime:0.008034s ]
INFO: [ view_parse ] --END-- [ RunTime:0.008072s ]
INFO: [ view_filter ] --START--
INFO: Run Behavior\WriteHtmlCacheBehavior [ RunTime:0.000284s ]
INFO: [ view_filter ] --END-- [ RunTime:0.000311s ]
INFO: [ app_end ] --START--
INFO: Run Behavior\ShowPageTraceBehavior [ RunTime:0.000787s ]
INFO: [ app_end ] --END-- [ RunTime:0.000841s ]
NOTIC: [2] dirname() expects parameter 2 to be integer, string given D:\xampp\htdocs\www\Utk\web\liulin\index.php 第 31 行.

[ 2017-08-10T22:01:02+08:00 ] 127.0.0.1 /liulin/Home/Dish/index.html
INFO: [ app_init ] --START--
INFO: Run Behavior\BuildLiteBehavior [ RunTime:0.000009s ]
INFO: [ app_init ] --END-- [ RunTime:0.000468s ]
INFO: [ app_begin ] --START--
INFO: Run Behavior\ReadHtmlCacheBehavior [ RunTime:0.000820s ]
INFO: [ app_begin ] --END-- [ RunTime:0.000894s ]
SQL: SHOW COLUMNS FROM `liu_user` [ RunTime:0.0726s ]
SQL: SHOW COLUMNS FROM `liu_info` [ RunTime:0.0723s ]
SQL: SELECT * FROM `liu_info` WHERE `uid` = 31 LIMIT 1   [ RunTime:0.0710s ]
SQL: SELECT * FROM `liu_user` WHERE `uid` = 31 LIMIT 1   [ RunTime:0.0711s ]
NOTIC: [8] Undefined variable: phone D:\xampp\htdocs\www\Utk\web\liulin\Application\Home\Controller\BasisController.class.php 第 30 行.
NOTIC: [8] Undefined offset: 1 D:\xampp\htdocs\www\Utk\web\liulin\Application\Home\Controller\BasisController.class.php 第 31 行.
SQL: SHOW COLUMNS FROM `liu_dish` [ RunTime:0.0707s ]
SQL: SHOW COLUMNS FROM `liu_stuff` [ RunTime:0.0707s ]
SQL: SHOW COLUMNS FROM `liu_dishstep` [ RunTime:0.0706s ]
INFO: [ view_parse ] --START--
INFO: [ template_filter ] --START--
INFO: Run Behavior\ContentReplaceBehavior [ RunTime:0.000103s ]
INFO: [ template_filter ] --END-- [ RunTime:0.000142s ]
INFO: Run Behavior\ParseTemplateBehavior [ RunTime:0.008273s ]
INFO: [ view_parse ] --END-- [ RunTime:0.008315s ]
INFO: [ view_filter ] --START--
INFO: Run Behavior\WriteHtmlCacheBehavior [ RunTime:0.000659s ]
INFO: [ view_filter ] --END-- [ RunTime:0.000690s ]
INFO: [ app_end ] --START--
INFO: Run Behavior\ShowPageTraceBehavior [ RunTime:0.000928s ]
INFO: [ app_end ] --END-- [ RunTime:0.000972s ]
NOTIC: [2] dirname() expects parameter 2 to be integer, string given D:\xampp\htdocs\www\Utk\web\liulin\index.php 第 31 行.

[ 2017-08-10T22:02:08+08:00 ] 127.0.0.1 /liulin/Home/Dish/index.html
INFO: [ app_init ] --START--
INFO: Run Behavior\BuildLiteBehavior [ RunTime:0.000011s ]
INFO: [ app_init ] --END-- [ RunTime:0.000466s ]
INFO: [ app_begin ] --START--
INFO: Run Behavior\ReadHtmlCacheBehavior [ RunTime:0.000702s ]
INFO: [ app_begin ] --END-- [ RunTime:0.000740s ]
SQL: SHOW COLUMNS FROM `liu_user` [ RunTime:0.0714s ]
SQL: SHOW COLUMNS FROM `liu_info` [ RunTime:0.0714s ]
SQL: SELECT * FROM `liu_info` WHERE `uid` = 31 LIMIT 1   [ RunTime:0.0710s ]
SQL: SELECT * FROM `liu_user` WHERE `uid` = 31 LIMIT 1   [ RunTime:0.0703s ]
NOTIC: [8] Undefined variable: phone D:\xampp\htdocs\www\Utk\web\liulin\Application\Home\Controller\BasisController.class.php 第 30 行.
NOTIC: [8] Undefined offset: 1 D:\xampp\htdocs\www\Utk\web\liulin\Application\Home\Controller\BasisController.class.php 第 31 行.
SQL: SHOW COLUMNS FROM `liu_dish` [ RunTime:0.0707s ]
SQL: SHOW COLUMNS FROM `liu_stuff` [ RunTime:0.0717s ]
SQL: SHOW COLUMNS FROM `liu_dishstep` [ RunTime:0.0716s ]
INFO: [ view_parse ] --START--
INFO: [ template_filter ] --START--
INFO: Run Behavior\ContentReplaceBehavior [ RunTime:0.000106s ]
INFO: [ template_filter ] --END-- [ RunTime:0.000148s ]
INFO: Run Behavior\ParseTemplateBehavior [ RunTime:0.008446s ]
INFO: [ view_parse ] --END-- [ RunTime:0.008486s ]
INFO: [ view_filter ] --START--
INFO: Run Behavior\WriteHtmlCacheBehavior [ RunTime:0.000485s ]
INFO: [ view_filter ] --END-- [ RunTime:0.000513s ]
INFO: [ app_end ] --START--
INFO: Run Behavior\ShowPageTraceBehavior [ RunTime:0.000747s ]
INFO: [ app_end ] --END-- [ RunTime:0.000788s ]
NOTIC: [2] dirname() expects parameter 2 to be integer, string given D:\xampp\htdocs\www\Utk\web\liulin\index.php 第 31 行.

