[ 2017-08-14T20:25:28+08:00 ] 127.0.0.1 /liulin/Home/Register
INFO: [ app_init ] --START--
INFO: Run Behavior\BuildLiteBehavior [ RunTime:0.000010s ]
INFO: [ app_init ] --END-- [ RunTime:0.014398s ]
INFO: [ app_begin ] --START--
INFO: Run Behavior\ReadHtmlCacheBehavior [ RunTime:0.000868s ]
INFO: [ app_begin ] --END-- [ RunTime:0.000904s ]
SQL: SHOW COLUMNS FROM `liu_user` [ RunTime:0.1260s ]
SQL: SHOW COLUMNS FROM `liu_code` [ RunTime:0.0707s ]
SQL: SHOW COLUMNS FROM `liu_info` [ RunTime:0.0707s ]
INFO: [ view_parse ] --START--
INFO: [ template_filter ] --START--
INFO: Run Behavior\ContentReplaceBehavior [ RunTime:0.008092s ]
INFO: [ template_filter ] --END-- [ RunTime:0.008132s ]
INFO: Run Behavior\ParseTemplateBehavior [ RunTime:0.093745s ]
INFO: [ view_parse ] --END-- [ RunTime:0.093791s ]
INFO: [ view_filter ] --START--
INFO: Run Behavior\WriteHtmlCacheBehavior [ RunTime:0.025413s ]
INFO: [ view_filter ] --END-- [ RunTime:0.025448s ]
INFO: [ app_end ] --START--
INFO: Run Behavior\ShowPageTraceBehavior [ RunTime:0.115560s ]
INFO: [ app_end ] --END-- [ RunTime:0.115622s ]
NOTIC: [2] dirname() expects parameter 2 to be integer, string given D:\xampp\htdocs\www\Utk\web\liulin\index.php 第 31 行.

[ 2017-08-14T20:25:31+08:00 ] 127.0.0.1 /liulin/Home/Login/index.html
INFO: [ app_init ] --START--
INFO: Run Behavior\BuildLiteBehavior [ RunTime:0.000007s ]
INFO: [ app_init ] --END-- [ RunTime:0.000346s ]
INFO: [ app_begin ] --START--
INFO: Run Behavior\ReadHtmlCacheBehavior [ RunTime:0.000486s ]
INFO: [ app_begin ] --END-- [ RunTime:0.000513s ]
INFO: [ view_parse ] --START--
INFO: [ template_filter ] --START--
INFO: Run Behavior\ContentReplaceBehavior [ RunTime:0.000063s ]
INFO: [ template_filter ] --END-- [ RunTime:0.000105s ]
INFO: Run Behavior\ParseTemplateBehavior [ RunTime:0.025321s ]
INFO: [ view_parse ] --END-- [ RunTime:0.025363s ]
INFO: [ view_filter ] --START--
INFO: Run Behavior\WriteHtmlCacheBehavior [ RunTime:0.000226s ]
INFO: [ view_filter ] --END-- [ RunTime:0.000249s ]
INFO: [ app_end ] --START--
INFO: Run Behavior\ShowPageTraceBehavior [ RunTime:0.000369s ]
INFO: [ app_end ] --END-- [ RunTime:0.000391s ]
NOTIC: [2] dirname() expects parameter 2 to be integer, string given D:\xampp\htdocs\www\Utk\web\liulin\index.php 第 31 行.

[ 2017-08-14T20:25:43+08:00 ] 127.0.0.1 /liulin/Home/Login/index/do/check.html
INFO: [ app_init ] --START--
INFO: Run Behavior\BuildLiteBehavior [ RunTime:0.000047s ]
INFO: [ app_init ] --END-- [ RunTime:0.001127s ]
INFO: [ app_begin ] --START--
INFO: Run Behavior\ReadHtmlCacheBehavior [ RunTime:0.000558s ]
INFO: [ app_begin ] --END-- [ RunTime:0.000593s ]
SQL: SHOW COLUMNS FROM `liu_user` [ RunTime:0.0729s ]
SQL: SHOW COLUMNS FROM `liu_log` [ RunTime:0.0718s ]
SQL: SELECT * FROM `liu_user` WHERE `username` = 'admin110' LIMIT 1   [ RunTime:0.0720s ]
SQL: SELECT `password` FROM `liu_user` WHERE `username` = 'admin110' LIMIT 1   [ RunTime:0.0718s ]
SQL: INSERT INTO `liu_log` (`uid`,`success`,`intime`) VALUES ('31','1','1502713543') [ RunTime:0.0957s ]
INFO: [ view_parse ] --START--
INFO: [ template_filter ] --START--
INFO: Run Behavior\ContentReplaceBehavior [ RunTime:0.000022s ]
INFO: [ template_filter ] --END-- [ RunTime:0.000054s ]
INFO: Run Behavior\ParseTemplateBehavior [ RunTime:0.027526s ]
INFO: [ view_parse ] --END-- [ RunTime:0.027565s ]
INFO: [ view_filter ] --START--
INFO: Run Behavior\WriteHtmlCacheBehavior [ RunTime:0.000434s ]
INFO: [ view_filter ] --END-- [ RunTime:0.000454s ]
INFO: [ app_end ] --START--
INFO: Run Behavior\ShowPageTraceBehavior [ RunTime:0.000474s ]
INFO: [ app_end ] --END-- [ RunTime:0.000496s ]
NOTIC: [2] dirname() expects parameter 2 to be integer, string given D:\xampp\htdocs\www\Utk\web\liulin\index.php 第 31 行.

[ 2017-08-14T20:25:45+08:00 ] 127.0.0.1 /liulin/Home/Auser/
INFO: [ app_init ] --START--
INFO: Run Behavior\BuildLiteBehavior [ RunTime:0.000008s ]
INFO: [ app_init ] --END-- [ RunTime:0.000298s ]
INFO: [ app_begin ] --START--
INFO: Run Behavior\ReadHtmlCacheBehavior [ RunTime:0.000402s ]
INFO: [ app_begin ] --END-- [ RunTime:0.000429s ]
SQL: SHOW COLUMNS FROM `liu_user` [ RunTime:0.0735s ]
SQL: SHOW COLUMNS FROM `liu_info` [ RunTime:0.0727s ]
SQL: SELECT * FROM `liu_info` WHERE `uid` = 31 LIMIT 1   [ RunTime:0.0723s ]
SQL: SELECT * FROM `liu_user` WHERE `uid` = 31 LIMIT 1   [ RunTime:0.0724s ]
NOTIC: [8] Undefined variable: phone D:\xampp\htdocs\www\Utk\web\liulin\Application\Home\Controller\BasisController.class.php 第 30 行.
NOTIC: [8] Undefined offset: 1 D:\xampp\htdocs\www\Utk\web\liulin\Application\Home\Controller\BasisController.class.php 第 31 行.
INFO: [ view_parse ] --START--
INFO: [ template_filter ] --START--
INFO: Run Behavior\ContentReplaceBehavior [ RunTime:0.000056s ]
INFO: [ template_filter ] --END-- [ RunTime:0.000130s ]
INFO: Run Behavior\ParseTemplateBehavior [ RunTime:0.042320s ]
INFO: [ view_parse ] --END-- [ RunTime:0.042373s ]
INFO: [ view_filter ] --START--
INFO: Run Behavior\WriteHtmlCacheBehavior [ RunTime:0.000255s ]
INFO: [ view_filter ] --END-- [ RunTime:0.000278s ]
INFO: [ app_end ] --START--
INFO: Run Behavior\ShowPageTraceBehavior [ RunTime:0.000420s ]
INFO: [ app_end ] --END-- [ RunTime:0.000444s ]
NOTIC: [2] dirname() expects parameter 2 to be integer, string given D:\xampp\htdocs\www\Utk\web\liulin\index.php 第 31 行.

[ 2017-08-14T20:25:54+08:00 ] 127.0.0.1 /liulin/Home/Auser/dish.html
INFO: [ app_init ] --START--
INFO: Run Behavior\BuildLiteBehavior [ RunTime:0.000008s ]
INFO: [ app_init ] --END-- [ RunTime:0.000291s ]
INFO: [ app_begin ] --START--
INFO: Run Behavior\ReadHtmlCacheBehavior [ RunTime:0.000503s ]
INFO: [ app_begin ] --END-- [ RunTime:0.000555s ]
SQL: SHOW COLUMNS FROM `liu_user` [ RunTime:0.0748s ]
SQL: SHOW COLUMNS FROM `liu_info` [ RunTime:0.0742s ]
SQL: SELECT * FROM `liu_info` WHERE `uid` = 31 LIMIT 1   [ RunTime:0.0735s ]
SQL: SELECT * FROM `liu_user` WHERE `uid` = 31 LIMIT 1   [ RunTime:0.0736s ]
NOTIC: [8] Undefined variable: phone D:\xampp\htdocs\www\Utk\web\liulin\Application\Home\Controller\BasisController.class.php 第 30 行.
NOTIC: [8] Undefined offset: 1 D:\xampp\htdocs\www\Utk\web\liulin\Application\Home\Controller\BasisController.class.php 第 31 行.
SQL: SHOW COLUMNS FROM `liu_dish` [ RunTime:0.0740s ]
SQL: SELECT * FROM `liu_dish` WHERE `uid` = 31 ORDER BY did desc  [ RunTime:0.0755s ]
INFO: [ view_parse ] --START--
INFO: [ template_filter ] --START--
INFO: Run Behavior\ContentReplaceBehavior [ RunTime:0.000046s ]
INFO: [ template_filter ] --END-- [ RunTime:0.000079s ]
INFO: Run Behavior\ParseTemplateBehavior [ RunTime:0.060989s ]
INFO: [ view_parse ] --END-- [ RunTime:0.061024s ]
INFO: [ view_filter ] --START--
INFO: Run Behavior\WriteHtmlCacheBehavior [ RunTime:0.000227s ]
INFO: [ view_filter ] --END-- [ RunTime:0.000248s ]
INFO: [ app_end ] --START--
INFO: Run Behavior\ShowPageTraceBehavior [ RunTime:0.000802s ]
INFO: [ app_end ] --END-- [ RunTime:0.000863s ]
NOTIC: [2] dirname() expects parameter 2 to be integer, string given D:\xampp\htdocs\www\Utk\web\liulin\index.php 第 31 行.

[ 2017-08-14T20:25:57+08:00 ] 127.0.0.1 /liulin/
INFO: [ app_init ] --START--
INFO: Run Behavior\BuildLiteBehavior [ RunTime:0.000007s ]
INFO: [ app_init ] --END-- [ RunTime:0.000352s ]
INFO: [ app_begin ] --START--
INFO: Run Behavior\ReadHtmlCacheBehavior [ RunTime:0.000828s ]
INFO: [ app_begin ] --END-- [ RunTime:0.000875s ]
INFO: [ view_parse ] --START--
INFO: [ template_filter ] --START--
INFO: Run Behavior\ContentReplaceBehavior [ RunTime:0.000019s ]
INFO: [ template_filter ] --END-- [ RunTime:0.000055s ]
INFO: Run Behavior\ParseTemplateBehavior [ RunTime:0.081012s ]
INFO: [ view_parse ] --END-- [ RunTime:0.081104s ]
INFO: [ view_filter ] --START--
INFO: Run Behavior\WriteHtmlCacheBehavior [ RunTime:0.000616s ]
INFO: [ view_filter ] --END-- [ RunTime:0.000673s ]
INFO: [ app_end ] --START--
INFO: Run Behavior\ShowPageTraceBehavior [ RunTime:0.001223s ]
INFO: [ app_end ] --END-- [ RunTime:0.001265s ]
NOTIC: [2] dirname() expects parameter 2 to be integer, string given D:\xampp\htdocs\www\Utk\web\liulin\index.php 第 31 行.

[ 2017-08-14T20:26:04+08:00 ] 127.0.0.1 /liulin/Home/Auser/profile.html
INFO: [ app_init ] --START--
INFO: Run Behavior\BuildLiteBehavior [ RunTime:0.000018s ]
INFO: [ app_init ] --END-- [ RunTime:0.000517s ]
INFO: [ app_begin ] --START--
INFO: Run Behavior\ReadHtmlCacheBehavior [ RunTime:0.000430s ]
INFO: [ app_begin ] --END-- [ RunTime:0.000463s ]
SQL: SHOW COLUMNS FROM `liu_user` [ RunTime:0.0731s ]
SQL: SHOW COLUMNS FROM `liu_info` [ RunTime:0.0720s ]
SQL: SELECT * FROM `liu_info` WHERE `uid` = 31 LIMIT 1   [ RunTime:0.0722s ]
SQL: SELECT * FROM `liu_user` WHERE `uid` = 31 LIMIT 1   [ RunTime:0.0720s ]
NOTIC: [8] Undefined variable: phone D:\xampp\htdocs\www\Utk\web\liulin\Application\Home\Controller\BasisController.class.php 第 30 行.
NOTIC: [8] Undefined offset: 1 D:\xampp\htdocs\www\Utk\web\liulin\Application\Home\Controller\BasisController.class.php 第 31 行.
SQL: SHOW COLUMNS FROM `liu_dish` [ RunTime:0.0728s ]
SQL: SELECT * FROM `liu_dish` WHERE `uid` = 31 ORDER BY did desc  [ RunTime:0.0729s ]
INFO: [ view_parse ] --START--
INFO: [ template_filter ] --START--
INFO: Run Behavior\ContentReplaceBehavior [ RunTime:0.000050s ]
INFO: [ template_filter ] --END-- [ RunTime:0.000082s ]
INFO: Run Behavior\ParseTemplateBehavior [ RunTime:0.020405s ]
INFO: [ view_parse ] --END-- [ RunTime:0.020460s ]
INFO: [ view_filter ] --START--
INFO: Run Behavior\WriteHtmlCacheBehavior [ RunTime:0.000254s ]
INFO: [ view_filter ] --END-- [ RunTime:0.000295s ]
INFO: [ app_end ] --START--
INFO: Run Behavior\ShowPageTraceBehavior [ RunTime:0.000761s ]
INFO: [ app_end ] --END-- [ RunTime:0.000851s ]
NOTIC: [2] dirname() expects parameter 2 to be integer, string given D:\xampp\htdocs\www\Utk\web\liulin\index.php 第 31 行.

[ 2017-08-14T20:26:04+08:00 ] 127.0.0.1 /liulin/
INFO: [ app_init ] --START--
INFO: Run Behavior\BuildLiteBehavior [ RunTime:0.000009s ]
INFO: [ app_init ] --END-- [ RunTime:0.000346s ]
INFO: [ app_begin ] --START--
INFO: Run Behavior\ReadHtmlCacheBehavior [ RunTime:0.000362s ]
INFO: [ app_begin ] --END-- [ RunTime:0.000391s ]
INFO: [ view_parse ] --START--
INFO: [ template_filter ] --START--
INFO: Run Behavior\ContentReplaceBehavior [ RunTime:0.000018s ]
INFO: [ template_filter ] --END-- [ RunTime:0.000057s ]
INFO: Run Behavior\ParseTemplateBehavior [ RunTime:0.005252s ]
INFO: [ view_parse ] --END-- [ RunTime:0.005281s ]
INFO: [ view_filter ] --START--
INFO: Run Behavior\WriteHtmlCacheBehavior [ RunTime:0.000206s ]
INFO: [ view_filter ] --END-- [ RunTime:0.000227s ]
INFO: [ app_end ] --START--
INFO: Run Behavior\ShowPageTraceBehavior [ RunTime:0.000429s ]
INFO: [ app_end ] --END-- [ RunTime:0.000453s ]
NOTIC: [2] dirname() expects parameter 2 to be integer, string given D:\xampp\htdocs\www\Utk\web\liulin\index.php 第 31 行.

[ 2017-08-14T20:26:06+08:00 ] 127.0.0.1 /liulin/Home/Auser/dish.html
INFO: [ app_init ] --START--
INFO: Run Behavior\BuildLiteBehavior [ RunTime:0.000008s ]
INFO: [ app_init ] --END-- [ RunTime:0.000325s ]
INFO: [ app_begin ] --START--
INFO: Run Behavior\ReadHtmlCacheBehavior [ RunTime:0.000346s ]
INFO: [ app_begin ] --END-- [ RunTime:0.000374s ]
SQL: SHOW COLUMNS FROM `liu_user` [ RunTime:0.0733s ]
SQL: SHOW COLUMNS FROM `liu_info` [ RunTime:0.0726s ]
SQL: SELECT * FROM `liu_info` WHERE `uid` = 31 LIMIT 1   [ RunTime:0.0721s ]
SQL: SELECT * FROM `liu_user` WHERE `uid` = 31 LIMIT 1   [ RunTime:0.0715s ]
NOTIC: [8] Undefined variable: phone D:\xampp\htdocs\www\Utk\web\liulin\Application\Home\Controller\BasisController.class.php 第 30 行.
NOTIC: [8] Undefined offset: 1 D:\xampp\htdocs\www\Utk\web\liulin\Application\Home\Controller\BasisController.class.php 第 31 行.
SQL: SHOW COLUMNS FROM `liu_dish` [ RunTime:0.0721s ]
SQL: SELECT * FROM `liu_dish` WHERE `uid` = 31 ORDER BY did desc  [ RunTime:0.0736s ]
INFO: [ view_parse ] --START--
INFO: [ template_filter ] --START--
INFO: Run Behavior\ContentReplaceBehavior [ RunTime:0.000048s ]
INFO: [ template_filter ] --END-- [ RunTime:0.000080s ]
INFO: Run Behavior\ParseTemplateBehavior [ RunTime:0.008822s ]
INFO: [ view_parse ] --END-- [ RunTime:0.008850s ]
INFO: [ view_filter ] --START--
INFO: Run Behavior\WriteHtmlCacheBehavior [ RunTime:0.000235s ]
INFO: [ view_filter ] --END-- [ RunTime:0.000256s ]
INFO: [ app_end ] --START--
INFO: Run Behavior\ShowPageTraceBehavior [ RunTime:0.000880s ]
INFO: [ app_end ] --END-- [ RunTime:0.000967s ]
NOTIC: [2] dirname() expects parameter 2 to be integer, string given D:\xampp\htdocs\www\Utk\web\liulin\index.php 第 31 行.

[ 2017-08-14T20:26:06+08:00 ] 127.0.0.1 /liulin/
INFO: [ app_init ] --START--
INFO: Run Behavior\BuildLiteBehavior [ RunTime:0.000007s ]
INFO: [ app_init ] --END-- [ RunTime:0.000287s ]
INFO: [ app_begin ] --START--
INFO: Run Behavior\ReadHtmlCacheBehavior [ RunTime:0.000353s ]
INFO: [ app_begin ] --END-- [ RunTime:0.000381s ]
INFO: [ view_parse ] --START--
INFO: [ template_filter ] --START--
INFO: Run Behavior\ContentReplaceBehavior [ RunTime:0.000014s ]
INFO: [ template_filter ] --END-- [ RunTime:0.000040s ]
INFO: Run Behavior\ParseTemplateBehavior [ RunTime:0.021911s ]
INFO: [ view_parse ] --END-- [ RunTime:0.021971s ]
INFO: [ view_filter ] --START--
INFO: Run Behavior\WriteHtmlCacheBehavior [ RunTime:0.000383s ]
INFO: [ view_filter ] --END-- [ RunTime:0.000415s ]
INFO: [ app_end ] --START--
INFO: Run Behavior\ShowPageTraceBehavior [ RunTime:0.000787s ]
INFO: [ app_end ] --END-- [ RunTime:0.000829s ]
NOTIC: [2] dirname() expects parameter 2 to be integer, string given D:\xampp\htdocs\www\Utk\web\liulin\index.php 第 31 行.

[ 2017-08-14T20:26:12+08:00 ] 127.0.0.1 /liulin/Home/Dish/index.html
INFO: [ app_init ] --START--
INFO: Run Behavior\BuildLiteBehavior [ RunTime:0.000006s ]
INFO: [ app_init ] --END-- [ RunTime:0.000269s ]
INFO: [ app_begin ] --START--
INFO: Run Behavior\ReadHtmlCacheBehavior [ RunTime:0.000340s ]
INFO: [ app_begin ] --END-- [ RunTime:0.000366s ]
SQL: SHOW COLUMNS FROM `liu_user` [ RunTime:0.0752s ]
SQL: SHOW COLUMNS FROM `liu_info` [ RunTime:0.0747s ]
SQL: SELECT * FROM `liu_info` WHERE `uid` = 31 LIMIT 1   [ RunTime:0.0744s ]
SQL: SELECT * FROM `liu_user` WHERE `uid` = 31 LIMIT 1   [ RunTime:0.0738s ]
NOTIC: [8] Undefined variable: phone D:\xampp\htdocs\www\Utk\web\liulin\Application\Home\Controller\BasisController.class.php 第 30 行.
NOTIC: [8] Undefined offset: 1 D:\xampp\htdocs\www\Utk\web\liulin\Application\Home\Controller\BasisController.class.php 第 31 行.
SQL: SHOW COLUMNS FROM `liu_dish` [ RunTime:0.0749s ]
SQL: SHOW COLUMNS FROM `liu_stuff` [ RunTime:0.0767s ]
SQL: SHOW COLUMNS FROM `liu_dishstep` [ RunTime:0.0748s ]
INFO: [ view_parse ] --START--
INFO: [ template_filter ] --START--
INFO: Run Behavior\ContentReplaceBehavior [ RunTime:0.000093s ]
INFO: [ template_filter ] --END-- [ RunTime:0.000131s ]
INFO: Run Behavior\ParseTemplateBehavior [ RunTime:0.034921s ]
INFO: [ view_parse ] --END-- [ RunTime:0.034957s ]
INFO: [ view_filter ] --START--
INFO: Run Behavior\WriteHtmlCacheBehavior [ RunTime:0.000217s ]
INFO: [ view_filter ] --END-- [ RunTime:0.000238s ]
INFO: [ app_end ] --START--
INFO: Run Behavior\ShowPageTraceBehavior [ RunTime:0.000537s ]
INFO: [ app_end ] --END-- [ RunTime:0.000573s ]
NOTIC: [2] dirname() expects parameter 2 to be integer, string given D:\xampp\htdocs\www\Utk\web\liulin\index.php 第 31 行.

[ 2017-08-14T20:27:04+08:00 ] 127.0.0.1 /liulin/Home/Login/index/do/check.html
INFO: [ app_init ] --START--
INFO: Run Behavior\BuildLiteBehavior [ RunTime:0.000007s ]
INFO: [ app_init ] --END-- [ RunTime:0.000438s ]
INFO: [ app_begin ] --START--
INFO: Run Behavior\ReadHtmlCacheBehavior [ RunTime:0.000609s ]
INFO: [ app_begin ] --END-- [ RunTime:0.000637s ]
SQL: SHOW COLUMNS FROM `liu_user` [ RunTime:0.0728s ]
SQL: SHOW COLUMNS FROM `liu_log` [ RunTime:0.0717s ]
SQL: SELECT * FROM `liu_user` WHERE `username` = 'admin110' LIMIT 1   [ RunTime:0.0719s ]
SQL: SELECT `password` FROM `liu_user` WHERE `username` = 'admin110' LIMIT 1   [ RunTime:0.0716s ]
SQL: INSERT INTO `liu_log` (`uid`,`success`,`intime`) VALUES ('31','1','1502713624') [ RunTime:0.0876s ]
INFO: [ view_parse ] --START--
INFO: [ template_filter ] --START--
INFO: Run Behavior\ContentReplaceBehavior [ RunTime:0.000021s ]
INFO: [ template_filter ] --END-- [ RunTime:0.000047s ]
INFO: Run Behavior\ParseTemplateBehavior [ RunTime:0.005420s ]
INFO: [ view_parse ] --END-- [ RunTime:0.005451s ]
INFO: [ view_filter ] --START--
INFO: Run Behavior\WriteHtmlCacheBehavior [ RunTime:0.000520s ]
INFO: [ view_filter ] --END-- [ RunTime:0.000542s ]
INFO: [ app_end ] --START--
INFO: Run Behavior\ShowPageTraceBehavior [ RunTime:0.000554s ]
INFO: [ app_end ] --END-- [ RunTime:0.000575s ]
NOTIC: [2] dirname() expects parameter 2 to be integer, string given D:\xampp\htdocs\www\Utk\web\liulin\index.php 第 31 行.

[ 2017-08-14T20:27:06+08:00 ] 127.0.0.1 /liulin/Home/Auser/profile
INFO: [ app_init ] --START--
INFO: Run Behavior\BuildLiteBehavior [ RunTime:0.000006s ]
INFO: [ app_init ] --END-- [ RunTime:0.000325s ]
INFO: [ app_begin ] --START--
INFO: Run Behavior\ReadHtmlCacheBehavior [ RunTime:0.000350s ]
INFO: [ app_begin ] --END-- [ RunTime:0.000399s ]
SQL: SHOW COLUMNS FROM `liu_user` [ RunTime:0.0709s ]
SQL: SHOW COLUMNS FROM `liu_info` [ RunTime:0.0701s ]
SQL: SELECT * FROM `liu_info` WHERE `uid` = 31 LIMIT 1   [ RunTime:0.0760s ]
SQL: SELECT * FROM `liu_user` WHERE `uid` = 31 LIMIT 1   [ RunTime:0.0698s ]
NOTIC: [8] Undefined variable: phone D:\xampp\htdocs\www\Utk\web\liulin\Application\Home\Controller\BasisController.class.php 第 30 行.
NOTIC: [8] Undefined offset: 1 D:\xampp\htdocs\www\Utk\web\liulin\Application\Home\Controller\BasisController.class.php 第 31 行.
SQL: SHOW COLUMNS FROM `liu_dish` [ RunTime:0.0718s ]
SQL: SELECT * FROM `liu_dish` WHERE `uid` = 31 ORDER BY did desc  [ RunTime:0.0715s ]
INFO: [ view_parse ] --START--
INFO: [ template_filter ] --START--
INFO: Run Behavior\ContentReplaceBehavior [ RunTime:0.000048s ]
INFO: [ template_filter ] --END-- [ RunTime:0.000073s ]
INFO: Run Behavior\ParseTemplateBehavior [ RunTime:0.007658s ]
INFO: [ view_parse ] --END-- [ RunTime:0.007687s ]
INFO: [ view_filter ] --START--
INFO: Run Behavior\WriteHtmlCacheBehavior [ RunTime:0.000265s ]
INFO: [ view_filter ] --END-- [ RunTime:0.000287s ]
INFO: [ app_end ] --START--
INFO: Run Behavior\ShowPageTraceBehavior [ RunTime:0.000508s ]
INFO: [ app_end ] --END-- [ RunTime:0.000554s ]
NOTIC: [2] dirname() expects parameter 2 to be integer, string given D:\xampp\htdocs\www\Utk\web\liulin\index.php 第 31 行.

[ 2017-08-14T20:27:06+08:00 ] 127.0.0.1 /liulin/
INFO: [ app_init ] --START--
INFO: Run Behavior\BuildLiteBehavior [ RunTime:0.000009s ]
INFO: [ app_init ] --END-- [ RunTime:0.000314s ]
INFO: [ app_begin ] --START--
INFO: Run Behavior\ReadHtmlCacheBehavior [ RunTime:0.000401s ]
INFO: [ app_begin ] --END-- [ RunTime:0.000435s ]
INFO: [ view_parse ] --START--
INFO: [ template_filter ] --START--
INFO: Run Behavior\ContentReplaceBehavior [ RunTime:0.000019s ]
INFO: [ template_filter ] --END-- [ RunTime:0.000057s ]
INFO: Run Behavior\ParseTemplateBehavior [ RunTime:0.004397s ]
INFO: [ view_parse ] --END-- [ RunTime:0.004442s ]
INFO: [ view_filter ] --START--
INFO: Run Behavior\WriteHtmlCacheBehavior [ RunTime:0.000249s ]
INFO: [ view_filter ] --END-- [ RunTime:0.000274s ]
INFO: [ app_end ] --START--
INFO: Run Behavior\ShowPageTraceBehavior [ RunTime:0.000473s ]
INFO: [ app_end ] --END-- [ RunTime:0.000501s ]
NOTIC: [2] dirname() expects parameter 2 to be integer, string given D:\xampp\htdocs\www\Utk\web\liulin\index.php 第 31 行.

[ 2017-08-14T20:27:10+08:00 ] 127.0.0.1 /liulin/Home/Auser/dish.html
INFO: [ app_init ] --START--
INFO: Run Behavior\BuildLiteBehavior [ RunTime:0.000007s ]
INFO: [ app_init ] --END-- [ RunTime:0.000274s ]
INFO: [ app_begin ] --START--
INFO: Run Behavior\ReadHtmlCacheBehavior [ RunTime:0.000342s ]
INFO: [ app_begin ] --END-- [ RunTime:0.000368s ]
SQL: SHOW COLUMNS FROM `liu_user` [ RunTime:0.0748s ]
SQL: SHOW COLUMNS FROM `liu_info` [ RunTime:0.0749s ]
SQL: SELECT * FROM `liu_info` WHERE `uid` = 31 LIMIT 1   [ RunTime:0.0743s ]
SQL: SELECT * FROM `liu_user` WHERE `uid` = 31 LIMIT 1   [ RunTime:0.0737s ]
NOTIC: [8] Undefined variable: phone D:\xampp\htdocs\www\Utk\web\liulin\Application\Home\Controller\BasisController.class.php 第 30 行.
NOTIC: [8] Undefined offset: 1 D:\xampp\htdocs\www\Utk\web\liulin\Application\Home\Controller\BasisController.class.php 第 31 行.
SQL: SHOW COLUMNS FROM `liu_dish` [ RunTime:0.0743s ]
SQL: SELECT * FROM `liu_dish` WHERE `uid` = 31 ORDER BY did desc  [ RunTime:0.1486s ]
INFO: [ view_parse ] --START--
INFO: [ template_filter ] --START--
INFO: Run Behavior\ContentReplaceBehavior [ RunTime:0.000066s ]
INFO: [ template_filter ] --END-- [ RunTime:0.000112s ]
INFO: Run Behavior\ParseTemplateBehavior [ RunTime:0.008725s ]
INFO: [ view_parse ] --END-- [ RunTime:0.008764s ]
INFO: [ view_filter ] --START--
INFO: Run Behavior\WriteHtmlCacheBehavior [ RunTime:0.000304s ]
INFO: [ view_filter ] --END-- [ RunTime:0.000327s ]
INFO: [ app_end ] --START--
INFO: Run Behavior\ShowPageTraceBehavior [ RunTime:0.001231s ]
INFO: [ app_end ] --END-- [ RunTime:0.001322s ]
NOTIC: [2] dirname() expects parameter 2 to be integer, string given D:\xampp\htdocs\www\Utk\web\liulin\index.php 第 31 行.

[ 2017-08-14T20:27:10+08:00 ] 127.0.0.1 /liulin/
INFO: [ app_init ] --START--
INFO: Run Behavior\BuildLiteBehavior [ RunTime:0.000026s ]
INFO: [ app_init ] --END-- [ RunTime:0.000524s ]
INFO: [ app_begin ] --START--
INFO: Run Behavior\ReadHtmlCacheBehavior [ RunTime:0.001278s ]
INFO: [ app_begin ] --END-- [ RunTime:0.001355s ]
INFO: [ view_parse ] --START--
INFO: [ template_filter ] --START--
INFO: Run Behavior\ContentReplaceBehavior [ RunTime:0.000021s ]
INFO: [ template_filter ] --END-- [ RunTime:0.000081s ]
INFO: Run Behavior\ParseTemplateBehavior [ RunTime:0.004151s ]
INFO: [ view_parse ] --END-- [ RunTime:0.004186s ]
INFO: [ view_filter ] --START--
INFO: Run Behavior\WriteHtmlCacheBehavior [ RunTime:0.000228s ]
INFO: [ view_filter ] --END-- [ RunTime:0.000250s ]
INFO: [ app_end ] --START--
INFO: Run Behavior\ShowPageTraceBehavior [ RunTime:0.000440s ]
INFO: [ app_end ] --END-- [ RunTime:0.000465s ]
NOTIC: [2] dirname() expects parameter 2 to be integer, string given D:\xampp\htdocs\www\Utk\web\liulin\index.php 第 31 行.

[ 2017-08-14T20:27:12+08:00 ] 127.0.0.1 /liulin/Home/Dish/index.html
INFO: [ app_init ] --START--
INFO: Run Behavior\BuildLiteBehavior [ RunTime:0.000011s ]
INFO: [ app_init ] --END-- [ RunTime:0.001075s ]
INFO: [ app_begin ] --START--
INFO: Run Behavior\ReadHtmlCacheBehavior [ RunTime:0.000402s ]
INFO: [ app_begin ] --END-- [ RunTime:0.000436s ]
SQL: SHOW COLUMNS FROM `liu_user` [ RunTime:0.0737s ]
SQL: SHOW COLUMNS FROM `liu_info` [ RunTime:0.0737s ]
SQL: SELECT * FROM `liu_info` WHERE `uid` = 31 LIMIT 1   [ RunTime:0.0735s ]
SQL: SELECT * FROM `liu_user` WHERE `uid` = 31 LIMIT 1   [ RunTime:0.0743s ]
NOTIC: [8] Undefined variable: phone D:\xampp\htdocs\www\Utk\web\liulin\Application\Home\Controller\BasisController.class.php 第 30 行.
NOTIC: [8] Undefined offset: 1 D:\xampp\htdocs\www\Utk\web\liulin\Application\Home\Controller\BasisController.class.php 第 31 行.
SQL: SHOW COLUMNS FROM `liu_dish` [ RunTime:0.0738s ]
SQL: SHOW COLUMNS FROM `liu_stuff` [ RunTime:0.0739s ]
SQL: SHOW COLUMNS FROM `liu_dishstep` [ RunTime:0.0740s ]
INFO: [ view_parse ] --START--
INFO: [ template_filter ] --START--
INFO: Run Behavior\ContentReplaceBehavior [ RunTime:0.000092s ]
INFO: [ template_filter ] --END-- [ RunTime:0.000129s ]
INFO: Run Behavior\ParseTemplateBehavior [ RunTime:0.007423s ]
INFO: [ view_parse ] --END-- [ RunTime:0.007453s ]
INFO: [ view_filter ] --START--
INFO: Run Behavior\WriteHtmlCacheBehavior [ RunTime:0.000222s ]
INFO: [ view_filter ] --END-- [ RunTime:0.000242s ]
INFO: [ app_end ] --START--
INFO: Run Behavior\ShowPageTraceBehavior [ RunTime:0.000701s ]
INFO: [ app_end ] --END-- [ RunTime:0.000744s ]
NOTIC: [2] dirname() expects parameter 2 to be integer, string given D:\xampp\htdocs\www\Utk\web\liulin\index.php 第 31 行.

[ 2017-08-14T20:27:17+08:00 ] 127.0.0.1 /liulin/Home/Dish/showdish/did/186.html
INFO: [ app_init ] --START--
INFO: Run Behavior\BuildLiteBehavior [ RunTime:0.000007s ]
INFO: [ app_init ] --END-- [ RunTime:0.000274s ]
INFO: [ app_begin ] --START--
INFO: Run Behavior\ReadHtmlCacheBehavior [ RunTime:0.000337s ]
INFO: [ app_begin ] --END-- [ RunTime:0.000364s ]
SQL: SHOW COLUMNS FROM `liu_user` [ RunTime:0.0743s ]
SQL: SHOW COLUMNS FROM `liu_info` [ RunTime:0.0718s ]
SQL: SELECT * FROM `liu_info` WHERE `uid` = 31 LIMIT 1   [ RunTime:0.0719s ]
SQL: SELECT * FROM `liu_user` WHERE `uid` = 31 LIMIT 1   [ RunTime:0.0715s ]
NOTIC: [8] Undefined variable: phone D:\xampp\htdocs\www\Utk\web\liulin\Application\Home\Controller\BasisController.class.php 第 30 行.
NOTIC: [8] Undefined offset: 1 D:\xampp\htdocs\www\Utk\web\liulin\Application\Home\Controller\BasisController.class.php 第 31 行.
SQL: SHOW COLUMNS FROM `liu_dish` [ RunTime:0.0721s ]
SQL: SHOW COLUMNS FROM `liu_stuff` [ RunTime:0.0714s ]
SQL: SHOW COLUMNS FROM `liu_dishstep` [ RunTime:0.0714s ]
SQL: SELECT * FROM `liu_dish` WHERE `did` = 186 LIMIT 1   [ RunTime:0.0716s ]
SQL: SELECT * FROM `liu_stuff` WHERE `did` = 186  [ RunTime:0.0717s ]
SQL: SELECT * FROM `liu_dishstep` WHERE `did` = 186  [ RunTime:0.0719s ]
INFO: [ view_parse ] --START--
INFO: [ template_filter ] --START--
INFO: Run Behavior\ContentReplaceBehavior [ RunTime:0.000046s ]
INFO: [ template_filter ] --END-- [ RunTime:0.000085s ]
INFO: Run Behavior\ParseTemplateBehavior [ RunTime:0.041874s ]
INFO: [ view_parse ] --END-- [ RunTime:0.041904s ]
INFO: [ view_filter ] --START--
INFO: Run Behavior\WriteHtmlCacheBehavior [ RunTime:0.000217s ]
INFO: [ view_filter ] --END-- [ RunTime:0.000237s ]
INFO: [ app_end ] --START--
INFO: Run Behavior\ShowPageTraceBehavior [ RunTime:0.000368s ]
INFO: [ app_end ] --END-- [ RunTime:0.000390s ]
NOTIC: [2] dirname() expects parameter 2 to be integer, string given D:\xampp\htdocs\www\Utk\web\liulin\index.php 第 31 行.

[ 2017-08-14T20:27:22+08:00 ] 127.0.0.1 /liulin/Home/Dish/editDish/did/186.html
INFO: [ app_init ] --START--
INFO: Run Behavior\BuildLiteBehavior [ RunTime:0.000006s ]
INFO: [ app_init ] --END-- [ RunTime:0.000276s ]
INFO: [ app_begin ] --START--
INFO: Run Behavior\ReadHtmlCacheBehavior [ RunTime:0.000341s ]
INFO: [ app_begin ] --END-- [ RunTime:0.000403s ]
SQL: SHOW COLUMNS FROM `liu_user` [ RunTime:0.0714s ]
SQL: SHOW COLUMNS FROM `liu_info` [ RunTime:0.0708s ]
SQL: SELECT * FROM `liu_info` WHERE `uid` = 31 LIMIT 1   [ RunTime:0.0724s ]
SQL: SELECT * FROM `liu_user` WHERE `uid` = 31 LIMIT 1   [ RunTime:0.0704s ]
NOTIC: [8] Undefined variable: phone D:\xampp\htdocs\www\Utk\web\liulin\Application\Home\Controller\BasisController.class.php 第 30 行.
NOTIC: [8] Undefined offset: 1 D:\xampp\htdocs\www\Utk\web\liulin\Application\Home\Controller\BasisController.class.php 第 31 行.
SQL: SHOW COLUMNS FROM `liu_dish` [ RunTime:0.0708s ]
SQL: SHOW COLUMNS FROM `liu_stuff` [ RunTime:0.0706s ]
SQL: SHOW COLUMNS FROM `liu_dishstep` [ RunTime:0.0709s ]
SQL: SELECT * FROM `liu_dish` WHERE `did` = 186 LIMIT 1   [ RunTime:0.0703s ]
SQL: SELECT * FROM `liu_stuff` WHERE `did` = 186  [ RunTime:0.0699s ]
SQL: SELECT * FROM `liu_dishstep` WHERE `did` = 186  [ RunTime:0.0697s ]
INFO: [ view_parse ] --START--
INFO: [ template_filter ] --START--
INFO: Run Behavior\ContentReplaceBehavior [ RunTime:0.000158s ]
INFO: [ template_filter ] --END-- [ RunTime:0.000191s ]
INFO: Run Behavior\ParseTemplateBehavior [ RunTime:0.020400s ]
INFO: [ view_parse ] --END-- [ RunTime:0.020442s ]
INFO: [ view_filter ] --START--
INFO: Run Behavior\WriteHtmlCacheBehavior [ RunTime:0.000226s ]
INFO: [ view_filter ] --END-- [ RunTime:0.000246s ]
INFO: [ app_end ] --START--
INFO: Run Behavior\ShowPageTraceBehavior [ RunTime:0.000690s ]
INFO: [ app_end ] --END-- [ RunTime:0.000761s ]
NOTIC: [2] dirname() expects parameter 2 to be integer, string given D:\xampp\htdocs\www\Utk\web\liulin\index.php 第 31 行.

[ 2017-08-14T20:46:17+08:00 ] 127.0.0.1 /liulin/Home/Dish/editDish/did/186.html
INFO: [ app_init ] --START--
INFO: Run Behavior\BuildLiteBehavior [ RunTime:0.000016s ]
INFO: [ app_init ] --END-- [ RunTime:0.000638s ]
INFO: [ app_begin ] --START--
INFO: Run Behavior\ReadHtmlCacheBehavior [ RunTime:0.000562s ]
INFO: [ app_begin ] --END-- [ RunTime:0.000592s ]
SQL: SHOW COLUMNS FROM `liu_user` [ RunTime:0.0728s ]
SQL: SHOW COLUMNS FROM `liu_info` [ RunTime:0.0725s ]
SQL: SELECT * FROM `liu_info` WHERE `uid` = 31 LIMIT 1   [ RunTime:0.0714s ]
SQL: SELECT * FROM `liu_user` WHERE `uid` = 31 LIMIT 1   [ RunTime:0.0813s ]
NOTIC: [8] Undefined variable: phone D:\xampp\htdocs\www\Utk\web\liulin\Application\Home\Controller\BasisController.class.php 第 30 行.
NOTIC: [8] Undefined offset: 1 D:\xampp\htdocs\www\Utk\web\liulin\Application\Home\Controller\BasisController.class.php 第 31 行.
SQL: SHOW COLUMNS FROM `liu_dish` [ RunTime:0.0718s ]
SQL: SHOW COLUMNS FROM `liu_stuff` [ RunTime:0.0717s ]
SQL: SHOW COLUMNS FROM `liu_dishstep` [ RunTime:0.0718s ]
SQL: SELECT * FROM `liu_dish` WHERE `did` = 186 LIMIT 1   [ RunTime:0.0744s ]
SQL: SELECT * FROM `liu_stuff` WHERE `did` = 186  [ RunTime:0.0720s ]
SQL: SELECT * FROM `liu_dishstep` WHERE `did` = 186  [ RunTime:0.0713s ]
INFO: [ view_parse ] --START--
INFO: [ template_filter ] --START--
INFO: Run Behavior\ContentReplaceBehavior [ RunTime:0.000104s ]
INFO: [ template_filter ] --END-- [ RunTime:0.000134s ]
INFO: Run Behavior\ParseTemplateBehavior [ RunTime:0.007860s ]
INFO: [ view_parse ] --END-- [ RunTime:0.007900s ]
INFO: [ view_filter ] --START--
INFO: Run Behavior\WriteHtmlCacheBehavior [ RunTime:0.000567s ]
INFO: [ view_filter ] --END-- [ RunTime:0.000600s ]
INFO: [ app_end ] --START--
INFO: Run Behavior\ShowPageTraceBehavior [ RunTime:0.000892s ]
INFO: [ app_end ] --END-- [ RunTime:0.000973s ]
NOTIC: [2] dirname() expects parameter 2 to be integer, string given D:\xampp\htdocs\www\Utk\web\liulin\index.php 第 31 行.

[ 2017-08-14T20:46:29+08:00 ] 127.0.0.1 /liulin/Home/Dish/editDish/did/186.html
INFO: [ app_init ] --START--
INFO: Run Behavior\BuildLiteBehavior [ RunTime:0.000007s ]
INFO: [ app_init ] --END-- [ RunTime:0.000278s ]
INFO: [ app_begin ] --START--
INFO: Run Behavior\ReadHtmlCacheBehavior [ RunTime:0.000363s ]
INFO: [ app_begin ] --END-- [ RunTime:0.000422s ]
SQL: SHOW COLUMNS FROM `liu_user` [ RunTime:0.0760s ]
SQL: SHOW COLUMNS FROM `liu_info` [ RunTime:0.0749s ]
SQL: SELECT * FROM `liu_info` WHERE `uid` = 31 LIMIT 1   [ RunTime:0.0743s ]
SQL: SELECT * FROM `liu_user` WHERE `uid` = 31 LIMIT 1   [ RunTime:0.0735s ]
NOTIC: [8] Undefined variable: phone D:\xampp\htdocs\www\Utk\web\liulin\Application\Home\Controller\BasisController.class.php 第 30 行.
NOTIC: [8] Undefined offset: 1 D:\xampp\htdocs\www\Utk\web\liulin\Application\Home\Controller\BasisController.class.php 第 31 行.
SQL: SHOW COLUMNS FROM `liu_dish` [ RunTime:0.0747s ]
SQL: SHOW COLUMNS FROM `liu_stuff` [ RunTime:0.0745s ]
SQL: SHOW COLUMNS FROM `liu_dishstep` [ RunTime:0.0744s ]
SQL: SELECT * FROM `liu_dish` WHERE `did` = 186 LIMIT 1   [ RunTime:0.0737s ]
SQL: SELECT * FROM `liu_stuff` WHERE `did` = 186  [ RunTime:0.0749s ]
SQL: SELECT * FROM `liu_dishstep` WHERE `did` = 186  [ RunTime:0.0747s ]
INFO: [ view_parse ] --START--
INFO: [ template_filter ] --START--
INFO: Run Behavior\ContentReplaceBehavior [ RunTime:0.000152s ]
INFO: [ template_filter ] --END-- [ RunTime:0.000186s ]
INFO: Run Behavior\ParseTemplateBehavior [ RunTime:0.006911s ]
INFO: [ view_parse ] --END-- [ RunTime:0.006941s ]
INFO: [ view_filter ] --START--
INFO: Run Behavior\WriteHtmlCacheBehavior [ RunTime:0.000225s ]
INFO: [ view_filter ] --END-- [ RunTime:0.000246s ]
INFO: [ app_end ] --START--
INFO: Run Behavior\ShowPageTraceBehavior [ RunTime:0.000607s ]
INFO: [ app_end ] --END-- [ RunTime:0.000677s ]
NOTIC: [2] dirname() expects parameter 2 to be integer, string given D:\xampp\htdocs\www\Utk\web\liulin\index.php 第 31 行.

[ 2017-08-14T20:47:01+08:00 ] 127.0.0.1 /liulin/Home/Dish/editDish/did/186.html
INFO: [ app_init ] --START--
INFO: Run Behavior\BuildLiteBehavior [ RunTime:0.000007s ]
INFO: [ app_init ] --END-- [ RunTime:0.000286s ]
INFO: [ app_begin ] --START--
INFO: Run Behavior\ReadHtmlCacheBehavior [ RunTime:0.000398s ]
INFO: [ app_begin ] --END-- [ RunTime:0.000427s ]
SQL: SHOW COLUMNS FROM `liu_user` [ RunTime:0.0721s ]
SQL: SHOW COLUMNS FROM `liu_info` [ RunTime:0.0724s ]
SQL: SELECT * FROM `liu_info` WHERE `uid` = 31 LIMIT 1   [ RunTime:0.0718s ]
SQL: SELECT * FROM `liu_user` WHERE `uid` = 31 LIMIT 1   [ RunTime:0.0727s ]
NOTIC: [8] Undefined variable: phone D:\xampp\htdocs\www\Utk\web\liulin\Application\Home\Controller\BasisController.class.php 第 30 行.
NOTIC: [8] Undefined offset: 1 D:\xampp\htdocs\www\Utk\web\liulin\Application\Home\Controller\BasisController.class.php 第 31 行.
SQL: SHOW COLUMNS FROM `liu_dish` [ RunTime:0.0718s ]
SQL: SHOW COLUMNS FROM `liu_stuff` [ RunTime:0.0725s ]
SQL: SHOW COLUMNS FROM `liu_dishstep` [ RunTime:0.0717s ]
SQL: SELECT * FROM `liu_dish` WHERE `did` = 186 LIMIT 1   [ RunTime:0.0713s ]
SQL: SELECT * FROM `liu_stuff` WHERE `did` = 186  [ RunTime:0.0710s ]
SQL: SELECT * FROM `liu_dishstep` WHERE `did` = 186  [ RunTime:0.0714s ]
INFO: [ view_parse ] --START--
INFO: [ template_filter ] --START--
INFO: Run Behavior\ContentReplaceBehavior [ RunTime:0.000126s ]
INFO: [ template_filter ] --END-- [ RunTime:0.000240s ]
INFO: Run Behavior\ParseTemplateBehavior [ RunTime:0.007838s ]
INFO: [ view_parse ] --END-- [ RunTime:0.007867s ]
INFO: [ view_filter ] --START--
INFO: Run Behavior\WriteHtmlCacheBehavior [ RunTime:0.000221s ]
INFO: [ view_filter ] --END-- [ RunTime:0.000241s ]
INFO: [ app_end ] --START--
INFO: Run Behavior\ShowPageTraceBehavior [ RunTime:0.000795s ]
INFO: [ app_end ] --END-- [ RunTime:0.000838s ]
NOTIC: [2] dirname() expects parameter 2 to be integer, string given D:\xampp\htdocs\www\Utk\web\liulin\index.php 第 31 行.

[ 2017-08-14T20:47:57+08:00 ] 127.0.0.1 /liulin/Home/Dish/editDish/did/186.html
INFO: [ app_init ] --START--
INFO: Run Behavior\BuildLiteBehavior [ RunTime:0.000036s ]
INFO: [ app_init ] --END-- [ RunTime:0.001017s ]
INFO: [ app_begin ] --START--
INFO: Run Behavior\ReadHtmlCacheBehavior [ RunTime:0.000571s ]
INFO: [ app_begin ] --END-- [ RunTime:0.000688s ]
SQL: SHOW COLUMNS FROM `liu_user` [ RunTime:0.0726s ]
SQL: SHOW COLUMNS FROM `liu_info` [ RunTime:0.0714s ]
SQL: SELECT * FROM `liu_info` WHERE `uid` = 31 LIMIT 1   [ RunTime:0.0718s ]
SQL: SELECT * FROM `liu_user` WHERE `uid` = 31 LIMIT 1   [ RunTime:0.0714s ]
NOTIC: [8] Undefined variable: phone D:\xampp\htdocs\www\Utk\web\liulin\Application\Home\Controller\BasisController.class.php 第 30 行.
NOTIC: [8] Undefined offset: 1 D:\xampp\htdocs\www\Utk\web\liulin\Application\Home\Controller\BasisController.class.php 第 31 行.
SQL: SHOW COLUMNS FROM `liu_dish` [ RunTime:0.0718s ]
SQL: SHOW COLUMNS FROM `liu_stuff` [ RunTime:0.0732s ]
SQL: SHOW COLUMNS FROM `liu_dishstep` [ RunTime:0.0722s ]
SQL: SELECT * FROM `liu_dish` WHERE `did` = 186 LIMIT 1   [ RunTime:0.0716s ]
SQL: SELECT * FROM `liu_stuff` WHERE `did` = 186  [ RunTime:0.0724s ]
SQL: SELECT * FROM `liu_dishstep` WHERE `did` = 186  [ RunTime:0.0737s ]
INFO: [ view_parse ] --START--
INFO: [ template_filter ] --START--
INFO: Run Behavior\ContentReplaceBehavior [ RunTime:0.000132s ]
INFO: [ template_filter ] --END-- [ RunTime:0.000175s ]
INFO: Run Behavior\ParseTemplateBehavior [ RunTime:0.008348s ]
INFO: [ view_parse ] --END-- [ RunTime:0.008379s ]
INFO: [ view_filter ] --START--
INFO: Run Behavior\WriteHtmlCacheBehavior [ RunTime:0.000333s ]
INFO: [ view_filter ] --END-- [ RunTime:0.000353s ]
INFO: [ app_end ] --START--
INFO: Run Behavior\ShowPageTraceBehavior [ RunTime:0.000747s ]
INFO: [ app_end ] --END-- [ RunTime:0.000802s ]
NOTIC: [2] dirname() expects parameter 2 to be integer, string given D:\xampp\htdocs\www\Utk\web\liulin\index.php 第 31 行.

[ 2017-08-14T20:48:03+08:00 ] 127.0.0.1 /liulin/Home/Dish/showdish/did/186.html
INFO: [ app_init ] --START--
INFO: Run Behavior\BuildLiteBehavior [ RunTime:0.000009s ]
INFO: [ app_init ] --END-- [ RunTime:0.000442s ]
INFO: [ app_begin ] --START--
INFO: Run Behavior\ReadHtmlCacheBehavior [ RunTime:0.000591s ]
INFO: [ app_begin ] --END-- [ RunTime:0.000650s ]
SQL: SHOW COLUMNS FROM `liu_user` [ RunTime:0.0759s ]
SQL: SHOW COLUMNS FROM `liu_info` [ RunTime:0.0747s ]
SQL: SELECT * FROM `liu_info` WHERE `uid` = 31 LIMIT 1   [ RunTime:0.0743s ]
SQL: SELECT * FROM `liu_user` WHERE `uid` = 31 LIMIT 1   [ RunTime:0.0743s ]
NOTIC: [8] Undefined variable: phone D:\xampp\htdocs\www\Utk\web\liulin\Application\Home\Controller\BasisController.class.php 第 30 行.
NOTIC: [8] Undefined offset: 1 D:\xampp\htdocs\www\Utk\web\liulin\Application\Home\Controller\BasisController.class.php 第 31 行.
SQL: SHOW COLUMNS FROM `liu_dish` [ RunTime:0.0744s ]
SQL: SHOW COLUMNS FROM `liu_stuff` [ RunTime:0.0746s ]
SQL: SHOW COLUMNS FROM `liu_dishstep` [ RunTime:0.0748s ]
SQL: SELECT * FROM `liu_dish` WHERE `did` = 186 LIMIT 1   [ RunTime:0.0739s ]
SQL: SELECT * FROM `liu_stuff` WHERE `did` = 186  [ RunTime:0.0740s ]
SQL: SELECT * FROM `liu_dishstep` WHERE `did` = 186  [ RunTime:0.0766s ]
INFO: [ view_parse ] --START--
INFO: [ template_filter ] --START--
INFO: Run Behavior\ContentReplaceBehavior [ RunTime:0.000048s ]
INFO: [ template_filter ] --END-- [ RunTime:0.000081s ]
INFO: Run Behavior\ParseTemplateBehavior [ RunTime:0.040064s ]
INFO: [ view_parse ] --END-- [ RunTime:0.040098s ]
INFO: [ view_filter ] --START--
INFO: Run Behavior\WriteHtmlCacheBehavior [ RunTime:0.000293s ]
INFO: [ view_filter ] --END-- [ RunTime:0.000314s ]
INFO: [ app_end ] --START--
INFO: Run Behavior\ShowPageTraceBehavior [ RunTime:0.000516s ]
INFO: [ app_end ] --END-- [ RunTime:0.000539s ]
NOTIC: [2] dirname() expects parameter 2 to be integer, string given D:\xampp\htdocs\www\Utk\web\liulin\index.php 第 31 行.

[ 2017-08-14T20:48:06+08:00 ] 127.0.0.1 /liulin/Home/Dish/editDish/did/186.html
INFO: [ app_init ] --START--
INFO: Run Behavior\BuildLiteBehavior [ RunTime:0.000008s ]
INFO: [ app_init ] --END-- [ RunTime:0.000298s ]
INFO: [ app_begin ] --START--
INFO: Run Behavior\ReadHtmlCacheBehavior [ RunTime:0.000427s ]
INFO: [ app_begin ] --END-- [ RunTime:0.000456s ]
SQL: SHOW COLUMNS FROM `liu_user` [ RunTime:0.0720s ]
SQL: SHOW COLUMNS FROM `liu_info` [ RunTime:0.0718s ]
SQL: SELECT * FROM `liu_info` WHERE `uid` = 31 LIMIT 1   [ RunTime:0.0712s ]
SQL: SELECT * FROM `liu_user` WHERE `uid` = 31 LIMIT 1   [ RunTime:0.0713s ]
NOTIC: [8] Undefined variable: phone D:\xampp\htdocs\www\Utk\web\liulin\Application\Home\Controller\BasisController.class.php 第 30 行.
NOTIC: [8] Undefined offset: 1 D:\xampp\htdocs\www\Utk\web\liulin\Application\Home\Controller\BasisController.class.php 第 31 行.
SQL: SHOW COLUMNS FROM `liu_dish` [ RunTime:0.0718s ]
SQL: SHOW COLUMNS FROM `liu_stuff` [ RunTime:0.0718s ]
SQL: SHOW COLUMNS FROM `liu_dishstep` [ RunTime:0.0716s ]
SQL: SELECT * FROM `liu_dish` WHERE `did` = 186 LIMIT 1   [ RunTime:0.0713s ]
SQL: SELECT * FROM `liu_stuff` WHERE `did` = 186  [ RunTime:0.0710s ]
SQL: SELECT * FROM `liu_dishstep` WHERE `did` = 186  [ RunTime:0.0711s ]
INFO: [ view_parse ] --START--
INFO: [ template_filter ] --START--
INFO: Run Behavior\ContentReplaceBehavior [ RunTime:0.000133s ]
INFO: [ template_filter ] --END-- [ RunTime:0.000190s ]
INFO: Run Behavior\ParseTemplateBehavior [ RunTime:0.008258s ]
INFO: [ view_parse ] --END-- [ RunTime:0.008294s ]
INFO: [ view_filter ] --START--
INFO: Run Behavior\WriteHtmlCacheBehavior [ RunTime:0.000382s ]
INFO: [ view_filter ] --END-- [ RunTime:0.000422s ]
INFO: [ app_end ] --START--
INFO: Run Behavior\ShowPageTraceBehavior [ RunTime:0.000767s ]
INFO: [ app_end ] --END-- [ RunTime:0.000826s ]
NOTIC: [2] dirname() expects parameter 2 to be integer, string given D:\xampp\htdocs\www\Utk\web\liulin\index.php 第 31 行.

[ 2017-08-14T20:49:17+08:00 ] 127.0.0.1 /liulin/Home/Dish/editDish/did/186.html
INFO: [ app_init ] --START--
INFO: Run Behavior\BuildLiteBehavior [ RunTime:0.000009s ]
INFO: [ app_init ] --END-- [ RunTime:0.000530s ]
INFO: [ app_begin ] --START--
INFO: Run Behavior\ReadHtmlCacheBehavior [ RunTime:0.000617s ]
INFO: [ app_begin ] --END-- [ RunTime:0.000654s ]
SQL: SHOW COLUMNS FROM `liu_user` [ RunTime:0.0744s ]
SQL: SHOW COLUMNS FROM `liu_info` [ RunTime:0.0743s ]
SQL: SELECT * FROM `liu_info` WHERE `uid` = 31 LIMIT 1   [ RunTime:0.0736s ]
SQL: SELECT * FROM `liu_user` WHERE `uid` = 31 LIMIT 1   [ RunTime:0.0733s ]
NOTIC: [8] Undefined variable: phone D:\xampp\htdocs\www\Utk\web\liulin\Application\Home\Controller\BasisController.class.php 第 30 行.
NOTIC: [8] Undefined offset: 1 D:\xampp\htdocs\www\Utk\web\liulin\Application\Home\Controller\BasisController.class.php 第 31 行.
SQL: SHOW COLUMNS FROM `liu_dish` [ RunTime:0.0728s ]
SQL: SHOW COLUMNS FROM `liu_stuff` [ RunTime:0.0736s ]
SQL: SHOW COLUMNS FROM `liu_dishstep` [ RunTime:0.0743s ]
SQL: SELECT * FROM `liu_dish` WHERE `did` = 186 LIMIT 1   [ RunTime:0.0734s ]
SQL: SELECT * FROM `liu_stuff` WHERE `did` = 186  [ RunTime:0.0731s ]
SQL: SELECT * FROM `liu_dishstep` WHERE `did` = 186  [ RunTime:0.0732s ]
INFO: [ view_parse ] --START--
INFO: [ template_filter ] --START--
INFO: Run Behavior\ContentReplaceBehavior [ RunTime:0.000156s ]
INFO: [ template_filter ] --END-- [ RunTime:0.000251s ]
INFO: Run Behavior\ParseTemplateBehavior [ RunTime:0.008737s ]
INFO: [ view_parse ] --END-- [ RunTime:0.008769s ]
INFO: [ view_filter ] --START--
INFO: Run Behavior\WriteHtmlCacheBehavior [ RunTime:0.000439s ]
INFO: [ view_filter ] --END-- [ RunTime:0.000462s ]
INFO: [ app_end ] --START--
INFO: Run Behavior\ShowPageTraceBehavior [ RunTime:0.001034s ]
INFO: [ app_end ] --END-- [ RunTime:0.001092s ]
NOTIC: [2] dirname() expects parameter 2 to be integer, string given D:\xampp\htdocs\www\Utk\web\liulin\index.php 第 31 行.

[ 2017-08-14T20:50:12+08:00 ] 127.0.0.1 /liulin/Home/Dish/editDish/did/186.html
INFO: [ app_init ] --START--
INFO: Run Behavior\BuildLiteBehavior [ RunTime:0.000008s ]
INFO: [ app_init ] --END-- [ RunTime:0.000299s ]
INFO: [ app_begin ] --START--
INFO: Run Behavior\ReadHtmlCacheBehavior [ RunTime:0.000356s ]
INFO: [ app_begin ] --END-- [ RunTime:0.000385s ]
SQL: SHOW COLUMNS FROM `liu_user` [ RunTime:0.0720s ]
SQL: SHOW COLUMNS FROM `liu_info` [ RunTime:0.0726s ]
SQL: SELECT * FROM `liu_info` WHERE `uid` = 31 LIMIT 1   [ RunTime:0.0707s ]
SQL: SELECT * FROM `liu_user` WHERE `uid` = 31 LIMIT 1   [ RunTime:0.0726s ]
NOTIC: [8] Undefined variable: phone D:\xampp\htdocs\www\Utk\web\liulin\Application\Home\Controller\BasisController.class.php 第 30 行.
NOTIC: [8] Undefined offset: 1 D:\xampp\htdocs\www\Utk\web\liulin\Application\Home\Controller\BasisController.class.php 第 31 行.
SQL: SHOW COLUMNS FROM `liu_dish` [ RunTime:0.0714s ]
SQL: SHOW COLUMNS FROM `liu_stuff` [ RunTime:0.0718s ]
SQL: SHOW COLUMNS FROM `liu_dishstep` [ RunTime:0.0731s ]
SQL: SELECT * FROM `liu_dish` WHERE `did` = 186 LIMIT 1   [ RunTime:0.0709s ]
SQL: SELECT * FROM `liu_stuff` WHERE `did` = 186  [ RunTime:0.0729s ]
SQL: SELECT * FROM `liu_dishstep` WHERE `did` = 186  [ RunTime:0.0708s ]
INFO: [ view_parse ] --START--
INFO: [ template_filter ] --START--
INFO: Run Behavior\ContentReplaceBehavior [ RunTime:0.000113s ]
INFO: [ template_filter ] --END-- [ RunTime:0.000150s ]
INFO: Run Behavior\ParseTemplateBehavior [ RunTime:0.009862s ]
INFO: [ view_parse ] --END-- [ RunTime:0.009900s ]
INFO: [ view_filter ] --START--
INFO: Run Behavior\WriteHtmlCacheBehavior [ RunTime:0.000230s ]
INFO: [ view_filter ] --END-- [ RunTime:0.000276s ]
INFO: [ app_end ] --START--
INFO: Run Behavior\ShowPageTraceBehavior [ RunTime:0.000839s ]
INFO: [ app_end ] --END-- [ RunTime:0.000918s ]
NOTIC: [2] dirname() expects parameter 2 to be integer, string given D:\xampp\htdocs\www\Utk\web\liulin\index.php 第 31 行.

[ 2017-08-14T20:55:39+08:00 ] 127.0.0.1 /liulin/Home/Dish/editDish/did/186.html
INFO: [ app_init ] --START--
INFO: Run Behavior\BuildLiteBehavior [ RunTime:0.000010s ]
INFO: [ app_init ] --END-- [ RunTime:0.000541s ]
INFO: [ app_begin ] --START--
INFO: Run Behavior\ReadHtmlCacheBehavior [ RunTime:0.000630s ]
INFO: [ app_begin ] --END-- [ RunTime:0.000663s ]
SQL: SHOW COLUMNS FROM `liu_user` [ RunTime:0.0720s ]
SQL: SHOW COLUMNS FROM `liu_info` [ RunTime:0.0706s ]
SQL: SELECT * FROM `liu_info` WHERE `uid` = 31 LIMIT 1   [ RunTime:0.0714s ]
SQL: SELECT * FROM `liu_user` WHERE `uid` = 31 LIMIT 1   [ RunTime:0.0718s ]
NOTIC: [8] Undefined variable: phone D:\xampp\htdocs\www\Utk\web\liulin\Application\Home\Controller\BasisController.class.php 第 30 行.
NOTIC: [8] Undefined offset: 1 D:\xampp\htdocs\www\Utk\web\liulin\Application\Home\Controller\BasisController.class.php 第 31 行.
SQL: SHOW COLUMNS FROM `liu_dish` [ RunTime:0.0711s ]
SQL: SHOW COLUMNS FROM `liu_stuff` [ RunTime:0.0712s ]
SQL: SHOW COLUMNS FROM `liu_dishstep` [ RunTime:0.0720s ]
SQL: SELECT * FROM `liu_dish` WHERE `did` = 186 LIMIT 1   [ RunTime:0.0704s ]
SQL: SELECT * FROM `liu_stuff` WHERE `did` = 186  [ RunTime:0.0714s ]
SQL: SELECT * FROM `liu_dishstep` WHERE `did` = 186  [ RunTime:0.0704s ]
INFO: [ view_parse ] --START--
INFO: [ template_filter ] --START--
INFO: Run Behavior\ContentReplaceBehavior [ RunTime:0.000115s ]
INFO: [ template_filter ] --END-- [ RunTime:0.000151s ]
INFO: Run Behavior\ParseTemplateBehavior [ RunTime:0.009564s ]
INFO: [ view_parse ] --END-- [ RunTime:0.009601s ]
INFO: [ view_filter ] --START--
INFO: Run Behavior\WriteHtmlCacheBehavior [ RunTime:0.000432s ]
INFO: [ view_filter ] --END-- [ RunTime:0.000453s ]
INFO: [ app_end ] --START--
INFO: Run Behavior\ShowPageTraceBehavior [ RunTime:0.000966s ]
INFO: [ app_end ] --END-- [ RunTime:0.001005s ]
NOTIC: [2] dirname() expects parameter 2 to be integer, string given D:\xampp\htdocs\www\Utk\web\liulin\index.php 第 31 行.

[ 2017-08-14T20:56:29+08:00 ] 127.0.0.1 /liulin/Home/Dish/editDish/did/186.html
INFO: [ app_init ] --START--
INFO: Run Behavior\BuildLiteBehavior [ RunTime:0.000008s ]
INFO: [ app_init ] --END-- [ RunTime:0.000295s ]
INFO: [ app_begin ] --START--
INFO: Run Behavior\ReadHtmlCacheBehavior [ RunTime:0.000687s ]
INFO: [ app_begin ] --END-- [ RunTime:0.000716s ]
SQL: SHOW COLUMNS FROM `liu_user` [ RunTime:0.0720s ]
SQL: SHOW COLUMNS FROM `liu_info` [ RunTime:0.0710s ]
SQL: SELECT * FROM `liu_info` WHERE `uid` = 31 LIMIT 1   [ RunTime:0.0715s ]
SQL: SELECT * FROM `liu_user` WHERE `uid` = 31 LIMIT 1   [ RunTime:0.0706s ]
NOTIC: [8] Undefined variable: phone D:\xampp\htdocs\www\Utk\web\liulin\Application\Home\Controller\BasisController.class.php 第 30 行.
NOTIC: [8] Undefined offset: 1 D:\xampp\htdocs\www\Utk\web\liulin\Application\Home\Controller\BasisController.class.php 第 31 行.
SQL: SHOW COLUMNS FROM `liu_dish` [ RunTime:0.0728s ]
SQL: SHOW COLUMNS FROM `liu_stuff` [ RunTime:0.0709s ]
SQL: SHOW COLUMNS FROM `liu_dishstep` [ RunTime:0.0707s ]
SQL: SELECT * FROM `liu_dish` WHERE `did` = 186 LIMIT 1   [ RunTime:0.0699s ]
SQL: SELECT * FROM `liu_stuff` WHERE `did` = 186  [ RunTime:0.0699s ]
SQL: SELECT * FROM `liu_dishstep` WHERE `did` = 186  [ RunTime:0.0697s ]
INFO: [ view_parse ] --START--
INFO: [ template_filter ] --START--
INFO: Run Behavior\ContentReplaceBehavior [ RunTime:0.000108s ]
INFO: [ template_filter ] --END-- [ RunTime:0.000143s ]
INFO: Run Behavior\ParseTemplateBehavior [ RunTime:0.007907s ]
INFO: [ view_parse ] --END-- [ RunTime:0.007975s ]
INFO: [ view_filter ] --START--
INFO: Run Behavior\WriteHtmlCacheBehavior [ RunTime:0.000271s ]
INFO: [ view_filter ] --END-- [ RunTime:0.000292s ]
INFO: [ app_end ] --START--
INFO: Run Behavior\ShowPageTraceBehavior [ RunTime:0.000627s ]
INFO: [ app_end ] --END-- [ RunTime:0.000661s ]
NOTIC: [2] dirname() expects parameter 2 to be integer, string given D:\xampp\htdocs\www\Utk\web\liulin\index.php 第 31 行.

[ 2017-08-14T20:57:06+08:00 ] 127.0.0.1 /liulin/Home/Dish/editDish/did/186.html
INFO: [ app_init ] --START--
INFO: Run Behavior\BuildLiteBehavior [ RunTime:0.000027s ]
INFO: [ app_init ] --END-- [ RunTime:0.000490s ]
INFO: [ app_begin ] --START--
INFO: Run Behavior\ReadHtmlCacheBehavior [ RunTime:0.000479s ]
INFO: [ app_begin ] --END-- [ RunTime:0.000525s ]
SQL: SHOW COLUMNS FROM `liu_user` [ RunTime:0.0738s ]
SQL: SHOW COLUMNS FROM `liu_info` [ RunTime:0.0720s ]
SQL: SELECT * FROM `liu_info` WHERE `uid` = 31 LIMIT 1   [ RunTime:0.0712s ]
SQL: SELECT * FROM `liu_user` WHERE `uid` = 31 LIMIT 1   [ RunTime:0.0725s ]
NOTIC: [8] Undefined variable: phone D:\xampp\htdocs\www\Utk\web\liulin\Application\Home\Controller\BasisController.class.php 第 30 行.
NOTIC: [8] Undefined offset: 1 D:\xampp\htdocs\www\Utk\web\liulin\Application\Home\Controller\BasisController.class.php 第 31 行.
SQL: SHOW COLUMNS FROM `liu_dish` [ RunTime:0.0721s ]
SQL: SHOW COLUMNS FROM `liu_stuff` [ RunTime:0.0725s ]
SQL: SHOW COLUMNS FROM `liu_dishstep` [ RunTime:0.0725s ]
SQL: SELECT * FROM `liu_dish` WHERE `did` = 186 LIMIT 1   [ RunTime:0.0714s ]
SQL: SELECT * FROM `liu_stuff` WHERE `did` = 186  [ RunTime:0.0712s ]
SQL: SELECT * FROM `liu_dishstep` WHERE `did` = 186  [ RunTime:0.0719s ]
INFO: [ view_parse ] --START--
INFO: [ template_filter ] --START--
INFO: Run Behavior\ContentReplaceBehavior [ RunTime:0.000115s ]
INFO: [ template_filter ] --END-- [ RunTime:0.000150s ]
INFO: Run Behavior\ParseTemplateBehavior [ RunTime:0.008159s ]
INFO: [ view_parse ] --END-- [ RunTime:0.008205s ]
INFO: [ view_filter ] --START--
INFO: Run Behavior\WriteHtmlCacheBehavior [ RunTime:0.000244s ]
INFO: [ view_filter ] --END-- [ RunTime:0.000266s ]
INFO: [ app_end ] --START--
INFO: Run Behavior\ShowPageTraceBehavior [ RunTime:0.000633s ]
INFO: [ app_end ] --END-- [ RunTime:0.000668s ]
NOTIC: [2] dirname() expects parameter 2 to be integer, string given D:\xampp\htdocs\www\Utk\web\liulin\index.php 第 31 行.

[ 2017-08-14T20:57:28+08:00 ] 127.0.0.1 /liulin/Home/Dish/editDish/did/186.html
INFO: [ app_init ] --START--
INFO: Run Behavior\BuildLiteBehavior [ RunTime:0.000027s ]
INFO: [ app_init ] --END-- [ RunTime:0.000499s ]
INFO: [ app_begin ] --START--
INFO: Run Behavior\ReadHtmlCacheBehavior [ RunTime:0.000810s ]
INFO: [ app_begin ] --END-- [ RunTime:0.000874s ]
SQL: SHOW COLUMNS FROM `liu_user` [ RunTime:0.0742s ]
SQL: SHOW COLUMNS FROM `liu_info` [ RunTime:0.0726s ]
SQL: SELECT * FROM `liu_info` WHERE `uid` = 31 LIMIT 1   [ RunTime:0.0726s ]
SQL: SELECT * FROM `liu_user` WHERE `uid` = 31 LIMIT 1   [ RunTime:0.0731s ]
NOTIC: [8] Undefined variable: phone D:\xampp\htdocs\www\Utk\web\liulin\Application\Home\Controller\BasisController.class.php 第 30 行.
NOTIC: [8] Undefined offset: 1 D:\xampp\htdocs\www\Utk\web\liulin\Application\Home\Controller\BasisController.class.php 第 31 行.
SQL: SHOW COLUMNS FROM `liu_dish` [ RunTime:0.0727s ]
SQL: SHOW COLUMNS FROM `liu_stuff` [ RunTime:0.0726s ]
SQL: SHOW COLUMNS FROM `liu_dishstep` [ RunTime:0.0730s ]
SQL: SELECT * FROM `liu_dish` WHERE `did` = 186 LIMIT 1   [ RunTime:0.0729s ]
SQL: SELECT * FROM `liu_stuff` WHERE `did` = 186  [ RunTime:0.0723s ]
SQL: SELECT * FROM `liu_dishstep` WHERE `did` = 186  [ RunTime:0.0734s ]
INFO: [ view_parse ] --START--
INFO: [ template_filter ] --START--
INFO: Run Behavior\ContentReplaceBehavior [ RunTime:0.000126s ]
INFO: [ template_filter ] --END-- [ RunTime:0.000171s ]
INFO: Run Behavior\ParseTemplateBehavior [ RunTime:0.011004s ]
INFO: [ view_parse ] --END-- [ RunTime:0.011037s ]
INFO: [ view_filter ] --START--
INFO: Run Behavior\WriteHtmlCacheBehavior [ RunTime:0.000554s ]
INFO: [ view_filter ] --END-- [ RunTime:0.000578s ]
INFO: [ app_end ] --START--
INFO: Run Behavior\ShowPageTraceBehavior [ RunTime:0.001070s ]
INFO: [ app_end ] --END-- [ RunTime:0.001126s ]
NOTIC: [2] dirname() expects parameter 2 to be integer, string given D:\xampp\htdocs\www\Utk\web\liulin\index.php 第 31 行.

[ 2017-08-14T20:57:57+08:00 ] 127.0.0.1 /liulin/Home/Dish/editDish/did/186.html
INFO: [ app_init ] --START--
INFO: Run Behavior\BuildLiteBehavior [ RunTime:0.000009s ]
INFO: [ app_init ] --END-- [ RunTime:0.000438s ]
INFO: [ app_begin ] --START--
INFO: Run Behavior\ReadHtmlCacheBehavior [ RunTime:0.001026s ]
INFO: [ app_begin ] --END-- [ RunTime:0.001121s ]
SQL: SHOW COLUMNS FROM `liu_user` [ RunTime:0.0721s ]
SQL: SHOW COLUMNS FROM `liu_info` [ RunTime:0.0747s ]
SQL: SELECT * FROM `liu_info` WHERE `uid` = 31 LIMIT 1   [ RunTime:0.0721s ]
SQL: SELECT * FROM `liu_user` WHERE `uid` = 31 LIMIT 1   [ RunTime:0.0711s ]
NOTIC: [8] Undefined variable: phone D:\xampp\htdocs\www\Utk\web\liulin\Application\Home\Controller\BasisController.class.php 第 30 行.
NOTIC: [8] Undefined offset: 1 D:\xampp\htdocs\www\Utk\web\liulin\Application\Home\Controller\BasisController.class.php 第 31 行.
SQL: SHOW COLUMNS FROM `liu_dish` [ RunTime:0.0716s ]
SQL: SHOW COLUMNS FROM `liu_stuff` [ RunTime:0.0718s ]
SQL: SHOW COLUMNS FROM `liu_dishstep` [ RunTime:0.0745s ]
SQL: SELECT * FROM `liu_dish` WHERE `did` = 186 LIMIT 1   [ RunTime:0.0711s ]
SQL: SELECT * FROM `liu_stuff` WHERE `did` = 186  [ RunTime:0.0709s ]
SQL: SELECT * FROM `liu_dishstep` WHERE `did` = 186  [ RunTime:0.0710s ]
INFO: [ view_parse ] --START--
INFO: [ template_filter ] --START--
INFO: Run Behavior\ContentReplaceBehavior [ RunTime:0.000114s ]
INFO: [ template_filter ] --END-- [ RunTime:0.000150s ]
INFO: Run Behavior\ParseTemplateBehavior [ RunTime:0.008412s ]
INFO: [ view_parse ] --END-- [ RunTime:0.008442s ]
INFO: [ view_filter ] --START--
INFO: Run Behavior\WriteHtmlCacheBehavior [ RunTime:0.000363s ]
INFO: [ view_filter ] --END-- [ RunTime:0.000385s ]
INFO: [ app_end ] --START--
INFO: Run Behavior\ShowPageTraceBehavior [ RunTime:0.000950s ]
INFO: [ app_end ] --END-- [ RunTime:0.000994s ]
NOTIC: [2] dirname() expects parameter 2 to be integer, string given D:\xampp\htdocs\www\Utk\web\liulin\index.php 第 31 行.

[ 2017-08-14T20:58:15+08:00 ] 127.0.0.1 /liulin/Home/Dish/showdish/did/186.html
INFO: [ app_init ] --START--
INFO: Run Behavior\BuildLiteBehavior [ RunTime:0.000010s ]
INFO: [ app_init ] --END-- [ RunTime:0.000592s ]
INFO: [ app_begin ] --START--
INFO: Run Behavior\ReadHtmlCacheBehavior [ RunTime:0.000370s ]
INFO: [ app_begin ] --END-- [ RunTime:0.000399s ]
SQL: SHOW COLUMNS FROM `liu_user` [ RunTime:0.0727s ]
SQL: SHOW COLUMNS FROM `liu_info` [ RunTime:0.0733s ]
SQL: SELECT * FROM `liu_info` WHERE `uid` = 31 LIMIT 1   [ RunTime:0.0727s ]
SQL: SELECT * FROM `liu_user` WHERE `uid` = 31 LIMIT 1   [ RunTime:0.0714s ]
NOTIC: [8] Undefined variable: phone D:\xampp\htdocs\www\Utk\web\liulin\Application\Home\Controller\BasisController.class.php 第 30 行.
NOTIC: [8] Undefined offset: 1 D:\xampp\htdocs\www\Utk\web\liulin\Application\Home\Controller\BasisController.class.php 第 31 行.
SQL: SHOW COLUMNS FROM `liu_dish` [ RunTime:0.0718s ]
SQL: SHOW COLUMNS FROM `liu_stuff` [ RunTime:0.0721s ]
SQL: SHOW COLUMNS FROM `liu_dishstep` [ RunTime:0.0723s ]
SQL: SELECT * FROM `liu_dish` WHERE `did` = 186 LIMIT 1   [ RunTime:0.0715s ]
SQL: SELECT * FROM `liu_stuff` WHERE `did` = 186  [ RunTime:0.0713s ]
SQL: SELECT * FROM `liu_dishstep` WHERE `did` = 186  [ RunTime:0.0708s ]
INFO: [ view_parse ] --START--
INFO: [ template_filter ] --START--
INFO: Run Behavior\ContentReplaceBehavior [ RunTime:0.000048s ]
INFO: [ template_filter ] --END-- [ RunTime:0.000087s ]
INFO: Run Behavior\ParseTemplateBehavior [ RunTime:0.007007s ]
INFO: [ view_parse ] --END-- [ RunTime:0.007037s ]
INFO: [ view_filter ] --START--
INFO: Run Behavior\WriteHtmlCacheBehavior [ RunTime:0.000484s ]
INFO: [ view_filter ] --END-- [ RunTime:0.000507s ]
INFO: [ app_end ] --START--
INFO: Run Behavior\ShowPageTraceBehavior [ RunTime:0.000631s ]
INFO: [ app_end ] --END-- [ RunTime:0.000655s ]
NOTIC: [2] dirname() expects parameter 2 to be integer, string given D:\xampp\htdocs\www\Utk\web\liulin\index.php 第 31 行.

[ 2017-08-14T20:58:18+08:00 ] 127.0.0.1 /liulin/Home/Dish/deleteDish/did/186.html
INFO: [ app_init ] --START--
INFO: Run Behavior\BuildLiteBehavior [ RunTime:0.000007s ]
INFO: [ app_init ] --END-- [ RunTime:0.000375s ]
INFO: [ app_begin ] --START--
INFO: Run Behavior\ReadHtmlCacheBehavior [ RunTime:0.000364s ]
INFO: [ app_begin ] --END-- [ RunTime:0.000393s ]
SQL: SHOW COLUMNS FROM `liu_user` [ RunTime:0.0717s ]
SQL: SHOW COLUMNS FROM `liu_info` [ RunTime:0.0721s ]
SQL: SELECT * FROM `liu_info` WHERE `uid` = 31 LIMIT 1   [ RunTime:0.0768s ]
SQL: SELECT * FROM `liu_user` WHERE `uid` = 31 LIMIT 1   [ RunTime:0.0709s ]
NOTIC: [8] Undefined variable: phone D:\xampp\htdocs\www\Utk\web\liulin\Application\Home\Controller\BasisController.class.php 第 30 行.
NOTIC: [8] Undefined offset: 1 D:\xampp\htdocs\www\Utk\web\liulin\Application\Home\Controller\BasisController.class.php 第 31 行.
SQL: SHOW COLUMNS FROM `liu_dish` [ RunTime:0.0714s ]
SQL: SHOW COLUMNS FROM `liu_stuff` [ RunTime:0.0726s ]
SQL: SHOW COLUMNS FROM `liu_dishstep` [ RunTime:0.0711s ]
SQL: DELETE FROM `liu_stuff` WHERE `did` = 186 [ RunTime:0.0710s ]
SQL: DELETE FROM `liu_dishstep` WHERE `did` = 186 [ RunTime:0.0711s ]
INFO: [ app_end ] --START--
INFO: Run Behavior\ShowPageTraceBehavior [ RunTime:0.001016s ]
INFO: [ app_end ] --END-- [ RunTime:0.001088s ]
NOTIC: [2] dirname() expects parameter 2 to be integer, string given D:\xampp\htdocs\www\Utk\web\liulin\index.php 第 31 行.

[ 2017-08-14T20:58:24+08:00 ] 127.0.0.1 /liulin/Home/Dish/showdish/did/186.html
INFO: [ app_init ] --START--
INFO: Run Behavior\BuildLiteBehavior [ RunTime:0.000013s ]
INFO: [ app_init ] --END-- [ RunTime:0.000437s ]
INFO: [ app_begin ] --START--
INFO: Run Behavior\ReadHtmlCacheBehavior [ RunTime:0.000790s ]
INFO: [ app_begin ] --END-- [ RunTime:0.000868s ]
SQL: SHOW COLUMNS FROM `liu_user` [ RunTime:0.0762s ]
SQL: SHOW COLUMNS FROM `liu_info` [ RunTime:0.0773s ]
SQL: SELECT * FROM `liu_info` WHERE `uid` = 31 LIMIT 1   [ RunTime:0.0755s ]
SQL: SELECT * FROM `liu_user` WHERE `uid` = 31 LIMIT 1   [ RunTime:0.0748s ]
NOTIC: [8] Undefined variable: phone D:\xampp\htdocs\www\Utk\web\liulin\Application\Home\Controller\BasisController.class.php 第 30 行.
NOTIC: [8] Undefined offset: 1 D:\xampp\htdocs\www\Utk\web\liulin\Application\Home\Controller\BasisController.class.php 第 31 行.
SQL: SHOW COLUMNS FROM `liu_dish` [ RunTime:0.0768s ]
SQL: SHOW COLUMNS FROM `liu_stuff` [ RunTime:0.0755s ]
SQL: SHOW COLUMNS FROM `liu_dishstep` [ RunTime:0.0753s ]
SQL: SELECT * FROM `liu_dish` WHERE `did` = 186 LIMIT 1   [ RunTime:0.0755s ]
SQL: SELECT * FROM `liu_stuff` WHERE `did` = 186  [ RunTime:0.0762s ]
SQL: SELECT * FROM `liu_dishstep` WHERE `did` = 186  [ RunTime:0.0780s ]
INFO: [ view_parse ] --START--
INFO: [ template_filter ] --START--
INFO: Run Behavior\ContentReplaceBehavior [ RunTime:0.000054s ]
INFO: [ template_filter ] --END-- [ RunTime:0.000099s ]
INFO: Run Behavior\ParseTemplateBehavior [ RunTime:0.007167s ]
INFO: [ view_parse ] --END-- [ RunTime:0.007234s ]
INFO: [ view_filter ] --START--
INFO: Run Behavior\WriteHtmlCacheBehavior [ RunTime:0.000539s ]
INFO: [ view_filter ] --END-- [ RunTime:0.000605s ]
INFO: [ app_end ] --START--
INFO: Run Behavior\ShowPageTraceBehavior [ RunTime:0.000777s ]
INFO: [ app_end ] --END-- [ RunTime:0.000839s ]
NOTIC: [2] dirname() expects parameter 2 to be integer, string given D:\xampp\htdocs\www\Utk\web\liulin\index.php 第 31 行.

[ 2017-08-14T20:58:27+08:00 ] 127.0.0.1 /liulin/Home/Dish/editDish/did/186.html
INFO: [ app_init ] --START--
INFO: Run Behavior\BuildLiteBehavior [ RunTime:0.000009s ]
INFO: [ app_init ] --END-- [ RunTime:0.000356s ]
INFO: [ app_begin ] --START--
INFO: Run Behavior\ReadHtmlCacheBehavior [ RunTime:0.000378s ]
INFO: [ app_begin ] --END-- [ RunTime:0.000408s ]
SQL: SHOW COLUMNS FROM `liu_user` [ RunTime:0.0735s ]
SQL: SHOW COLUMNS FROM `liu_info` [ RunTime:0.0717s ]
SQL: SELECT * FROM `liu_info` WHERE `uid` = 31 LIMIT 1   [ RunTime:0.0730s ]
SQL: SELECT * FROM `liu_user` WHERE `uid` = 31 LIMIT 1   [ RunTime:0.0720s ]
NOTIC: [8] Undefined variable: phone D:\xampp\htdocs\www\Utk\web\liulin\Application\Home\Controller\BasisController.class.php 第 30 行.
NOTIC: [8] Undefined offset: 1 D:\xampp\htdocs\www\Utk\web\liulin\Application\Home\Controller\BasisController.class.php 第 31 行.
SQL: SHOW COLUMNS FROM `liu_dish` [ RunTime:0.0726s ]
SQL: SHOW COLUMNS FROM `liu_stuff` [ RunTime:0.0712s ]
SQL: SHOW COLUMNS FROM `liu_dishstep` [ RunTime:0.0745s ]
SQL: SELECT * FROM `liu_dish` WHERE `did` = 186 LIMIT 1   [ RunTime:0.0719s ]
SQL: SELECT * FROM `liu_stuff` WHERE `did` = 186  [ RunTime:0.0739s ]
SQL: SELECT * FROM `liu_dishstep` WHERE `did` = 186  [ RunTime:0.0734s ]
INFO: [ view_parse ] --START--
INFO: [ template_filter ] --START--
INFO: Run Behavior\ContentReplaceBehavior [ RunTime:0.000103s ]
INFO: [ template_filter ] --END-- [ RunTime:0.000133s ]
INFO: Run Behavior\ParseTemplateBehavior [ RunTime:0.033553s ]
INFO: [ view_parse ] --END-- [ RunTime:0.033590s ]
INFO: [ view_filter ] --START--
INFO: Run Behavior\WriteHtmlCacheBehavior [ RunTime:0.000287s ]
INFO: [ view_filter ] --END-- [ RunTime:0.000331s ]
INFO: [ app_end ] --START--
INFO: Run Behavior\ShowPageTraceBehavior [ RunTime:0.000758s ]
INFO: [ app_end ] --END-- [ RunTime:0.000820s ]
NOTIC: [2] dirname() expects parameter 2 to be integer, string given D:\xampp\htdocs\www\Utk\web\liulin\index.php 第 31 行.

[ 2017-08-14T20:59:29+08:00 ] 127.0.0.1 /liulin/Home/Dish/editDish/did/186.html
INFO: [ app_init ] --START--
INFO: Run Behavior\BuildLiteBehavior [ RunTime:0.000009s ]
INFO: [ app_init ] --END-- [ RunTime:0.000379s ]
INFO: [ app_begin ] --START--
INFO: Run Behavior\ReadHtmlCacheBehavior [ RunTime:0.001026s ]
INFO: [ app_begin ] --END-- [ RunTime:0.001055s ]
SQL: SHOW COLUMNS FROM `liu_user` [ RunTime:0.0711s ]
SQL: SHOW COLUMNS FROM `liu_info` [ RunTime:0.0707s ]
SQL: SELECT * FROM `liu_info` WHERE `uid` = 31 LIMIT 1   [ RunTime:0.0713s ]
SQL: SELECT * FROM `liu_user` WHERE `uid` = 31 LIMIT 1   [ RunTime:0.0724s ]
NOTIC: [8] Undefined variable: phone D:\xampp\htdocs\www\Utk\web\liulin\Application\Home\Controller\BasisController.class.php 第 30 行.
NOTIC: [8] Undefined offset: 1 D:\xampp\htdocs\www\Utk\web\liulin\Application\Home\Controller\BasisController.class.php 第 31 行.
SQL: SHOW COLUMNS FROM `liu_dish` [ RunTime:0.0710s ]
SQL: SHOW COLUMNS FROM `liu_stuff` [ RunTime:0.0722s ]
SQL: SHOW COLUMNS FROM `liu_dishstep` [ RunTime:0.0705s ]
SQL: SELECT * FROM `liu_dish` WHERE `did` = 186 LIMIT 1   [ RunTime:0.0721s ]
SQL: SELECT * FROM `liu_stuff` WHERE `did` = 186  [ RunTime:0.0700s ]
SQL: SELECT * FROM `liu_dishstep` WHERE `did` = 186  [ RunTime:0.0726s ]
INFO: [ view_parse ] --START--
INFO: [ template_filter ] --START--
INFO: Run Behavior\ContentReplaceBehavior [ RunTime:0.000158s ]
INFO: [ template_filter ] --END-- [ RunTime:0.000201s ]
NOTIC: [8] Undefined index: dishstep D:\xampp\htdocs\www\Utk\web\liulin\Application\Runtime\Cache\Home\a75f2e15a93e67db6b646bcc11cbe048.php 第 160 行.
INFO: Run Behavior\ParseTemplateBehavior [ RunTime:0.009065s ]
INFO: [ view_parse ] --END-- [ RunTime:0.009094s ]
INFO: [ view_filter ] --START--
INFO: Run Behavior\WriteHtmlCacheBehavior [ RunTime:0.000786s ]
INFO: [ view_filter ] --END-- [ RunTime:0.000814s ]
INFO: [ app_end ] --START--
INFO: Run Behavior\ShowPageTraceBehavior [ RunTime:0.001185s ]
INFO: [ app_end ] --END-- [ RunTime:0.001233s ]
NOTIC: [2] dirname() expects parameter 2 to be integer, string given D:\xampp\htdocs\www\Utk\web\liulin\index.php 第 31 行.

[ 2017-08-14T20:59:38+08:00 ] 127.0.0.1 /liulin/Home/Auser/dish.html
INFO: [ app_init ] --START--
INFO: Run Behavior\BuildLiteBehavior [ RunTime:0.000008s ]
INFO: [ app_init ] --END-- [ RunTime:0.000320s ]
INFO: [ app_begin ] --START--
INFO: Run Behavior\ReadHtmlCacheBehavior [ RunTime:0.000701s ]
INFO: [ app_begin ] --END-- [ RunTime:0.000773s ]
SQL: SHOW COLUMNS FROM `liu_user` [ RunTime:0.0716s ]
SQL: SHOW COLUMNS FROM `liu_info` [ RunTime:0.0699s ]
SQL: SELECT * FROM `liu_info` WHERE `uid` = 31 LIMIT 1   [ RunTime:0.0753s ]
SQL: SELECT * FROM `liu_user` WHERE `uid` = 31 LIMIT 1   [ RunTime:0.0707s ]
NOTIC: [8] Undefined variable: phone D:\xampp\htdocs\www\Utk\web\liulin\Application\Home\Controller\BasisController.class.php 第 30 行.
NOTIC: [8] Undefined offset: 1 D:\xampp\htdocs\www\Utk\web\liulin\Application\Home\Controller\BasisController.class.php 第 31 行.
SQL: SHOW COLUMNS FROM `liu_dish` [ RunTime:0.0717s ]
SQL: SELECT * FROM `liu_dish` WHERE `uid` = 31 ORDER BY did desc  [ RunTime:0.0726s ]
INFO: [ view_parse ] --START--
INFO: [ template_filter ] --START--
INFO: Run Behavior\ContentReplaceBehavior [ RunTime:0.000144s ]
INFO: [ template_filter ] --END-- [ RunTime:0.000176s ]
INFO: Run Behavior\ParseTemplateBehavior [ RunTime:0.038692s ]
INFO: [ view_parse ] --END-- [ RunTime:0.038734s ]
INFO: [ view_filter ] --START--
INFO: Run Behavior\WriteHtmlCacheBehavior [ RunTime:0.000400s ]
INFO: [ view_filter ] --END-- [ RunTime:0.000429s ]
INFO: [ app_end ] --START--
INFO: Run Behavior\ShowPageTraceBehavior [ RunTime:0.001023s ]
INFO: [ app_end ] --END-- [ RunTime:0.001100s ]
NOTIC: [2] dirname() expects parameter 2 to be integer, string given D:\xampp\htdocs\www\Utk\web\liulin\index.php 第 31 行.

[ 2017-08-14T20:59:39+08:00 ] 127.0.0.1 /liulin/
INFO: [ app_init ] --START--
INFO: Run Behavior\BuildLiteBehavior [ RunTime:0.000024s ]
INFO: [ app_init ] --END-- [ RunTime:0.000469s ]
INFO: [ app_begin ] --START--
INFO: Run Behavior\ReadHtmlCacheBehavior [ RunTime:0.000590s ]
INFO: [ app_begin ] --END-- [ RunTime:0.000629s ]
INFO: [ view_parse ] --START--
INFO: [ template_filter ] --START--
INFO: Run Behavior\ContentReplaceBehavior [ RunTime:0.000027s ]
INFO: [ template_filter ] --END-- [ RunTime:0.000119s ]
INFO: Run Behavior\ParseTemplateBehavior [ RunTime:0.014095s ]
INFO: [ view_parse ] --END-- [ RunTime:0.014168s ]
INFO: [ view_filter ] --START--
INFO: Run Behavior\WriteHtmlCacheBehavior [ RunTime:0.000393s ]
INFO: [ view_filter ] --END-- [ RunTime:0.000433s ]
INFO: [ app_end ] --START--
INFO: Run Behavior\ShowPageTraceBehavior [ RunTime:0.000692s ]
INFO: [ app_end ] --END-- [ RunTime:0.000734s ]
NOTIC: [2] dirname() expects parameter 2 to be integer, string given D:\xampp\htdocs\www\Utk\web\liulin\index.php 第 31 行.

[ 2017-08-14T20:59:42+08:00 ] 127.0.0.1 /liulin/Home/Dish/showdish/did/186.html
INFO: [ app_init ] --START--
INFO: Run Behavior\BuildLiteBehavior [ RunTime:0.000007s ]
INFO: [ app_init ] --END-- [ RunTime:0.000283s ]
INFO: [ app_begin ] --START--
INFO: Run Behavior\ReadHtmlCacheBehavior [ RunTime:0.000353s ]
INFO: [ app_begin ] --END-- [ RunTime:0.000382s ]
SQL: SHOW COLUMNS FROM `liu_user` [ RunTime:0.0731s ]
SQL: SHOW COLUMNS FROM `liu_info` [ RunTime:0.0726s ]
SQL: SELECT * FROM `liu_info` WHERE `uid` = 31 LIMIT 1   [ RunTime:0.0726s ]
SQL: SELECT * FROM `liu_user` WHERE `uid` = 31 LIMIT 1   [ RunTime:0.0722s ]
NOTIC: [8] Undefined variable: phone D:\xampp\htdocs\www\Utk\web\liulin\Application\Home\Controller\BasisController.class.php 第 30 行.
NOTIC: [8] Undefined offset: 1 D:\xampp\htdocs\www\Utk\web\liulin\Application\Home\Controller\BasisController.class.php 第 31 行.
SQL: SHOW COLUMNS FROM `liu_dish` [ RunTime:0.0724s ]
SQL: SHOW COLUMNS FROM `liu_stuff` [ RunTime:0.0729s ]
SQL: SHOW COLUMNS FROM `liu_dishstep` [ RunTime:0.0725s ]
SQL: SELECT * FROM `liu_dish` WHERE `did` = 186 LIMIT 1   [ RunTime:0.0723s ]
SQL: SELECT * FROM `liu_stuff` WHERE `did` = 186  [ RunTime:0.0718s ]
SQL: SELECT * FROM `liu_dishstep` WHERE `did` = 186  [ RunTime:0.0735s ]
INFO: [ view_parse ] --START--
INFO: [ template_filter ] --START--
INFO: Run Behavior\ContentReplaceBehavior [ RunTime:0.000166s ]
INFO: [ template_filter ] --END-- [ RunTime:0.000230s ]
INFO: Run Behavior\ParseTemplateBehavior [ RunTime:0.006645s ]
INFO: [ view_parse ] --END-- [ RunTime:0.006673s ]
INFO: [ view_filter ] --START--
INFO: Run Behavior\WriteHtmlCacheBehavior [ RunTime:0.000281s ]
INFO: [ view_filter ] --END-- [ RunTime:0.000302s ]
INFO: [ app_end ] --START--
INFO: Run Behavior\ShowPageTraceBehavior [ RunTime:0.000502s ]
INFO: [ app_end ] --END-- [ RunTime:0.000525s ]
NOTIC: [2] dirname() expects parameter 2 to be integer, string given D:\xampp\htdocs\www\Utk\web\liulin\index.php 第 31 行.

[ 2017-08-14T20:59:58+08:00 ] 127.0.0.1 /liulin/Home/Dish/showdish/did/184.html
INFO: [ app_init ] --START--
INFO: Run Behavior\BuildLiteBehavior [ RunTime:0.000008s ]
INFO: [ app_init ] --END-- [ RunTime:0.000328s ]
INFO: [ app_begin ] --START--
INFO: Run Behavior\ReadHtmlCacheBehavior [ RunTime:0.000415s ]
INFO: [ app_begin ] --END-- [ RunTime:0.000443s ]
SQL: SHOW COLUMNS FROM `liu_user` [ RunTime:0.0727s ]
SQL: SHOW COLUMNS FROM `liu_info` [ RunTime:0.0716s ]
SQL: SELECT * FROM `liu_info` WHERE `uid` = 31 LIMIT 1   [ RunTime:0.0709s ]
SQL: SELECT * FROM `liu_user` WHERE `uid` = 31 LIMIT 1   [ RunTime:0.0718s ]
NOTIC: [8] Undefined variable: phone D:\xampp\htdocs\www\Utk\web\liulin\Application\Home\Controller\BasisController.class.php 第 30 行.
NOTIC: [8] Undefined offset: 1 D:\xampp\htdocs\www\Utk\web\liulin\Application\Home\Controller\BasisController.class.php 第 31 行.
SQL: SHOW COLUMNS FROM `liu_dish` [ RunTime:0.0723s ]
SQL: SHOW COLUMNS FROM `liu_stuff` [ RunTime:0.0715s ]
SQL: SHOW COLUMNS FROM `liu_dishstep` [ RunTime:0.0707s ]
SQL: SELECT * FROM `liu_dish` WHERE `did` = 184 LIMIT 1   [ RunTime:0.0716s ]
SQL: SELECT * FROM `liu_stuff` WHERE `did` = 184  [ RunTime:0.0715s ]
SQL: SELECT * FROM `liu_dishstep` WHERE `did` = 184  [ RunTime:0.0738s ]
INFO: [ view_parse ] --START--
INFO: [ template_filter ] --START--
INFO: Run Behavior\ContentReplaceBehavior [ RunTime:0.000048s ]
INFO: [ template_filter ] --END-- [ RunTime:0.000079s ]
INFO: Run Behavior\ParseTemplateBehavior [ RunTime:0.005898s ]
INFO: [ view_parse ] --END-- [ RunTime:0.005945s ]
INFO: [ view_filter ] --START--
INFO: Run Behavior\WriteHtmlCacheBehavior [ RunTime:0.000534s ]
INFO: [ view_filter ] --END-- [ RunTime:0.000562s ]
INFO: [ app_end ] --START--
INFO: Run Behavior\ShowPageTraceBehavior [ RunTime:0.000753s ]
INFO: [ app_end ] --END-- [ RunTime:0.000778s ]
NOTIC: [2] dirname() expects parameter 2 to be integer, string given D:\xampp\htdocs\www\Utk\web\liulin\index.php 第 31 行.

[ 2017-08-14T21:00:03+08:00 ] 127.0.0.1 /liulin/Home/Dish/editDish/did/184.html
INFO: [ app_init ] --START--
INFO: Run Behavior\BuildLiteBehavior [ RunTime:0.000007s ]
INFO: [ app_init ] --END-- [ RunTime:0.000291s ]
INFO: [ app_begin ] --START--
INFO: Run Behavior\ReadHtmlCacheBehavior [ RunTime:0.000353s ]
INFO: [ app_begin ] --END-- [ RunTime:0.000380s ]
SQL: SHOW COLUMNS FROM `liu_user` [ RunTime:0.0723s ]
SQL: SHOW COLUMNS FROM `liu_info` [ RunTime:0.0714s ]
SQL: SELECT * FROM `liu_info` WHERE `uid` = 31 LIMIT 1   [ RunTime:0.0708s ]
SQL: SELECT * FROM `liu_user` WHERE `uid` = 31 LIMIT 1   [ RunTime:0.0705s ]
NOTIC: [8] Undefined variable: phone D:\xampp\htdocs\www\Utk\web\liulin\Application\Home\Controller\BasisController.class.php 第 30 行.
NOTIC: [8] Undefined offset: 1 D:\xampp\htdocs\www\Utk\web\liulin\Application\Home\Controller\BasisController.class.php 第 31 行.
SQL: SHOW COLUMNS FROM `liu_dish` [ RunTime:0.0711s ]
SQL: SHOW COLUMNS FROM `liu_stuff` [ RunTime:0.0715s ]
SQL: SHOW COLUMNS FROM `liu_dishstep` [ RunTime:0.0713s ]
SQL: SELECT * FROM `liu_dish` WHERE `did` = 184 LIMIT 1   [ RunTime:0.0713s ]
SQL: SELECT * FROM `liu_stuff` WHERE `did` = 184  [ RunTime:0.0708s ]
SQL: SELECT * FROM `liu_dishstep` WHERE `did` = 184  [ RunTime:0.0709s ]
INFO: [ view_parse ] --START--
INFO: [ template_filter ] --START--
INFO: Run Behavior\ContentReplaceBehavior [ RunTime:0.000113s ]
INFO: [ template_filter ] --END-- [ RunTime:0.000146s ]
NOTIC: [8] Undefined index: dishstep D:\xampp\htdocs\www\Utk\web\liulin\Application\Runtime\Cache\Home\a75f2e15a93e67db6b646bcc11cbe048.php 第 160 行.
INFO: Run Behavior\ParseTemplateBehavior [ RunTime:0.007133s ]
INFO: [ view_parse ] --END-- [ RunTime:0.007162s ]
INFO: [ view_filter ] --START--
INFO: Run Behavior\WriteHtmlCacheBehavior [ RunTime:0.000893s ]
INFO: [ view_filter ] --END-- [ RunTime:0.000925s ]
INFO: [ app_end ] --START--
INFO: Run Behavior\ShowPageTraceBehavior [ RunTime:0.000893s ]
INFO: [ app_end ] --END-- [ RunTime:0.000935s ]
NOTIC: [2] dirname() expects parameter 2 to be integer, string given D:\xampp\htdocs\www\Utk\web\liulin\index.php 第 31 行.

[ 2017-08-14T21:01:02+08:00 ] 127.0.0.1 /liulin/Home/Dish/editDish/did/184.html
INFO: [ app_init ] --START--
INFO: Run Behavior\BuildLiteBehavior [ RunTime:0.000008s ]
INFO: [ app_init ] --END-- [ RunTime:0.000358s ]
INFO: [ app_begin ] --START--
INFO: Run Behavior\ReadHtmlCacheBehavior [ RunTime:0.000539s ]
INFO: [ app_begin ] --END-- [ RunTime:0.000568s ]
SQL: SHOW COLUMNS FROM `liu_user` [ RunTime:0.0719s ]
SQL: SHOW COLUMNS FROM `liu_info` [ RunTime:0.0716s ]
SQL: SELECT * FROM `liu_info` WHERE `uid` = 31 LIMIT 1   [ RunTime:0.0716s ]
SQL: SELECT * FROM `liu_user` WHERE `uid` = 31 LIMIT 1   [ RunTime:0.0708s ]
NOTIC: [8] Undefined variable: phone D:\xampp\htdocs\www\Utk\web\liulin\Application\Home\Controller\BasisController.class.php 第 30 行.
NOTIC: [8] Undefined offset: 1 D:\xampp\htdocs\www\Utk\web\liulin\Application\Home\Controller\BasisController.class.php 第 31 行.
SQL: SHOW COLUMNS FROM `liu_dish` [ RunTime:0.0709s ]
SQL: SHOW COLUMNS FROM `liu_stuff` [ RunTime:0.0711s ]
SQL: SHOW COLUMNS FROM `liu_dishstep` [ RunTime:0.0711s ]
SQL: SELECT * FROM `liu_dish` WHERE `did` = 184 LIMIT 1   [ RunTime:0.0710s ]
SQL: SELECT * FROM `liu_stuff` WHERE `did` = 184  [ RunTime:0.0702s ]
SQL: SELECT * FROM `liu_dishstep` WHERE `did` = 184  [ RunTime:0.0715s ]
NOTIC: [8] Undefined index: dishstep D:\xampp\htdocs\www\Utk\web\liulin\Application\Home\Controller\DishController.class.php 第 249 行.
INFO: [ view_parse ] --START--
INFO: [ template_filter ] --START--
INFO: Run Behavior\ContentReplaceBehavior [ RunTime:0.000108s ]
INFO: [ template_filter ] --END-- [ RunTime:0.000135s ]
NOTIC: [8] Undefined index: dishstep D:\xampp\htdocs\www\Utk\web\liulin\Application\Runtime\Cache\Home\a75f2e15a93e67db6b646bcc11cbe048.php 第 160 行.
INFO: Run Behavior\ParseTemplateBehavior [ RunTime:0.021357s ]
INFO: [ view_parse ] --END-- [ RunTime:0.021386s ]
INFO: [ view_filter ] --START--
INFO: Run Behavior\WriteHtmlCacheBehavior [ RunTime:0.000393s ]
INFO: [ view_filter ] --END-- [ RunTime:0.000415s ]
INFO: [ app_end ] --START--
INFO: Run Behavior\ShowPageTraceBehavior [ RunTime:0.000769s ]
INFO: [ app_end ] --END-- [ RunTime:0.000816s ]
NOTIC: [2] dirname() expects parameter 2 to be integer, string given D:\xampp\htdocs\www\Utk\web\liulin\index.php 第 31 行.

