[ 2017-09-26T22:12:17+08:00 ] 127.0.0.1 /liulin/Home/Register
INFO: [ app_init ] --START--
INFO: Run Behavior\BuildLiteBehavior [ RunTime:0.000013s ]
INFO: [ app_init ] --END-- [ RunTime:0.000613s ]
INFO: [ app_begin ] --START--
INFO: Run Behavior\ReadHtmlCacheBehavior [ RunTime:0.000600s ]
INFO: [ app_begin ] --END-- [ RunTime:0.000637s ]
SQL: SHOW COLUMNS FROM `liu_user` [ RunTime:0.0460s ]
SQL: SHOW COLUMNS FROM `liu_code` [ RunTime:0.0446s ]
SQL: SHOW COLUMNS FROM `liu_info` [ RunTime:0.0473s ]
INFO: [ view_parse ] --START--
INFO: [ template_filter ] --START--
INFO: Run Behavior\ContentReplaceBehavior [ RunTime:0.000069s ]
INFO: [ template_filter ] --END-- [ RunTime:0.000100s ]
INFO: Run Behavior\ParseTemplateBehavior [ RunTime:0.048817s ]
INFO: [ view_parse ] --END-- [ RunTime:0.048853s ]
INFO: [ view_filter ] --START--
INFO: Run Behavior\WriteHtmlCacheBehavior [ RunTime:0.006128s ]
INFO: [ view_filter ] --END-- [ RunTime:0.006160s ]
INFO: [ app_end ] --START--
INFO: Run Behavior\ShowPageTraceBehavior [ RunTime:0.001044s ]
INFO: [ app_end ] --END-- [ RunTime:0.001081s ]
NOTIC: [2] dirname() expects parameter 2 to be integer, string given D:\xampp\htdocs\www\Utk\web\liulin\index.php 第 31 行.

[ 2017-09-26T22:19:07+08:00 ] 127.0.0.1 /liulin/Home/Register
INFO: [ app_init ] --START--
INFO: Run Behavior\BuildLiteBehavior [ RunTime:0.000009s ]
INFO: [ app_init ] --END-- [ RunTime:0.000436s ]
INFO: [ app_begin ] --START--
INFO: Run Behavior\ReadHtmlCacheBehavior [ RunTime:0.000435s ]
INFO: [ app_begin ] --END-- [ RunTime:0.000465s ]
SQL: SHOW COLUMNS FROM `liu_user` [ RunTime:0.0460s ]
SQL: SHOW COLUMNS FROM `liu_code` [ RunTime:0.0459s ]
SQL: SHOW COLUMNS FROM `liu_info` [ RunTime:0.0470s ]
INFO: [ view_parse ] --START--
INFO: [ template_filter ] --START--
INFO: Run Behavior\ContentReplaceBehavior [ RunTime:0.000084s ]
INFO: [ template_filter ] --END-- [ RunTime:0.000114s ]
INFO: Run Behavior\ParseTemplateBehavior [ RunTime:0.008155s ]
INFO: [ view_parse ] --END-- [ RunTime:0.008208s ]
INFO: [ view_filter ] --START--
INFO: Run Behavior\WriteHtmlCacheBehavior [ RunTime:0.000584s ]
INFO: [ view_filter ] --END-- [ RunTime:0.000617s ]
INFO: [ app_end ] --START--
INFO: Run Behavior\ShowPageTraceBehavior [ RunTime:0.000888s ]
INFO: [ app_end ] --END-- [ RunTime:0.000943s ]
NOTIC: [2] dirname() expects parameter 2 to be integer, string given D:\xampp\htdocs\www\Utk\web\liulin\index.php 第 31 行.

