[ 2017-08-08T18:29:57+08:00 ] 127.0.0.1 /liulin/Public/dish/dishcover/2017-08-08/598992562dffe.png
INFO: [ app_init ] --START--
INFO: Run Behavior\BuildLiteBehavior [ RunTime:0.000011s ]
INFO: [ app_init ] --END-- [ RunTime:0.000504s ]
ERR: 无法加载模块:Public

[ 2017-08-08T18:29:57+08:00 ] 127.0.0.1 /liulin/Public/dish/dishcover/2017-08-08/5989920dc9fb8.png
INFO: [ app_init ] --START--
INFO: Run Behavior\BuildLiteBehavior [ RunTime:0.000019s ]
INFO: [ app_init ] --END-- [ RunTime:0.004347s ]
ERR: 无法加载模块:Public

[ 2017-08-08T18:29:57+08:00 ] 127.0.0.1 /liulin/Public/dish/dishcover/2017-08-08/59899224decb5.png
INFO: [ app_init ] --START--
INFO: Run Behavior\BuildLiteBehavior [ RunTime:0.000010s ]
INFO: [ app_init ] --END-- [ RunTime:0.000746s ]
ERR: 无法加载模块:Public

[ 2017-08-08T18:29:57+08:00 ] 127.0.0.1 /liulin/Public/dish/dishcover/2017-08-08/5989925f0b185.png
INFO: [ app_init ] --START--
INFO: Run Behavior\BuildLiteBehavior [ RunTime:0.000009s ]
INFO: [ app_init ] --END-- [ RunTime:0.000770s ]
ERR: 无法加载模块:Public

[ 2017-08-08T18:31:34+08:00 ] 127.0.0.1 /liulin/Public/dish/dishcover/2017-08-08/5989925f0b185.png
INFO: [ app_init ] --START--
INFO: Run Behavior\BuildLiteBehavior [ RunTime:0.000008s ]
INFO: [ app_init ] --END-- [ RunTime:0.000474s ]
ERR: 无法加载模块:Public

[ 2017-08-08T18:31:34+08:00 ] 127.0.0.1 /liulin/Public/dish/dishcover/2017-08-08/5989920dc9fb8.png
INFO: [ app_init ] --START--
INFO: Run Behavior\BuildLiteBehavior [ RunTime:0.000011s ]
INFO: [ app_init ] --END-- [ RunTime:0.000502s ]
ERR: 无法加载模块:Public

[ 2017-08-08T18:31:34+08:00 ] 127.0.0.1 /liulin/Public/dish/dishcover/2017-08-08/59899224decb5.png
INFO: [ app_init ] --START--
INFO: Run Behavior\BuildLiteBehavior [ RunTime:0.000011s ]
INFO: [ app_init ] --END-- [ RunTime:0.000512s ]
ERR: 无法加载模块:Public

[ 2017-08-08T18:31:34+08:00 ] 127.0.0.1 /liulin/Public/dish/dishcover/2017-08-08/598992562dffe.png
INFO: [ app_init ] --START--
INFO: Run Behavior\BuildLiteBehavior [ RunTime:0.000010s ]
INFO: [ app_init ] --END-- [ RunTime:0.000557s ]
ERR: 无法加载模块:Public

[ 2017-08-08T18:31:45+08:00 ] 127.0.0.1 /liulin/Public/dish/dishcover/2017-08-08/5989925f0b185.png
INFO: [ app_init ] --START--
INFO: Run Behavior\BuildLiteBehavior [ RunTime:0.000011s ]
INFO: [ app_init ] --END-- [ RunTime:0.000686s ]
ERR: 无法加载模块:Public

[ 2017-08-08T18:31:45+08:00 ] 127.0.0.1 /liulin/Public/dish/dishcover/2017-08-08/598992562dffe.png
INFO: [ app_init ] --START--
INFO: Run Behavior\BuildLiteBehavior [ RunTime:0.000010s ]
INFO: [ app_init ] --END-- [ RunTime:0.000579s ]
ERR: 无法加载模块:Public

[ 2017-08-08T18:31:45+08:00 ] 127.0.0.1 /liulin/Public/dish/dishcover/2017-08-08/5989920dc9fb8.png
INFO: [ app_init ] --START--
INFO: Run Behavior\BuildLiteBehavior [ RunTime:0.000010s ]
INFO: [ app_init ] --END-- [ RunTime:0.000514s ]
ERR: 无法加载模块:Public

[ 2017-08-08T18:31:45+08:00 ] 127.0.0.1 /liulin/Public/dish/dishcover/2017-08-08/59899224decb5.png
INFO: [ app_init ] --START--
INFO: Run Behavior\BuildLiteBehavior [ RunTime:0.000013s ]
INFO: [ app_init ] --END-- [ RunTime:0.000557s ]
ERR: 无法加载模块:Public

[ 2017-08-08T19:51:38+08:00 ] 127.0.0.1 /liulin/Public/dish/dishcover/2017-08-08/5989a54c26647.png
INFO: [ app_init ] --START--
INFO: Run Behavior\BuildLiteBehavior [ RunTime:0.000020s ]
INFO: [ app_init ] --END-- [ RunTime:0.000718s ]
ERR: 无法加载模块:Public

[ 2017-08-08T20:15:51+08:00 ] 127.0.0.1 /liulin/Public/dish/dishcover/2017-08-08/5989a54c26647.png
INFO: [ app_init ] --START--
INFO: Run Behavior\BuildLiteBehavior [ RunTime:0.000018s ]
INFO: [ app_init ] --END-- [ RunTime:0.000894s ]
ERR: 无法加载模块:Public

[ 2017-08-08T20:16:02+08:00 ] 127.0.0.1 /liulin/Public/dish/makingimg/2017-08-08/5989a5d60db54.png
INFO: [ app_init ] --START--
INFO: Run Behavior\BuildLiteBehavior [ RunTime:0.000009s ]
INFO: [ app_init ] --END-- [ RunTime:0.000562s ]
ERR: 无法加载模块:Public

[ 2017-08-08T20:16:08+08:00 ] 127.0.0.1 /liulin/Public/dish/dishcover/2017-08-08/5989a54c26647.png
INFO: [ app_init ] --START--
INFO: Run Behavior\BuildLiteBehavior [ RunTime:0.000011s ]
INFO: [ app_init ] --END-- [ RunTime:0.000610s ]
ERR: 无法加载模块:Public

[ 2017-08-08T20:16:11+08:00 ] 127.0.0.1 /liulin/Public/dish/makingimg/2017-08-08/5989a5d60db54.png
INFO: [ app_init ] --START--
INFO: Run Behavior\BuildLiteBehavior [ RunTime:0.000020s ]
INFO: [ app_init ] --END-- [ RunTime:0.000639s ]
ERR: 无法加载模块:Public

[ 2017-08-08T20:16:16+08:00 ] 127.0.0.1 /liulin/Public/dish/dishcover/2017-08-08/5989a54c26647.png
INFO: [ app_init ] --START--
INFO: Run Behavior\BuildLiteBehavior [ RunTime:0.000009s ]
INFO: [ app_init ] --END-- [ RunTime:0.000608s ]
ERR: 无法加载模块:Public

[ 2017-08-08T20:16:19+08:00 ] 127.0.0.1 /liulin/Public/dish/dishcover/2017-08-08/5989a54c26647.png
INFO: [ app_init ] --START--
INFO: Run Behavior\BuildLiteBehavior [ RunTime:0.000009s ]
INFO: [ app_init ] --END-- [ RunTime:0.000454s ]
ERR: 无法加载模块:Public

[ 2017-08-08T20:16:22+08:00 ] 127.0.0.1 /liulin/Public/dish/makingimg/2017-08-08/5989a5d60db54.png
INFO: [ app_init ] --START--
INFO: Run Behavior\BuildLiteBehavior [ RunTime:0.000008s ]
INFO: [ app_init ] --END-- [ RunTime:0.000435s ]
ERR: 无法加载模块:Public

[ 2017-08-08T20:16:27+08:00 ] 127.0.0.1 /liulin/Public/dish/dishcover/2017-08-08/5989a54c26647.png
INFO: [ app_init ] --START--
INFO: Run Behavior\BuildLiteBehavior [ RunTime:0.000011s ]
INFO: [ app_init ] --END-- [ RunTime:0.000668s ]
ERR: 无法加载模块:Public

[ 2017-08-08T20:16:31+08:00 ] 127.0.0.1 /liulin/Public/dish/dishcover/2017-08-08/5989a54c26647.png
INFO: [ app_init ] --START--
INFO: Run Behavior\BuildLiteBehavior [ RunTime:0.000012s ]
INFO: [ app_init ] --END-- [ RunTime:0.000671s ]
ERR: 无法加载模块:Public

[ 2017-08-08T20:16:33+08:00 ] 127.0.0.1 /liulin/Public/dish/makingimg/2017-08-08/5989a5d60db54.png
INFO: [ app_init ] --START--
INFO: Run Behavior\BuildLiteBehavior [ RunTime:0.000008s ]
INFO: [ app_init ] --END-- [ RunTime:0.000480s ]
ERR: 无法加载模块:Public

[ 2017-08-08T20:16:37+08:00 ] 127.0.0.1 /liulin/Public/dish/dishcover/2017-08-08/5989a54c26647.png
INFO: [ app_init ] --START--
INFO: Run Behavior\BuildLiteBehavior [ RunTime:0.000011s ]
INFO: [ app_init ] --END-- [ RunTime:0.000499s ]
ERR: 无法加载模块:Public

[ 2017-08-08T20:16:42+08:00 ] 127.0.0.1 /liulin/Public/dish/makingimg/2017-08-08/5989a5d60db54.png
INFO: [ app_init ] --START--
INFO: Run Behavior\BuildLiteBehavior [ RunTime:0.000008s ]
INFO: [ app_init ] --END-- [ RunTime:0.000432s ]
ERR: 无法加载模块:Public

[ 2017-08-08T20:16:46+08:00 ] 127.0.0.1 /liulin/Public/dish/dishcover/2017-08-08/5989a54c26647.png
INFO: [ app_init ] --START--
INFO: Run Behavior\BuildLiteBehavior [ RunTime:0.000009s ]
INFO: [ app_init ] --END-- [ RunTime:0.000452s ]
ERR: 无法加载模块:Public

[ 2017-08-08T20:17:14+08:00 ] 127.0.0.1 /liulin/Public/dish/dishcover/2017-08-08/5989a54c26647.png
INFO: [ app_init ] --START--
INFO: Run Behavior\BuildLiteBehavior [ RunTime:0.000014s ]
INFO: [ app_init ] --END-- [ RunTime:0.001857s ]
ERR: 无法加载模块:Public

[ 2017-08-08T20:17:17+08:00 ] 127.0.0.1 /liulin/Public/dish/makingimg/2017-08-08/5989a5d60db54.png
INFO: [ app_init ] --START--
INFO: Run Behavior\BuildLiteBehavior [ RunTime:0.000008s ]
INFO: [ app_init ] --END-- [ RunTime:0.000418s ]
ERR: 无法加载模块:Public

[ 2017-08-08T20:17:22+08:00 ] 127.0.0.1 /liulin/Public/dish/dishcover/2017-08-08/5989a54c26647.png
INFO: [ app_init ] --START--
INFO: Run Behavior\BuildLiteBehavior [ RunTime:0.000009s ]
INFO: [ app_init ] --END-- [ RunTime:0.000463s ]
ERR: 无法加载模块:Public

[ 2017-08-08T20:18:00+08:00 ] 127.0.0.1 /liulin/Public/dish/dishcover/2017-08-08/5989a54c26647.png
INFO: [ app_init ] --START--
INFO: Run Behavior\BuildLiteBehavior [ RunTime:0.000007s ]
INFO: [ app_init ] --END-- [ RunTime:0.000354s ]
ERR: 无法加载模块:Public

[ 2017-08-08T20:18:04+08:00 ] 127.0.0.1 /liulin/Public/dish/makingimg/2017-08-08/5989a5d60db54.png
INFO: [ app_init ] --START--
INFO: Run Behavior\BuildLiteBehavior [ RunTime:0.000007s ]
INFO: [ app_init ] --END-- [ RunTime:0.000401s ]
ERR: 无法加载模块:Public

[ 2017-08-08T20:18:07+08:00 ] 127.0.0.1 /liulin/Public/dish/dishcover/2017-08-08/5989a54c26647.png
INFO: [ app_init ] --START--
INFO: Run Behavior\BuildLiteBehavior [ RunTime:0.000009s ]
INFO: [ app_init ] --END-- [ RunTime:0.000426s ]
ERR: 无法加载模块:Public

[ 2017-08-08T20:19:03+08:00 ] 127.0.0.1 /liulin/Public/dish/dishcover/2017-08-08/5989a54c26647.png
INFO: [ app_init ] --START--
INFO: Run Behavior\BuildLiteBehavior [ RunTime:0.000007s ]
INFO: [ app_init ] --END-- [ RunTime:0.000353s ]
ERR: 无法加载模块:Public

[ 2017-08-08T20:19:05+08:00 ] 127.0.0.1 /liulin/Public/dish/makingimg/2017-08-08/5989a5d60db54.png
INFO: [ app_init ] --START--
INFO: Run Behavior\BuildLiteBehavior [ RunTime:0.000010s ]
INFO: [ app_init ] --END-- [ RunTime:0.000473s ]
ERR: 无法加载模块:Public

[ 2017-08-08T20:19:16+08:00 ] 127.0.0.1 /liulin/Public/dish/dishcover/2017-08-08/5989a54c26647.png
INFO: [ app_init ] --START--
INFO: Run Behavior\BuildLiteBehavior [ RunTime:0.000008s ]
INFO: [ app_init ] --END-- [ RunTime:0.000362s ]
ERR: 无法加载模块:Public

[ 2017-08-08T20:19:57+08:00 ] 127.0.0.1 /liulin/Public/dish/dishcover/2017-08-08/5989a54c26647.png
INFO: [ app_init ] --START--
INFO: Run Behavior\BuildLiteBehavior [ RunTime:0.000053s ]
INFO: [ app_init ] --END-- [ RunTime:0.001867s ]
ERR: 无法加载模块:Public

