[ 2017-09-15T20:28:41+08:00 ] 127.0.0.1 /liulin/Public/dish/dishcover/2017-09-05/59aeaa45ec7bf.png
INFO: [ app_init ] --START--
INFO: Run Behavior\BuildLiteBehavior [ RunTime:0.000008s ]
INFO: [ app_init ] --END-- [ RunTime:0.000345s ]
ERR: 无法加载模块:Public

[ 2017-09-15T20:28:41+08:00 ] 127.0.0.1 /liulin/Public/dish/dishcover/2017-09-05/59aeb54ba1e91.png
INFO: [ app_init ] --START--
INFO: Run Behavior\BuildLiteBehavior [ RunTime:0.000008s ]
INFO: [ app_init ] --END-- [ RunTime:0.000335s ]
ERR: 无法加载模块:Public

[ 2017-09-15T20:28:46+08:00 ] 127.0.0.1 /liulin/Public/images/drop-arrow.png
INFO: [ app_init ] --START--
INFO: Run Behavior\BuildLiteBehavior [ RunTime:0.000007s ]
INFO: [ app_init ] --END-- [ RunTime:0.000289s ]
ERR: 无法加载模块:Public

[ 2017-09-15T20:28:58+08:00 ] 127.0.0.1 /liulin/Public/images/drop-arrow.png
INFO: [ app_init ] --START--
INFO: Run Behavior\BuildLiteBehavior [ RunTime:0.000011s ]
INFO: [ app_init ] --END-- [ RunTime:0.000408s ]
ERR: 无法加载模块:Public

[ 2017-09-15T20:29:17+08:00 ] 127.0.0.1 /liulin/Public/dish/dishcover/2017-09-05/59aeb54ba1e91.png
INFO: [ app_init ] --START--
INFO: Run Behavior\BuildLiteBehavior [ RunTime:0.000010s ]
INFO: [ app_init ] --END-- [ RunTime:0.000353s ]
ERR: 无法加载模块:Public

[ 2017-09-15T20:29:17+08:00 ] 127.0.0.1 /liulin/Public/dish/dishcover/2017-09-05/59aeaa45ec7bf.png
INFO: [ app_init ] --START--
INFO: Run Behavior\BuildLiteBehavior [ RunTime:0.000009s ]
INFO: [ app_init ] --END-- [ RunTime:0.000316s ]
ERR: 无法加载模块:Public

[ 2017-09-15T20:29:19+08:00 ] 127.0.0.1 /liulin/Public/dish/dishcover/2017-09-05/59aeb54ba1e91.png
INFO: [ app_init ] --START--
INFO: Run Behavior\BuildLiteBehavior [ RunTime:0.000010s ]
INFO: [ app_init ] --END-- [ RunTime:0.000431s ]
ERR: 无法加载模块:Public

[ 2017-09-15T20:29:19+08:00 ] 127.0.0.1 /liulin/Public/dish/makingimg/2017-09-05/59aeb54bd7d64.png
INFO: [ app_init ] --START--
INFO: Run Behavior\BuildLiteBehavior [ RunTime:0.000012s ]
INFO: [ app_init ] --END-- [ RunTime:0.000507s ]
ERR: 无法加载模块:Public

[ 2017-09-15T20:29:19+08:00 ] 127.0.0.1 /liulin/Public/dish/makingimg/2017-09-05/59aeb54bd65e4.png
INFO: [ app_init ] --START--
INFO: Run Behavior\BuildLiteBehavior [ RunTime:0.000014s ]
INFO: [ app_init ] --END-- [ RunTime:0.001426s ]
ERR: 无法加载模块:Public

[ 2017-09-15T20:29:19+08:00 ] 127.0.0.1 /liulin/Public/dish/makingimg/2017-09-05/59aeb54bd8acd.jpg
INFO: [ app_init ] --START--
INFO: Run Behavior\BuildLiteBehavior [ RunTime:0.000008s ]
INFO: [ app_init ] --END-- [ RunTime:0.000290s ]
ERR: 无法加载模块:Public

[ 2017-09-15T20:29:26+08:00 ] 127.0.0.1 /liulin/Public/dish/dishcover/2017-09-05/59aeb54ba1e91.png
INFO: [ app_init ] --START--
INFO: Run Behavior\BuildLiteBehavior [ RunTime:0.000008s ]
INFO: [ app_init ] --END-- [ RunTime:0.000381s ]
ERR: 无法加载模块:Public

[ 2017-09-15T20:29:26+08:00 ] 127.0.0.1 /liulin/Public/dish/makingimg/2017-09-05/59aeb54bd65e4.png
INFO: [ app_init ] --START--
INFO: Run Behavior\BuildLiteBehavior [ RunTime:0.000038s ]
INFO: [ app_init ] --END-- [ RunTime:0.000713s ]
ERR: 无法加载模块:Public

[ 2017-09-15T20:29:26+08:00 ] 127.0.0.1 /liulin/Public/dish/makingimg/2017-09-05/59aeb54bd7d64.png
INFO: [ app_init ] --START--
INFO: Run Behavior\BuildLiteBehavior [ RunTime:0.000013s ]
INFO: [ app_init ] --END-- [ RunTime:0.000676s ]
ERR: 无法加载模块:Public

[ 2017-09-15T20:29:26+08:00 ] 127.0.0.1 /liulin/Public/dish/makingimg/2017-09-05/59aeb54bd8acd.jpg
INFO: [ app_init ] --START--
INFO: Run Behavior\BuildLiteBehavior [ RunTime:0.000011s ]
INFO: [ app_init ] --END-- [ RunTime:0.000675s ]
ERR: 无法加载模块:Public

[ 2017-09-15T20:30:11+08:00 ] 127.0.0.1 /liulin/Public/dish/dishcover/2017-09-05/59aeaa45ec7bf.png
INFO: [ app_init ] --START--
INFO: Run Behavior\BuildLiteBehavior [ RunTime:0.000010s ]
INFO: [ app_init ] --END-- [ RunTime:0.000424s ]
ERR: 无法加载模块:Public

[ 2017-09-15T20:30:11+08:00 ] 127.0.0.1 /liulin/Public/dish/makingimg/2017-09-05/59aeaa4637cb3.png
INFO: [ app_init ] --START--
INFO: Run Behavior\BuildLiteBehavior [ RunTime:0.000010s ]
INFO: [ app_init ] --END-- [ RunTime:0.000405s ]
ERR: 无法加载模块:Public

[ 2017-09-15T20:30:11+08:00 ] 127.0.0.1 /liulin/Public/dish/makingimg/2017-09-05/59aeaa4636007.png
INFO: [ app_init ] --START--
INFO: Run Behavior\BuildLiteBehavior [ RunTime:0.000009s ]
INFO: [ app_init ] --END-- [ RunTime:0.000428s ]
ERR: 无法加载模块:Public

[ 2017-09-15T20:30:11+08:00 ] 127.0.0.1 /liulin/Public/dish/makingimg/2017-09-05/59aeaa4634389.jpg
INFO: [ app_init ] --START--
INFO: Run Behavior\BuildLiteBehavior [ RunTime:0.000009s ]
INFO: [ app_init ] --END-- [ RunTime:0.000426s ]
ERR: 无法加载模块:Public

[ 2017-09-15T20:30:14+08:00 ] 127.0.0.1 /liulin/Public/dish/dishcover/2017-09-05/59aeaa45ec7bf.png
INFO: [ app_init ] --START--
INFO: Run Behavior\BuildLiteBehavior [ RunTime:0.000008s ]
INFO: [ app_init ] --END-- [ RunTime:0.000329s ]
ERR: 无法加载模块:Public

[ 2017-09-15T20:30:14+08:00 ] 127.0.0.1 /liulin/Public/dish/makingimg/2017-09-05/59aeaa4634389.jpg
INFO: [ app_init ] --START--
INFO: Run Behavior\BuildLiteBehavior [ RunTime:0.000007s ]
INFO: [ app_init ] --END-- [ RunTime:0.000318s ]
ERR: 无法加载模块:Public

[ 2017-09-15T20:30:14+08:00 ] 127.0.0.1 /liulin/Public/dish/makingimg/2017-09-05/59aeaa4637cb3.png
INFO: [ app_init ] --START--
INFO: Run Behavior\BuildLiteBehavior [ RunTime:0.000007s ]
INFO: [ app_init ] --END-- [ RunTime:0.000313s ]
ERR: 无法加载模块:Public

[ 2017-09-15T20:30:33+08:00 ] 127.0.0.1 /liulin/Public/dish/makingimg/2017-09-05/59aeaa4636007.png
INFO: [ app_init ] --START--
INFO: Run Behavior\BuildLiteBehavior [ RunTime:0.000009s ]
INFO: [ app_init ] --END-- [ RunTime:0.000340s ]
ERR: 无法加载模块:Public

