[ 2017-06-19T16:11:26+08:00 ] 127.0.0.1 /liulin/index.php/liulin/Admin/Register/index.html
INFO: [ app_init ] --START--
INFO: Run Behavior\BuildLiteBehavior [ RunTime:0.000010s ]
INFO: [ app_init ] --END-- [ RunTime:0.000372s ]
ERR: 无法加载模块:Liulin

[ 2017-06-19T16:11:44+08:00 ] 127.0.0.1 /liulin/index.php/liulin/Admin/Register/index.html
INFO: [ app_init ] --START--
INFO: Run Behavior\BuildLiteBehavior [ RunTime:0.000013s ]
INFO: [ app_init ] --END-- [ RunTime:0.000757s ]
ERR: 无法加载模块:Liulin

[ 2017-06-19T23:34:30+08:00 ] 127.0.0.1 /liulin/Login
INFO: [ app_init ] --START--
INFO: Run Behavior\BuildLiteBehavior [ RunTime:0.000007s ]
INFO: [ app_init ] --END-- [ RunTime:0.000391s ]
ERR: 无法加载模块:Login

[ 2017-06-19T23:39:23+08:00 ] 127.0.0.1 /liulin/Login
INFO: [ app_init ] --START--
INFO: Run Behavior\BuildLiteBehavior [ RunTime:0.000011s ]
INFO: [ app_init ] --END-- [ RunTime:0.000346s ]
ERR: 无法加载模块:Login

