[ 2017-08-10T20:40:45+08:00 ] 127.0.0.1 /liulin/Public/dish/dishcover/2017-08-07/5988663d1f7e2.png
INFO: [ app_init ] --START--
INFO: Run Behavior\BuildLiteBehavior [ RunTime:0.000019s ]
INFO: [ app_init ] --END-- [ RunTime:0.001698s ]
ERR: 无法加载模块:Public

[ 2017-08-10T20:40:45+08:00 ] 127.0.0.1 /liulin/Public/dish/dishcover/2017-08-07/598867ced908d.png
INFO: [ app_init ] --START--
INFO: Run Behavior\BuildLiteBehavior [ RunTime:0.000009s ]
INFO: [ app_init ] --END-- [ RunTime:0.000388s ]
ERR: 无法加载模块:Public

[ 2017-08-10T20:40:45+08:00 ] 127.0.0.1 /liulin/Public/dish/dishcover/2017-08-07/5988664c8ae2d.png
INFO: [ app_init ] --START--
INFO: Run Behavior\BuildLiteBehavior [ RunTime:0.000044s ]
INFO: [ app_init ] --END-- [ RunTime:0.001104s ]
ERR: 无法加载模块:Public

[ 2017-08-10T20:40:50+08:00 ] 127.0.0.1 /liulin/Public/dish/dishcover/2017-08-07/598867ced908d.png
INFO: [ app_init ] --START--
INFO: Run Behavior\BuildLiteBehavior [ RunTime:0.000011s ]
INFO: [ app_init ] --END-- [ RunTime:0.000389s ]
ERR: 无法加载模块:Public

[ 2017-08-10T20:40:54+08:00 ] 127.0.0.1 /liulin/Public/dish/dishcover/2017-08-07/598866426bfba.png
INFO: [ app_init ] --START--
INFO: Run Behavior\BuildLiteBehavior [ RunTime:0.000009s ]
INFO: [ app_init ] --END-- [ RunTime:0.000417s ]
ERR: 无法加载模块:Public

[ 2017-08-10T20:40:54+08:00 ] 127.0.0.1 /liulin/Public/dish/dishcover/2017-08-07/5988664c8ae2d.png
INFO: [ app_init ] --START--
INFO: Run Behavior\BuildLiteBehavior [ RunTime:0.000012s ]
INFO: [ app_init ] --END-- [ RunTime:0.000546s ]
ERR: 无法加载模块:Public

[ 2017-08-10T20:40:54+08:00 ] 127.0.0.1 /liulin/Public/dish/dishcover/2017-08-07/5988663d1f7e2.png
INFO: [ app_init ] --START--
INFO: Run Behavior\BuildLiteBehavior [ RunTime:0.000012s ]
INFO: [ app_init ] --END-- [ RunTime:0.000794s ]
ERR: 无法加载模块:Public

[ 2017-08-10T20:40:58+08:00 ] 127.0.0.1 /liulin/Public/dish/dishcover/2017-08-07/5988664c8ae2d.png
INFO: [ app_init ] --START--
INFO: Run Behavior\BuildLiteBehavior [ RunTime:0.000010s ]
INFO: [ app_init ] --END-- [ RunTime:0.000398s ]
ERR: 无法加载模块:Public

[ 2017-08-10T20:40:58+08:00 ] 127.0.0.1 /liulin/Public/dish/makingimg/2017-08-07/5988664ca3ca3.jpg
INFO: [ app_init ] --START--
INFO: Run Behavior\BuildLiteBehavior [ RunTime:0.000008s ]
INFO: [ app_init ] --END-- [ RunTime:0.000371s ]
ERR: 无法加载模块:Public

[ 2017-08-10T20:41:02+08:00 ] 127.0.0.1 /liulin/Public/dish/dishcover/2017-08-07/598866426bfba.png
INFO: [ app_init ] --START--
INFO: Run Behavior\BuildLiteBehavior [ RunTime:0.000011s ]
INFO: [ app_init ] --END-- [ RunTime:0.000516s ]
ERR: 无法加载模块:Public

[ 2017-08-10T20:41:02+08:00 ] 127.0.0.1 /liulin/Public/dish/dishcover/2017-08-07/5988663d1f7e2.png
INFO: [ app_init ] --START--
INFO: Run Behavior\BuildLiteBehavior [ RunTime:0.000010s ]
INFO: [ app_init ] --END-- [ RunTime:0.000417s ]
ERR: 无法加载模块:Public

[ 2017-08-10T20:41:05+08:00 ] 127.0.0.1 /liulin/Public/dish/dishcover/2017-08-07/598866426bfba.png
INFO: [ app_init ] --START--
INFO: Run Behavior\BuildLiteBehavior [ RunTime:0.000012s ]
INFO: [ app_init ] --END-- [ RunTime:0.000424s ]
ERR: 无法加载模块:Public

[ 2017-08-10T20:41:05+08:00 ] 127.0.0.1 /liulin/Public/dish/dishcover/2017-08-07/598866426bfba.png
INFO: [ app_init ] --START--
INFO: Run Behavior\BuildLiteBehavior [ RunTime:0.000017s ]
INFO: [ app_init ] --END-- [ RunTime:0.000446s ]
ERR: 无法加载模块:Public

[ 2017-08-10T20:41:09+08:00 ] 127.0.0.1 /liulin/Public/dish/dishcover/2017-08-07/5988663d1f7e2.png
INFO: [ app_init ] --START--
INFO: Run Behavior\BuildLiteBehavior [ RunTime:0.000022s ]
INFO: [ app_init ] --END-- [ RunTime:0.000464s ]
ERR: 无法加载模块:Public

[ 2017-08-10T20:41:13+08:00 ] 127.0.0.1 /liulin/Public/dish/dishcover/2017-08-07/5988663d1f7e2.png
INFO: [ app_init ] --START--
INFO: Run Behavior\BuildLiteBehavior [ RunTime:0.000013s ]
INFO: [ app_init ] --END-- [ RunTime:0.000447s ]
ERR: 无法加载模块:Public

