[ 2017-08-09T17:15:35+08:00 ] 127.0.0.1 /liulin/Public/dish/dishcover/2017-08-08/5989a54c26647.png
INFO: [ app_init ] --START--
INFO: Run Behavior\BuildLiteBehavior [ RunTime:0.000010s ]
INFO: [ app_init ] --END-- [ RunTime:0.000401s ]
ERR: 无法加载模块:Public

[ 2017-08-09T17:15:44+08:00 ] 127.0.0.1 /liulin/Public/dish/dishcover/2017-08-08/5989a54c26647.png
INFO: [ app_init ] --START--
INFO: Run Behavior\BuildLiteBehavior [ RunTime:0.000010s ]
INFO: [ app_init ] --END-- [ RunTime:0.000398s ]
ERR: 无法加载模块:Public

[ 2017-08-09T17:16:12+08:00 ] 127.0.0.1 /liulin/Public/dish/dishcover/2017-08-08/5989a54c26647.png
INFO: [ app_init ] --START--
INFO: Run Behavior\BuildLiteBehavior [ RunTime:0.000011s ]
INFO: [ app_init ] --END-- [ RunTime:0.000409s ]
ERR: 无法加载模块:Public

[ 2017-08-09T17:16:18+08:00 ] 127.0.0.1 /liulin/Public/dish/dishcover/2017-08-08/5989a54c26647.png
INFO: [ app_init ] --START--
INFO: Run Behavior\BuildLiteBehavior [ RunTime:0.000015s ]
INFO: [ app_init ] --END-- [ RunTime:0.000489s ]
ERR: 无法加载模块:Public

[ 2017-08-09T17:16:24+08:00 ] 127.0.0.1 /liulin/Public/dish/dishcover/2017-08-08/5989a54c26647.png
INFO: [ app_init ] --START--
INFO: Run Behavior\BuildLiteBehavior [ RunTime:0.000010s ]
INFO: [ app_init ] --END-- [ RunTime:0.000399s ]
ERR: 无法加载模块:Public

[ 2017-08-09T17:16:50+08:00 ] 127.0.0.1 /liulin/Public/dish/dishcover/2017-08-08/5989a54c26647.png
INFO: [ app_init ] --START--
INFO: Run Behavior\BuildLiteBehavior [ RunTime:0.000010s ]
INFO: [ app_init ] --END-- [ RunTime:0.000396s ]
ERR: 无法加载模块:Public

[ 2017-08-09T17:16:57+08:00 ] 127.0.0.1 /liulin/Public/dish/dishcover/2017-08-08/5989a54c26647.png
INFO: [ app_init ] --START--
INFO: Run Behavior\BuildLiteBehavior [ RunTime:0.000010s ]
INFO: [ app_init ] --END-- [ RunTime:0.000397s ]
ERR: 无法加载模块:Public

[ 2017-08-09T17:17:43+08:00 ] 127.0.0.1 /liulin/Public/dish/dishcover/2017-08-08/5989a54c26647.png
INFO: [ app_init ] --START--
INFO: Run Behavior\BuildLiteBehavior [ RunTime:0.000028s ]
INFO: [ app_init ] --END-- [ RunTime:0.000530s ]
ERR: 无法加载模块:Public

[ 2017-08-09T17:17:54+08:00 ] 127.0.0.1 /liulin/Public/dish/dishcover/2017-08-08/5989a54c26647.png
INFO: [ app_init ] --START--
INFO: Run Behavior\BuildLiteBehavior [ RunTime:0.000011s ]
INFO: [ app_init ] --END-- [ RunTime:0.000411s ]
ERR: 无法加载模块:Public

[ 2017-08-09T17:18:23+08:00 ] 127.0.0.1 /liulin/Public/dish/dishcover/2017-08-08/5989a54c26647.png
INFO: [ app_init ] --START--
INFO: Run Behavior\BuildLiteBehavior [ RunTime:0.000010s ]
INFO: [ app_init ] --END-- [ RunTime:0.000386s ]
ERR: 无法加载模块:Public

[ 2017-08-09T17:18:41+08:00 ] 127.0.0.1 /liulin/Public/dish/dishcover/2017-08-08/5989a54c26647.png
INFO: [ app_init ] --START--
INFO: Run Behavior\BuildLiteBehavior [ RunTime:0.000013s ]
INFO: [ app_init ] --END-- [ RunTime:0.000641s ]
ERR: 无法加载模块:Public

[ 2017-08-09T17:18:42+08:00 ] 127.0.0.1 /liulin/Public/dish/dishcover/2017-08-08/5989a54c26647.png
INFO: [ app_init ] --START--
INFO: Run Behavior\BuildLiteBehavior [ RunTime:0.000024s ]
INFO: [ app_init ] --END-- [ RunTime:0.000436s ]
ERR: 无法加载模块:Public

[ 2017-08-09T17:18:48+08:00 ] 127.0.0.1 /liulin/Public/dish/dishcover/2017-08-08/5989a54c26647.png
INFO: [ app_init ] --START--
INFO: Run Behavior\BuildLiteBehavior [ RunTime:0.000010s ]
INFO: [ app_init ] --END-- [ RunTime:0.000393s ]
ERR: 无法加载模块:Public

[ 2017-08-09T17:21:14+08:00 ] 127.0.0.1 /liulin/Public/dish/dishcover/2017-08-08/5989a54c26647.png
INFO: [ app_init ] --START--
INFO: Run Behavior\BuildLiteBehavior [ RunTime:0.000009s ]
INFO: [ app_init ] --END-- [ RunTime:0.000412s ]
ERR: 无法加载模块:Public

[ 2017-08-09T17:22:56+08:00 ] 127.0.0.1 /liulin/Public/dish/dishcover/2017-08-08/5989a54c26647.png
INFO: [ app_init ] --START--
INFO: Run Behavior\BuildLiteBehavior [ RunTime:0.000041s ]
INFO: [ app_init ] --END-- [ RunTime:0.004965s ]
ERR: 无法加载模块:Public

[ 2017-08-09T17:23:07+08:00 ] 127.0.0.1 /liulin/Public/dish/dishcover/2017-08-08/5989a54c26647.png
INFO: [ app_init ] --START--
INFO: Run Behavior\BuildLiteBehavior [ RunTime:0.000012s ]
INFO: [ app_init ] --END-- [ RunTime:0.000422s ]
ERR: 无法加载模块:Public

[ 2017-08-09T17:30:26+08:00 ] 127.0.0.1 /liulin/Public/dish/dishcover/2017-08-08/5989a54c26647.png
INFO: [ app_init ] --START--
INFO: Run Behavior\BuildLiteBehavior [ RunTime:0.000011s ]
INFO: [ app_init ] --END-- [ RunTime:0.000407s ]
ERR: 无法加载模块:Public

[ 2017-08-09T17:38:12+08:00 ] 127.0.0.1 /liulin/Public/dish/makingimg/2017-08-02/5981cea0038c0.png
INFO: [ app_init ] --START--
INFO: Run Behavior\BuildLiteBehavior [ RunTime:0.000014s ]
INFO: [ app_init ] --END-- [ RunTime:0.000893s ]
ERR: 无法加载模块:Public

[ 2017-08-09T17:38:12+08:00 ] 127.0.0.1 /liulin/Public/dishcover/2017-08-02/5981cbc8714b9.png
INFO: [ app_init ] --START--
INFO: Run Behavior\BuildLiteBehavior [ RunTime:0.000015s ]
INFO: [ app_init ] --END-- [ RunTime:0.000413s ]
ERR: 无法加载模块:Public

[ 2017-08-09T17:38:12+08:00 ] 127.0.0.1 /liulin/Public/dishcover/2017-08-02/5981cd4dc781d.png
INFO: [ app_init ] --START--
INFO: Run Behavior\BuildLiteBehavior [ RunTime:0.000037s ]
INFO: [ app_init ] --END-- [ RunTime:0.011377s ]
ERR: 无法加载模块:Public

[ 2017-08-09T17:38:12+08:00 ] 127.0.0.1 /liulin/Public/dishcover/2017-08-02/5981cd307f844.png
INFO: [ app_init ] --START--
INFO: Run Behavior\BuildLiteBehavior [ RunTime:0.000021s ]
INFO: [ app_init ] --END-- [ RunTime:0.000513s ]
ERR: 无法加载模块:Public

[ 2017-08-09T17:38:12+08:00 ] 127.0.0.1 /liulin/Public/dishcover/2017-08-02/5981cd28edff7.png
INFO: [ app_init ] --START--
INFO: Run Behavior\BuildLiteBehavior [ RunTime:0.000019s ]
INFO: [ app_init ] --END-- [ RunTime:0.003458s ]
ERR: 无法加载模块:Public

[ 2017-08-09T17:38:12+08:00 ] 127.0.0.1 /liulin/Public/dishcover/2017-08-02/5981cd59a110e.png
INFO: [ app_init ] --START--
INFO: Run Behavior\BuildLiteBehavior [ RunTime:0.000047s ]
INFO: [ app_init ] --END-- [ RunTime:0.001487s ]
ERR: 无法加载模块:Public

[ 2017-08-09T17:38:12+08:00 ] 127.0.0.1 /liulin/Public/dishcover/2017-08-02/5981cbaeef8ea.png
INFO: [ app_init ] --START--
INFO: Run Behavior\BuildLiteBehavior [ RunTime:0.000020s ]
INFO: [ app_init ] --END-- [ RunTime:0.001055s ]
ERR: 无法加载模块:Public

[ 2017-08-09T17:38:12+08:00 ] 127.0.0.1 /liulin/Public/dishcover/2017-08-02/5981c4a86fd72.png
INFO: [ app_init ] --START--
INFO: Run Behavior\BuildLiteBehavior [ RunTime:0.000008s ]
INFO: [ app_init ] --END-- [ RunTime:0.000443s ]
ERR: 无法加载模块:Public

[ 2017-08-09T17:38:12+08:00 ] 127.0.0.1 /liulin/Public/dishcover/2017-08-02/5981c4666e9c1.png
INFO: [ app_init ] --START--
INFO: Run Behavior\BuildLiteBehavior [ RunTime:0.000014s ]
INFO: [ app_init ] --END-- [ RunTime:0.001290s ]
ERR: 无法加载模块:Public

[ 2017-08-09T17:38:29+08:00 ] 127.0.0.1 /liulin/Public/dish/makingimg/2017-08-02/5981ce865f733.png
INFO: [ app_init ] --START--
INFO: Run Behavior\BuildLiteBehavior [ RunTime:0.000010s ]
INFO: [ app_init ] --END-- [ RunTime:0.000398s ]
ERR: 无法加载模块:Public

[ 2017-08-09T17:38:29+08:00 ] 127.0.0.1 /liulin/Public/dish/makingimg/2017-08-02/5981cea0038c0.png
INFO: [ app_init ] --START--
INFO: Run Behavior\BuildLiteBehavior [ RunTime:0.000059s ]
INFO: [ app_init ] --END-- [ RunTime:0.001208s ]
ERR: 无法加载模块:Public

[ 2017-08-09T17:38:29+08:00 ] 127.0.0.1 /liulin/Public/dishcover/2017-08-02/5981cd59a110e.png
INFO: [ app_init ] --START--
INFO: Run Behavior\BuildLiteBehavior [ RunTime:0.000011s ]
INFO: [ app_init ] --END-- [ RunTime:0.000543s ]
ERR: 无法加载模块:Public

[ 2017-08-09T17:38:29+08:00 ] 127.0.0.1 /liulin/Public/dishcover/2017-08-02/5981cd4dc781d.png
INFO: [ app_init ] --START--
INFO: Run Behavior\BuildLiteBehavior [ RunTime:0.000011s ]
INFO: [ app_init ] --END-- [ RunTime:0.000578s ]
ERR: 无法加载模块:Public

[ 2017-08-09T17:38:29+08:00 ] 127.0.0.1 /liulin/Public/dishcover/2017-08-02/5981cbaeef8ea.png
INFO: [ app_init ] --START--
INFO: Run Behavior\BuildLiteBehavior [ RunTime:0.000010s ]
INFO: [ app_init ] --END-- [ RunTime:0.000404s ]
ERR: 无法加载模块:Public

[ 2017-08-09T17:38:29+08:00 ] 127.0.0.1 /liulin/Public/dishcover/2017-08-02/5981cbc8714b9.png
INFO: [ app_init ] --START--
INFO: Run Behavior\BuildLiteBehavior [ RunTime:0.000011s ]
INFO: [ app_init ] --END-- [ RunTime:0.000737s ]
ERR: 无法加载模块:Public

[ 2017-08-09T17:38:29+08:00 ] 127.0.0.1 /liulin/Public/dishcover/2017-08-02/5981c4a86fd72.png
INFO: [ app_init ] --START--
INFO: Run Behavior\BuildLiteBehavior [ RunTime:0.000009s ]
INFO: [ app_init ] --END-- [ RunTime:0.000479s ]
ERR: 无法加载模块:Public

[ 2017-08-09T17:38:29+08:00 ] 127.0.0.1 /liulin/Public/dishcover/2017-08-02/5981cd307f844.png
INFO: [ app_init ] --START--
INFO: Run Behavior\BuildLiteBehavior [ RunTime:0.000013s ]
INFO: [ app_init ] --END-- [ RunTime:0.000620s ]
ERR: 无法加载模块:Public

[ 2017-08-09T17:38:29+08:00 ] 127.0.0.1 /liulin/Public/dishcover/2017-08-02/5981c4666e9c1.png
INFO: [ app_init ] --START--
INFO: Run Behavior\BuildLiteBehavior [ RunTime:0.000011s ]
INFO: [ app_init ] --END-- [ RunTime:0.000539s ]
ERR: 无法加载模块:Public

[ 2017-08-09T17:38:29+08:00 ] 127.0.0.1 /liulin/Public/dishcover/2017-08-02/5981cd28edff7.png
INFO: [ app_init ] --START--
INFO: Run Behavior\BuildLiteBehavior [ RunTime:0.000009s ]
INFO: [ app_init ] --END-- [ RunTime:0.000640s ]
ERR: 无法加载模块:Public

[ 2017-08-09T17:46:06+08:00 ] 127.0.0.1 /liulin/Public/dishcover/2017-08-02/5981cd59a110e.png
INFO: [ app_init ] --START--
INFO: Run Behavior\BuildLiteBehavior [ RunTime:0.000011s ]
INFO: [ app_init ] --END-- [ RunTime:0.000477s ]
ERR: 无法加载模块:Public

c

[ 2017-08-09T17:46:06+08:00 ] 127.0.0.1 /liulin/Public/dishcover/2017-08-02/5981cbc8714b9.png
INFO: [ app_init ] --START--
INFO: Run Behavior\BuildLiteBehavior [ RunTime:0.000009s ]
INFO: [ app_init ] --END-- [ RunTime:0.000387s ]
ERR: 无法加载模块:Public

[ 2017-08-09T17:46:06+08:00 ] 127.0.0.1 /liulin/Public/dishcover/2017-08-02/5981c4a86fd72.png
INFO: [ app_init ] --START--
INFO: Run Behavior\BuildLiteBehavior [ RunTime:0.000010s ]
INFO: [ app_init ] --END-- [ RunTime:0.000395s ]
ERR: 无法加载模块:Public

[ 2017-08-09T17:46:06+08:00 ] 127.0.0.1 /liulin/Public/dishcover/2017-08-02/5981c4666e9c1.png
INFO: [ app_init ] --START--
INFO: Run Behavior\BuildLiteBehavior [ RunTime:0.000009s ]
INFO: [ app_init ] --END-- [ RunTime:0.000552s ]
ERR: 无法加载模块:Public

[ 2017-08-09T17:46:06+08:00 ] 127.0.0.1 /liulin/Public/dishcover/2017-08-02/5981cbaeef8ea.png
INFO: [ app_init ] --START--
INFO: Run Behavior\BuildLiteBehavior [ RunTime:0.000010s ]
INFO: [ app_init ] --END-- [ RunTime:0.000580s ]
ERR: 无法加载模块:Public

[ 2017-08-09T17:46:14+08:00 ] 127.0.0.1 /liulin/Public/dish/makingimg/2017-08-02/5981cea0038c0.png
INFO: [ app_init ] --START--
INFO: Run Behavior\BuildLiteBehavior [ RunTime:0.000019s ]
INFO: [ app_init ] --END-- [ RunTime:0.000868s ]
ERR: 无法加载模块:Public

[ 2017-08-09T17:46:14+08:00 ] 127.0.0.1 /liulin/Public/dish/makingimg/2017-08-02/5981ce865f733.png
INFO: [ app_init ] --START--
INFO: Run Behavior\BuildLiteBehavior [ RunTime:0.000011s ]
INFO: [ app_init ] --END-- [ RunTime:0.000638s ]
ERR: 无法加载模块:Public

[ 2017-08-09T17:46:14+08:00 ] 127.0.0.1 /liulin/Public/dishcover/2017-08-02/5981cd4dc781d.png
INFO: [ app_init ] --START--
INFO: Run Behavior\BuildLiteBehavior [ RunTime:0.000010s ]
INFO: [ app_init ] --END-- [ RunTime:0.000424s ]
ERR: 无法加载模块:Public

[ 2017-08-09T17:46:14+08:00 ] 127.0.0.1 /liulin/Public/dishcover/2017-08-02/5981cd28edff7.png
INFO: [ app_init ] --START--
INFO: Run Behavior\BuildLiteBehavior [ RunTime:0.000010s ]
INFO: [ app_init ] --END-- [ RunTime:0.000443s ]
ERR: 无法加载模块:Public

[ 2017-08-09T17:46:14+08:00 ] 127.0.0.1 /liulin/Public/dishcover/2017-08-02/5981cd59a110e.png
INFO: [ app_init ] --START--
INFO: Run Behavior\BuildLiteBehavior [ RunTime:0.000009s ]
INFO: [ app_init ] --END-- [ RunTime:0.000589s ]
ERR: 无法加载模块:Public

[ 2017-08-09T17:46:14+08:00 ] 127.0.0.1 /liulin/Public/dishcover/2017-08-02/5981cbaeef8ea.png
INFO: [ app_init ] --START--
INFO: Run Behavior\BuildLiteBehavior [ RunTime:0.000012s ]
INFO: [ app_init ] --END-- [ RunTime:0.000860s ]
ERR: 无法加载模块:Public

[ 2017-08-09T17:46:14+08:00 ] 127.0.0.1 /liulin/Public/dishcover/2017-08-02/5981cbc8714b9.png
INFO: [ app_init ] --START--
INFO: Run Behavior\BuildLiteBehavior [ RunTime:0.000010s ]
INFO: [ app_init ] --END-- [ RunTime:0.000735s ]
ERR: 无法加载模块:Public

[ 2017-08-09T17:46:14+08:00 ] 127.0.0.1 /liulin/Public/dishcover/2017-08-02/5981cd307f844.png
INFO: [ app_init ] --START--
INFO: Run Behavior\BuildLiteBehavior [ RunTime:0.000009s ]
INFO: [ app_init ] --END-- [ RunTime:0.000380s ]
ERR: 无法加载模块:Public

[ 2017-08-09T17:46:14+08:00 ] 127.0.0.1 /liulin/Public/dishcover/2017-08-02/5981c4666e9c1.png
INFO: [ app_init ] --START--
INFO: Run Behavior\BuildLiteBehavior [ RunTime:0.000010s ]
INFO: [ app_init ] --END-- [ RunTime:0.000382s ]
ERR: 无法加载模块:Public

[ 2017-08-09T17:46:14+08:00 ] 127.0.0.1 /liulin/Public/dishcover/2017-08-02/5981c4a86fd72.png
INFO: [ app_init ] --START--
INFO: Run Behavior\BuildLiteBehavior [ RunTime:0.000014s ]
INFO: [ app_init ] --END-- [ RunTime:0.000502s ]
ERR: 无法加载模块:Public

[ 2017-08-09T18:21:59+08:00 ] 127.0.0.1 /liulin/Public/dish/makingimg/2017-08-02/5981ce865f733.png
INFO: [ app_init ] --START--
INFO: Run Behavior\BuildLiteBehavior [ RunTime:0.000008s ]
INFO: [ app_init ] --END-- [ RunTime:0.000482s ]
ERR: 无法加载模块:Public

[ 2017-08-09T18:21:59+08:00 ] 127.0.0.1 /liulin/Public/dishcover/2017-08-02/5981cd307f844.png
INFO: [ app_init ] --START--
INFO: Run Behavior\BuildLiteBehavior [ RunTime:0.000008s ]
INFO: [ app_init ] --END-- [ RunTime:0.000461s ]
ERR: 无法加载模块:Public

[ 2017-08-09T18:21:59+08:00 ] 127.0.0.1 /liulin/Public/dishcover/2017-08-02/5981cd4dc781d.png
INFO: [ app_init ] --START--
INFO: Run Behavior\BuildLiteBehavior [ RunTime:0.000010s ]
INFO: [ app_init ] --END-- [ RunTime:0.000578s ]
ERR: 无法加载模块:Public

[ 2017-08-09T18:21:59+08:00 ] 127.0.0.1 /liulin/Public/dishcover/2017-08-02/5981cd59a110e.png
INFO: [ app_init ] --START--
INFO: Run Behavior\BuildLiteBehavior [ RunTime:0.000010s ]
INFO: [ app_init ] --END-- [ RunTime:0.000484s ]
ERR: 无法加载模块:Public

[ 2017-08-09T18:21:59+08:00 ] 127.0.0.1 /liulin/Public/dishcover/2017-08-02/5981cd28edff7.png
INFO: [ app_init ] --START--
INFO: Run Behavior\BuildLiteBehavior [ RunTime:0.000011s ]
INFO: [ app_init ] --END-- [ RunTime:0.000599s ]
ERR: 无法加载模块:Public

[ 2017-08-09T18:21:59+08:00 ] 127.0.0.1 /liulin/Public/dishcover/2017-08-02/5981cbaeef8ea.png
INFO: [ app_init ] --START--
INFO: Run Behavior\BuildLiteBehavior [ RunTime:0.000026s ]
INFO: [ app_init ] --END-- [ RunTime:0.002130s ]
ERR: 无法加载模块:Public

[ 2017-08-09T18:21:59+08:00 ] 127.0.0.1 /liulin/Public/dishcover/2017-08-02/5981c4666e9c1.png
INFO: [ app_init ] --START--
INFO: Run Behavior\BuildLiteBehavior [ RunTime:0.000012s ]
INFO: [ app_init ] --END-- [ RunTime:0.000608s ]
ERR: 无法加载模块:Public

[ 2017-08-09T18:21:59+08:00 ] 127.0.0.1 /liulin/Public/dishcover/2017-08-02/5981c4a86fd72.png
INFO: [ app_init ] --START--
INFO: Run Behavior\BuildLiteBehavior [ RunTime:0.000010s ]
INFO: [ app_init ] --END-- [ RunTime:0.000373s ]
ERR: 无法加载模块:Public

[ 2017-08-09T18:21:59+08:00 ] 127.0.0.1 /liulin/Public/dishcover/2017-08-02/5981cbc8714b9.png
INFO: [ app_init ] --START--
INFO: Run Behavior\BuildLiteBehavior [ RunTime:0.000015s ]
INFO: [ app_init ] --END-- [ RunTime:0.000958s ]
ERR: 无法加载模块:Public

[ 2017-08-09T18:39:46+08:00 ] 127.0.0.1 /liulin/Public/dish/makingimg/2017-08-02/5981cea0038c0.png
INFO: [ app_init ] --START--
INFO: Run Behavior\BuildLiteBehavior [ RunTime:0.000010s ]
INFO: [ app_init ] --END-- [ RunTime:0.000829s ]
ERR: 无法加载模块:Public

[ 2017-08-09T18:39:46+08:00 ] 127.0.0.1 /liulin/Public/dishcover/2017-08-02/5981cd59a110e.png
INFO: [ app_init ] --START--
INFO: Run Behavior\BuildLiteBehavior [ RunTime:0.000009s ]
INFO: [ app_init ] --END-- [ RunTime:0.000591s ]
ERR: 无法加载模块:Public

[ 2017-08-09T18:39:46+08:00 ] 127.0.0.1 /liulin/Public/dishcover/2017-08-02/5981cd28edff7.png
INFO: [ app_init ] --START--
INFO: Run Behavior\BuildLiteBehavior [ RunTime:0.000009s ]
INFO: [ app_init ] --END-- [ RunTime:0.000460s ]
ERR: 无法加载模块:Public

[ 2017-08-09T18:39:46+08:00 ] 127.0.0.1 /liulin/Public/dishcover/2017-08-02/5981c4a86fd72.png
INFO: [ app_init ] --START--
INFO: Run Behavior\BuildLiteBehavior [ RunTime:0.000009s ]
INFO: [ app_init ] --END-- [ RunTime:0.000420s ]
ERR: 无法加载模块:Public

[ 2017-08-09T18:39:46+08:00 ] 127.0.0.1 /liulin/Public/dishcover/2017-08-02/5981cbaeef8ea.png
INFO: [ app_init ] --START--
INFO: Run Behavior\BuildLiteBehavior [ RunTime:0.000012s ]
INFO: [ app_init ] --END-- [ RunTime:0.000663s ]
ERR: 无法加载模块:Public

[ 2017-08-09T18:39:46+08:00 ] 127.0.0.1 /liulin/Public/dishcover/2017-08-02/5981c4666e9c1.png
INFO: [ app_init ] --START--
INFO: Run Behavior\BuildLiteBehavior [ RunTime:0.000010s ]
INFO: [ app_init ] --END-- [ RunTime:0.000516s ]
ERR: 无法加载模块:Public

[ 2017-08-09T18:39:46+08:00 ] 127.0.0.1 /liulin/Public/dishcover/2017-08-02/5981cbc8714b9.png
INFO: [ app_init ] --START--
INFO: Run Behavior\BuildLiteBehavior [ RunTime:0.000018s ]
INFO: [ app_init ] --END-- [ RunTime:0.001003s ]
ERR: 无法加载模块:Public

[ 2017-08-09T18:42:08+08:00 ] 127.0.0.1 /liulin/Public/dish/makingimg/2017-08-02/5981cea0038c0.png
INFO: [ app_init ] --START--
INFO: Run Behavior\BuildLiteBehavior [ RunTime:0.000011s ]
INFO: [ app_init ] --END-- [ RunTime:0.000488s ]
ERR: 无法加载模块:Public

[ 2017-08-09T18:42:08+08:00 ] 127.0.0.1 /liulin/Public/dish/makingimg/2017-08-02/5981ce865f733.png
INFO: [ app_init ] --START--
INFO: Run Behavior\BuildLiteBehavior [ RunTime:0.000009s ]
INFO: [ app_init ] --END-- [ RunTime:0.000604s ]
ERR: 无法加载模块:Public

[ 2017-08-09T18:42:08+08:00 ] 127.0.0.1 /liulin/Public/dishcover/2017-08-02/5981cd59a110e.png
INFO: [ app_init ] --START--
INFO: Run Behavior\BuildLiteBehavior [ RunTime:0.000009s ]
INFO: [ app_init ] --END-- [ RunTime:0.000475s ]
ERR: 无法加载模块:Public

[ 2017-08-09T18:42:08+08:00 ] 127.0.0.1 /liulin/Public/dishcover/2017-08-02/5981cd307f844.png
INFO: [ app_init ] --START--
INFO: Run Behavior\BuildLiteBehavior [ RunTime:0.000010s ]
INFO: [ app_init ] --END-- [ RunTime:0.000490s ]
ERR: 无法加载模块:Public

[ 2017-08-09T18:42:08+08:00 ] 127.0.0.1 /liulin/Public/dishcover/2017-08-02/5981cd4dc781d.png
INFO: [ app_init ] --START--
INFO: Run Behavior\BuildLiteBehavior [ RunTime:0.000008s ]
INFO: [ app_init ] --END-- [ RunTime:0.000565s ]
ERR: 无法加载模块:Public

[ 2017-08-09T18:42:08+08:00 ] 127.0.0.1 /liulin/Public/dishcover/2017-08-02/5981cd28edff7.png
INFO: [ app_init ] --START--
INFO: Run Behavior\BuildLiteBehavior [ RunTime:0.000011s ]
INFO: [ app_init ] --END-- [ RunTime:0.000757s ]
ERR: 无法加载模块:Public

[ 2017-08-09T18:42:09+08:00 ] 127.0.0.1 /liulin/Public/dishcover/2017-08-02/5981cbaeef8ea.png
INFO: [ app_init ] --START--
INFO: Run Behavior\BuildLiteBehavior [ RunTime:0.000010s ]
INFO: [ app_init ] --END-- [ RunTime:0.000506s ]
ERR: 无法加载模块:Public

[ 2017-08-09T18:42:09+08:00 ] 127.0.0.1 /liulin/Public/dishcover/2017-08-02/5981cbc8714b9.png
INFO: [ app_init ] --START--
INFO: Run Behavior\BuildLiteBehavior [ RunTime:0.000008s ]
INFO: [ app_init ] --END-- [ RunTime:0.000377s ]
ERR: 无法加载模块:Public

[ 2017-08-09T18:42:09+08:00 ] 127.0.0.1 /liulin/Public/dishcover/2017-08-02/5981c4a86fd72.png
INFO: [ app_init ] --START--
INFO: Run Behavior\BuildLiteBehavior [ RunTime:0.000009s ]
INFO: [ app_init ] --END-- [ RunTime:0.000471s ]
ERR: 无法加载模块:Public

[ 2017-08-09T18:42:09+08:00 ] 127.0.0.1 /liulin/Public/dishcover/2017-08-02/5981c4666e9c1.png
INFO: [ app_init ] --START--
INFO: Run Behavior\BuildLiteBehavior [ RunTime:0.000014s ]
INFO: [ app_init ] --END-- [ RunTime:0.000495s ]
ERR: 无法加载模块:Public

[ 2017-08-09T18:42:12+08:00 ] 127.0.0.1 /liulin/Public/dishcover/2017-08-02/5981cd4dc781d.png
INFO: [ app_init ] --START--
INFO: Run Behavior\BuildLiteBehavior [ RunTime:0.000010s ]
INFO: [ app_init ] --END-- [ RunTime:0.000496s ]
ERR: 无法加载模块:Public

[ 2017-08-09T18:42:12+08:00 ] 127.0.0.1 /liulin/Public/dishcover/2017-08-02/5981cd28edff7.png
INFO: [ app_init ] --START--
INFO: Run Behavior\BuildLiteBehavior [ RunTime:0.000008s ]
INFO: [ app_init ] --END-- [ RunTime:0.000468s ]
ERR: 无法加载模块:Public

[ 2017-08-09T18:42:12+08:00 ] 127.0.0.1 /liulin/Public/dishcover/2017-08-02/5981cd59a110e.png
INFO: [ app_init ] --START--
INFO: Run Behavior\BuildLiteBehavior [ RunTime:0.000010s ]
INFO: [ app_init ] --END-- [ RunTime:0.000601s ]
ERR: 无法加载模块:Public

[ 2017-08-09T18:42:12+08:00 ] 127.0.0.1 /liulin/Public/dish/makingimg/2017-08-02/5981ce865f733.png
INFO: [ app_init ] --START--
INFO: Run Behavior\BuildLiteBehavior [ RunTime:0.000013s ]
INFO: [ app_init ] --END-- [ RunTime:0.019314s ]
ERR: 无法加载模块:Public

[ 2017-08-09T18:42:12+08:00 ] 127.0.0.1 /liulin/Public/dish/makingimg/2017-08-02/5981cea0038c0.png
INFO: [ app_init ] --START--
INFO: Run Behavior\BuildLiteBehavior [ RunTime:0.000009s ]
INFO: [ app_init ] --END-- [ RunTime:0.000507s ]
ERR: 无法加载模块:Public

[ 2017-08-09T18:42:12+08:00 ] 127.0.0.1 /liulin/Public/dishcover/2017-08-02/5981c4a86fd72.png
INFO: [ app_init ] --START--
INFO: Run Behavior\BuildLiteBehavior [ RunTime:0.000008s ]
INFO: [ app_init ] --END-- [ RunTime:0.000380s ]
ERR: 无法加载模块:Public

[ 2017-08-09T18:42:12+08:00 ] 127.0.0.1 /liulin/Public/dishcover/2017-08-02/5981cd307f844.png
INFO: [ app_init ] --START--
INFO: Run Behavior\BuildLiteBehavior [ RunTime:0.000010s ]
INFO: [ app_init ] --END-- [ RunTime:0.000496s ]
ERR: 无法加载模块:Public

[ 2017-08-09T18:42:12+08:00 ] 127.0.0.1 /liulin/Public/dishcover/2017-08-02/5981cbaeef8ea.png
INFO: [ app_init ] --START--
INFO: Run Behavior\BuildLiteBehavior [ RunTime:0.000025s ]
INFO: [ app_init ] --END-- [ RunTime:0.002005s ]
ERR: 无法加载模块:Public

[ 2017-08-09T18:42:12+08:00 ] 127.0.0.1 /liulin/Public/dishcover/2017-08-02/5981c4666e9c1.png
INFO: [ app_init ] --START--
INFO: Run Behavior\BuildLiteBehavior [ RunTime:0.000017s ]
INFO: [ app_init ] --END-- [ RunTime:0.000790s ]
ERR: 无法加载模块:Public

[ 2017-08-09T18:42:12+08:00 ] 127.0.0.1 /liulin/Public/dishcover/2017-08-02/5981cbc8714b9.png
INFO: [ app_init ] --START--
INFO: Run Behavior\BuildLiteBehavior [ RunTime:0.000010s ]
INFO: [ app_init ] --END-- [ RunTime:0.000584s ]
ERR: 无法加载模块:Public

[ 2017-08-09T18:42:49+08:00 ] 127.0.0.1 /liulin/Public/dish/makingimg/2017-08-02/5981ce865f733.png
INFO: [ app_init ] --START--
INFO: Run Behavior\BuildLiteBehavior [ RunTime:0.000009s ]
INFO: [ app_init ] --END-- [ RunTime:0.000479s ]
ERR: 无法加载模块:Public

[ 2017-08-09T18:42:49+08:00 ] 127.0.0.1 /liulin/Public/dishcover/2017-08-02/5981cd28edff7.png
INFO: [ app_init ] --START--
INFO: Run Behavior\BuildLiteBehavior [ RunTime:0.000012s ]
INFO: [ app_init ] --END-- [ RunTime:0.000523s ]
ERR: 无法加载模块:Public

[ 2017-08-09T18:42:49+08:00 ] 127.0.0.1 /liulin/Public/dishcover/2017-08-02/5981cd307f844.png
INFO: [ app_init ] --START--
INFO: Run Behavior\BuildLiteBehavior [ RunTime:0.000009s ]
INFO: [ app_init ] --END-- [ RunTime:0.000483s ]
ERR: 无法加载模块:Public

[ 2017-08-09T18:42:49+08:00 ] 127.0.0.1 /liulin/Public/dishcover/2017-08-02/5981cd59a110e.png
INFO: [ app_init ] --START--
INFO: Run Behavior\BuildLiteBehavior [ RunTime:0.000011s ]
INFO: [ app_init ] --END-- [ RunTime:0.000629s ]
ERR: 无法加载模块:Public

[ 2017-08-09T18:42:49+08:00 ] 127.0.0.1 /liulin/Public/dish/makingimg/2017-08-02/5981cea0038c0.png
INFO: [ app_init ] --START--
INFO: Run Behavior\BuildLiteBehavior [ RunTime:0.000021s ]
INFO: [ app_init ] --END-- [ RunTime:0.000920s ]
ERR: 无法加载模块:Public

[ 2017-08-09T18:42:49+08:00 ] 127.0.0.1 /liulin/Public/dishcover/2017-08-02/5981cbc8714b9.png
INFO: [ app_init ] --START--
INFO: Run Behavior\BuildLiteBehavior [ RunTime:0.000010s ]
INFO: [ app_init ] --END-- [ RunTime:0.000481s ]
ERR: 无法加载模块:Public

[ 2017-08-09T18:42:49+08:00 ] 127.0.0.1 /liulin/Public/dishcover/2017-08-02/5981cd4dc781d.png
INFO: [ app_init ] --START--
INFO: Run Behavior\BuildLiteBehavior [ RunTime:0.000011s ]
INFO: [ app_init ] --END-- [ RunTime:0.000526s ]
ERR: 无法加载模块:Public

[ 2017-08-09T18:42:49+08:00 ] 127.0.0.1 /liulin/Public/dishcover/2017-08-02/5981c4a86fd72.png
INFO: [ app_init ] --START--
INFO: Run Behavior\BuildLiteBehavior [ RunTime:0.000010s ]
INFO: [ app_init ] --END-- [ RunTime:0.000655s ]
ERR: 无法加载模块:Public

[ 2017-08-09T18:42:49+08:00 ] 127.0.0.1 /liulin/Public/dishcover/2017-08-02/5981cbaeef8ea.png
INFO: [ app_init ] --START--
INFO: Run Behavior\BuildLiteBehavior [ RunTime:0.000011s ]
INFO: [ app_init ] --END-- [ RunTime:0.000434s ]
ERR: 无法加载模块:Public

[ 2017-08-09T18:42:49+08:00 ] 127.0.0.1 /liulin/Public/dishcover/2017-08-02/5981c4666e9c1.png
INFO: [ app_init ] --START--
INFO: Run Behavior\BuildLiteBehavior [ RunTime:0.000014s ]
INFO: [ app_init ] --END-- [ RunTime:0.001152s ]
ERR: 无法加载模块:Public

[ 2017-08-09T18:42:57+08:00 ] 127.0.0.1 /liulin/Public/dish/makingimg/2017-08-02/5981cea0038c0.png
INFO: [ app_init ] --START--
INFO: Run Behavior\BuildLiteBehavior [ RunTime:0.000011s ]
INFO: [ app_init ] --END-- [ RunTime:0.000444s ]
ERR: 无法加载模块:Public

[ 2017-08-09T18:42:57+08:00 ] 127.0.0.1 /liulin/Public/dish/makingimg/2017-08-02/5981ce865f733.png
INFO: [ app_init ] --START--
INFO: Run Behavior\BuildLiteBehavior [ RunTime:0.000010s ]
INFO: [ app_init ] --END-- [ RunTime:0.000501s ]
ERR: 无法加载模块:Public

[ 2017-08-09T18:42:57+08:00 ] 127.0.0.1 /liulin/Public/dishcover/2017-08-02/5981cd28edff7.png
INFO: [ app_init ] --START--
INFO: Run Behavior\BuildLiteBehavior [ RunTime:0.000011s ]
INFO: [ app_init ] --END-- [ RunTime:0.000616s ]
ERR: 无法加载模块:Public

[ 2017-08-09T18:42:57+08:00 ] 127.0.0.1 /liulin/Public/dishcover/2017-08-02/5981cbc8714b9.png
INFO: [ app_init ] --START--
INFO: Run Behavior\BuildLiteBehavior [ RunTime:0.000013s ]
INFO: [ app_init ] --END-- [ RunTime:0.000472s ]
ERR: 无法加载模块:Public

[ 2017-08-09T18:42:57+08:00 ] 127.0.0.1 /liulin/Public/dishcover/2017-08-02/5981cbaeef8ea.png
INFO: [ app_init ] --START--
INFO: Run Behavior\BuildLiteBehavior [ RunTime:0.000023s ]
INFO: [ app_init ] --END-- [ RunTime:0.001131s ]
ERR: 无法加载模块:Public

[ 2017-08-09T18:42:57+08:00 ] 127.0.0.1 /liulin/Public/dishcover/2017-08-02/5981c4a86fd72.png
INFO: [ app_init ] --START--
INFO: Run Behavior\BuildLiteBehavior [ RunTime:0.000011s ]
INFO: [ app_init ] --END-- [ RunTime:0.000508s ]
ERR: 无法加载模块:Public

[ 2017-08-09T18:42:57+08:00 ] 127.0.0.1 /liulin/Public/dishcover/2017-08-02/5981c4666e9c1.png
INFO: [ app_init ] --START--
INFO: Run Behavior\BuildLiteBehavior [ RunTime:0.000011s ]
INFO: [ app_init ] --END-- [ RunTime:0.000425s ]
ERR: 无法加载模块:Public

[ 2017-08-09T18:42:57+08:00 ] 127.0.0.1 /liulin/Public/dishcover/2017-08-02/5981cd4dc781d.png
INFO: [ app_init ] --START--
INFO: Run Behavior\BuildLiteBehavior [ RunTime:0.000010s ]
INFO: [ app_init ] --END-- [ RunTime:0.000606s ]
ERR: 无法加载模块:Public

[ 2017-08-09T18:42:57+08:00 ] 127.0.0.1 /liulin/Public/dishcover/2017-08-02/5981cd307f844.png
INFO: [ app_init ] --START--
INFO: Run Behavior\BuildLiteBehavior [ RunTime:0.000010s ]
INFO: [ app_init ] --END-- [ RunTime:0.000548s ]
ERR: 无法加载模块:Public

[ 2017-08-09T18:42:57+08:00 ] 127.0.0.1 /liulin/Public/dishcover/2017-08-02/5981cd59a110e.png
INFO: [ app_init ] --START--
INFO: Run Behavior\BuildLiteBehavior [ RunTime:0.000012s ]
INFO: [ app_init ] --END-- [ RunTime:0.000748s ]
ERR: 无法加载模块:Public

[ 2017-08-09T18:43:11+08:00 ] 127.0.0.1 /liulin/Public/dishcover/2017-08-02/5981cd59a110e.png
INFO: [ app_init ] --START--
INFO: Run Behavior\BuildLiteBehavior [ RunTime:0.000010s ]
INFO: [ app_init ] --END-- [ RunTime:0.000411s ]
ERR: 无法加载模块:Public

[ 2017-08-09T18:43:11+08:00 ] 127.0.0.1 /liulin/Public/dishcover/2017-08-02/5981cd4dc781d.png
INFO: [ app_init ] --START--
INFO: Run Behavior\BuildLiteBehavior [ RunTime:0.000011s ]
INFO: [ app_init ] --END-- [ RunTime:0.000502s ]
ERR: 无法加载模块:Public

[ 2017-08-09T18:43:11+08:00 ] 127.0.0.1 /liulin/Public/dishcover/2017-08-02/5981cd307f844.png
INFO: [ app_init ] --START--
INFO: Run Behavior\BuildLiteBehavior [ RunTime:0.000009s ]
INFO: [ app_init ] --END-- [ RunTime:0.000466s ]
ERR: 无法加载模块:Public

[ 2017-08-09T18:43:11+08:00 ] 127.0.0.1 /liulin/Public/dish/makingimg/2017-08-02/5981cea0038c0.png
INFO: [ app_init ] --START--
INFO: Run Behavior\BuildLiteBehavior [ RunTime:0.000011s ]
INFO: [ app_init ] --END-- [ RunTime:0.000724s ]
ERR: 无法加载模块:Public

[ 2017-08-09T18:43:11+08:00 ] 127.0.0.1 /liulin/Public/dishcover/2017-08-02/5981cd28edff7.png
INFO: [ app_init ] --START--
INFO: Run Behavior\BuildLiteBehavior [ RunTime:0.000009s ]
INFO: [ app_init ] --END-- [ RunTime:0.000469s ]
ERR: 无法加载模块:Public

[ 2017-08-09T18:43:11+08:00 ] 127.0.0.1 /liulin/Public/dishcover/2017-08-02/5981cbc8714b9.png
INFO: [ app_init ] --START--
INFO: Run Behavior\BuildLiteBehavior [ RunTime:0.000019s ]
INFO: [ app_init ] --END-- [ RunTime:0.000491s ]
ERR: 无法加载模块:Public

[ 2017-08-09T18:43:11+08:00 ] 127.0.0.1 /liulin/Public/dish/makingimg/2017-08-02/5981ce865f733.png
INFO: [ app_init ] --START--
INFO: Run Behavior\BuildLiteBehavior [ RunTime:0.000010s ]
INFO: [ app_init ] --END-- [ RunTime:0.000417s ]
ERR: 无法加载模块:Public

[ 2017-08-09T18:43:11+08:00 ] 127.0.0.1 /liulin/Public/dishcover/2017-08-02/5981cbaeef8ea.png
INFO: [ app_init ] --START--
INFO: Run Behavior\BuildLiteBehavior [ RunTime:0.000010s ]
INFO: [ app_init ] --END-- [ RunTime:0.000520s ]
ERR: 无法加载模块:Public

[ 2017-08-09T18:43:11+08:00 ] 127.0.0.1 /liulin/Public/dishcover/2017-08-02/5981c4a86fd72.png
INFO: [ app_init ] --START--
INFO: Run Behavior\BuildLiteBehavior [ RunTime:0.000022s ]
INFO: [ app_init ] --END-- [ RunTime:0.001042s ]
ERR: 无法加载模块:Public

[ 2017-08-09T18:43:11+08:00 ] 127.0.0.1 /liulin/Public/dishcover/2017-08-02/5981c4666e9c1.png
INFO: [ app_init ] --START--
INFO: Run Behavior\BuildLiteBehavior [ RunTime:0.000051s ]
INFO: [ app_init ] --END-- [ RunTime:0.003490s ]
ERR: 无法加载模块:Public

[ 2017-08-09T19:07:53+08:00 ] 127.0.0.1 /liulin/Public/dish/makingimg/2017-08-02/5981ce865f733.png
INFO: [ app_init ] --START--
INFO: Run Behavior\BuildLiteBehavior [ RunTime:0.000009s ]
INFO: [ app_init ] --END-- [ RunTime:0.000466s ]
ERR: 无法加载模块:Public

[ 2017-08-09T19:07:53+08:00 ] 127.0.0.1 /liulin/Public/dishcover/2017-08-02/5981cd28edff7.png
INFO: [ app_init ] --START--
INFO: Run Behavior\BuildLiteBehavior [ RunTime:0.000011s ]
INFO: [ app_init ] --END-- [ RunTime:0.000417s ]
ERR: 无法加载模块:Public

[ 2017-08-09T19:07:53+08:00 ] 127.0.0.1 /liulin/Public/dishcover/2017-08-02/5981c4666e9c1.png
INFO: [ app_init ] --START--
INFO: Run Behavior\BuildLiteBehavior [ RunTime:0.000010s ]
INFO: [ app_init ] --END-- [ RunTime:0.000391s ]
ERR: 无法加载模块:Public

[ 2017-08-09T19:07:53+08:00 ] 127.0.0.1 /liulin/Public/dishcover/2017-08-02/5981cbaeef8ea.png
INFO: [ app_init ] --START--
INFO: Run Behavior\BuildLiteBehavior [ RunTime:0.000010s ]
INFO: [ app_init ] --END-- [ RunTime:0.000447s ]
ERR: 无法加载模块:Public

[ 2017-08-09T19:07:53+08:00 ] 127.0.0.1 /liulin/Public/dishcover/2017-08-02/5981c4a86fd72.png
INFO: [ app_init ] --START--
INFO: Run Behavior\BuildLiteBehavior [ RunTime:0.000026s ]
INFO: [ app_init ] --END-- [ RunTime:0.000682s ]
ERR: 无法加载模块:Public

[ 2017-08-09T19:07:53+08:00 ] 127.0.0.1 /liulin/Public/dishcover/2017-08-02/5981cbc8714b9.png
INFO: [ app_init ] --START--
INFO: Run Behavior\BuildLiteBehavior [ RunTime:0.000012s ]
INFO: [ app_init ] --END-- [ RunTime:0.000618s ]
ERR: 无法加载模块:Public

[ 2017-08-09T19:08:32+08:00 ] 127.0.0.1 /liulin/Public/dishcover/2017-08-02/5981cd307f844.png
INFO: [ app_init ] --START--
INFO: Run Behavior\BuildLiteBehavior [ RunTime:0.000010s ]
INFO: [ app_init ] --END-- [ RunTime:0.000392s ]
ERR: 无法加载模块:Public

[ 2017-08-09T19:08:32+08:00 ] 127.0.0.1 /liulin/Public/dishcover/2017-08-02/5981cd4dc781d.png
INFO: [ app_init ] --START--
INFO: Run Behavior\BuildLiteBehavior [ RunTime:0.000009s ]
INFO: [ app_init ] --END-- [ RunTime:0.000394s ]
ERR: 无法加载模块:Public

[ 2017-08-09T19:08:32+08:00 ] 127.0.0.1 /liulin/Public/dish/makingimg/2017-08-02/5981ce865f733.png
INFO: [ app_init ] --START--
INFO: Run Behavior\BuildLiteBehavior [ RunTime:0.000024s ]
INFO: [ app_init ] --END-- [ RunTime:0.000607s ]
ERR: 无法加载模块:Public

[ 2017-08-09T19:08:32+08:00 ] 127.0.0.1 /liulin/Public/dishcover/2017-08-02/5981cd28edff7.png
INFO: [ app_init ] --START--
INFO: Run Behavior\BuildLiteBehavior [ RunTime:0.000012s ]
INFO: [ app_init ] --END-- [ RunTime:0.000398s ]
ERR: 无法加载模块:Public

[ 2017-08-09T19:08:32+08:00 ] 127.0.0.1 /liulin/Public/dishcover/2017-08-02/5981cbc8714b9.png
INFO: [ app_init ] --START--
INFO: Run Behavior\BuildLiteBehavior [ RunTime:0.000009s ]
INFO: [ app_init ] --END-- [ RunTime:0.000398s ]
ERR: 无法加载模块:Public

[ 2017-08-09T19:08:32+08:00 ] 127.0.0.1 /liulin/Public/dishcover/2017-08-02/5981c4a86fd72.png
INFO: [ app_init ] --START--
INFO: Run Behavior\BuildLiteBehavior [ RunTime:0.000011s ]
INFO: [ app_init ] --END-- [ RunTime:0.000419s ]
ERR: 无法加载模块:Public

[ 2017-08-09T19:08:32+08:00 ] 127.0.0.1 /liulin/Public/dishcover/2017-08-02/5981cbaeef8ea.png
INFO: [ app_init ] --START--
INFO: Run Behavior\BuildLiteBehavior [ RunTime:0.000011s ]
INFO: [ app_init ] --END-- [ RunTime:0.000604s ]
ERR: 无法加载模块:Public

[ 2017-08-09T19:08:32+08:00 ] 127.0.0.1 /liulin/Public/dish/makingimg/2017-08-02/5981cea0038c0.png
INFO: [ app_init ] --START--
INFO: Run Behavior\BuildLiteBehavior [ RunTime:0.000009s ]
INFO: [ app_init ] --END-- [ RunTime:0.000587s ]
ERR: 无法加载模块:Public

[ 2017-08-09T19:08:32+08:00 ] 127.0.0.1 /liulin/Public/dishcover/2017-08-02/5981cd59a110e.png
INFO: [ app_init ] --START--
INFO: Run Behavior\BuildLiteBehavior [ RunTime:0.000012s ]
INFO: [ app_init ] --END-- [ RunTime:0.010249s ]
ERR: 无法加载模块:Public

[ 2017-08-09T19:08:32+08:00 ] 127.0.0.1 /liulin/Public/dishcover/2017-08-02/5981c4666e9c1.png
INFO: [ app_init ] --START--
INFO: Run Behavior\BuildLiteBehavior [ RunTime:0.000011s ]
INFO: [ app_init ] --END-- [ RunTime:0.000385s ]
ERR: 无法加载模块:Public

[ 2017-08-09T19:09:02+08:00 ] 127.0.0.1 /liulin/Public/dishcover/2017-08-02/5981cd307f844.png
INFO: [ app_init ] --START--
INFO: Run Behavior\BuildLiteBehavior [ RunTime:0.000008s ]
INFO: [ app_init ] --END-- [ RunTime:0.000393s ]
ERR: 无法加载模块:Public

[ 2017-08-09T19:09:02+08:00 ] 127.0.0.1 /liulin/Public/dishcover/2017-08-02/5981cd4dc781d.png
INFO: [ app_init ] --START--
INFO: Run Behavior\BuildLiteBehavior [ RunTime:0.000009s ]
INFO: [ app_init ] --END-- [ RunTime:0.000571s ]
ERR: 无法加载模块:Public

[ 2017-08-09T19:09:02+08:00 ] 127.0.0.1 /liulin/Public/dishcover/2017-08-02/5981cd59a110e.png
INFO: [ app_init ] --START--
INFO: Run Behavior\BuildLiteBehavior [ RunTime:0.000012s ]
INFO: [ app_init ] --END-- [ RunTime:0.000594s ]
ERR: 无法加载模块:Public

[ 2017-08-09T19:09:02+08:00 ] 127.0.0.1 /liulin/Public/dish/makingimg/2017-08-02/5981ce865f733.png
INFO: [ app_init ] --START--
INFO: Run Behavior\BuildLiteBehavior [ RunTime:0.000009s ]
INFO: [ app_init ] --END-- [ RunTime:0.000383s ]
ERR: 无法加载模块:Public

[ 2017-08-09T19:09:02+08:00 ] 127.0.0.1 /liulin/Public/dishcover/2017-08-02/5981cd28edff7.png
INFO: [ app_init ] --START--
INFO: Run Behavior\BuildLiteBehavior [ RunTime:0.000018s ]
INFO: [ app_init ] --END-- [ RunTime:0.000400s ]
ERR: 无法加载模块:Public

[ 2017-08-09T19:09:02+08:00 ] 127.0.0.1 /liulin/Public/dishcover/2017-08-02/5981cbc8714b9.png
INFO: [ app_init ] --START--
INFO: Run Behavior\BuildLiteBehavior [ RunTime:0.000010s ]
INFO: [ app_init ] --END-- [ RunTime:0.000413s ]
ERR: 无法加载模块:Public

[ 2017-08-09T19:09:03+08:00 ] 127.0.0.1 /liulin/Public/dishcover/2017-08-02/5981cbaeef8ea.png
INFO: [ app_init ] --START--
INFO: Run Behavior\BuildLiteBehavior [ RunTime:0.000010s ]
INFO: [ app_init ] --END-- [ RunTime:0.000399s ]
ERR: 无法加载模块:Public

[ 2017-08-09T19:09:03+08:00 ] 127.0.0.1 /liulin/Public/dishcover/2017-08-02/5981c4a86fd72.png
INFO: [ app_init ] --START--
INFO: Run Behavior\BuildLiteBehavior [ RunTime:0.000016s ]
INFO: [ app_init ] --END-- [ RunTime:0.000973s ]
ERR: 无法加载模块:Public

[ 2017-08-09T19:09:03+08:00 ] 127.0.0.1 /liulin/Public/dishcover/2017-08-02/5981c4666e9c1.png
INFO: [ app_init ] --START--
INFO: Run Behavior\BuildLiteBehavior [ RunTime:0.000009s ]
INFO: [ app_init ] --END-- [ RunTime:0.003375s ]
ERR: 无法加载模块:Public

[ 2017-08-09T19:09:02+08:00 ] 127.0.0.1 /liulin/Public/dish/makingimg/2017-08-02/5981cea0038c0.png
INFO: [ app_init ] --START--
INFO: Run Behavior\BuildLiteBehavior [ RunTime:0.000017s ]
INFO: [ app_init ] --END-- [ RunTime:0.002446s ]
ERR: 无法加载模块:Public

[ 2017-08-09T19:15:05+08:00 ] 127.0.0.1 /liulin/Public/dishcover/2017-08-02/5981cd59a110e.png
INFO: [ app_init ] --START--
INFO: Run Behavior\BuildLiteBehavior [ RunTime:0.000009s ]
INFO: [ app_init ] --END-- [ RunTime:0.000482s ]
ERR: 无法加载模块:Public

[ 2017-08-09T19:15:05+08:00 ] 127.0.0.1 /liulin/Public/dishcover/2017-08-02/5981cd28edff7.png
INFO: [ app_init ] --START--
INFO: Run Behavior\BuildLiteBehavior [ RunTime:0.000010s ]
INFO: [ app_init ] --END-- [ RunTime:0.000498s ]
ERR: 无法加载模块:Public

[ 2017-08-09T19:15:05+08:00 ] 127.0.0.1 /liulin/Public/dish/makingimg/2017-08-02/5981ce865f733.png
INFO: [ app_init ] --START--
INFO: Run Behavior\BuildLiteBehavior [ RunTime:0.000172s ]
INFO: [ app_init ] --END-- [ RunTime:0.000728s ]
ERR: 无法加载模块:Public

[ 2017-08-09T19:15:05+08:00 ] 127.0.0.1 /liulin/Public/dish/makingimg/2017-08-02/5981cea0038c0.png
INFO: [ app_init ] --START--
INFO: Run Behavior\BuildLiteBehavior [ RunTime:0.000010s ]
INFO: [ app_init ] --END-- [ RunTime:0.000587s ]
ERR: 无法加载模块:Public

[ 2017-08-09T19:15:05+08:00 ] 127.0.0.1 /liulin/Public/dishcover/2017-08-02/5981cbc8714b9.png
INFO: [ app_init ] --START--
INFO: Run Behavior\BuildLiteBehavior [ RunTime:0.000009s ]
INFO: [ app_init ] --END-- [ RunTime:0.000384s ]
ERR: 无法加载模块:Public

[ 2017-08-09T19:15:05+08:00 ] 127.0.0.1 /liulin/Public/dishcover/2017-08-02/5981cbaeef8ea.png
INFO: [ app_init ] --START--
INFO: Run Behavior\BuildLiteBehavior [ RunTime:0.000009s ]
INFO: [ app_init ] --END-- [ RunTime:0.000402s ]
ERR: 无法加载模块:Public

[ 2017-08-09T19:15:05+08:00 ] 127.0.0.1 /liulin/Public/dishcover/2017-08-02/5981c4a86fd72.png
INFO: [ app_init ] --START--
INFO: Run Behavior\BuildLiteBehavior [ RunTime:0.000010s ]
INFO: [ app_init ] --END-- [ RunTime:0.000463s ]
ERR: 无法加载模块:Public

[ 2017-08-09T19:15:05+08:00 ] 127.0.0.1 /liulin/Public/dishcover/2017-08-02/5981cd4dc781d.png
INFO: [ app_init ] --START--
INFO: Run Behavior\BuildLiteBehavior [ RunTime:0.000009s ]
INFO: [ app_init ] --END-- [ RunTime:0.000498s ]
ERR: 无法加载模块:Public

[ 2017-08-09T19:15:05+08:00 ] 127.0.0.1 /liulin/Public/dishcover/2017-08-02/5981cd307f844.png
INFO: [ app_init ] --START--
INFO: Run Behavior\BuildLiteBehavior [ RunTime:0.000009s ]
INFO: [ app_init ] --END-- [ RunTime:0.000593s ]
ERR: 无法加载模块:Public

[ 2017-08-09T19:15:05+08:00 ] 127.0.0.1 /liulin/Public/dishcover/2017-08-02/5981c4666e9c1.png
INFO: [ app_init ] --START--
INFO: Run Behavior\BuildLiteBehavior [ RunTime:0.000011s ]
INFO: [ app_init ] --END-- [ RunTime:0.000658s ]
ERR: 无法加载模块:Public

[ 2017-08-09T19:24:06+08:00 ] 127.0.0.1 /liulin/Public/dishcover/2017-08-02/5981cd4dc781d.png
INFO: [ app_init ] --START--
INFO: Run Behavior\BuildLiteBehavior [ RunTime:0.000010s ]
INFO: [ app_init ] --END-- [ RunTime:0.000501s ]
ERR: 无法加载模块:Public

c

[ 2017-08-09T19:24:06+08:00 ] 127.0.0.1 /liulin/Public/dishcover/2017-08-02/5981cbaeef8ea.png
INFO: [ app_init ] --START--
INFO: Run Behavior\BuildLiteBehavior [ RunTime:0.000012s ]
INFO: [ app_init ] --END-- [ RunTime:0.001694s ]
ERR: 无法加载模块:Public

[ 2017-08-09T19:24:06+08:00 ] 127.0.0.1 /liulin/Public/dishcover/2017-08-02/5981cbc8714b9.png
INFO: [ app_init ] --START--
INFO: Run Behavior\BuildLiteBehavior [ RunTime:0.000011s ]
INFO: [ app_init ] --END-- [ RunTime:0.001052s ]
ERR: 无法加载模块:Public

[ 2017-08-09T19:24:06+08:00 ] 127.0.0.1 /liulin/Public/dishcover/2017-08-02/5981c4a86fd72.png
INFO: [ app_init ] --START--
INFO: Run Behavior\BuildLiteBehavior [ RunTime:0.000012s ]
INFO: [ app_init ] --END-- [ RunTime:0.000662s ]
ERR: 无法加载模块:Public

[ 2017-08-09T19:24:06+08:00 ] 127.0.0.1 /liulin/Public/dishcover/2017-08-02/5981c4666e9c1.png
INFO: [ app_init ] --START--
INFO: Run Behavior\BuildLiteBehavior [ RunTime:0.000010s ]
INFO: [ app_init ] --END-- [ RunTime:0.000591s ]
ERR: 无法加载模块:Public

[ 2017-08-09T19:26:25+08:00 ] 127.0.0.1 /liulin/Public/dish/makingimg/2017-08-02/5981ce865f733.png
INFO: [ app_init ] --START--
INFO: Run Behavior\BuildLiteBehavior [ RunTime:0.000010s ]
INFO: [ app_init ] --END-- [ RunTime:0.000997s ]
ERR: 无法加载模块:Public

[ 2017-08-09T19:26:25+08:00 ] 127.0.0.1 /liulin/Public/dish/makingimg/2017-08-02/5981cea0038c0.png
INFO: [ app_init ] --START--
INFO: Run Behavior\BuildLiteBehavior [ RunTime:0.000012s ]
INFO: [ app_init ] --END-- [ RunTime:0.001196s ]
ERR: 无法加载模块:Public

[ 2017-08-09T19:26:25+08:00 ] 127.0.0.1 /liulin/Public/dishcover/2017-08-02/5981cd307f844.png
INFO: [ app_init ] --START--
INFO: Run Behavior\BuildLiteBehavior [ RunTime:0.000009s ]
INFO: [ app_init ] --END-- [ RunTime:0.000515s ]
ERR: 无法加载模块:Public

[ 2017-08-09T19:26:25+08:00 ] 127.0.0.1 /liulin/Public/dishcover/2017-08-02/5981cd28edff7.png
INFO: [ app_init ] --START--
INFO: Run Behavior\BuildLiteBehavior [ RunTime:0.000009s ]
INFO: [ app_init ] --END-- [ RunTime:0.000614s ]
ERR: 无法加载模块:Public

[ 2017-08-09T19:26:25+08:00 ] 127.0.0.1 /liulin/Public/dishcover/2017-08-02/5981cbc8714b9.png
INFO: [ app_init ] --START--
INFO: Run Behavior\BuildLiteBehavior [ RunTime:0.000015s ]
INFO: [ app_init ] --END-- [ RunTime:0.001044s ]
ERR: 无法加载模块:Public

[ 2017-08-09T19:26:25+08:00 ] 127.0.0.1 /liulin/Public/dishcover/2017-08-02/5981cd59a110e.png
INFO: [ app_init ] --START--
INFO: Run Behavior\BuildLiteBehavior [ RunTime:0.000029s ]
INFO: [ app_init ] --END-- [ RunTime:0.000621s ]
ERR: 无法加载模块:Public

[ 2017-08-09T19:26:25+08:00 ] 127.0.0.1 /liulin/Public/dishcover/2017-08-02/5981cbaeef8ea.png
INFO: [ app_init ] --START--
INFO: Run Behavior\BuildLiteBehavior [ RunTime:0.000010s ]
INFO: [ app_init ] --END-- [ RunTime:0.000398s ]
ERR: 无法加载模块:Public

[ 2017-08-09T19:26:25+08:00 ] 127.0.0.1 /liulin/Public/dishcover/2017-08-02/5981cd4dc781d.png
INFO: [ app_init ] --START--
INFO: Run Behavior\BuildLiteBehavior [ RunTime:0.000010s ]
INFO: [ app_init ] --END-- [ RunTime:0.000648s ]
ERR: 无法加载模块:Public

[ 2017-08-09T19:26:25+08:00 ] 127.0.0.1 /liulin/Public/dishcover/2017-08-02/5981c4666e9c1.png
INFO: [ app_init ] --START--
INFO: Run Behavior\BuildLiteBehavior [ RunTime:0.000010s ]
INFO: [ app_init ] --END-- [ RunTime:0.000513s ]
ERR: 无法加载模块:Public

[ 2017-08-09T19:26:25+08:00 ] 127.0.0.1 /liulin/Public/dishcover/2017-08-02/5981c4a86fd72.png
INFO: [ app_init ] --START--
INFO: Run Behavior\BuildLiteBehavior [ RunTime:0.000009s ]
INFO: [ app_init ] --END-- [ RunTime:0.000579s ]
ERR: 无法加载模块:Public

[ 2017-08-09T19:27:50+08:00 ] 127.0.0.1 /liulin/Public/dishcover/2017-08-02/5981cd307f844.png
INFO: [ app_init ] --START--
INFO: Run Behavior\BuildLiteBehavior [ RunTime:0.000010s ]
INFO: [ app_init ] --END-- [ RunTime:0.000421s ]
ERR: 无法加载模块:Public

[ 2017-08-09T19:27:50+08:00 ] 127.0.0.1 /liulin/Public/dish/makingimg/2017-08-02/5981cea0038c0.png
INFO: [ app_init ] --START--
INFO: Run Behavior\BuildLiteBehavior [ RunTime:0.000014s ]
INFO: [ app_init ] --END-- [ RunTime:0.001142s ]
ERR: 无法加载模块:Public

[ 2017-08-09T19:27:50+08:00 ] 127.0.0.1 /liulin/Public/dish/makingimg/2017-08-02/5981ce865f733.png
INFO: [ app_init ] --START--
INFO: Run Behavior\BuildLiteBehavior [ RunTime:0.000025s ]
INFO: [ app_init ] --END-- [ RunTime:0.002466s ]
ERR: 无法加载模块:Public

[ 2017-08-09T19:27:50+08:00 ] 127.0.0.1 /liulin/Public/dishcover/2017-08-02/5981cd28edff7.png
INFO: [ app_init ] --START--
INFO: Run Behavior\BuildLiteBehavior [ RunTime:0.000008s ]
INFO: [ app_init ] --END-- [ RunTime:0.000381s ]
ERR: 无法加载模块:Public

[ 2017-08-09T19:27:50+08:00 ] 127.0.0.1 /liulin/Public/dishcover/2017-08-02/5981cbc8714b9.png
INFO: [ app_init ] --START--
INFO: Run Behavior\BuildLiteBehavior [ RunTime:0.000009s ]
INFO: [ app_init ] --END-- [ RunTime:0.000456s ]
ERR: 无法加载模块:Public

[ 2017-08-09T19:27:50+08:00 ] 127.0.0.1 /liulin/Public/dishcover/2017-08-02/5981cd4dc781d.png
INFO: [ app_init ] --START--
INFO: Run Behavior\BuildLiteBehavior [ RunTime:0.000011s ]
INFO: [ app_init ] --END-- [ RunTime:0.000403s ]
ERR: 无法加载模块:Public

[ 2017-08-09T19:27:50+08:00 ] 127.0.0.1 /liulin/Public/dishcover/2017-08-02/5981c4a86fd72.png
INFO: [ app_init ] --START--
INFO: Run Behavior\BuildLiteBehavior [ RunTime:0.000011s ]
INFO: [ app_init ] --END-- [ RunTime:0.000430s ]
ERR: 无法加载模块:Public

[ 2017-08-09T19:27:50+08:00 ] 127.0.0.1 /liulin/Public/dishcover/2017-08-02/5981cd59a110e.png
INFO: [ app_init ] --START--
INFO: Run Behavior\BuildLiteBehavior [ RunTime:0.000010s ]
INFO: [ app_init ] --END-- [ RunTime:0.000593s ]
ERR: 无法加载模块:Public

[ 2017-08-09T19:27:50+08:00 ] 127.0.0.1 /liulin/Public/dishcover/2017-08-02/5981c4666e9c1.png
INFO: [ app_init ] --START--
INFO: Run Behavior\BuildLiteBehavior [ RunTime:0.000011s ]
INFO: [ app_init ] --END-- [ RunTime:0.000500s ]
ERR: 无法加载模块:Public

[ 2017-08-09T19:27:50+08:00 ] 127.0.0.1 /liulin/Public/dishcover/2017-08-02/5981cbaeef8ea.png
INFO: [ app_init ] --START--
INFO: Run Behavior\BuildLiteBehavior [ RunTime:0.000010s ]
INFO: [ app_init ] --END-- [ RunTime:0.000579s ]
ERR: 无法加载模块:Public

[ 2017-08-09T19:27:50+08:00 ] 127.0.0.1 /liulin/Public/js/jquery.min.map
INFO: [ app_init ] --START--
INFO: Run Behavior\BuildLiteBehavior [ RunTime:0.000017s ]
INFO: [ app_init ] --END-- [ RunTime:0.000590s ]
ERR: 无法加载模块:Public

[ 2017-08-09T19:28:08+08:00 ] 127.0.0.1 /liulin/Public/dish/makingimg/2017-08-02/5981cea0038c0.png
INFO: [ app_init ] --START--
INFO: Run Behavior\BuildLiteBehavior [ RunTime:0.000010s ]
INFO: [ app_init ] --END-- [ RunTime:0.000594s ]
ERR: 无法加载模块:Public

[ 2017-08-09T19:28:08+08:00 ] 127.0.0.1 /liulin/Public/dishcover/2017-08-02/5981cd59a110e.png
INFO: [ app_init ] --START--
INFO: Run Behavior\BuildLiteBehavior [ RunTime:0.000011s ]
INFO: [ app_init ] --END-- [ RunTime:0.000399s ]
ERR: 无法加载模块:Public

[ 2017-08-09T19:28:08+08:00 ] 127.0.0.1 /liulin/Public/dishcover/2017-08-02/5981cd4dc781d.png
INFO: [ app_init ] --START--
INFO: Run Behavior\BuildLiteBehavior [ RunTime:0.000009s ]
INFO: [ app_init ] --END-- [ RunTime:0.000392s ]
ERR: 无法加载模块:Public

[ 2017-08-09T19:28:08+08:00 ] 127.0.0.1 /liulin/Public/dishcover/2017-08-02/5981cd28edff7.png
INFO: [ app_init ] --START--
INFO: Run Behavior\BuildLiteBehavior [ RunTime:0.000010s ]
INFO: [ app_init ] --END-- [ RunTime:0.000414s ]
ERR: 无法加载模块:Public

[ 2017-08-09T19:28:09+08:00 ] 127.0.0.1 /liulin/Public/dishcover/2017-08-02/5981cbaeef8ea.png
INFO: [ app_init ] --START--
INFO: Run Behavior\BuildLiteBehavior [ RunTime:0.000012s ]
INFO: [ app_init ] --END-- [ RunTime:0.000411s ]
ERR: 无法加载模块:Public

[ 2017-08-09T19:28:09+08:00 ] 127.0.0.1 /liulin/Public/dishcover/2017-08-02/5981c4666e9c1.png
INFO: [ app_init ] --START--
INFO: Run Behavior\BuildLiteBehavior [ RunTime:0.000010s ]
INFO: [ app_init ] --END-- [ RunTime:0.000402s ]
ERR: 无法加载模块:Public

[ 2017-08-09T19:28:09+08:00 ] 127.0.0.1 /liulin/Public/dish/makingimg/2017-08-02/5981ce865f733.png
INFO: [ app_init ] --START--
INFO: Run Behavior\BuildLiteBehavior [ RunTime:0.000012s ]
INFO: [ app_init ] --END-- [ RunTime:0.000578s ]
ERR: 无法加载模块:Public

[ 2017-08-09T19:28:09+08:00 ] 127.0.0.1 /liulin/Public/dishcover/2017-08-02/5981cd307f844.png
INFO: [ app_init ] --START--
INFO: Run Behavior\BuildLiteBehavior [ RunTime:0.000013s ]
INFO: [ app_init ] --END-- [ RunTime:0.000705s ]
ERR: 无法加载模块:Public

[ 2017-08-09T19:28:09+08:00 ] 127.0.0.1 /liulin/Public/dishcover/2017-08-02/5981c4a86fd72.png
INFO: [ app_init ] --START--
INFO: Run Behavior\BuildLiteBehavior [ RunTime:0.000009s ]
INFO: [ app_init ] --END-- [ RunTime:0.000392s ]
ERR: 无法加载模块:Public

[ 2017-08-09T19:28:09+08:00 ] 127.0.0.1 /liulin/Public/dishcover/2017-08-02/5981cbc8714b9.png
INFO: [ app_init ] --START--
INFO: Run Behavior\BuildLiteBehavior [ RunTime:0.000011s ]
INFO: [ app_init ] --END-- [ RunTime:0.000683s ]
ERR: 无法加载模块:Public

[ 2017-08-09T19:28:09+08:00 ] 127.0.0.1 /liulin/Public/js/jquery.min.map
INFO: [ app_init ] --START--
INFO: Run Behavior\BuildLiteBehavior [ RunTime:0.000015s ]
INFO: [ app_init ] --END-- [ RunTime:0.000744s ]
ERR: 无法加载模块:Public

[ 2017-08-09T19:28:16+08:00 ] 127.0.0.1 /liulin/Public/js/jquery.min.map
INFO: [ app_init ] --START--
INFO: Run Behavior\BuildLiteBehavior [ RunTime:0.000047s ]
INFO: [ app_init ] --END-- [ RunTime:0.001236s ]
ERR: 无法加载模块:Public

[ 2017-08-09T19:30:57+08:00 ] 127.0.0.1 /liulin/Public/js/jquery.min.map
INFO: [ app_init ] --START--
INFO: Run Behavior\BuildLiteBehavior [ RunTime:0.000014s ]
INFO: [ app_init ] --END-- [ RunTime:0.000688s ]
ERR: 无法加载模块:Public

[ 2017-08-09T19:30:59+08:00 ] 127.0.0.1 /liulin/Public/dishcover/2017-08-02/5981cd59a110e.png
INFO: [ app_init ] --START--
INFO: Run Behavior\BuildLiteBehavior [ RunTime:0.000033s ]
INFO: [ app_init ] --END-- [ RunTime:0.000578s ]
ERR: 无法加载模块:Public

[ 2017-08-09T19:30:59+08:00 ] 127.0.0.1 /liulin/Public/dish/makingimg/2017-08-02/5981ce865f733.png
INFO: [ app_init ] --START--
INFO: Run Behavior\BuildLiteBehavior [ RunTime:0.000010s ]
INFO: [ app_init ] --END-- [ RunTime:0.001142s ]
ERR: 无法加载模块:Public

[ 2017-08-09T19:30:59+08:00 ] 127.0.0.1 /liulin/Public/dishcover/2017-08-02/5981cd28edff7.png
INFO: [ app_init ] --START--
INFO: Run Behavior\BuildLiteBehavior [ RunTime:0.000009s ]
INFO: [ app_init ] --END-- [ RunTime:0.000483s ]
ERR: 无法加载模块:Public

[ 2017-08-09T19:30:59+08:00 ] 127.0.0.1 /liulin/Public/dishcover/2017-08-02/5981cbaeef8ea.png
INFO: [ app_init ] --START--
INFO: Run Behavior\BuildLiteBehavior [ RunTime:0.000009s ]
INFO: [ app_init ] --END-- [ RunTime:0.000418s ]
ERR: 无法加载模块:Public

[ 2017-08-09T19:30:59+08:00 ] 127.0.0.1 /liulin/Public/dishcover/2017-08-02/5981c4a86fd72.png
INFO: [ app_init ] --START--
INFO: Run Behavior\BuildLiteBehavior [ RunTime:0.000010s ]
INFO: [ app_init ] --END-- [ RunTime:0.000778s ]
ERR: 无法加载模块:Public

[ 2017-08-09T19:30:59+08:00 ] 127.0.0.1 /liulin/Public/dish/makingimg/2017-08-02/5981cea0038c0.png
INFO: [ app_init ] --START--
INFO: Run Behavior\BuildLiteBehavior [ RunTime:0.000009s ]
INFO: [ app_init ] --END-- [ RunTime:0.000486s ]
ERR: 无法加载模块:Public

[ 2017-08-09T19:30:59+08:00 ] 127.0.0.1 /liulin/Public/dishcover/2017-08-02/5981cd4dc781d.png
INFO: [ app_init ] --START--
INFO: Run Behavior\BuildLiteBehavior [ RunTime:0.000010s ]
INFO: [ app_init ] --END-- [ RunTime:0.000512s ]
ERR: 无法加载模块:Public

[ 2017-08-09T19:30:59+08:00 ] 127.0.0.1 /liulin/Public/dishcover/2017-08-02/5981cd307f844.png
INFO: [ app_init ] --START--
INFO: Run Behavior\BuildLiteBehavior [ RunTime:0.000010s ]
INFO: [ app_init ] --END-- [ RunTime:0.000709s ]
ERR: 无法加载模块:Public

[ 2017-08-09T19:30:59+08:00 ] 127.0.0.1 /liulin/Public/dishcover/2017-08-02/5981c4666e9c1.png
INFO: [ app_init ] --START--
INFO: Run Behavior\BuildLiteBehavior [ RunTime:0.000011s ]
INFO: [ app_init ] --END-- [ RunTime:0.000423s ]
ERR: 无法加载模块:Public

[ 2017-08-09T19:30:59+08:00 ] 127.0.0.1 /liulin/Public/js/jquery.min.map
INFO: [ app_init ] --START--
INFO: Run Behavior\BuildLiteBehavior [ RunTime:0.000012s ]
INFO: [ app_init ] --END-- [ RunTime:0.000420s ]
ERR: 无法加载模块:Public

[ 2017-08-09T19:31:03+08:00 ] 127.0.0.1 /liulin/Public/js/jquery.min.map
INFO: [ app_init ] --START--
INFO: Run Behavior\BuildLiteBehavior [ RunTime:0.000024s ]
INFO: [ app_init ] --END-- [ RunTime:0.000432s ]
ERR: 无法加载模块:Public

[ 2017-08-09T19:32:28+08:00 ] 127.0.0.1 /liulin/Public/dish/makingimg/2017-08-02/5981ce865f733.png
INFO: [ app_init ] --START--
INFO: Run Behavior\BuildLiteBehavior [ RunTime:0.000015s ]
INFO: [ app_init ] --END-- [ RunTime:0.000396s ]
ERR: 无法加载模块:Public

[ 2017-08-09T19:32:28+08:00 ] 127.0.0.1 /liulin/Public/dish/makingimg/2017-08-02/5981cea0038c0.png
INFO: [ app_init ] --START--
INFO: Run Behavior\BuildLiteBehavior [ RunTime:0.000010s ]
INFO: [ app_init ] --END-- [ RunTime:0.000620s ]
ERR: 无法加载模块:Public

[ 2017-08-09T19:32:28+08:00 ] 127.0.0.1 /liulin/Public/dishcover/2017-08-02/5981cd59a110e.png
INFO: [ app_init ] --START--
INFO: Run Behavior\BuildLiteBehavior [ RunTime:0.000011s ]
INFO: [ app_init ] --END-- [ RunTime:0.000550s ]
ERR: 无法加载模块:Public

[ 2017-08-09T19:32:28+08:00 ] 127.0.0.1 /liulin/Public/dishcover/2017-08-02/5981cd4dc781d.png
INFO: [ app_init ] --START--
INFO: Run Behavior\BuildLiteBehavior [ RunTime:0.000008s ]
INFO: [ app_init ] --END-- [ RunTime:0.000614s ]
ERR: 无法加载模块:Public

[ 2017-08-09T19:32:28+08:00 ] 127.0.0.1 /liulin/Public/dishcover/2017-08-02/5981cd28edff7.png
INFO: [ app_init ] --START--
INFO: Run Behavior\BuildLiteBehavior [ RunTime:0.000009s ]
INFO: [ app_init ] --END-- [ RunTime:0.000397s ]
ERR: 无法加载模块:Public

[ 2017-08-09T19:32:28+08:00 ] 127.0.0.1 /liulin/Public/dishcover/2017-08-02/5981cbaeef8ea.png
INFO: [ app_init ] --START--
INFO: Run Behavior\BuildLiteBehavior [ RunTime:0.000011s ]
INFO: [ app_init ] --END-- [ RunTime:0.000652s ]
ERR: 无法加载模块:Public

[ 2017-08-09T19:32:28+08:00 ] 127.0.0.1 /liulin/Public/dishcover/2017-08-02/5981c4a86fd72.png
INFO: [ app_init ] --START--
INFO: Run Behavior\BuildLiteBehavior [ RunTime:0.000009s ]
INFO: [ app_init ] --END-- [ RunTime:0.000492s ]
ERR: 无法加载模块:Public

[ 2017-08-09T19:32:28+08:00 ] 127.0.0.1 /liulin/Public/dishcover/2017-08-02/5981cd307f844.png
INFO: [ app_init ] --START--
INFO: Run Behavior\BuildLiteBehavior [ RunTime:0.000010s ]
INFO: [ app_init ] --END-- [ RunTime:0.000420s ]
ERR: 无法加载模块:Public

[ 2017-08-09T19:32:28+08:00 ] 127.0.0.1 /liulin/Public/dishcover/2017-08-02/5981c4666e9c1.png
INFO: [ app_init ] --START--
INFO: Run Behavior\BuildLiteBehavior [ RunTime:0.000009s ]
INFO: [ app_init ] --END-- [ RunTime:0.005836s ]
ERR: 无法加载模块:Public

[ 2017-08-09T19:32:28+08:00 ] 127.0.0.1 /liulin/Public/dishcover/2017-08-02/5981cbc8714b9.png
INFO: [ app_init ] --START--
INFO: Run Behavior\BuildLiteBehavior [ RunTime:0.000012s ]
INFO: [ app_init ] --END-- [ RunTime:0.000517s ]
ERR: 无法加载模块:Public

[ 2017-08-09T19:33:13+08:00 ] 127.0.0.1 /liulin/Public/dishcover/2017-08-02/5981cd28edff7.png
INFO: [ app_init ] --START--
INFO: Run Behavior\BuildLiteBehavior [ RunTime:0.000010s ]
INFO: [ app_init ] --END-- [ RunTime:0.000397s ]
ERR: 无法加载模块:Public

[ 2017-08-09T19:33:13+08:00 ] 127.0.0.1 /liulin/Public/dish/makingimg/2017-08-02/5981cea0038c0.png
INFO: [ app_init ] --START--
INFO: Run Behavior\BuildLiteBehavior [ RunTime:0.000010s ]
INFO: [ app_init ] --END-- [ RunTime:0.000570s ]
ERR: 无法加载模块:Public

[ 2017-08-09T19:33:13+08:00 ] 127.0.0.1 /liulin/Public/dishcover/2017-08-02/5981cd59a110e.png
INFO: [ app_init ] --START--
INFO: Run Behavior\BuildLiteBehavior [ RunTime:0.000010s ]
INFO: [ app_init ] --END-- [ RunTime:0.000484s ]
ERR: 无法加载模块:Public

[ 2017-08-09T19:33:13+08:00 ] 127.0.0.1 /liulin/Public/dishcover/2017-08-02/5981cd307f844.png
INFO: [ app_init ] --START--
INFO: Run Behavior\BuildLiteBehavior [ RunTime:0.000010s ]
INFO: [ app_init ] --END-- [ RunTime:0.000637s ]
ERR: 无法加载模块:Public

[ 2017-08-09T19:33:13+08:00 ] 127.0.0.1 /liulin/Public/dishcover/2017-08-02/5981cbc8714b9.png
INFO: [ app_init ] --START--
INFO: Run Behavior\BuildLiteBehavior [ RunTime:0.000009s ]
INFO: [ app_init ] --END-- [ RunTime:0.000394s ]
ERR: 无法加载模块:Public

[ 2017-08-09T19:33:13+08:00 ] 127.0.0.1 /liulin/Public/dishcover/2017-08-02/5981cbaeef8ea.png
INFO: [ app_init ] --START--
INFO: Run Behavior\BuildLiteBehavior [ RunTime:0.000010s ]
INFO: [ app_init ] --END-- [ RunTime:0.000755s ]
ERR: 无法加载模块:Public

[ 2017-08-09T19:33:13+08:00 ] 127.0.0.1 /liulin/Public/dishcover/2017-08-02/5981c4666e9c1.png
INFO: [ app_init ] --START--
INFO: Run Behavior\BuildLiteBehavior [ RunTime:0.000010s ]
INFO: [ app_init ] --END-- [ RunTime:0.000414s ]
ERR: 无法加载模块:Public

[ 2017-08-09T19:33:13+08:00 ] 127.0.0.1 /liulin/Public/dishcover/2017-08-02/5981c4a86fd72.png
INFO: [ app_init ] --START--
INFO: Run Behavior\BuildLiteBehavior [ RunTime:0.000011s ]
INFO: [ app_init ] --END-- [ RunTime:0.000589s ]
ERR: 无法加载模块:Public

[ 2017-08-09T19:33:13+08:00 ] 127.0.0.1 /liulin/Public/dish/makingimg/2017-08-02/5981ce865f733.png
INFO: [ app_init ] --START--
INFO: Run Behavior\BuildLiteBehavior [ RunTime:0.000012s ]
INFO: [ app_init ] --END-- [ RunTime:0.000508s ]
ERR: 无法加载模块:Public

[ 2017-08-09T19:33:13+08:00 ] 127.0.0.1 /liulin/Public/dishcover/2017-08-02/5981cd4dc781d.png
INFO: [ app_init ] --START--
INFO: Run Behavior\BuildLiteBehavior [ RunTime:0.000010s ]
INFO: [ app_init ] --END-- [ RunTime:0.000610s ]
ERR: 无法加载模块:Public

[ 2017-08-09T19:33:13+08:00 ] 127.0.0.1 /liulin/Public/js/jquery.min.map
INFO: [ app_init ] --START--
INFO: Run Behavior\BuildLiteBehavior [ RunTime:0.000017s ]
INFO: [ app_init ] --END-- [ RunTime:0.000958s ]
ERR: 无法加载模块:Public

[ 2017-08-09T19:33:16+08:00 ] 127.0.0.1 /liulin/Public/js/jquery.min.map
INFO: [ app_init ] --START--
INFO: Run Behavior\BuildLiteBehavior [ RunTime:0.000035s ]
INFO: [ app_init ] --END-- [ RunTime:0.001544s ]
ERR: 无法加载模块:Public

[ 2017-08-09T19:33:22+08:00 ] 127.0.0.1 /liulin/Public/js/jquery.min.map
INFO: [ app_init ] --START--
INFO: Run Behavior\BuildLiteBehavior [ RunTime:0.000010s ]
INFO: [ app_init ] --END-- [ RunTime:0.000608s ]
ERR: 无法加载模块:Public

[ 2017-08-09T19:33:51+08:00 ] 127.0.0.1 /liulin/Public/dish/makingimg/2017-08-02/5981ce865f733.png
INFO: [ app_init ] --START--
INFO: Run Behavior\BuildLiteBehavior [ RunTime:0.000010s ]
INFO: [ app_init ] --END-- [ RunTime:0.000443s ]
ERR: 无法加载模块:Public

[ 2017-08-09T19:33:51+08:00 ] 127.0.0.1 /liulin/Public/dish/makingimg/2017-08-02/5981cea0038c0.png
INFO: [ app_init ] --START--
INFO: Run Behavior\BuildLiteBehavior [ RunTime:0.000039s ]
INFO: [ app_init ] --END-- [ RunTime:0.000816s ]
ERR: 无法加载模块:Public

[ 2017-08-09T19:33:51+08:00 ] 127.0.0.1 /liulin/Public/dishcover/2017-08-02/5981cbc8714b9.png
INFO: [ app_init ] --START--
INFO: Run Behavior\BuildLiteBehavior [ RunTime:0.000011s ]
INFO: [ app_init ] --END-- [ RunTime:0.000455s ]
ERR: 无法加载模块:Public

[ 2017-08-09T19:33:51+08:00 ] 127.0.0.1 /liulin/Public/dishcover/2017-08-02/5981cd4dc781d.png
INFO: [ app_init ] --START--
INFO: Run Behavior\BuildLiteBehavior [ RunTime:0.000011s ]
INFO: [ app_init ] --END-- [ RunTime:0.000574s ]
ERR: 无法加载模块:Public

[ 2017-08-09T19:33:51+08:00 ] 127.0.0.1 /liulin/Public/dishcover/2017-08-02/5981cbaeef8ea.png
INFO: [ app_init ] --START--
INFO: Run Behavior\BuildLiteBehavior [ RunTime:0.000010s ]
INFO: [ app_init ] --END-- [ RunTime:0.000755s ]
ERR: 无法加载模块:Public

[ 2017-08-09T19:33:51+08:00 ] 127.0.0.1 /liulin/Public/dishcover/2017-08-02/5981c4a86fd72.png
INFO: [ app_init ] --START--
INFO: Run Behavior\BuildLiteBehavior [ RunTime:0.000009s ]
INFO: [ app_init ] --END-- [ RunTime:0.000408s ]
ERR: 无法加载模块:Public

[ 2017-08-09T19:33:51+08:00 ] 127.0.0.1 /liulin/Public/dishcover/2017-08-02/5981c4666e9c1.png
INFO: [ app_init ] --START--
INFO: Run Behavior\BuildLiteBehavior [ RunTime:0.000008s ]
INFO: [ app_init ] --END-- [ RunTime:0.000382s ]
ERR: 无法加载模块:Public

[ 2017-08-09T19:33:51+08:00 ] 127.0.0.1 /liulin/Public/dishcover/2017-08-02/5981cd307f844.png
INFO: [ app_init ] --START--
INFO: Run Behavior\BuildLiteBehavior [ RunTime:0.000010s ]
INFO: [ app_init ] --END-- [ RunTime:0.000604s ]
ERR: 无法加载模块:Public

[ 2017-08-09T19:33:51+08:00 ] 127.0.0.1 /liulin/Public/dishcover/2017-08-02/5981cd28edff7.png
INFO: [ app_init ] --START--
INFO: Run Behavior\BuildLiteBehavior [ RunTime:0.000011s ]
INFO: [ app_init ] --END-- [ RunTime:0.000682s ]
ERR: 无法加载模块:Public

[ 2017-08-09T19:33:51+08:00 ] 127.0.0.1 /liulin/Public/dishcover/2017-08-02/5981cd59a110e.png
INFO: [ app_init ] --START--
INFO: Run Behavior\BuildLiteBehavior [ RunTime:0.000010s ]
INFO: [ app_init ] --END-- [ RunTime:0.000508s ]
ERR: 无法加载模块:Public

[ 2017-08-09T19:33:51+08:00 ] 127.0.0.1 /liulin/Public/js/jquery.min.map
INFO: [ app_init ] --START--
INFO: Run Behavior\BuildLiteBehavior [ RunTime:0.000014s ]
INFO: [ app_init ] --END-- [ RunTime:0.000569s ]
ERR: 无法加载模块:Public

[ 2017-08-09T19:34:21+08:00 ] 127.0.0.1 /liulin/Public/dish/makingimg/2017-08-02/5981cea0038c0.png
INFO: [ app_init ] --START--
INFO: Run Behavior\BuildLiteBehavior [ RunTime:0.000009s ]
INFO: [ app_init ] --END-- [ RunTime:0.000642s ]
ERR: 无法加载模块:Public

[ 2017-08-09T19:34:21+08:00 ] 127.0.0.1 /liulin/Public/dishcover/2017-08-02/5981cd4dc781d.png
INFO: [ app_init ] --START--
INFO: Run Behavior\BuildLiteBehavior [ RunTime:0.000009s ]
INFO: [ app_init ] --END-- [ RunTime:0.000388s ]
ERR: 无法加载模块:Public

[ 2017-08-09T19:34:21+08:00 ] 127.0.0.1 /liulin/Public/dish/makingimg/2017-08-02/5981ce865f733.png
INFO: [ app_init ] --START--
INFO: Run Behavior\BuildLiteBehavior [ RunTime:0.000010s ]
INFO: [ app_init ] --END-- [ RunTime:0.000518s ]
ERR: 无法加载模块:Public

[ 2017-08-09T19:34:21+08:00 ] 127.0.0.1 /liulin/Public/dishcover/2017-08-02/5981cd59a110e.png
INFO: [ app_init ] --START--
INFO: Run Behavior\BuildLiteBehavior [ RunTime:0.000011s ]
INFO: [ app_init ] --END-- [ RunTime:0.000454s ]
ERR: 无法加载模块:Public

[ 2017-08-09T19:34:21+08:00 ] 127.0.0.1 /liulin/Public/dishcover/2017-08-02/5981cbaeef8ea.png
INFO: [ app_init ] --START--
INFO: Run Behavior\BuildLiteBehavior [ RunTime:0.000011s ]
INFO: [ app_init ] --END-- [ RunTime:0.000396s ]
ERR: 无法加载模块:Public

[ 2017-08-09T19:34:21+08:00 ] 127.0.0.1 /liulin/Public/dishcover/2017-08-02/5981cd307f844.png
INFO: [ app_init ] --START--
INFO: Run Behavior\BuildLiteBehavior [ RunTime:0.000008s ]
INFO: [ app_init ] --END-- [ RunTime:0.000384s ]
ERR: 无法加载模块:Public

[ 2017-08-09T19:34:21+08:00 ] 127.0.0.1 /liulin/Public/dishcover/2017-08-02/5981c4a86fd72.png
INFO: [ app_init ] --START--
INFO: Run Behavior\BuildLiteBehavior [ RunTime:0.000009s ]
INFO: [ app_init ] --END-- [ RunTime:0.000506s ]
ERR: 无法加载模块:Public

[ 2017-08-09T19:34:21+08:00 ] 127.0.0.1 /liulin/Public/dishcover/2017-08-02/5981c4666e9c1.png
INFO: [ app_init ] --START--
INFO: Run Behavior\BuildLiteBehavior [ RunTime:0.000021s ]
INFO: [ app_init ] --END-- [ RunTime:0.000407s ]
ERR: 无法加载模块:Public

[ 2017-08-09T19:34:21+08:00 ] 127.0.0.1 /liulin/Public/dishcover/2017-08-02/5981cd28edff7.png
INFO: [ app_init ] --START--
INFO: Run Behavior\BuildLiteBehavior [ RunTime:0.000010s ]
INFO: [ app_init ] --END-- [ RunTime:0.000612s ]
ERR: 无法加载模块:Public

[ 2017-08-09T19:34:21+08:00 ] 127.0.0.1 /liulin/Public/dishcover/2017-08-02/5981cbc8714b9.png
INFO: [ app_init ] --START--
INFO: Run Behavior\BuildLiteBehavior [ RunTime:0.000014s ]
INFO: [ app_init ] --END-- [ RunTime:0.000765s ]
ERR: 无法加载模块:Public

[ 2017-08-09T19:34:52+08:00 ] 127.0.0.1 /liulin/Public/dish/makingimg/2017-08-02/5981cea0038c0.png
INFO: [ app_init ] --START--
INFO: Run Behavior\BuildLiteBehavior [ RunTime:0.000009s ]
INFO: [ app_init ] --END-- [ RunTime:0.000451s ]
ERR: 无法加载模块:Public

[ 2017-08-09T19:34:52+08:00 ] 127.0.0.1 /liulin/Public/dishcover/2017-08-02/5981cd28edff7.png
INFO: [ app_init ] --START--
INFO: Run Behavior\BuildLiteBehavior [ RunTime:0.000009s ]
INFO: [ app_init ] --END-- [ RunTime:0.000413s ]
ERR: 无法加载模块:Public

[ 2017-08-09T19:34:52+08:00 ] 127.0.0.1 /liulin/Public/dishcover/2017-08-02/5981cbc8714b9.png
INFO: [ app_init ] --START--
INFO: Run Behavior\BuildLiteBehavior [ RunTime:0.000011s ]
INFO: [ app_init ] --END-- [ RunTime:0.000407s ]
ERR: 无法加载模块:Public

[ 2017-08-09T19:34:52+08:00 ] 127.0.0.1 /liulin/Public/dishcover/2017-08-02/5981cd59a110e.png
INFO: [ app_init ] --START--
INFO: Run Behavior\BuildLiteBehavior [ RunTime:0.000012s ]
INFO: [ app_init ] --END-- [ RunTime:0.001312s ]
ERR: 无法加载模块:Public

[ 2017-08-09T19:34:52+08:00 ] 127.0.0.1 /liulin/Public/dishcover/2017-08-02/5981cd307f844.png
INFO: [ app_init ] --START--
INFO: Run Behavior\BuildLiteBehavior [ RunTime:0.000009s ]
INFO: [ app_init ] --END-- [ RunTime:0.000617s ]
ERR: 无法加载模块:Public

[ 2017-08-09T19:34:52+08:00 ] 127.0.0.1 /liulin/Public/dishcover/2017-08-02/5981cbaeef8ea.png
INFO: [ app_init ] --START--
INFO: Run Behavior\BuildLiteBehavior [ RunTime:0.000009s ]
INFO: [ app_init ] --END-- [ RunTime:0.000399s ]
ERR: 无法加载模块:Public

[ 2017-08-09T19:34:52+08:00 ] 127.0.0.1 /liulin/Public/dishcover/2017-08-02/5981c4a86fd72.png
INFO: [ app_init ] --START--
INFO: Run Behavior\BuildLiteBehavior [ RunTime:0.000008s ]
INFO: [ app_init ] --END-- [ RunTime:0.000396s ]
ERR: 无法加载模块:Public

[ 2017-08-09T19:34:52+08:00 ] 127.0.0.1 /liulin/Public/dishcover/2017-08-02/5981c4666e9c1.png
INFO: [ app_init ] --START--
INFO: Run Behavior\BuildLiteBehavior [ RunTime:0.000023s ]
INFO: [ app_init ] --END-- [ RunTime:0.000940s ]
ERR: 无法加载模块:Public

[ 2017-08-09T19:34:52+08:00 ] 127.0.0.1 /liulin/Public/dish/makingimg/2017-08-02/5981ce865f733.png
INFO: [ app_init ] --START--
INFO: Run Behavior\BuildLiteBehavior [ RunTime:0.000035s ]
INFO: [ app_init ] --END-- [ RunTime:0.000967s ]
ERR: 无法加载模块:Public

[ 2017-08-09T19:34:52+08:00 ] 127.0.0.1 /liulin/Public/dishcover/2017-08-02/5981cd4dc781d.png
INFO: [ app_init ] --START--
INFO: Run Behavior\BuildLiteBehavior [ RunTime:0.000012s ]
INFO: [ app_init ] --END-- [ RunTime:0.000521s ]
ERR: 无法加载模块:Public

[ 2017-08-09T19:35:59+08:00 ] 127.0.0.1 /liulin/Public/dishcover/2017-08-02/5981cd4dc781d.png
INFO: [ app_init ] --START--
INFO: Run Behavior\BuildLiteBehavior [ RunTime:0.000009s ]
INFO: [ app_init ] --END-- [ RunTime:0.000573s ]
ERR: 无法加载模块:Public

[ 2017-08-09T19:35:59+08:00 ] 127.0.0.1 /liulin/Public/dishcover/2017-08-02/5981cd59a110e.png
INFO: [ app_init ] --START--
INFO: Run Behavior\BuildLiteBehavior [ RunTime:0.000010s ]
INFO: [ app_init ] --END-- [ RunTime:0.000498s ]
ERR: 无法加载模块:Public

[ 2017-08-09T19:35:59+08:00 ] 127.0.0.1 /liulin/Public/dish/makingimg/2017-08-02/5981cea0038c0.png
INFO: [ app_init ] --START--
INFO: Run Behavior\BuildLiteBehavior [ RunTime:0.000009s ]
INFO: [ app_init ] --END-- [ RunTime:0.000554s ]
ERR: 无法加载模块:Public

[ 2017-08-09T19:35:59+08:00 ] 127.0.0.1 /liulin/Public/dishcover/2017-08-02/5981cd307f844.png
INFO: [ app_init ] --START--
INFO: Run Behavior\BuildLiteBehavior [ RunTime:0.000010s ]
INFO: [ app_init ] --END-- [ RunTime:0.000641s ]
ERR: 无法加载模块:Public

[ 2017-08-09T19:35:59+08:00 ] 127.0.0.1 /liulin/Public/dishcover/2017-08-02/5981cbc8714b9.png
INFO: [ app_init ] --START--
INFO: Run Behavior\BuildLiteBehavior [ RunTime:0.000014s ]
INFO: [ app_init ] --END-- [ RunTime:0.004251s ]
ERR: 无法加载模块:Public

[ 2017-08-09T19:35:59+08:00 ] 127.0.0.1 /liulin/Public/dishcover/2017-08-02/5981c4666e9c1.png
INFO: [ app_init ] --START--
INFO: Run Behavior\BuildLiteBehavior [ RunTime:0.000010s ]
INFO: [ app_init ] --END-- [ RunTime:0.000399s ]
ERR: 无法加载模块:Public

[ 2017-08-09T19:35:59+08:00 ] 127.0.0.1 /liulin/Public/dishcover/2017-08-02/5981cbaeef8ea.png
INFO: [ app_init ] --START--
INFO: Run Behavior\BuildLiteBehavior [ RunTime:0.000010s ]
INFO: [ app_init ] --END-- [ RunTime:0.000408s ]
ERR: 无法加载模块:Public

[ 2017-08-09T19:35:59+08:00 ] 127.0.0.1 /liulin/Public/dish/makingimg/2017-08-02/5981ce865f733.png
INFO: [ app_init ] --START--
INFO: Run Behavior\BuildLiteBehavior [ RunTime:0.000010s ]
INFO: [ app_init ] --END-- [ RunTime:0.000569s ]
ERR: 无法加载模块:Public

[ 2017-08-09T19:35:59+08:00 ] 127.0.0.1 /liulin/Public/dishcover/2017-08-02/5981c4a86fd72.png
INFO: [ app_init ] --START--
INFO: Run Behavior\BuildLiteBehavior [ RunTime:0.000011s ]
INFO: [ app_init ] --END-- [ RunTime:0.000606s ]
ERR: 无法加载模块:Public

[ 2017-08-09T19:35:59+08:00 ] 127.0.0.1 /liulin/Public/dishcover/2017-08-02/5981cd28edff7.png
INFO: [ app_init ] --START--
INFO: Run Behavior\BuildLiteBehavior [ RunTime:0.000013s ]
INFO: [ app_init ] --END-- [ RunTime:0.000531s ]
ERR: 无法加载模块:Public

[ 2017-08-09T19:36:01+08:00 ] 127.0.0.1 /liulin/Public/dishcover/2017-08-02/5981cd4dc781d.png
INFO: [ app_init ] --START--
INFO: Run Behavior\BuildLiteBehavior [ RunTime:0.000014s ]
INFO: [ app_init ] --END-- [ RunTime:0.000464s ]
ERR: 无法加载模块:Public

[ 2017-08-09T19:36:01+08:00 ] 127.0.0.1 /liulin/Public/dishcover/2017-08-02/5981cd59a110e.png
INFO: [ app_init ] --START--
INFO: Run Behavior\BuildLiteBehavior [ RunTime:0.000011s ]
INFO: [ app_init ] --END-- [ RunTime:0.000611s ]
ERR: 无法加载模块:Public

[ 2017-08-09T19:36:01+08:00 ] 127.0.0.1 /liulin/Public/dishcover/2017-08-02/5981cd307f844.png
INFO: [ app_init ] --START--
INFO: Run Behavior\BuildLiteBehavior [ RunTime:0.000009s ]
INFO: [ app_init ] --END-- [ RunTime:0.000384s ]
ERR: 无法加载模块:Public

[ 2017-08-09T19:36:01+08:00 ] 127.0.0.1 /liulin/Public/dishcover/2017-08-02/5981cbc8714b9.png
INFO: [ app_init ] --START--
INFO: Run Behavior\BuildLiteBehavior [ RunTime:0.000009s ]
INFO: [ app_init ] --END-- [ RunTime:0.000389s ]
ERR: 无法加载模块:Public

[ 2017-08-09T19:36:01+08:00 ] 127.0.0.1 /liulin/Public/dishcover/2017-08-02/5981cd28edff7.png
INFO: [ app_init ] --START--
INFO: Run Behavior\BuildLiteBehavior [ RunTime:0.000008s ]
INFO: [ app_init ] --END-- [ RunTime:0.000393s ]
ERR: 无法加载模块:Public

[ 2017-08-09T19:36:01+08:00 ] 127.0.0.1 /liulin/Public/dish/makingimg/2017-08-02/5981ce865f733.png
INFO: [ app_init ] --START--
INFO: Run Behavior\BuildLiteBehavior [ RunTime:0.000010s ]
INFO: [ app_init ] --END-- [ RunTime:0.000495s ]
ERR: 无法加载模块:Public

[ 2017-08-09T19:36:01+08:00 ] 127.0.0.1 /liulin/Public/dishcover/2017-08-02/5981c4666e9c1.png
INFO: [ app_init ] --START--
INFO: Run Behavior\BuildLiteBehavior [ RunTime:0.000009s ]
INFO: [ app_init ] --END-- [ RunTime:0.000404s ]
ERR: 无法加载模块:Public

[ 2017-08-09T19:36:01+08:00 ] 127.0.0.1 /liulin/Public/dishcover/2017-08-02/5981c4a86fd72.png
INFO: [ app_init ] --START--
INFO: Run Behavior\BuildLiteBehavior [ RunTime:0.000009s ]
INFO: [ app_init ] --END-- [ RunTime:0.000409s ]
ERR: 无法加载模块:Public

[ 2017-08-09T19:36:01+08:00 ] 127.0.0.1 /liulin/Public/dish/makingimg/2017-08-02/5981cea0038c0.png
INFO: [ app_init ] --START--
INFO: Run Behavior\BuildLiteBehavior [ RunTime:0.000011s ]
INFO: [ app_init ] --END-- [ RunTime:0.000640s ]
ERR: 无法加载模块:Public

[ 2017-08-09T19:36:01+08:00 ] 127.0.0.1 /liulin/Public/dishcover/2017-08-02/5981cbaeef8ea.png
INFO: [ app_init ] --START--
INFO: Run Behavior\BuildLiteBehavior [ RunTime:0.000010s ]
INFO: [ app_init ] --END-- [ RunTime:0.000574s ]
ERR: 无法加载模块:Public

[ 2017-08-09T19:36:25+08:00 ] 127.0.0.1 /liulin/Public/dishcover/2017-08-02/5981cd4dc781d.png
INFO: [ app_init ] --START--
INFO: Run Behavior\BuildLiteBehavior [ RunTime:0.000026s ]
INFO: [ app_init ] --END-- [ RunTime:0.000428s ]
ERR: 无法加载模块:Public

[ 2017-08-09T19:36:25+08:00 ] 127.0.0.1 /liulin/Public/dish/makingimg/2017-08-02/5981cea0038c0.png
INFO: [ app_init ] --START--
INFO: Run Behavior\BuildLiteBehavior [ RunTime:0.000010s ]
INFO: [ app_init ] --END-- [ RunTime:0.000743s ]
ERR: 无法加载模块:Public

[ 2017-08-09T19:36:25+08:00 ] 127.0.0.1 /liulin/Public/dishcover/2017-08-02/5981cd28edff7.png
INFO: [ app_init ] --START--
INFO: Run Behavior\BuildLiteBehavior [ RunTime:0.000012s ]
INFO: [ app_init ] --END-- [ RunTime:0.000469s ]
ERR: 无法加载模块:Public

[ 2017-08-09T19:36:25+08:00 ] 127.0.0.1 /liulin/Public/dish/makingimg/2017-08-02/5981ce865f733.png
INFO: [ app_init ] --START--
INFO: Run Behavior\BuildLiteBehavior [ RunTime:0.000009s ]
INFO: [ app_init ] --END-- [ RunTime:0.000387s ]
ERR: 无法加载模块:Public

[ 2017-08-09T19:36:25+08:00 ] 127.0.0.1 /liulin/Public/dishcover/2017-08-02/5981cd59a110e.png
INFO: [ app_init ] --START--
INFO: Run Behavior\BuildLiteBehavior [ RunTime:0.000020s ]
INFO: [ app_init ] --END-- [ RunTime:0.001020s ]
ERR: 无法加载模块:Public

[ 2017-08-09T19:36:25+08:00 ] 127.0.0.1 /liulin/Public/dishcover/2017-08-02/5981cd307f844.png
INFO: [ app_init ] --START--
INFO: Run Behavior\BuildLiteBehavior [ RunTime:0.000012s ]
INFO: [ app_init ] --END-- [ RunTime:0.000767s ]
ERR: 无法加载模块:Public

[ 2017-08-09T19:36:25+08:00 ] 127.0.0.1 /liulin/Public/dishcover/2017-08-02/5981cbc8714b9.png
INFO: [ app_init ] --START--
INFO: Run Behavior\BuildLiteBehavior [ RunTime:0.000009s ]
INFO: [ app_init ] --END-- [ RunTime:0.000380s ]
ERR: 无法加载模块:Public

[ 2017-08-09T19:36:25+08:00 ] 127.0.0.1 /liulin/Public/dishcover/2017-08-02/5981c4666e9c1.png
INFO: [ app_init ] --START--
INFO: Run Behavior\BuildLiteBehavior [ RunTime:0.000120s ]
INFO: [ app_init ] --END-- [ RunTime:0.000541s ]
ERR: 无法加载模块:Public

[ 2017-08-09T19:36:25+08:00 ] 127.0.0.1 /liulin/Public/dishcover/2017-08-02/5981cbaeef8ea.png
INFO: [ app_init ] --START--
INFO: Run Behavior\BuildLiteBehavior [ RunTime:0.000023s ]
INFO: [ app_init ] --END-- [ RunTime:0.000594s ]
ERR: 无法加载模块:Public

[ 2017-08-09T19:36:25+08:00 ] 127.0.0.1 /liulin/Public/dishcover/2017-08-02/5981c4a86fd72.png
INFO: [ app_init ] --START--
INFO: Run Behavior\BuildLiteBehavior [ RunTime:0.000025s ]
INFO: [ app_init ] --END-- [ RunTime:0.000923s ]
ERR: 无法加载模块:Public

[ 2017-08-09T19:36:26+08:00 ] 127.0.0.1 /liulin/Public/dishcover/2017-08-02/5981cd59a110e.png
INFO: [ app_init ] --START--
INFO: Run Behavior\BuildLiteBehavior [ RunTime:0.000009s ]
INFO: [ app_init ] --END-- [ RunTime:0.000388s ]
ERR: 无法加载模块:Public

[ 2017-08-09T19:36:26+08:00 ] 127.0.0.1 /liulin/Public/dishcover/2017-08-02/5981cd307f844.png
INFO: [ app_init ] --START--
INFO: Run Behavior\BuildLiteBehavior [ RunTime:0.000009s ]
INFO: [ app_init ] --END-- [ RunTime:0.000543s ]
ERR: 无法加载模块:Public

[ 2017-08-09T19:36:26+08:00 ] 127.0.0.1 /liulin/Public/dishcover/2017-08-02/5981cd4dc781d.png
INFO: [ app_init ] --START--
INFO: Run Behavior\BuildLiteBehavior [ RunTime:0.000009s ]
INFO: [ app_init ] --END-- [ RunTime:0.000386s ]
ERR: 无法加载模块:Public

[ 2017-08-09T19:36:26+08:00 ] 127.0.0.1 /liulin/Public/dishcover/2017-08-02/5981cd28edff7.png
INFO: [ app_init ] --START--
INFO: Run Behavior\BuildLiteBehavior [ RunTime:0.000011s ]
INFO: [ app_init ] --END-- [ RunTime:0.000631s ]
ERR: 无法加载模块:Public

[ 2017-08-09T19:36:26+08:00 ] 127.0.0.1 /liulin/Public/dishcover/2017-08-02/5981cbc8714b9.png
INFO: [ app_init ] --START--
INFO: Run Behavior\BuildLiteBehavior [ RunTime:0.000009s ]
INFO: [ app_init ] --END-- [ RunTime:0.000394s ]
ERR: 无法加载模块:Public

[ 2017-08-09T19:36:26+08:00 ] 127.0.0.1 /liulin/Public/dishcover/2017-08-02/5981cbaeef8ea.png
INFO: [ app_init ] --START--
INFO: Run Behavior\BuildLiteBehavior [ RunTime:0.000010s ]
INFO: [ app_init ] --END-- [ RunTime:0.000452s ]
ERR: 无法加载模块:Public

[ 2017-08-09T19:36:26+08:00 ] 127.0.0.1 /liulin/Public/dish/makingimg/2017-08-02/5981ce865f733.png
INFO: [ app_init ] --START--
INFO: Run Behavior\BuildLiteBehavior [ RunTime:0.000009s ]
INFO: [ app_init ] --END-- [ RunTime:0.000492s ]
ERR: 无法加载模块:Public

[ 2017-08-09T19:36:26+08:00 ] 127.0.0.1 /liulin/Public/dishcover/2017-08-02/5981c4666e9c1.png
INFO: [ app_init ] --START--
INFO: Run Behavior\BuildLiteBehavior [ RunTime:0.000012s ]
INFO: [ app_init ] --END-- [ RunTime:0.000613s ]
ERR: 无法加载模块:Public

[ 2017-08-09T19:36:26+08:00 ] 127.0.0.1 /liulin/Public/dishcover/2017-08-02/5981c4a86fd72.png
INFO: [ app_init ] --START--
INFO: Run Behavior\BuildLiteBehavior [ RunTime:0.000011s ]
INFO: [ app_init ] --END-- [ RunTime:0.000828s ]
ERR: 无法加载模块:Public

[ 2017-08-09T19:36:26+08:00 ] 127.0.0.1 /liulin/Public/dish/makingimg/2017-08-02/5981cea0038c0.png
INFO: [ app_init ] --START--
INFO: Run Behavior\BuildLiteBehavior [ RunTime:0.000010s ]
INFO: [ app_init ] --END-- [ RunTime:0.000565s ]
ERR: 无法加载模块:Public

[ 2017-08-09T19:36:39+08:00 ] 127.0.0.1 /liulin/Public/images/drop-arrow.png
INFO: [ app_init ] --START--
INFO: Run Behavior\BuildLiteBehavior [ RunTime:0.000009s ]
INFO: [ app_init ] --END-- [ RunTime:0.000549s ]
ERR: 无法加载模块:Public

[ 2017-08-09T19:37:17+08:00 ] 127.0.0.1 /liulin/Public/dish/makingimg/2017-08-02/5981ce865f733.png
INFO: [ app_init ] --START--
INFO: Run Behavior\BuildLiteBehavior [ RunTime:0.000008s ]
INFO: [ app_init ] --END-- [ RunTime:0.000390s ]
ERR: 无法加载模块:Public

[ 2017-08-09T19:37:17+08:00 ] 127.0.0.1 /liulin/Public/dishcover/2017-08-02/5981cd307f844.png
INFO: [ app_init ] --START--
INFO: Run Behavior\BuildLiteBehavior [ RunTime:0.000011s ]
INFO: [ app_init ] --END-- [ RunTime:0.000423s ]
ERR: 无法加载模块:Public

[ 2017-08-09T19:37:17+08:00 ] 127.0.0.1 /liulin/Public/dish/makingimg/2017-08-02/5981cea0038c0.png
INFO: [ app_init ] --START--
INFO: Run Behavior\BuildLiteBehavior [ RunTime:0.000009s ]
INFO: [ app_init ] --END-- [ RunTime:0.000647s ]
ERR: 无法加载模块:Public

[ 2017-08-09T19:37:17+08:00 ] 127.0.0.1 /liulin/Public/dishcover/2017-08-02/5981cd59a110e.png
INFO: [ app_init ] --START--
INFO: Run Behavior\BuildLiteBehavior [ RunTime:0.000010s ]
INFO: [ app_init ] --END-- [ RunTime:0.000624s ]
ERR: 无法加载模块:Public

[ 2017-08-09T19:37:17+08:00 ] 127.0.0.1 /liulin/Public/dishcover/2017-08-02/5981cd28edff7.png
INFO: [ app_init ] --START--
INFO: Run Behavior\BuildLiteBehavior [ RunTime:0.000010s ]
INFO: [ app_init ] --END-- [ RunTime:0.000412s ]
ERR: 无法加载模块:Public

[ 2017-08-09T19:37:17+08:00 ] 127.0.0.1 /liulin/Public/dishcover/2017-08-02/5981cbc8714b9.png
INFO: [ app_init ] --START--
INFO: Run Behavior\BuildLiteBehavior [ RunTime:0.000041s ]
INFO: [ app_init ] --END-- [ RunTime:0.000942s ]
ERR: 无法加载模块:Public

[ 2017-08-09T19:37:17+08:00 ] 127.0.0.1 /liulin/Public/dishcover/2017-08-02/5981c4a86fd72.png
INFO: [ app_init ] --START--
INFO: Run Behavior\BuildLiteBehavior [ RunTime:0.000011s ]
INFO: [ app_init ] --END-- [ RunTime:0.000868s ]
ERR: 无法加载模块:Public

[ 2017-08-09T19:37:17+08:00 ] 127.0.0.1 /liulin/Public/dishcover/2017-08-02/5981cd4dc781d.png
INFO: [ app_init ] --START--
INFO: Run Behavior\BuildLiteBehavior [ RunTime:0.000011s ]
INFO: [ app_init ] --END-- [ RunTime:0.000599s ]
ERR: 无法加载模块:Public

[ 2017-08-09T19:37:17+08:00 ] 127.0.0.1 /liulin/Public/dishcover/2017-08-02/5981cbaeef8ea.png
INFO: [ app_init ] --START--
INFO: Run Behavior\BuildLiteBehavior [ RunTime:0.000022s ]
INFO: [ app_init ] --END-- [ RunTime:0.000789s ]
ERR: 无法加载模块:Public

[ 2017-08-09T19:37:17+08:00 ] 127.0.0.1 /liulin/Public/dishcover/2017-08-02/5981c4666e9c1.png
INFO: [ app_init ] --START--
INFO: Run Behavior\BuildLiteBehavior [ RunTime:0.000009s ]
INFO: [ app_init ] --END-- [ RunTime:0.000388s ]
ERR: 无法加载模块:Public

[ 2017-08-09T19:42:32+08:00 ] 127.0.0.1 /liulin/Public/dishcover/2017-08-02/5981c4a86fd72.png
INFO: [ app_init ] --START--
INFO: Run Behavior\BuildLiteBehavior [ RunTime:0.000011s ]
INFO: [ app_init ] --END-- [ RunTime:0.000403s ]
ERR: 无法加载模块:Public

[ 2017-08-09T19:42:39+08:00 ] 127.0.0.1 /liulin/Public/dish/makingimg/2017-08-02/5981ce865f733.png
INFO: [ app_init ] --START--
INFO: Run Behavior\BuildLiteBehavior [ RunTime:0.000009s ]
INFO: [ app_init ] --END-- [ RunTime:0.000390s ]
ERR: 无法加载模块:Public

[ 2017-08-09T19:42:39+08:00 ] 127.0.0.1 /liulin/Public/dish/makingimg/2017-08-02/5981cea0038c0.png
INFO: [ app_init ] --START--
INFO: Run Behavior\BuildLiteBehavior [ RunTime:0.000011s ]
INFO: [ app_init ] --END-- [ RunTime:0.000832s ]
ERR: 无法加载模块:Public

[ 2017-08-09T19:42:39+08:00 ] 127.0.0.1 /liulin/Public/dishcover/2017-08-02/5981cd4dc781d.png
INFO: [ app_init ] --START--
INFO: Run Behavior\BuildLiteBehavior [ RunTime:0.000011s ]
INFO: [ app_init ] --END-- [ RunTime:0.000701s ]
ERR: 无法加载模块:Public

[ 2017-08-09T19:42:39+08:00 ] 127.0.0.1 /liulin/Public/dishcover/2017-08-02/5981cd307f844.png
INFO: [ app_init ] --START--
INFO: Run Behavior\BuildLiteBehavior [ RunTime:0.000021s ]
INFO: [ app_init ] --END-- [ RunTime:0.002771s ]
ERR: 无法加载模块:Public

[ 2017-08-09T19:42:39+08:00 ] 127.0.0.1 /liulin/Public/dishcover/2017-08-02/5981cd59a110e.png
INFO: [ app_init ] --START--
INFO: Run Behavior\BuildLiteBehavior [ RunTime:0.000009s ]
INFO: [ app_init ] --END-- [ RunTime:0.000400s ]
ERR: 无法加载模块:Public

[ 2017-08-09T19:42:39+08:00 ] 127.0.0.1 /liulin/Public/dishcover/2017-08-02/5981cbc8714b9.png
INFO: [ app_init ] --START--
INFO: Run Behavior\BuildLiteBehavior [ RunTime:0.000013s ]
INFO: [ app_init ] --END-- [ RunTime:0.007294s ]
ERR: 无法加载模块:Public

[ 2017-08-09T19:42:39+08:00 ] 127.0.0.1 /liulin/Public/dishcover/2017-08-02/5981cd28edff7.png
INFO: [ app_init ] --START--
INFO: Run Behavior\BuildLiteBehavior [ RunTime:0.000010s ]
INFO: [ app_init ] --END-- [ RunTime:0.000464s ]
ERR: 无法加载模块:Public

[ 2017-08-09T19:42:39+08:00 ] 127.0.0.1 /liulin/Public/dishcover/2017-08-02/5981cbaeef8ea.png
INFO: [ app_init ] --START--
INFO: Run Behavior\BuildLiteBehavior [ RunTime:0.000011s ]
INFO: [ app_init ] --END-- [ RunTime:0.000587s ]
ERR: 无法加载模块:Public

[ 2017-08-09T19:42:39+08:00 ] 127.0.0.1 /liulin/Public/dishcover/2017-08-02/5981c4666e9c1.png
INFO: [ app_init ] --START--
INFO: Run Behavior\BuildLiteBehavior [ RunTime:0.000026s ]
INFO: [ app_init ] --END-- [ RunTime:0.001134s ]
ERR: 无法加载模块:Public

[ 2017-08-09T19:42:44+08:00 ] 127.0.0.1 /liulin/Public/dishcover/2017-08-02/5981c4666e9c1.png
INFO: [ app_init ] --START--
INFO: Run Behavior\BuildLiteBehavior [ RunTime:0.000011s ]
INFO: [ app_init ] --END-- [ RunTime:0.000511s ]
ERR: 无法加载模块:Public

[ 2017-08-09T19:42:51+08:00 ] 127.0.0.1 /liulin/Public/dish/makingimg/2017-08-02/5981cea0038c0.png
INFO: [ app_init ] --START--
INFO: Run Behavior\BuildLiteBehavior [ RunTime:0.000010s ]
INFO: [ app_init ] --END-- [ RunTime:0.000498s ]
ERR: 无法加载模块:Public

[ 2017-08-09T19:42:51+08:00 ] 127.0.0.1 /liulin/Public/dish/makingimg/2017-08-02/5981ce865f733.png
INFO: [ app_init ] --START--
INFO: Run Behavior\BuildLiteBehavior [ RunTime:0.000009s ]
INFO: [ app_init ] --END-- [ RunTime:0.000550s ]
ERR: 无法加载模块:Public

[ 2017-08-09T19:42:51+08:00 ] 127.0.0.1 /liulin/Public/dishcover/2017-08-02/5981cd59a110e.png
INFO: [ app_init ] --START--
INFO: Run Behavior\BuildLiteBehavior [ RunTime:0.000012s ]
INFO: [ app_init ] --END-- [ RunTime:0.000700s ]
ERR: 无法加载模块:Public

[ 2017-08-09T19:42:51+08:00 ] 127.0.0.1 /liulin/Public/dishcover/2017-08-02/5981cd28edff7.png
INFO: [ app_init ] --START--
INFO: Run Behavior\BuildLiteBehavior [ RunTime:0.000011s ]
INFO: [ app_init ] --END-- [ RunTime:0.000709s ]
ERR: 无法加载模块:Public

[ 2017-08-09T19:42:51+08:00 ] 127.0.0.1 /liulin/Public/dishcover/2017-08-02/5981cbc8714b9.png
INFO: [ app_init ] --START--
INFO: Run Behavior\BuildLiteBehavior [ RunTime:0.000010s ]
INFO: [ app_init ] --END-- [ RunTime:0.000507s ]
ERR: 无法加载模块:Public

[ 2017-08-09T19:42:51+08:00 ] 127.0.0.1 /liulin/Public/dishcover/2017-08-02/5981cd4dc781d.png
INFO: [ app_init ] --START--
INFO: Run Behavior\BuildLiteBehavior [ RunTime:0.000010s ]
INFO: [ app_init ] --END-- [ RunTime:0.000405s ]
ERR: 无法加载模块:Public

[ 2017-08-09T19:42:51+08:00 ] 127.0.0.1 /liulin/Public/dishcover/2017-08-02/5981cbaeef8ea.png
INFO: [ app_init ] --START--
INFO: Run Behavior\BuildLiteBehavior [ RunTime:0.000011s ]
INFO: [ app_init ] --END-- [ RunTime:0.000611s ]
ERR: 无法加载模块:Public

[ 2017-08-09T19:42:51+08:00 ] 127.0.0.1 /liulin/Public/dishcover/2017-08-02/5981cd307f844.png
INFO: [ app_init ] --START--
INFO: Run Behavior\BuildLiteBehavior [ RunTime:0.000010s ]
INFO: [ app_init ] --END-- [ RunTime:0.000491s ]
ERR: 无法加载模块:Public

[ 2017-08-09T19:42:55+08:00 ] 127.0.0.1 /liulin/Public/dishcover/2017-08-02/5981cbaeef8ea.png
INFO: [ app_init ] --START--
INFO: Run Behavior\BuildLiteBehavior [ RunTime:0.000010s ]
INFO: [ app_init ] --END-- [ RunTime:0.000510s ]
ERR: 无法加载模块:Public

[ 2017-08-09T19:43:03+08:00 ] 127.0.0.1 /liulin/Public/dishcover/2017-08-02/5981cd307f844.png
INFO: [ app_init ] --START--
INFO: Run Behavior\BuildLiteBehavior [ RunTime:0.000009s ]
INFO: [ app_init ] --END-- [ RunTime:0.000386s ]
ERR: 无法加载模块:Public

[ 2017-08-09T19:43:03+08:00 ] 127.0.0.1 /liulin/Public/dishcover/2017-08-02/5981cd4dc781d.png
INFO: [ app_init ] --START--
INFO: Run Behavior\BuildLiteBehavior [ RunTime:0.000009s ]
INFO: [ app_init ] --END-- [ RunTime:0.000407s ]
ERR: 无法加载模块:Public

[ 2017-08-09T19:43:03+08:00 ] 127.0.0.1 /liulin/Public/dish/makingimg/2017-08-02/5981cea0038c0.png
INFO: [ app_init ] --START--
INFO: Run Behavior\BuildLiteBehavior [ RunTime:0.000010s ]
INFO: [ app_init ] --END-- [ RunTime:0.000480s ]
ERR: 无法加载模块:Public

[ 2017-08-09T19:43:03+08:00 ] 127.0.0.1 /liulin/Public/dishcover/2017-08-02/5981cd59a110e.png
INFO: [ app_init ] --START--
INFO: Run Behavior\BuildLiteBehavior [ RunTime:0.000011s ]
INFO: [ app_init ] --END-- [ RunTime:0.000521s ]
ERR: 无法加载模块:Public

[ 2017-08-09T19:43:03+08:00 ] 127.0.0.1 /liulin/Public/dishcover/2017-08-02/5981cbc8714b9.png
INFO: [ app_init ] --START--
INFO: Run Behavior\BuildLiteBehavior [ RunTime:0.000038s ]
INFO: [ app_init ] --END-- [ RunTime:0.000518s ]
ERR: 无法加载模块:Public

[ 2017-08-09T19:43:03+08:00 ] 127.0.0.1 /liulin/Public/dish/makingimg/2017-08-02/5981ce865f733.png
INFO: [ app_init ] --START--
INFO: Run Behavior\BuildLiteBehavior [ RunTime:0.000046s ]
INFO: [ app_init ] --END-- [ RunTime:0.001596s ]
ERR: 无法加载模块:Public

[ 2017-08-09T19:43:03+08:00 ] 127.0.0.1 /liulin/Public/dishcover/2017-08-02/5981cd28edff7.png
INFO: [ app_init ] --START--
INFO: Run Behavior\BuildLiteBehavior [ RunTime:0.000012s ]
INFO: [ app_init ] --END-- [ RunTime:0.000615s ]
ERR: 无法加载模块:Public

[ 2017-08-09T19:43:15+08:00 ] 127.0.0.1 /liulin/Public/dishcover/2017-08-02/5981cd59a110e.png
INFO: [ app_init ] --START--
INFO: Run Behavior\BuildLiteBehavior [ RunTime:0.000009s ]
INFO: [ app_init ] --END-- [ RunTime:0.000456s ]
ERR: 无法加载模块:Public

[ 2017-08-09T19:43:15+08:00 ] 127.0.0.1 /liulin/Public/dishcover/2017-08-02/5981cd28edff7.png
INFO: [ app_init ] --START--
INFO: Run Behavior\BuildLiteBehavior [ RunTime:0.000008s ]
INFO: [ app_init ] --END-- [ RunTime:0.000386s ]
ERR: 无法加载模块:Public

[ 2017-08-09T19:43:15+08:00 ] 127.0.0.1 /liulin/Public/dishcover/2017-08-02/5981cd4dc781d.png
INFO: [ app_init ] --START--
INFO: Run Behavior\BuildLiteBehavior [ RunTime:0.000010s ]
INFO: [ app_init ] --END-- [ RunTime:0.000431s ]
ERR: 无法加载模块:Public

[ 2017-08-09T19:43:15+08:00 ] 127.0.0.1 /liulin/Public/dish/makingimg/2017-08-02/5981ce865f733.png
INFO: [ app_init ] --START--
INFO: Run Behavior\BuildLiteBehavior [ RunTime:0.000010s ]
INFO: [ app_init ] --END-- [ RunTime:0.001037s ]
ERR: 无法加载模块:Public

[ 2017-08-09T19:43:15+08:00 ] 127.0.0.1 /liulin/Public/dishcover/2017-08-02/5981cd307f844.png
INFO: [ app_init ] --START--
INFO: Run Behavior\BuildLiteBehavior [ RunTime:0.000015s ]
INFO: [ app_init ] --END-- [ RunTime:0.001201s ]
ERR: 无法加载模块:Public

[ 2017-08-09T19:43:15+08:00 ] 127.0.0.1 /liulin/Public/dish/makingimg/2017-08-02/5981cea0038c0.png
INFO: [ app_init ] --START--
INFO: Run Behavior\BuildLiteBehavior [ RunTime:0.000009s ]
INFO: [ app_init ] --END-- [ RunTime:0.000776s ]
ERR: 无法加载模块:Public

[ 2017-08-09T19:43:15+08:00 ] 127.0.0.1 /liulin/Public/dishcover/2017-08-02/5981cbc8714b9.png
INFO: [ app_init ] --START--
INFO: Run Behavior\BuildLiteBehavior [ RunTime:0.000052s ]
INFO: [ app_init ] --END-- [ RunTime:0.000665s ]
ERR: 无法加载模块:Public

[ 2017-08-09T19:44:33+08:00 ] 127.0.0.1 /liulin/Public/dishcover/2017-08-02/5981cd307f844.png
INFO: [ app_init ] --START--
INFO: Run Behavior\BuildLiteBehavior [ RunTime:0.000009s ]
INFO: [ app_init ] --END-- [ RunTime:0.000403s ]
ERR: 无法加载模块:Public

[ 2017-08-09T19:44:33+08:00 ] 127.0.0.1 /liulin/Public/dishcover/2017-08-02/5981cd28edff7.png
INFO: [ app_init ] --START--
INFO: Run Behavior\BuildLiteBehavior [ RunTime:0.000010s ]
INFO: [ app_init ] --END-- [ RunTime:0.000505s ]
ERR: 无法加载模块:Public

[ 2017-08-09T19:44:33+08:00 ] 127.0.0.1 /liulin/Public/dishcover/2017-08-02/5981cd59a110e.png
INFO: [ app_init ] --START--
INFO: Run Behavior\BuildLiteBehavior [ RunTime:0.000010s ]
INFO: [ app_init ] --END-- [ RunTime:0.000599s ]
ERR: 无法加载模块:Public

[ 2017-08-09T19:44:33+08:00 ] 127.0.0.1 /liulin/Public/dish/makingimg/2017-08-02/5981cea0038c0.png
INFO: [ app_init ] --START--
INFO: Run Behavior\BuildLiteBehavior [ RunTime:0.000010s ]
INFO: [ app_init ] --END-- [ RunTime:0.000663s ]
ERR: 无法加载模块:Public

[ 2017-08-09T19:44:33+08:00 ] 127.0.0.1 /liulin/Public/dishcover/2017-08-02/5981cd4dc781d.png
INFO: [ app_init ] --START--
INFO: Run Behavior\BuildLiteBehavior [ RunTime:0.000009s ]
INFO: [ app_init ] --END-- [ RunTime:0.000497s ]
ERR: 无法加载模块:Public

[ 2017-08-09T19:44:33+08:00 ] 127.0.0.1 /liulin/Public/dish/makingimg/2017-08-02/5981ce865f733.png
INFO: [ app_init ] --START--
INFO: Run Behavior\BuildLiteBehavior [ RunTime:0.000011s ]
INFO: [ app_init ] --END-- [ RunTime:0.000587s ]
ERR: 无法加载模块:Public

[ 2017-08-09T19:44:33+08:00 ] 127.0.0.1 /liulin/Public/dishcover/2017-08-02/5981cbc8714b9.png
INFO: [ app_init ] --START--
INFO: Run Behavior\BuildLiteBehavior [ RunTime:0.000011s ]
INFO: [ app_init ] --END-- [ RunTime:0.000631s ]
ERR: 无法加载模块:Public

[ 2017-08-09T19:44:42+08:00 ] 127.0.0.1 /liulin/Public/dish/makingimg/2017-08-02/5981cea0038c0.png
INFO: [ app_init ] --START--
INFO: Run Behavior\BuildLiteBehavior [ RunTime:0.000012s ]
INFO: [ app_init ] --END-- [ RunTime:0.006132s ]
ERR: 无法加载模块:Public

[ 2017-08-09T19:44:42+08:00 ] 127.0.0.1 /liulin/Public/dish/makingimg/2017-08-02/5981ce865f733.png
INFO: [ app_init ] --START--
INFO: Run Behavior\BuildLiteBehavior [ RunTime:0.000010s ]
INFO: [ app_init ] --END-- [ RunTime:0.000609s ]
ERR: 无法加载模块:Public

[ 2017-08-09T19:44:42+08:00 ] 127.0.0.1 /liulin/Public/dishcover/2017-08-02/5981cd28edff7.png
INFO: [ app_init ] --START--
INFO: Run Behavior\BuildLiteBehavior [ RunTime:0.000010s ]
INFO: [ app_init ] --END-- [ RunTime:0.000395s ]
ERR: 无法加载模块:Public

[ 2017-08-09T19:44:42+08:00 ] 127.0.0.1 /liulin/Public/dishcover/2017-08-02/5981cbc8714b9.png
INFO: [ app_init ] --START--
INFO: Run Behavior\BuildLiteBehavior [ RunTime:0.000009s ]
INFO: [ app_init ] --END-- [ RunTime:0.000388s ]
ERR: 无法加载模块:Public

[ 2017-08-09T19:44:42+08:00 ] 127.0.0.1 /liulin/Public/dishcover/2017-08-02/5981cd59a110e.png
INFO: [ app_init ] --START--
INFO: Run Behavior\BuildLiteBehavior [ RunTime:0.000011s ]
INFO: [ app_init ] --END-- [ RunTime:0.000397s ]
ERR: 无法加载模块:Public

[ 2017-08-09T19:44:42+08:00 ] 127.0.0.1 /liulin/Public/dishcover/2017-08-02/5981cd4dc781d.png
INFO: [ app_init ] --START--
INFO: Run Behavior\BuildLiteBehavior [ RunTime:0.000014s ]
INFO: [ app_init ] --END-- [ RunTime:0.000713s ]
ERR: 无法加载模块:Public

[ 2017-08-09T19:44:42+08:00 ] 127.0.0.1 /liulin/Public/dishcover/2017-08-02/5981cd307f844.png
INFO: [ app_init ] --START--
INFO: Run Behavior\BuildLiteBehavior [ RunTime:0.000011s ]
INFO: [ app_init ] --END-- [ RunTime:0.000495s ]
ERR: 无法加载模块:Public

[ 2017-08-09T19:46:06+08:00 ] 127.0.0.1 /liulin/Public/dish/makingimg/2017-08-02/5981ce865f733.png
INFO: [ app_init ] --START--
INFO: Run Behavior\BuildLiteBehavior [ RunTime:0.000014s ]
INFO: [ app_init ] --END-- [ RunTime:0.001066s ]
ERR: 无法加载模块:Public

[ 2017-08-09T19:46:06+08:00 ] 127.0.0.1 /liulin/Public/dishcover/2017-08-02/5981cd59a110e.png
INFO: [ app_init ] --START--
INFO: Run Behavior\BuildLiteBehavior [ RunTime:0.000011s ]
INFO: [ app_init ] --END-- [ RunTime:0.000393s ]
ERR: 无法加载模块:Public

[ 2017-08-09T19:46:06+08:00 ] 127.0.0.1 /liulin/Public/dishcover/2017-08-02/5981cd28edff7.png
INFO: [ app_init ] --START--
INFO: Run Behavior\BuildLiteBehavior [ RunTime:0.000014s ]
INFO: [ app_init ] --END-- [ RunTime:0.000808s ]
ERR: 无法加载模块:Public

[ 2017-08-09T19:46:06+08:00 ] 127.0.0.1 /liulin/Public/dish/makingimg/2017-08-02/5981cea0038c0.png
INFO: [ app_init ] --START--
INFO: Run Behavior\BuildLiteBehavior [ RunTime:0.000012s ]
INFO: [ app_init ] --END-- [ RunTime:0.000674s ]
ERR: 无法加载模块:Public

[ 2017-08-09T19:46:06+08:00 ] 127.0.0.1 /liulin/Public/dishcover/2017-08-02/5981cd4dc781d.png
INFO: [ app_init ] --START--
INFO: Run Behavior\BuildLiteBehavior [ RunTime:0.000011s ]
INFO: [ app_init ] --END-- [ RunTime:0.000496s ]
ERR: 无法加载模块:Public

[ 2017-08-09T19:46:06+08:00 ] 127.0.0.1 /liulin/Public/dishcover/2017-08-02/5981cbc8714b9.png
INFO: [ app_init ] --START--
INFO: Run Behavior\BuildLiteBehavior [ RunTime:0.000091s ]
INFO: [ app_init ] --END-- [ RunTime:0.000766s ]
ERR: 无法加载模块:Public

[ 2017-08-09T19:46:06+08:00 ] 127.0.0.1 /liulin/Public/dishcover/2017-08-02/5981cd307f844.png
INFO: [ app_init ] --START--
INFO: Run Behavior\BuildLiteBehavior [ RunTime:0.000012s ]
INFO: [ app_init ] --END-- [ RunTime:0.000600s ]
ERR: 无法加载模块:Public

[ 2017-08-09T19:46:59+08:00 ] 127.0.0.1 /liulin/Public/dishcover/2017-08-02/5981cd59a110e.png
INFO: [ app_init ] --START--
INFO: Run Behavior\BuildLiteBehavior [ RunTime:0.000008s ]
INFO: [ app_init ] --END-- [ RunTime:0.000383s ]
ERR: 无法加载模块:Public

[ 2017-08-09T19:46:59+08:00 ] 127.0.0.1 /liulin/Public/dish/makingimg/2017-08-02/5981cea0038c0.png
INFO: [ app_init ] --START--
INFO: Run Behavior\BuildLiteBehavior [ RunTime:0.000011s ]
INFO: [ app_init ] --END-- [ RunTime:0.000583s ]
ERR: 无法加载模块:Public

[ 2017-08-09T19:46:59+08:00 ] 127.0.0.1 /liulin/Public/dish/makingimg/2017-08-02/5981ce865f733.png
INFO: [ app_init ] --START--
INFO: Run Behavior\BuildLiteBehavior [ RunTime:0.000009s ]
INFO: [ app_init ] --END-- [ RunTime:0.000564s ]
ERR: 无法加载模块:Public

[ 2017-08-09T19:46:59+08:00 ] 127.0.0.1 /liulin/Public/dishcover/2017-08-02/5981cbc8714b9.png
INFO: [ app_init ] --START--
INFO: Run Behavior\BuildLiteBehavior [ RunTime:0.000009s ]
INFO: [ app_init ] --END-- [ RunTime:0.000387s ]
ERR: 无法加载模块:Public

[ 2017-08-09T19:46:59+08:00 ] 127.0.0.1 /liulin/Public/dishcover/2017-08-02/5981cd307f844.png
INFO: [ app_init ] --START--
INFO: Run Behavior\BuildLiteBehavior [ RunTime:0.000009s ]
INFO: [ app_init ] --END-- [ RunTime:0.000474s ]
ERR: 无法加载模块:Public

[ 2017-08-09T19:46:59+08:00 ] 127.0.0.1 /liulin/Public/dishcover/2017-08-02/5981cd4dc781d.png
INFO: [ app_init ] --START--
INFO: Run Behavior\BuildLiteBehavior [ RunTime:0.000014s ]
INFO: [ app_init ] --END-- [ RunTime:0.000738s ]
ERR: 无法加载模块:Public

[ 2017-08-09T19:46:59+08:00 ] 127.0.0.1 /liulin/Public/dishcover/2017-08-02/5981cd28edff7.png
INFO: [ app_init ] --START--
INFO: Run Behavior\BuildLiteBehavior [ RunTime:0.000015s ]
INFO: [ app_init ] --END-- [ RunTime:0.000926s ]
ERR: 无法加载模块:Public

[ 2017-08-09T19:47:20+08:00 ] 127.0.0.1 /liulin/Public/dish/makingimg/2017-08-02/5981cea0038c0.png
INFO: [ app_init ] --START--
INFO: Run Behavior\BuildLiteBehavior [ RunTime:0.000011s ]
INFO: [ app_init ] --END-- [ RunTime:0.000411s ]
ERR: 无法加载模块:Public

[ 2017-08-09T19:47:20+08:00 ] 127.0.0.1 /liulin/Public/dish/makingimg/2017-08-02/5981ce865f733.png
INFO: [ app_init ] --START--
INFO: Run Behavior\BuildLiteBehavior [ RunTime:0.000010s ]
INFO: [ app_init ] --END-- [ RunTime:0.000488s ]
ERR: 无法加载模块:Public

[ 2017-08-09T19:47:20+08:00 ] 127.0.0.1 /liulin/Public/dishcover/2017-08-02/5981cd4dc781d.png
INFO: [ app_init ] --START--
INFO: Run Behavior\BuildLiteBehavior [ RunTime:0.000010s ]
INFO: [ app_init ] --END-- [ RunTime:0.000400s ]
ERR: 无法加载模块:Public

[ 2017-08-09T19:47:20+08:00 ] 127.0.0.1 /liulin/Public/dishcover/2017-08-02/5981cbc8714b9.png
INFO: [ app_init ] --START--
INFO: Run Behavior\BuildLiteBehavior [ RunTime:0.000009s ]
INFO: [ app_init ] --END-- [ RunTime:0.000403s ]
ERR: 无法加载模块:Public

[ 2017-08-09T19:47:20+08:00 ] 127.0.0.1 /liulin/Public/dishcover/2017-08-02/5981cd59a110e.png
INFO: [ app_init ] --START--
INFO: Run Behavior\BuildLiteBehavior [ RunTime:0.000010s ]
INFO: [ app_init ] --END-- [ RunTime:0.000443s ]
ERR: 无法加载模块:Public

[ 2017-08-09T19:47:20+08:00 ] 127.0.0.1 /liulin/Public/dishcover/2017-08-02/5981cd307f844.png
INFO: [ app_init ] --START--
INFO: Run Behavior\BuildLiteBehavior [ RunTime:0.000036s ]
INFO: [ app_init ] --END-- [ RunTime:0.000744s ]
ERR: 无法加载模块:Public

[ 2017-08-09T19:47:20+08:00 ] 127.0.0.1 /liulin/Public/dishcover/2017-08-02/5981cd28edff7.png
INFO: [ app_init ] --START--
INFO: Run Behavior\BuildLiteBehavior [ RunTime:0.000013s ]
INFO: [ app_init ] --END-- [ RunTime:0.000645s ]
ERR: 无法加载模块:Public

[ 2017-08-09T19:49:13+08:00 ] 127.0.0.1 /liulin/Public/head/big/52.png
INFO: [ app_init ] --START--
INFO: Run Behavior\BuildLiteBehavior [ RunTime:0.000012s ]
INFO: [ app_init ] --END-- [ RunTime:0.000594s ]
ERR: 无法加载模块:Public

[ 2017-08-09T19:49:25+08:00 ] 127.0.0.1 /liulin/Public/head/big/52.png
INFO: [ app_init ] --START--
INFO: Run Behavior\BuildLiteBehavior [ RunTime:0.000010s ]
INFO: [ app_init ] --END-- [ RunTime:0.000547s ]
ERR: 无法加载模块:Public

[ 2017-08-09T19:49:28+08:00 ] 127.0.0.1 /liulin/Public/head/big/52.png
INFO: [ app_init ] --START--
INFO: Run Behavior\BuildLiteBehavior [ RunTime:0.000013s ]
INFO: [ app_init ] --END-- [ RunTime:0.000561s ]
ERR: 无法加载模块:Public

[ 2017-08-09T19:49:31+08:00 ] 127.0.0.1 /liulin/Public/images/drop-arrow.png
INFO: [ app_init ] --START--
INFO: Run Behavior\BuildLiteBehavior [ RunTime:0.000009s ]
INFO: [ app_init ] --END-- [ RunTime:0.000552s ]
ERR: 无法加载模块:Public

[ 2017-08-09T19:50:06+08:00 ] 127.0.0.1 /liulin/Public/head/big/52.png
INFO: [ app_init ] --START--
INFO: Run Behavior\BuildLiteBehavior [ RunTime:0.000010s ]
INFO: [ app_init ] --END-- [ RunTime:0.000592s ]
ERR: 无法加载模块:Public

[ 2017-08-09T19:50:40+08:00 ] 127.0.0.1 /liulin/Public/head/big/52.png
INFO: [ app_init ] --START--
INFO: Run Behavior\BuildLiteBehavior [ RunTime:0.000011s ]
INFO: [ app_init ] --END-- [ RunTime:0.000589s ]
ERR: 无法加载模块:Public

[ 2017-08-09T19:50:58+08:00 ] 127.0.0.1 /liulin/Public/head/big/52.png
INFO: [ app_init ] --START--
INFO: Run Behavior\BuildLiteBehavior [ RunTime:0.000012s ]
INFO: [ app_init ] --END-- [ RunTime:0.000570s ]
ERR: 无法加载模块:Public

[ 2017-08-09T19:55:46+08:00 ] 127.0.0.1 /liulin/Public/head/big/52.png
INFO: [ app_init ] --START--
INFO: Run Behavior\BuildLiteBehavior [ RunTime:0.000008s ]
INFO: [ app_init ] --END-- [ RunTime:0.000465s ]
ERR: 无法加载模块:Public

[ 2017-08-09T19:55:48+08:00 ] 127.0.0.1 /liulin/Public/head/larger/52.png
INFO: [ app_init ] --START--
INFO: Run Behavior\BuildLiteBehavior [ RunTime:0.000008s ]
INFO: [ app_init ] --END-- [ RunTime:0.000482s ]
ERR: 无法加载模块:Public

[ 2017-08-09T19:56:09+08:00 ] 127.0.0.1 /liulin/Public/head/larger/52.png
INFO: [ app_init ] --START--
INFO: Run Behavior\BuildLiteBehavior [ RunTime:0.000015s ]
INFO: [ app_init ] --END-- [ RunTime:0.000523s ]
ERR: 无法加载模块:Public

[ 2017-08-09T19:56:15+08:00 ] 127.0.0.1 /liulin/Public/head/big/52.png
INFO: [ app_init ] --START--
INFO: Run Behavior\BuildLiteBehavior [ RunTime:0.000009s ]
INFO: [ app_init ] --END-- [ RunTime:0.000633s ]
ERR: 无法加载模块:Public

[ 2017-08-09T19:56:19+08:00 ] 127.0.0.1 /liulin/Public/head/big/52.png
INFO: [ app_init ] --START--
INFO: Run Behavior\BuildLiteBehavior [ RunTime:0.000010s ]
INFO: [ app_init ] --END-- [ RunTime:0.000831s ]
ERR: 无法加载模块:Public

[ 2017-08-09T20:39:10+08:00 ] 127.0.0.1 /liulin/Public/js/jquery.min.map
INFO: [ app_init ] --START--
INFO: Run Behavior\BuildLiteBehavior [ RunTime:0.000009s ]
INFO: [ app_init ] --END-- [ RunTime:0.000447s ]
ERR: 无法加载模块:Public

[ 2017-08-09T20:39:13+08:00 ] 127.0.0.1 /liulin/Public/js/jquery.min.map
INFO: [ app_init ] --START--
INFO: Run Behavior\BuildLiteBehavior [ RunTime:0.000026s ]
INFO: [ app_init ] --END-- [ RunTime:0.001114s ]
ERR: 无法加载模块:Public

[ 2017-08-09T20:39:31+08:00 ] 127.0.0.1 /liulin/Public/js/jquery.min.map
INFO: [ app_init ] --START--
INFO: Run Behavior\BuildLiteBehavior [ RunTime:0.000028s ]
INFO: [ app_init ] --END-- [ RunTime:0.000490s ]
ERR: 无法加载模块:Public

[ 2017-08-09T20:40:41+08:00 ] 127.0.0.1 /liulin/Public/js/jquery.min.map
INFO: [ app_init ] --START--
INFO: Run Behavior\BuildLiteBehavior [ RunTime:0.000066s ]
INFO: [ app_init ] --END-- [ RunTime:0.000753s ]
ERR: 无法加载模块:Public

[ 2017-08-09T20:41:27+08:00 ] 127.0.0.1 /liulin/Public/js/jquery.min.map
INFO: [ app_init ] --START--
INFO: Run Behavior\BuildLiteBehavior [ RunTime:0.000009s ]
INFO: [ app_init ] --END-- [ RunTime:0.000683s ]
ERR: 无法加载模块:Public

[ 2017-08-09T20:41:37+08:00 ] 127.0.0.1 /liulin/Public/js/jquery.min.map
INFO: [ app_init ] --START--
INFO: Run Behavior\BuildLiteBehavior [ RunTime:0.000012s ]
INFO: [ app_init ] --END-- [ RunTime:0.000387s ]
ERR: 无法加载模块:Public

