[ 2017-09-10T23:13:40+08:00 ] 127.0.0.1 /liulin/js/nav_png.js
INFO: [ app_init ] --START--
INFO: Run Behavior\BuildLiteBehavior [ RunTime:0.000007s ]
INFO: [ app_init ] --END-- [ RunTime:0.000350s ]
ERR: 无法加载模块:Js

[ 2017-09-10T23:13:40+08:00 ] 127.0.0.1 /liulin/js/nav_png.js
INFO: [ app_init ] --START--
INFO: Run Behavior\BuildLiteBehavior [ RunTime:0.000006s ]
INFO: [ app_init ] --END-- [ RunTime:0.000281s ]
ERR: 无法加载模块:Js

[ 2017-09-10T23:13:40+08:00 ] 127.0.0.1 /liulin/js/nav_web.js
INFO: [ app_init ] --START--
INFO: Run Behavior\BuildLiteBehavior [ RunTime:0.000007s ]
INFO: [ app_init ] --END-- [ RunTime:0.000282s ]
ERR: 无法加载模块:Js

[ 2017-09-10T23:13:40+08:00 ] 127.0.0.1 /liulin/Public/bootstrap/images/img_226x40.jpg
INFO: [ app_init ] --START--
INFO: Run Behavior\BuildLiteBehavior [ RunTime:0.000007s ]
INFO: [ app_init ] --END-- [ RunTime:0.000327s ]
ERR: 无法加载模块:Public

[ 2017-09-10T23:13:40+08:00 ] 127.0.0.1 /liulin/Public/bootstrap/images/icon_nav.jpg
INFO: [ app_init ] --START--
INFO: Run Behavior\BuildLiteBehavior [ RunTime:0.000008s ]
INFO: [ app_init ] --END-- [ RunTime:0.000347s ]
ERR: 无法加载模块:Public

[ 2017-09-10T23:13:40+08:00 ] 127.0.0.1 /liulin/Public/bootstrap/images/img_226x95.jpg
INFO: [ app_init ] --START--
INFO: Run Behavior\BuildLiteBehavior [ RunTime:0.000007s ]
INFO: [ app_init ] --END-- [ RunTime:0.000318s ]
ERR: 无法加载模块:Public

[ 2017-09-10T23:16:50+08:00 ] 127.0.0.1 /liulin/Public/bootstrap/images/img_226x95.jpg
INFO: [ app_init ] --START--
INFO: Run Behavior\BuildLiteBehavior [ RunTime:0.000008s ]
INFO: [ app_init ] --END-- [ RunTime:0.000338s ]
ERR: 无法加载模块:Public

[ 2017-09-10T23:16:50+08:00 ] 127.0.0.1 /liulin/Public/bootstrap/images/img_226x40.jpg
INFO: [ app_init ] --START--
INFO: Run Behavior\BuildLiteBehavior [ RunTime:0.000006s ]
INFO: [ app_init ] --END-- [ RunTime:0.000304s ]
ERR: 无法加载模块:Public

[ 2017-09-10T23:16:50+08:00 ] 127.0.0.1 /liulin/Public/bootstrap/images/icon_nav.jpg
INFO: [ app_init ] --START--
INFO: Run Behavior\BuildLiteBehavior [ RunTime:0.000009s ]
INFO: [ app_init ] --END-- [ RunTime:0.000491s ]
ERR: 无法加载模块:Public

