[ 2017-09-16T12:43:58+08:00 ] 127.0.0.1 /liulin/Public/dish/dishcover/2017-09-05/59aeb54ba1e91.png
INFO: [ app_init ] --START--
INFO: Run Behavior\BuildLiteBehavior [ RunTime:0.000008s ]
INFO: [ app_init ] --END-- [ RunTime:0.000310s ]
ERR: 无法加载模块:Public

[ 2017-09-16T12:45:26+08:00 ] 127.0.0.1 /liulin/Public/dish/dishcover/2017-09-05/59aeb54ba1e91.png
INFO: [ app_init ] --START--
INFO: Run Behavior\BuildLiteBehavior [ RunTime:0.000008s ]
INFO: [ app_init ] --END-- [ RunTime:0.000306s ]
ERR: 无法加载模块:Public

[ 2017-09-16T12:45:29+08:00 ] 127.0.0.1 /liulin/Public/dish/dishcover/2017-09-05/59aeb54ba1e91.png
INFO: [ app_init ] --START--
INFO: Run Behavior\BuildLiteBehavior [ RunTime:0.000011s ]
INFO: [ app_init ] --END-- [ RunTime:0.000385s ]
ERR: 无法加载模块:Public

[ 2017-09-16T12:48:03+08:00 ] 127.0.0.1 /liulin/Public/dish/dishcover/2017-09-05/59aeb54ba1e91.png
INFO: [ app_init ] --START--
INFO: Run Behavior\BuildLiteBehavior [ RunTime:0.000009s ]
INFO: [ app_init ] --END-- [ RunTime:0.000344s ]
ERR: 无法加载模块:Public

[ 2017-09-16T12:49:26+08:00 ] 127.0.0.1 /liulin/Public/dish/dishcover/2017-09-05/59aeb54ba1e91.png
INFO: [ app_init ] --START--
INFO: Run Behavior\BuildLiteBehavior [ RunTime:0.000014s ]
INFO: [ app_init ] --END-- [ RunTime:0.000479s ]
ERR: 无法加载模块:Public

[ 2017-09-16T12:50:16+08:00 ] 127.0.0.1 /liulin/Public/dish/dishcover/2017-09-05/59aeb54ba1e91.png
INFO: [ app_init ] --START--
INFO: Run Behavior\BuildLiteBehavior [ RunTime:0.000010s ]
INFO: [ app_init ] --END-- [ RunTime:0.000673s ]
ERR: 无法加载模块:Public

[ 2017-09-16T12:50:22+08:00 ] 127.0.0.1 /liulin/Public/dish/dishcover/2017-09-05/59aeb54ba1e91.png
INFO: [ app_init ] --START--
INFO: Run Behavior\BuildLiteBehavior [ RunTime:0.000010s ]
INFO: [ app_init ] --END-- [ RunTime:0.000345s ]
ERR: 无法加载模块:Public

