[ 2017-09-05T20:56:13+08:00 ] 127.0.0.1 /liulin/Public/dish/dishcover/2017-09-04/59ad4ff04fd83.jpg
INFO: [ app_init ] --START--
INFO: Run Behavior\BuildLiteBehavior [ RunTime:0.000013s ]
INFO: [ app_init ] --END-- [ RunTime:0.000405s ]
ERR: 无法加载模块:Public

[ 2017-09-05T20:56:18+08:00 ] 127.0.0.1 /liulin/Public/dish/dishcover/2017-09-04/59ad4ff04fd83.jpg
INFO: [ app_init ] --START--
INFO: Run Behavior\BuildLiteBehavior [ RunTime:0.000009s ]
INFO: [ app_init ] --END-- [ RunTime:0.000380s ]
ERR: 无法加载模块:Public

[ 2017-09-05T20:56:18+08:00 ] 127.0.0.1 /liulin/Public/dish/makingimg/2017-09-04/59ad500c84556.jpg
INFO: [ app_init ] --START--
INFO: Run Behavior\BuildLiteBehavior [ RunTime:0.000007s ]
INFO: [ app_init ] --END-- [ RunTime:0.000288s ]
ERR: 无法加载模块:Public

[ 2017-09-05T20:56:18+08:00 ] 127.0.0.1 /liulin/Public/dish/makingimg/2017-09-04/59ad4ff060b63.png
INFO: [ app_init ] --START--
INFO: Run Behavior\BuildLiteBehavior [ RunTime:0.000009s ]
INFO: [ app_init ] --END-- [ RunTime:0.000542s ]
ERR: 无法加载模块:Public

[ 2017-09-05T20:58:50+08:00 ] 127.0.0.1 /liulin/Public/dish/dishcover/2017-09-04/59ad4ff04fd83.jpg
INFO: [ app_init ] --START--
INFO: Run Behavior\BuildLiteBehavior [ RunTime:0.000010s ]
INFO: [ app_init ] --END-- [ RunTime:0.000374s ]
ERR: 无法加载模块:Public

[ 2017-09-05T20:58:50+08:00 ] 127.0.0.1 /liulin/Public/dish/makingimg/2017-09-04/59ad500c84556.jpg
INFO: [ app_init ] --START--
INFO: Run Behavior\BuildLiteBehavior [ RunTime:0.000011s ]
INFO: [ app_init ] --END-- [ RunTime:0.000612s ]
ERR: 无法加载模块:Public

[ 2017-09-05T20:58:50+08:00 ] 127.0.0.1 /liulin/Public/dish/makingimg/2017-09-04/59ad4ff060b63.png
INFO: [ app_init ] --START--
INFO: Run Behavior\BuildLiteBehavior [ RunTime:0.000008s ]
INFO: [ app_init ] --END-- [ RunTime:0.000357s ]
ERR: 无法加载模块:Public

[ 2017-09-05T20:58:52+08:00 ] 127.0.0.1 /liulin/Public/dish/dishcover/2017-09-04/59ad4ff04fd83.jpg
INFO: [ app_init ] --START--
INFO: Run Behavior\BuildLiteBehavior [ RunTime:0.000012s ]
INFO: [ app_init ] --END-- [ RunTime:0.000362s ]
ERR: 无法加载模块:Public

[ 2017-09-05T20:58:52+08:00 ] 127.0.0.1 /liulin/Public/dish/makingimg/2017-09-04/59ad4ff060b63.png
INFO: [ app_init ] --START--
INFO: Run Behavior\BuildLiteBehavior [ RunTime:0.000008s ]
INFO: [ app_init ] --END-- [ RunTime:0.000368s ]
ERR: 无法加载模块:Public

[ 2017-09-05T20:58:52+08:00 ] 127.0.0.1 /liulin/Public/dish/makingimg/2017-09-04/59ad500c84556.jpg
INFO: [ app_init ] --START--
INFO: Run Behavior\BuildLiteBehavior [ RunTime:0.000010s ]
INFO: [ app_init ] --END-- [ RunTime:0.000373s ]
ERR: 无法加载模块:Public

[ 2017-09-05T20:58:54+08:00 ] 127.0.0.1 /liulin/Public/dish/dishcover/2017-09-04/59ad4ff04fd83.jpg
INFO: [ app_init ] --START--
INFO: Run Behavior\BuildLiteBehavior [ RunTime:0.000014s ]
INFO: [ app_init ] --END-- [ RunTime:0.000340s ]
ERR: 无法加载模块:Public

[ 2017-09-05T20:58:54+08:00 ] 127.0.0.1 /liulin/Public/dish/makingimg/2017-09-04/59ad500c84556.jpg
INFO: [ app_init ] --START--
INFO: Run Behavior\BuildLiteBehavior [ RunTime:0.000010s ]
INFO: [ app_init ] --END-- [ RunTime:0.000363s ]
ERR: 无法加载模块:Public

[ 2017-09-05T20:58:54+08:00 ] 127.0.0.1 /liulin/Public/dish/makingimg/2017-09-04/59ad4ff060b63.png
INFO: [ app_init ] --START--
INFO: Run Behavior\BuildLiteBehavior [ RunTime:0.000010s ]
INFO: [ app_init ] --END-- [ RunTime:0.000310s ]
ERR: 无法加载模块:Public

[ 2017-09-05T20:59:57+08:00 ] 127.0.0.1 /liulin/Public/dish/dishcover/2017-09-04/59ad4ff04fd83.jpg
INFO: [ app_init ] --START--
INFO: Run Behavior\BuildLiteBehavior [ RunTime:0.000023s ]
INFO: [ app_init ] --END-- [ RunTime:0.000428s ]
ERR: 无法加载模块:Public

[ 2017-09-05T20:59:58+08:00 ] 127.0.0.1 /liulin/Public/dish/makingimg/2017-09-04/59ad4ff060b63.png
INFO: [ app_init ] --START--
INFO: Run Behavior\BuildLiteBehavior [ RunTime:0.000008s ]
INFO: [ app_init ] --END-- [ RunTime:0.000327s ]
ERR: 无法加载模块:Public

[ 2017-09-05T20:59:58+08:00 ] 127.0.0.1 /liulin/Public/dish/makingimg/2017-09-04/59ad500c84556.jpg
INFO: [ app_init ] --START--
INFO: Run Behavior\BuildLiteBehavior [ RunTime:0.000043s ]
INFO: [ app_init ] --END-- [ RunTime:0.000601s ]
ERR: 无法加载模块:Public

[ 2017-09-05T21:00:24+08:00 ] 127.0.0.1 /liulin/Public/dish/dishcover/2017-09-04/59ad4ff04fd83.jpg
INFO: [ app_init ] --START--
INFO: Run Behavior\BuildLiteBehavior [ RunTime:0.000010s ]
INFO: [ app_init ] --END-- [ RunTime:0.000389s ]
ERR: 无法加载模块:Public

[ 2017-09-05T21:00:24+08:00 ] 127.0.0.1 /liulin/Public/dish/makingimg/2017-09-04/59ad4ff060b63.png
INFO: [ app_init ] --START--
INFO: Run Behavior\BuildLiteBehavior [ RunTime:0.000013s ]
INFO: [ app_init ] --END-- [ RunTime:0.000459s ]
ERR: 无法加载模块:Public

[ 2017-09-05T21:00:24+08:00 ] 127.0.0.1 /liulin/Public/dish/makingimg/2017-09-04/59ad500c84556.jpg
INFO: [ app_init ] --START--
INFO: Run Behavior\BuildLiteBehavior [ RunTime:0.000011s ]
INFO: [ app_init ] --END-- [ RunTime:0.000465s ]
ERR: 无法加载模块:Public

[ 2017-09-05T21:00:47+08:00 ] 127.0.0.1 /liulin/Public/dish/dishcover/2017-09-04/59ad4ff04fd83.jpg
INFO: [ app_init ] --START--
INFO: Run Behavior\BuildLiteBehavior [ RunTime:0.000011s ]
INFO: [ app_init ] --END-- [ RunTime:0.000487s ]
ERR: 无法加载模块:Public

[ 2017-09-05T21:00:47+08:00 ] 127.0.0.1 /liulin/Public/dish/makingimg/2017-09-04/59ad4ff060b63.png
INFO: [ app_init ] --START--
INFO: Run Behavior\BuildLiteBehavior [ RunTime:0.000018s ]
INFO: [ app_init ] --END-- [ RunTime:0.000399s ]
ERR: 无法加载模块:Public

[ 2017-09-05T21:00:47+08:00 ] 127.0.0.1 /liulin/Public/dish/makingimg/2017-09-04/59ad500c84556.jpg
INFO: [ app_init ] --START--
INFO: Run Behavior\BuildLiteBehavior [ RunTime:0.000028s ]
INFO: [ app_init ] --END-- [ RunTime:0.000563s ]
ERR: 无法加载模块:Public

[ 2017-09-05T21:01:08+08:00 ] 127.0.0.1 /liulin/Public/dish/dishcover/2017-09-04/59ad4ff04fd83.jpg
INFO: [ app_init ] --START--
INFO: Run Behavior\BuildLiteBehavior [ RunTime:0.000010s ]
INFO: [ app_init ] --END-- [ RunTime:0.000353s ]
ERR: 无法加载模块:Public

[ 2017-09-05T21:01:08+08:00 ] 127.0.0.1 /liulin/Public/dish/makingimg/2017-09-04/59ad500c84556.jpg
INFO: [ app_init ] --START--
INFO: Run Behavior\BuildLiteBehavior [ RunTime:0.000011s ]
INFO: [ app_init ] --END-- [ RunTime:0.000377s ]
ERR: 无法加载模块:Public

[ 2017-09-05T21:01:08+08:00 ] 127.0.0.1 /liulin/Public/dish/makingimg/2017-09-04/59ad4ff060b63.png
INFO: [ app_init ] --START--
INFO: Run Behavior\BuildLiteBehavior [ RunTime:0.000033s ]
INFO: [ app_init ] --END-- [ RunTime:0.000707s ]
ERR: 无法加载模块:Public

[ 2017-09-05T21:02:01+08:00 ] 127.0.0.1 /liulin/Public/dish/dishcover/2017-09-04/59ad4ff04fd83.jpg
INFO: [ app_init ] --START--
INFO: Run Behavior\BuildLiteBehavior [ RunTime:0.000021s ]
INFO: [ app_init ] --END-- [ RunTime:0.001631s ]
ERR: 无法加载模块:Public

[ 2017-09-05T21:02:01+08:00 ] 127.0.0.1 /liulin/Public/dish/makingimg/2017-09-04/59ad4ff060b63.png
INFO: [ app_init ] --START--
INFO: Run Behavior\BuildLiteBehavior [ RunTime:0.000019s ]
INFO: [ app_init ] --END-- [ RunTime:0.000416s ]
ERR: 无法加载模块:Public

[ 2017-09-05T21:02:01+08:00 ] 127.0.0.1 /liulin/Public/dish/makingimg/2017-09-04/59ad500c84556.jpg
INFO: [ app_init ] --START--
INFO: Run Behavior\BuildLiteBehavior [ RunTime:0.000012s ]
INFO: [ app_init ] --END-- [ RunTime:0.001373s ]
ERR: 无法加载模块:Public

[ 2017-09-05T21:02:21+08:00 ] 127.0.0.1 /liulin/Public/dish/dishcover/2017-09-04/59ad4ff04fd83.jpg
INFO: [ app_init ] --START--
INFO: Run Behavior\BuildLiteBehavior [ RunTime:0.000048s ]
INFO: [ app_init ] --END-- [ RunTime:0.001246s ]
ERR: 无法加载模块:Public

[ 2017-09-05T21:02:21+08:00 ] 127.0.0.1 /liulin/Public/dish/makingimg/2017-09-04/59ad4ff060b63.png
INFO: [ app_init ] --START--
INFO: Run Behavior\BuildLiteBehavior [ RunTime:0.000016s ]
INFO: [ app_init ] --END-- [ RunTime:0.000392s ]
ERR: 无法加载模块:Public

[ 2017-09-05T21:02:21+08:00 ] 127.0.0.1 /liulin/Public/dish/makingimg/2017-09-04/59ad500c84556.jpg
INFO: [ app_init ] --START--
INFO: Run Behavior\BuildLiteBehavior [ RunTime:0.000009s ]
INFO: [ app_init ] --END-- [ RunTime:0.000349s ]
ERR: 无法加载模块:Public

[ 2017-09-05T21:02:34+08:00 ] 127.0.0.1 /liulin/Public/dish/dishcover/2017-09-04/59ad4ff04fd83.jpg
INFO: [ app_init ] --START--
INFO: Run Behavior\BuildLiteBehavior [ RunTime:0.000009s ]
INFO: [ app_init ] --END-- [ RunTime:0.000295s ]
ERR: 无法加载模块:Public

[ 2017-09-05T21:02:34+08:00 ] 127.0.0.1 /liulin/Public/dish/makingimg/2017-09-04/59ad4ff060b63.png
INFO: [ app_init ] --START--
INFO: Run Behavior\BuildLiteBehavior [ RunTime:0.000016s ]
INFO: [ app_init ] --END-- [ RunTime:0.000387s ]
ERR: 无法加载模块:Public

[ 2017-09-05T21:02:34+08:00 ] 127.0.0.1 /liulin/Public/dish/makingimg/2017-09-04/59ad500c84556.jpg
INFO: [ app_init ] --START--
INFO: Run Behavior\BuildLiteBehavior [ RunTime:0.000010s ]
INFO: [ app_init ] --END-- [ RunTime:0.000365s ]
ERR: 无法加载模块:Public

[ 2017-09-05T21:02:46+08:00 ] 127.0.0.1 /liulin/Public/dish/dishcover/2017-09-04/59ad4ff04fd83.jpg
INFO: [ app_init ] --START--
INFO: Run Behavior\BuildLiteBehavior [ RunTime:0.000009s ]
INFO: [ app_init ] --END-- [ RunTime:0.000412s ]
ERR: 无法加载模块:Public

[ 2017-09-05T21:02:46+08:00 ] 127.0.0.1 /liulin/Public/dish/makingimg/2017-09-04/59ad4ff060b63.png
INFO: [ app_init ] --START--
INFO: Run Behavior\BuildLiteBehavior [ RunTime:0.000010s ]
INFO: [ app_init ] --END-- [ RunTime:0.000443s ]
ERR: 无法加载模块:Public

[ 2017-09-05T21:02:47+08:00 ] 127.0.0.1 /liulin/Public/dish/makingimg/2017-09-04/59ad500c84556.jpg
INFO: [ app_init ] --START--
INFO: Run Behavior\BuildLiteBehavior [ RunTime:0.000009s ]
INFO: [ app_init ] --END-- [ RunTime:0.000560s ]
ERR: 无法加载模块:Public

[ 2017-09-05T21:03:31+08:00 ] 127.0.0.1 /liulin/Public/dish/dishcover/2017-09-04/59ad4ff04fd83.jpg
INFO: [ app_init ] --START--
INFO: Run Behavior\BuildLiteBehavior [ RunTime:0.000009s ]
INFO: [ app_init ] --END-- [ RunTime:0.000384s ]
ERR: 无法加载模块:Public

[ 2017-09-05T21:03:31+08:00 ] 127.0.0.1 /liulin/Public/dish/makingimg/2017-09-04/59ad4ff060b63.png
INFO: [ app_init ] --START--
INFO: Run Behavior\BuildLiteBehavior [ RunTime:0.000008s ]
INFO: [ app_init ] --END-- [ RunTime:0.000335s ]
ERR: 无法加载模块:Public

[ 2017-09-05T21:03:31+08:00 ] 127.0.0.1 /liulin/Public/dish/makingimg/2017-09-04/59ad500c84556.jpg
INFO: [ app_init ] --START--
INFO: Run Behavior\BuildLiteBehavior [ RunTime:0.000013s ]
INFO: [ app_init ] --END-- [ RunTime:0.000594s ]
ERR: 无法加载模块:Public

[ 2017-09-05T21:05:00+08:00 ] 127.0.0.1 /liulin/Public/dish/dishcover/2017-09-04/59ad4ff04fd83.jpg
INFO: [ app_init ] --START--
INFO: Run Behavior\BuildLiteBehavior [ RunTime:0.000008s ]
INFO: [ app_init ] --END-- [ RunTime:0.000283s ]
ERR: 无法加载模块:Public

[ 2017-09-05T21:05:00+08:00 ] 127.0.0.1 /liulin/Public/dish/makingimg/2017-09-04/59ad4ff060b63.png
INFO: [ app_init ] --START--
INFO: Run Behavior\BuildLiteBehavior [ RunTime:0.000012s ]
INFO: [ app_init ] --END-- [ RunTime:0.000563s ]
ERR: 无法加载模块:Public

[ 2017-09-05T21:05:00+08:00 ] 127.0.0.1 /liulin/Public/dish/makingimg/2017-09-04/59ad500c84556.jpg
INFO: [ app_init ] --START--
INFO: Run Behavior\BuildLiteBehavior [ RunTime:0.000010s ]
INFO: [ app_init ] --END-- [ RunTime:0.000336s ]
ERR: 无法加载模块:Public

[ 2017-09-05T21:05:36+08:00 ] 127.0.0.1 /liulin/Public/dish/dishcover/2017-09-04/59ad4ff04fd83.jpg
INFO: [ app_init ] --START--
INFO: Run Behavior\BuildLiteBehavior [ RunTime:0.000013s ]
INFO: [ app_init ] --END-- [ RunTime:0.000374s ]
ERR: 无法加载模块:Public

[ 2017-09-05T21:05:36+08:00 ] 127.0.0.1 /liulin/Public/dish/makingimg/2017-09-04/59ad4ff060b63.png
INFO: [ app_init ] --START--
INFO: Run Behavior\BuildLiteBehavior [ RunTime:0.000014s ]
INFO: [ app_init ] --END-- [ RunTime:0.000598s ]
ERR: 无法加载模块:Public

[ 2017-09-05T21:05:36+08:00 ] 127.0.0.1 /liulin/Public/dish/makingimg/2017-09-04/59ad500c84556.jpg
INFO: [ app_init ] --START--
INFO: Run Behavior\BuildLiteBehavior [ RunTime:0.000009s ]
INFO: [ app_init ] --END-- [ RunTime:0.000387s ]
ERR: 无法加载模块:Public

[ 2017-09-05T21:06:01+08:00 ] 127.0.0.1 /liulin/Public/dish/dishcover/2017-09-04/59ad4ff04fd83.jpg
INFO: [ app_init ] --START--
INFO: Run Behavior\BuildLiteBehavior [ RunTime:0.000008s ]
INFO: [ app_init ] --END-- [ RunTime:0.000336s ]
ERR: 无法加载模块:Public

[ 2017-09-05T21:06:01+08:00 ] 127.0.0.1 /liulin/Public/dish/makingimg/2017-09-04/59ad4ff060b63.png
INFO: [ app_init ] --START--
INFO: Run Behavior\BuildLiteBehavior [ RunTime:0.000012s ]
INFO: [ app_init ] --END-- [ RunTime:0.000384s ]
ERR: 无法加载模块:Public

[ 2017-09-05T21:06:01+08:00 ] 127.0.0.1 /liulin/Public/dish/makingimg/2017-09-04/59ad500c84556.jpg
INFO: [ app_init ] --START--
INFO: Run Behavior\BuildLiteBehavior [ RunTime:0.000016s ]
INFO: [ app_init ] --END-- [ RunTime:0.000800s ]
ERR: 无法加载模块:Public

[ 2017-09-05T21:06:17+08:00 ] 127.0.0.1 /liulin/Public/dish/dishcover/2017-09-04/59ad4ff04fd83.jpg
INFO: [ app_init ] --START--
INFO: Run Behavior\BuildLiteBehavior [ RunTime:0.000009s ]
INFO: [ app_init ] --END-- [ RunTime:0.000379s ]
ERR: 无法加载模块:Public

[ 2017-09-05T21:06:17+08:00 ] 127.0.0.1 /liulin/Public/dish/makingimg/2017-09-04/59ad4ff060b63.png
INFO: [ app_init ] --START--
INFO: Run Behavior\BuildLiteBehavior [ RunTime:0.000008s ]
INFO: [ app_init ] --END-- [ RunTime:0.000317s ]
ERR: 无法加载模块:Public

[ 2017-09-05T21:06:17+08:00 ] 127.0.0.1 /liulin/Public/dish/makingimg/2017-09-04/59ad500c84556.jpg
INFO: [ app_init ] --START--
INFO: Run Behavior\BuildLiteBehavior [ RunTime:0.000012s ]
INFO: [ app_init ] --END-- [ RunTime:0.000472s ]
ERR: 无法加载模块:Public

[ 2017-09-05T21:08:14+08:00 ] 127.0.0.1 /liulin/Public/dish/dishcover/2017-09-04/59ad4ff04fd83.jpg
INFO: [ app_init ] --START--
INFO: Run Behavior\BuildLiteBehavior [ RunTime:0.000033s ]
INFO: [ app_init ] --END-- [ RunTime:0.000927s ]
ERR: 无法加载模块:Public

[ 2017-09-05T21:08:14+08:00 ] 127.0.0.1 /liulin/Public/dish/makingimg/2017-09-04/59ad4ff060b63.png
INFO: [ app_init ] --START--
INFO: Run Behavior\BuildLiteBehavior [ RunTime:0.000009s ]
INFO: [ app_init ] --END-- [ RunTime:0.000880s ]
ERR: 无法加载模块:Public

[ 2017-09-05T21:08:14+08:00 ] 127.0.0.1 /liulin/Public/dish/makingimg/2017-09-04/59ad500c84556.jpg
INFO: [ app_init ] --START--
INFO: Run Behavior\BuildLiteBehavior [ RunTime:0.000009s ]
INFO: [ app_init ] --END-- [ RunTime:0.000594s ]
ERR: 无法加载模块:Public

[ 2017-09-05T21:08:43+08:00 ] 127.0.0.1 /liulin/Public/dish/dishcover/2017-09-04/59ad4ff04fd83.jpg
INFO: [ app_init ] --START--
INFO: Run Behavior\BuildLiteBehavior [ RunTime:0.000011s ]
INFO: [ app_init ] --END-- [ RunTime:0.000445s ]
ERR: 无法加载模块:Public

[ 2017-09-05T21:08:43+08:00 ] 127.0.0.1 /liulin/Public/dish/makingimg/2017-09-04/59ad4ff060b63.png
INFO: [ app_init ] --START--
INFO: Run Behavior\BuildLiteBehavior [ RunTime:0.000008s ]
INFO: [ app_init ] --END-- [ RunTime:0.000357s ]
ERR: 无法加载模块:Public

[ 2017-09-05T21:08:43+08:00 ] 127.0.0.1 /liulin/Public/dish/makingimg/2017-09-04/59ad500c84556.jpg
INFO: [ app_init ] --START--
INFO: Run Behavior\BuildLiteBehavior [ RunTime:0.000013s ]
INFO: [ app_init ] --END-- [ RunTime:0.000543s ]
ERR: 无法加载模块:Public

[ 2017-09-05T21:10:02+08:00 ] 127.0.0.1 /liulin/Public/dish/dishcover/2017-09-04/59ad4ff04fd83.jpg
INFO: [ app_init ] --START--
INFO: Run Behavior\BuildLiteBehavior [ RunTime:0.000011s ]
INFO: [ app_init ] --END-- [ RunTime:0.000636s ]
ERR: 无法加载模块:Public

[ 2017-09-05T21:10:02+08:00 ] 127.0.0.1 /liulin/Public/dish/makingimg/2017-09-04/59ad4ff060b63.png
INFO: [ app_init ] --START--
INFO: Run Behavior\BuildLiteBehavior [ RunTime:0.000008s ]
INFO: [ app_init ] --END-- [ RunTime:0.000380s ]
ERR: 无法加载模块:Public

[ 2017-09-05T21:10:02+08:00 ] 127.0.0.1 /liulin/Public/dish/makingimg/2017-09-04/59ad500c84556.jpg
INFO: [ app_init ] --START--
INFO: Run Behavior\BuildLiteBehavior [ RunTime:0.000048s ]
INFO: [ app_init ] --END-- [ RunTime:0.000512s ]
ERR: 无法加载模块:Public

[ 2017-09-05T21:10:35+08:00 ] 127.0.0.1 /liulin/Public/dish/dishcover/2017-09-04/59ad4ff04fd83.jpg
INFO: [ app_init ] --START--
INFO: Run Behavior\BuildLiteBehavior [ RunTime:0.000024s ]
INFO: [ app_init ] --END-- [ RunTime:0.000427s ]
ERR: 无法加载模块:Public

[ 2017-09-05T21:10:35+08:00 ] 127.0.0.1 /liulin/Public/dish/makingimg/2017-09-04/59ad4ff060b63.png
INFO: [ app_init ] --START--
INFO: Run Behavior\BuildLiteBehavior [ RunTime:0.000009s ]
INFO: [ app_init ] --END-- [ RunTime:0.000417s ]
ERR: 无法加载模块:Public

[ 2017-09-05T21:10:35+08:00 ] 127.0.0.1 /liulin/Public/dish/makingimg/2017-09-04/59ad500c84556.jpg
INFO: [ app_init ] --START--
INFO: Run Behavior\BuildLiteBehavior [ RunTime:0.000019s ]
INFO: [ app_init ] --END-- [ RunTime:0.000641s ]
ERR: 无法加载模块:Public

[ 2017-09-05T21:10:43+08:00 ] 127.0.0.1 /liulin/Public/dish/dishcover/2017-09-04/59ad4ff04fd83.jpg
INFO: [ app_init ] --START--
INFO: Run Behavior\BuildLiteBehavior [ RunTime:0.000011s ]
INFO: [ app_init ] --END-- [ RunTime:0.000387s ]
ERR: 无法加载模块:Public

[ 2017-09-05T21:10:43+08:00 ] 127.0.0.1 /liulin/Public/dish/makingimg/2017-09-04/59ad500c84556.jpg
INFO: [ app_init ] --START--
INFO: Run Behavior\BuildLiteBehavior [ RunTime:0.000009s ]
INFO: [ app_init ] --END-- [ RunTime:0.000344s ]
ERR: 无法加载模块:Public

[ 2017-09-05T21:10:43+08:00 ] 127.0.0.1 /liulin/Public/dish/makingimg/2017-09-04/59ad4ff060b63.png
INFO: [ app_init ] --START--
INFO: Run Behavior\BuildLiteBehavior [ RunTime:0.000011s ]
INFO: [ app_init ] --END-- [ RunTime:0.000359s ]
ERR: 无法加载模块:Public

[ 2017-09-05T21:10:54+08:00 ] 127.0.0.1 /liulin/Public/dish/dishcover/2017-09-04/59ad4ff04fd83.jpg
INFO: [ app_init ] --START--
INFO: Run Behavior\BuildLiteBehavior [ RunTime:0.000009s ]
INFO: [ app_init ] --END-- [ RunTime:0.000401s ]
ERR: 无法加载模块:Public

[ 2017-09-05T21:10:54+08:00 ] 127.0.0.1 /liulin/Public/dish/makingimg/2017-09-04/59ad4ff060b63.png
INFO: [ app_init ] --START--
INFO: Run Behavior\BuildLiteBehavior [ RunTime:0.000008s ]
INFO: [ app_init ] --END-- [ RunTime:0.000345s ]
ERR: 无法加载模块:Public

[ 2017-09-05T21:10:54+08:00 ] 127.0.0.1 /liulin/Public/dish/makingimg/2017-09-04/59ad500c84556.jpg
INFO: [ app_init ] --START--
INFO: Run Behavior\BuildLiteBehavior [ RunTime:0.000010s ]
INFO: [ app_init ] --END-- [ RunTime:0.000351s ]
ERR: 无法加载模块:Public

[ 2017-09-05T21:10:58+08:00 ] 127.0.0.1 /liulin/Public/js/jquery.min.map
INFO: [ app_init ] --START--
INFO: Run Behavior\BuildLiteBehavior [ RunTime:0.000009s ]
INFO: [ app_init ] --END-- [ RunTime:0.000390s ]
ERR: 无法加载模块:Public

[ 2017-09-05T21:11:47+08:00 ] 127.0.0.1 /liulin/Public/dish/dishcover/2017-09-04/59ad4ff04fd83.jpg
INFO: [ app_init ] --START--
INFO: Run Behavior\BuildLiteBehavior [ RunTime:0.000012s ]
INFO: [ app_init ] --END-- [ RunTime:0.000364s ]
ERR: 无法加载模块:Public

[ 2017-09-05T21:11:47+08:00 ] 127.0.0.1 /liulin/Public/dish/makingimg/2017-09-04/59ad4ff060b63.png
INFO: [ app_init ] --START--
INFO: Run Behavior\BuildLiteBehavior [ RunTime:0.000010s ]
INFO: [ app_init ] --END-- [ RunTime:0.000395s ]
ERR: 无法加载模块:Public

[ 2017-09-05T21:11:47+08:00 ] 127.0.0.1 /liulin/Public/dish/makingimg/2017-09-04/59ad500c84556.jpg
INFO: [ app_init ] --START--
INFO: Run Behavior\BuildLiteBehavior [ RunTime:0.000012s ]
INFO: [ app_init ] --END-- [ RunTime:0.000559s ]
ERR: 无法加载模块:Public

[ 2017-09-05T21:11:55+08:00 ] 127.0.0.1 /liulin/Public/dish/dishcover/2017-09-04/59ad4ff04fd83.jpg
INFO: [ app_init ] --START--
INFO: Run Behavior\BuildLiteBehavior [ RunTime:0.000010s ]
INFO: [ app_init ] --END-- [ RunTime:0.000375s ]
ERR: 无法加载模块:Public

[ 2017-09-05T21:11:55+08:00 ] 127.0.0.1 /liulin/Public/dish/makingimg/2017-09-04/59ad4ff060b63.png
INFO: [ app_init ] --START--
INFO: Run Behavior\BuildLiteBehavior [ RunTime:0.000012s ]
INFO: [ app_init ] --END-- [ RunTime:0.000618s ]
ERR: 无法加载模块:Public

[ 2017-09-05T21:11:55+08:00 ] 127.0.0.1 /liulin/Public/dish/makingimg/2017-09-04/59ad500c84556.jpg
INFO: [ app_init ] --START--
INFO: Run Behavior\BuildLiteBehavior [ RunTime:0.000023s ]
INFO: [ app_init ] --END-- [ RunTime:0.000606s ]
ERR: 无法加载模块:Public

[ 2017-09-05T21:12:17+08:00 ] 127.0.0.1 /liulin/Public/dish/dishcover/2017-09-04/59ad4ff04fd83.jpg
INFO: [ app_init ] --START--
INFO: Run Behavior\BuildLiteBehavior [ RunTime:0.000008s ]
INFO: [ app_init ] --END-- [ RunTime:0.000327s ]
ERR: 无法加载模块:Public

[ 2017-09-05T21:12:17+08:00 ] 127.0.0.1 /liulin/Public/dish/makingimg/2017-09-04/59ad4ff060b63.png
INFO: [ app_init ] --START--
INFO: Run Behavior\BuildLiteBehavior [ RunTime:0.000008s ]
INFO: [ app_init ] --END-- [ RunTime:0.000398s ]
ERR: 无法加载模块:Public

[ 2017-09-05T21:12:17+08:00 ] 127.0.0.1 /liulin/Public/dish/makingimg/2017-09-04/59ad500c84556.jpg
INFO: [ app_init ] --START--
INFO: Run Behavior\BuildLiteBehavior [ RunTime:0.000009s ]
INFO: [ app_init ] --END-- [ RunTime:0.000367s ]
ERR: 无法加载模块:Public

[ 2017-09-05T21:12:37+08:00 ] 127.0.0.1 /liulin/Public/dish/dishcover/2017-09-04/59ad4ff04fd83.jpg
INFO: [ app_init ] --START--
INFO: Run Behavior\BuildLiteBehavior [ RunTime:0.000010s ]
INFO: [ app_init ] --END-- [ RunTime:0.000394s ]
ERR: 无法加载模块:Public

[ 2017-09-05T21:12:38+08:00 ] 127.0.0.1 /liulin/Public/dish/makingimg/2017-09-04/59ad4ff060b63.png
INFO: [ app_init ] --START--
INFO: Run Behavior\BuildLiteBehavior [ RunTime:0.000009s ]
INFO: [ app_init ] --END-- [ RunTime:0.000350s ]
ERR: 无法加载模块:Public

[ 2017-09-05T21:12:38+08:00 ] 127.0.0.1 /liulin/Public/dish/makingimg/2017-09-04/59ad500c84556.jpg
INFO: [ app_init ] --START--
INFO: Run Behavior\BuildLiteBehavior [ RunTime:0.000009s ]
INFO: [ app_init ] --END-- [ RunTime:0.000554s ]
ERR: 无法加载模块:Public

[ 2017-09-05T21:12:54+08:00 ] 127.0.0.1 /liulin/Public/dish/dishcover/2017-09-04/59ad4ff04fd83.jpg
INFO: [ app_init ] --START--
INFO: Run Behavior\BuildLiteBehavior [ RunTime:0.000010s ]
INFO: [ app_init ] --END-- [ RunTime:0.000378s ]
ERR: 无法加载模块:Public

[ 2017-09-05T21:12:54+08:00 ] 127.0.0.1 /liulin/Public/dish/makingimg/2017-09-04/59ad4ff060b63.png
INFO: [ app_init ] --START--
INFO: Run Behavior\BuildLiteBehavior [ RunTime:0.000012s ]
INFO: [ app_init ] --END-- [ RunTime:0.000372s ]
ERR: 无法加载模块:Public

[ 2017-09-05T21:12:54+08:00 ] 127.0.0.1 /liulin/Public/dish/makingimg/2017-09-04/59ad500c84556.jpg
INFO: [ app_init ] --START--
INFO: Run Behavior\BuildLiteBehavior [ RunTime:0.000019s ]
INFO: [ app_init ] --END-- [ RunTime:0.000452s ]
ERR: 无法加载模块:Public

[ 2017-09-05T21:13:23+08:00 ] 127.0.0.1 /liulin/Public/dish/dishcover/2017-09-04/59ad4ff04fd83.jpg
INFO: [ app_init ] --START--
INFO: Run Behavior\BuildLiteBehavior [ RunTime:0.000009s ]
INFO: [ app_init ] --END-- [ RunTime:0.000340s ]
ERR: 无法加载模块:Public

[ 2017-09-05T21:13:23+08:00 ] 127.0.0.1 /liulin/Public/dish/makingimg/2017-09-04/59ad4ff060b63.png
INFO: [ app_init ] --START--
INFO: Run Behavior\BuildLiteBehavior [ RunTime:0.000013s ]
INFO: [ app_init ] --END-- [ RunTime:0.000316s ]
ERR: 无法加载模块:Public

[ 2017-09-05T21:13:23+08:00 ] 127.0.0.1 /liulin/Public/dish/makingimg/2017-09-04/59ad500c84556.jpg
INFO: [ app_init ] --START--
INFO: Run Behavior\BuildLiteBehavior [ RunTime:0.000008s ]
INFO: [ app_init ] --END-- [ RunTime:0.000336s ]
ERR: 无法加载模块:Public

[ 2017-09-05T21:13:23+08:00 ] 127.0.0.1 /liulin/Public/js/jquery.min.map
INFO: [ app_init ] --START--
INFO: Run Behavior\BuildLiteBehavior [ RunTime:0.000013s ]
INFO: [ app_init ] --END-- [ RunTime:0.000371s ]
ERR: 无法加载模块:Public

[ 2017-09-05T21:14:07+08:00 ] 127.0.0.1 /liulin/Public/dish/dishcover/2017-09-04/59ad4ff04fd83.jpg
INFO: [ app_init ] --START--
INFO: Run Behavior\BuildLiteBehavior [ RunTime:0.000008s ]
INFO: [ app_init ] --END-- [ RunTime:0.000302s ]
ERR: 无法加载模块:Public

[ 2017-09-05T21:14:07+08:00 ] 127.0.0.1 /liulin/Public/dish/makingimg/2017-09-04/59ad4ff060b63.png
INFO: [ app_init ] --START--
INFO: Run Behavior\BuildLiteBehavior [ RunTime:0.000008s ]
INFO: [ app_init ] --END-- [ RunTime:0.000333s ]
ERR: 无法加载模块:Public

[ 2017-09-05T21:14:07+08:00 ] 127.0.0.1 /liulin/Public/dish/makingimg/2017-09-04/59ad500c84556.jpg
INFO: [ app_init ] --START--
INFO: Run Behavior\BuildLiteBehavior [ RunTime:0.000013s ]
INFO: [ app_init ] --END-- [ RunTime:0.000614s ]
ERR: 无法加载模块:Public

[ 2017-09-05T21:14:35+08:00 ] 127.0.0.1 /liulin/Public/dish/dishcover/2017-09-04/59ad4ff04fd83.jpg
INFO: [ app_init ] --START--
INFO: Run Behavior\BuildLiteBehavior [ RunTime:0.000023s ]
INFO: [ app_init ] --END-- [ RunTime:0.000482s ]
ERR: 无法加载模块:Public

[ 2017-09-05T21:14:35+08:00 ] 127.0.0.1 /liulin/Public/dish/makingimg/2017-09-04/59ad4ff060b63.png
INFO: [ app_init ] --START--
INFO: Run Behavior\BuildLiteBehavior [ RunTime:0.000029s ]
INFO: [ app_init ] --END-- [ RunTime:0.000436s ]
ERR: 无法加载模块:Public

[ 2017-09-05T21:14:35+08:00 ] 127.0.0.1 /liulin/Public/dish/makingimg/2017-09-04/59ad500c84556.jpg
INFO: [ app_init ] --START--
INFO: Run Behavior\BuildLiteBehavior [ RunTime:0.000016s ]
INFO: [ app_init ] --END-- [ RunTime:0.000495s ]
ERR: 无法加载模块:Public

[ 2017-09-05T21:14:38+08:00 ] 127.0.0.1 /liulin/Public/dish/dishcover/2017-09-04/59ad4ff04fd83.jpg
INFO: [ app_init ] --START--
INFO: Run Behavior\BuildLiteBehavior [ RunTime:0.000011s ]
INFO: [ app_init ] --END-- [ RunTime:0.000341s ]
ERR: 无法加载模块:Public

[ 2017-09-05T21:15:13+08:00 ] 127.0.0.1 /liulin/Public/dish/dishcover/2017-09-04/59ad4ff04fd83.jpg
INFO: [ app_init ] --START--
INFO: Run Behavior\BuildLiteBehavior [ RunTime:0.000013s ]
INFO: [ app_init ] --END-- [ RunTime:0.000429s ]
ERR: 无法加载模块:Public

[ 2017-09-05T21:15:13+08:00 ] 127.0.0.1 /liulin/Public/dish/makingimg/2017-09-04/59ad4ff060b63.png
INFO: [ app_init ] --START--
INFO: Run Behavior\BuildLiteBehavior [ RunTime:0.000010s ]
INFO: [ app_init ] --END-- [ RunTime:0.000343s ]
ERR: 无法加载模块:Public

[ 2017-09-05T21:15:13+08:00 ] 127.0.0.1 /liulin/Public/dish/makingimg/2017-09-04/59ad500c84556.jpg
INFO: [ app_init ] --START--
INFO: Run Behavior\BuildLiteBehavior [ RunTime:0.000048s ]
INFO: [ app_init ] --END-- [ RunTime:0.000947s ]
ERR: 无法加载模块:Public

[ 2017-09-05T21:15:24+08:00 ] 127.0.0.1 /liulin/Public/dish/dishcover/2017-09-04/59ad4ff04fd83.jpg
INFO: [ app_init ] --START--
INFO: Run Behavior\BuildLiteBehavior [ RunTime:0.000009s ]
INFO: [ app_init ] --END-- [ RunTime:0.000364s ]
ERR: 无法加载模块:Public

[ 2017-09-05T21:15:24+08:00 ] 127.0.0.1 /liulin/Public/dish/makingimg/2017-09-04/59ad4ff060b63.png
INFO: [ app_init ] --START--
INFO: Run Behavior\BuildLiteBehavior [ RunTime:0.000034s ]
INFO: [ app_init ] --END-- [ RunTime:0.001304s ]
ERR: 无法加载模块:Public

[ 2017-09-05T21:15:24+08:00 ] 127.0.0.1 /liulin/Public/dish/makingimg/2017-09-04/59ad500c84556.jpg
INFO: [ app_init ] --START--
INFO: Run Behavior\BuildLiteBehavior [ RunTime:0.000010s ]
INFO: [ app_init ] --END-- [ RunTime:0.000349s ]
ERR: 无法加载模块:Public

[ 2017-09-05T21:19:39+08:00 ] 127.0.0.1 /liulin/Public/dish/dishcover/2017-09-04/59ad4ff04fd83.jpg
INFO: [ app_init ] --START--
INFO: Run Behavior\BuildLiteBehavior [ RunTime:0.000008s ]
INFO: [ app_init ] --END-- [ RunTime:0.000313s ]
ERR: 无法加载模块:Public

[ 2017-09-05T21:19:39+08:00 ] 127.0.0.1 /liulin/Public/dish/makingimg/2017-09-04/59ad4ff060b63.png
INFO: [ app_init ] --START--
INFO: Run Behavior\BuildLiteBehavior [ RunTime:0.000027s ]
INFO: [ app_init ] --END-- [ RunTime:0.000611s ]
ERR: 无法加载模块:Public

[ 2017-09-05T21:19:39+08:00 ] 127.0.0.1 /liulin/Public/dish/makingimg/2017-09-04/59ad500c84556.jpg
INFO: [ app_init ] --START--
INFO: Run Behavior\BuildLiteBehavior [ RunTime:0.000011s ]
INFO: [ app_init ] --END-- [ RunTime:0.000444s ]
ERR: 无法加载模块:Public

[ 2017-09-05T21:20:57+08:00 ] 127.0.0.1 /liulin/Public/dish/dishcover/2017-09-04/59ad4ff04fd83.jpg
INFO: [ app_init ] --START--
INFO: Run Behavior\BuildLiteBehavior [ RunTime:0.000015s ]
INFO: [ app_init ] --END-- [ RunTime:0.000450s ]
ERR: 无法加载模块:Public

[ 2017-09-05T21:20:57+08:00 ] 127.0.0.1 /liulin/Public/dish/makingimg/2017-09-04/59ad4ff060b63.png
INFO: [ app_init ] --START--
INFO: Run Behavior\BuildLiteBehavior [ RunTime:0.000014s ]
INFO: [ app_init ] --END-- [ RunTime:0.000465s ]
ERR: 无法加载模块:Public

[ 2017-09-05T21:20:57+08:00 ] 127.0.0.1 /liulin/Public/dish/makingimg/2017-09-04/59ad500c84556.jpg
INFO: [ app_init ] --START--
INFO: Run Behavior\BuildLiteBehavior [ RunTime:0.000022s ]
INFO: [ app_init ] --END-- [ RunTime:0.000724s ]
ERR: 无法加载模块:Public

[ 2017-09-05T21:21:05+08:00 ] 127.0.0.1 /liulin/Public/dish/dishcover/2017-09-04/59ad4ff04fd83.jpg
INFO: [ app_init ] --START--
INFO: Run Behavior\BuildLiteBehavior [ RunTime:0.000011s ]
INFO: [ app_init ] --END-- [ RunTime:0.000400s ]
ERR: 无法加载模块:Public

[ 2017-09-05T21:21:05+08:00 ] 127.0.0.1 /liulin/Public/dish/makingimg/2017-09-04/59ad4ff060b63.png
INFO: [ app_init ] --START--
INFO: Run Behavior\BuildLiteBehavior [ RunTime:0.000013s ]
INFO: [ app_init ] --END-- [ RunTime:0.000403s ]
ERR: 无法加载模块:Public

[ 2017-09-05T21:21:05+08:00 ] 127.0.0.1 /liulin/Public/dish/makingimg/2017-09-04/59ad500c84556.jpg
INFO: [ app_init ] --START--
INFO: Run Behavior\BuildLiteBehavior [ RunTime:0.000016s ]
INFO: [ app_init ] --END-- [ RunTime:0.000465s ]
ERR: 无法加载模块:Public

[ 2017-09-05T21:23:15+08:00 ] 127.0.0.1 /liulin/Public/dish/dishcover/2017-09-04/59ad4ff04fd83.jpg
INFO: [ app_init ] --START--
INFO: Run Behavior\BuildLiteBehavior [ RunTime:0.000009s ]
INFO: [ app_init ] --END-- [ RunTime:0.000369s ]
ERR: 无法加载模块:Public

[ 2017-09-05T21:23:15+08:00 ] 127.0.0.1 /liulin/Public/dish/makingimg/2017-09-04/59ad4ff060b63.png
INFO: [ app_init ] --START--
INFO: Run Behavior\BuildLiteBehavior [ RunTime:0.000009s ]
INFO: [ app_init ] --END-- [ RunTime:0.000455s ]
ERR: 无法加载模块:Public

[ 2017-09-05T21:23:15+08:00 ] 127.0.0.1 /liulin/Public/dish/makingimg/2017-09-04/59ad500c84556.jpg
INFO: [ app_init ] --START--
INFO: Run Behavior\BuildLiteBehavior [ RunTime:0.000017s ]
INFO: [ app_init ] --END-- [ RunTime:0.000730s ]
ERR: 无法加载模块:Public

[ 2017-09-05T21:25:29+08:00 ] 127.0.0.1 /liulin/Public/dish/dishcover/2017-09-04/59ad4ff04fd83.jpg
INFO: [ app_init ] --START--
INFO: Run Behavior\BuildLiteBehavior [ RunTime:0.000008s ]
INFO: [ app_init ] --END-- [ RunTime:0.000294s ]
ERR: 无法加载模块:Public

[ 2017-09-05T21:25:29+08:00 ] 127.0.0.1 /liulin/Public/dish/makingimg/2017-09-04/59ad4ff060b63.png
INFO: [ app_init ] --START--
INFO: Run Behavior\BuildLiteBehavior [ RunTime:0.000024s ]
INFO: [ app_init ] --END-- [ RunTime:0.000640s ]
ERR: 无法加载模块:Public

[ 2017-09-05T21:25:29+08:00 ] 127.0.0.1 /liulin/Public/dish/makingimg/2017-09-04/59ad500c84556.jpg
INFO: [ app_init ] --START--
INFO: Run Behavior\BuildLiteBehavior [ RunTime:0.000020s ]
INFO: [ app_init ] --END-- [ RunTime:0.000777s ]
ERR: 无法加载模块:Public

[ 2017-09-05T21:26:23+08:00 ] 127.0.0.1 /liulin/Public/dish/dishcover/2017-09-04/59ad4ff04fd83.jpg
INFO: [ app_init ] --START--
INFO: Run Behavior\BuildLiteBehavior [ RunTime:0.000008s ]
INFO: [ app_init ] --END-- [ RunTime:0.000387s ]
ERR: 无法加载模块:Public

[ 2017-09-05T21:26:23+08:00 ] 127.0.0.1 /liulin/Public/dish/makingimg/2017-09-04/59ad500c84556.jpg
INFO: [ app_init ] --START--
INFO: Run Behavior\BuildLiteBehavior [ RunTime:0.000017s ]
INFO: [ app_init ] --END-- [ RunTime:0.000411s ]
ERR: 无法加载模块:Public

[ 2017-09-05T21:26:23+08:00 ] 127.0.0.1 /liulin/Public/dish/makingimg/2017-09-04/59ad4ff060b63.png
INFO: [ app_init ] --START--
INFO: Run Behavior\BuildLiteBehavior [ RunTime:0.000007s ]
INFO: [ app_init ] --END-- [ RunTime:0.000315s ]
ERR: 无法加载模块:Public

[ 2017-09-05T21:27:01+08:00 ] 127.0.0.1 /liulin/Public/dish/dishcover/2017-09-04/59ad4ff04fd83.jpg
INFO: [ app_init ] --START--
INFO: Run Behavior\BuildLiteBehavior [ RunTime:0.000011s ]
INFO: [ app_init ] --END-- [ RunTime:0.000435s ]
ERR: 无法加载模块:Public

[ 2017-09-05T21:27:01+08:00 ] 127.0.0.1 /liulin/Public/dish/makingimg/2017-09-04/59ad4ff060b63.png
INFO: [ app_init ] --START--
INFO: Run Behavior\BuildLiteBehavior [ RunTime:0.000011s ]
INFO: [ app_init ] --END-- [ RunTime:0.000330s ]
ERR: 无法加载模块:Public

[ 2017-09-05T21:27:01+08:00 ] 127.0.0.1 /liulin/Public/dish/makingimg/2017-09-04/59ad500c84556.jpg
INFO: [ app_init ] --START--
INFO: Run Behavior\BuildLiteBehavior [ RunTime:0.000011s ]
INFO: [ app_init ] --END-- [ RunTime:0.000360s ]
ERR: 无法加载模块:Public

[ 2017-09-05T21:27:17+08:00 ] 127.0.0.1 /liulin/Public/dish/dishcover/2017-09-04/59ad4ff04fd83.jpg
INFO: [ app_init ] --START--
INFO: Run Behavior\BuildLiteBehavior [ RunTime:0.000010s ]
INFO: [ app_init ] --END-- [ RunTime:0.000357s ]
ERR: 无法加载模块:Public

[ 2017-09-05T21:27:17+08:00 ] 127.0.0.1 /liulin/Public/dish/makingimg/2017-09-04/59ad4ff060b63.png
INFO: [ app_init ] --START--
INFO: Run Behavior\BuildLiteBehavior [ RunTime:0.000019s ]
INFO: [ app_init ] --END-- [ RunTime:0.000501s ]
ERR: 无法加载模块:Public

[ 2017-09-05T21:27:17+08:00 ] 127.0.0.1 /liulin/Public/dish/makingimg/2017-09-04/59ad500c84556.jpg
INFO: [ app_init ] --START--
INFO: Run Behavior\BuildLiteBehavior [ RunTime:0.000014s ]
INFO: [ app_init ] --END-- [ RunTime:0.000855s ]
ERR: 无法加载模块:Public

[ 2017-09-05T21:27:46+08:00 ] 127.0.0.1 /liulin/Public/dish/dishcover/2017-09-04/59ad4ff04fd83.jpg
INFO: [ app_init ] --START--
INFO: Run Behavior\BuildLiteBehavior [ RunTime:0.000012s ]
INFO: [ app_init ] --END-- [ RunTime:0.000410s ]
ERR: 无法加载模块:Public

[ 2017-09-05T21:27:46+08:00 ] 127.0.0.1 /liulin/Public/dish/makingimg/2017-09-04/59ad4ff060b63.png
INFO: [ app_init ] --START--
INFO: Run Behavior\BuildLiteBehavior [ RunTime:0.000009s ]
INFO: [ app_init ] --END-- [ RunTime:0.000378s ]
ERR: 无法加载模块:Public

[ 2017-09-05T21:27:46+08:00 ] 127.0.0.1 /liulin/Public/dish/makingimg/2017-09-04/59ad500c84556.jpg
INFO: [ app_init ] --START--
INFO: Run Behavior\BuildLiteBehavior [ RunTime:0.000013s ]
INFO: [ app_init ] --END-- [ RunTime:0.000718s ]
ERR: 无法加载模块:Public

[ 2017-09-05T21:28:26+08:00 ] 127.0.0.1 /liulin/Public/dish/dishcover/2017-09-04/59ad4ff04fd83.jpg
INFO: [ app_init ] --START--
INFO: Run Behavior\BuildLiteBehavior [ RunTime:0.000010s ]
INFO: [ app_init ] --END-- [ RunTime:0.000353s ]
ERR: 无法加载模块:Public

[ 2017-09-05T21:28:26+08:00 ] 127.0.0.1 /liulin/Public/dish/makingimg/2017-09-04/59ad4ff060b63.png
INFO: [ app_init ] --START--
INFO: Run Behavior\BuildLiteBehavior [ RunTime:0.000012s ]
INFO: [ app_init ] --END-- [ RunTime:0.000412s ]
ERR: 无法加载模块:Public

[ 2017-09-05T21:28:26+08:00 ] 127.0.0.1 /liulin/Public/dish/makingimg/2017-09-04/59ad500c84556.jpg
INFO: [ app_init ] --START--
INFO: Run Behavior\BuildLiteBehavior [ RunTime:0.000009s ]
INFO: [ app_init ] --END-- [ RunTime:0.000384s ]
ERR: 无法加载模块:Public

[ 2017-09-05T21:33:09+08:00 ] 127.0.0.1 /liulin/Public/dish/makingimg/2017-09-04/59ad500c84556.jpg
INFO: [ app_init ] --START--
INFO: Run Behavior\BuildLiteBehavior [ RunTime:0.000006s ]
INFO: [ app_init ] --END-- [ RunTime:0.000313s ]
ERR: 无法加载模块:Public

[ 2017-09-05T21:35:30+08:00 ] 127.0.0.1 /liulin/Public/dish/dishcover/2017-09-04/59ad4ff04fd83.jpg
INFO: [ app_init ] --START--
INFO: Run Behavior\BuildLiteBehavior [ RunTime:0.000010s ]
INFO: [ app_init ] --END-- [ RunTime:0.000417s ]
ERR: 无法加载模块:Public

[ 2017-09-05T21:35:30+08:00 ] 127.0.0.1 /liulin/Public/dish/makingimg/2017-09-04/59ad4ff060b63.png
INFO: [ app_init ] --START--
INFO: Run Behavior\BuildLiteBehavior [ RunTime:0.000010s ]
INFO: [ app_init ] --END-- [ RunTime:0.000648s ]
ERR: 无法加载模块:Public

[ 2017-09-05T21:35:30+08:00 ] 127.0.0.1 /liulin/Public/dish/makingimg/2017-09-04/59ad500c84556.jpg
INFO: [ app_init ] --START--
INFO: Run Behavior\BuildLiteBehavior [ RunTime:0.000029s ]
INFO: [ app_init ] --END-- [ RunTime:0.000703s ]
ERR: 无法加载模块:Public

[ 2017-09-05T21:36:22+08:00 ] 127.0.0.1 /liulin/Public/dish/dishcover/2017-09-04/59ad4ff04fd83.jpg
INFO: [ app_init ] --START--
INFO: Run Behavior\BuildLiteBehavior [ RunTime:0.000008s ]
INFO: [ app_init ] --END-- [ RunTime:0.000323s ]
ERR: 无法加载模块:Public

[ 2017-09-05T21:36:22+08:00 ] 127.0.0.1 /liulin/Public/dish/makingimg/2017-09-04/59ad4ff060b63.png
INFO: [ app_init ] --START--
INFO: Run Behavior\BuildLiteBehavior [ RunTime:0.000011s ]
INFO: [ app_init ] --END-- [ RunTime:0.000324s ]
ERR: 无法加载模块:Public

[ 2017-09-05T21:36:22+08:00 ] 127.0.0.1 /liulin/Public/dish/makingimg/2017-09-04/59ad500c84556.jpg
INFO: [ app_init ] --START--
INFO: Run Behavior\BuildLiteBehavior [ RunTime:0.000017s ]
INFO: [ app_init ] --END-- [ RunTime:0.000663s ]
ERR: 无法加载模块:Public

